{"numFailedTestSuites":0,"numFailedTests":0,"numPassedTestSuites":23,"numPassedTests":274,"numPendingTestSuites":0,"numPendingTests":0,"numRuntimeErrorTestSuites":0,"numTodoTests":0,"numTotalTestSuites":23,"numTotalTests":274,"openHandles":[],"snapshot":{"added":0,"didUpdate":false,"failure":false,"filesAdded":0,"filesRemoved":0,"filesRemovedList":[],"filesUnmatched":0,"filesUpdated":0,"matched":0,"total":0,"unchecked":0,"uncheckedKeysByFile":[],"unmatched":0,"updated":0},"startTime":1781135852483,"success":true,"testResults":[{"assertionResults":[{"ancestorTitles":["useFileUploadHandlers"],"duration":14,"failing":false,"failureDetails":[],"failureMessages":[],"fullName":"useFileUploadHandlers should start with no drag state and modal hidden","invocations":1,"location":null,"numPassingAsserts":3,"retryReasons":[],"startAt":1781135853483,"status":"passed","title":"should start with no drag state and modal hidden"},{"ancestorTitles":["useFileUploadHandlers"],"duration":5,"failing":false,"failureDetails":[],"failureMessages":[],"fullName":"useFileUploadHandlers should set dragOver on dragOver event","invocations":1,"location":null,"numPassingAsserts":2,"retryReasons":[],"startAt":1781135853497,"status":"passed","title":"should set dragOver on dragOver event"},{"ancestorTitles":["useFileUploadHandlers"],"duration":3,"failing":false,"failureDetails":[],"failureMessages":[],"fullName":"useFileUploadHandlers should clear dragOver on dragLeave event","invocations":1,"location":null,"numPassingAsserts":2,"retryReasons":[],"startAt":1781135853502,"status":"passed","title":"should clear dragOver on dragLeave event"},{"ancestorTitles":["useFileUploadHandlers"],"duration":4,"failing":false,"failureDetails":[],"failureMessages":[],"fullName":"useFileUploadHandlers should open upload modal when a file is dropped","invocations":1,"location":null,"numPassingAsserts":3,"retryReasons":[],"startAt":1781135853505,"status":"passed","title":"should open upload modal when a file is dropped"},{"ancestorTitles":["useFileUploadHandlers"],"duration":6,"failing":false,"failureDetails":[],"failureMessages":[],"fullName":"useFileUploadHandlers should hide modal and clear file on hideUploadModal","invocations":1,"location":null,"numPassingAsserts":3,"retryReasons":[],"startAt":1781135853509,"status":"passed","title":"should hide modal and clear file on hideUploadModal"},{"ancestorTitles":["useFileUploadHandlers"],"duration":7,"failing":false,"failureDetails":[],"failureMessages":[],"fullName":"useFileUploadHandlers should call createModelVersion when action is \"new\"","invocations":1,"location":null,"numPassingAsserts":3,"retryReasons":[],"startAt":1781135853515,"status":"passed","title":"should call createModelVersion when action is \"new\""},{"ancestorTitles":["useFileUploadHandlers"],"duration":35,"failing":false,"failureDetails":[],"failureMessages":[],"fullName":"useFileUploadHandlers should call addFileToVersion when action is \"current\" and versions exist","invocations":1,"location":null,"numPassingAsserts":2,"retryReasons":[],"startAt":1781135853529,"status":"passed","title":"should call addFileToVersion when action is \"current\" and versions exist"},{"ancestorTitles":["useFileUploadHandlers"],"duration":18,"failing":false,"failureDetails":[],"failureMessages":[],"fullName":"useFileUploadHandlers should show error toast on upload failure","invocations":1,"location":null,"numPassingAsserts":2,"retryReasons":[],"startAt":1781135853564,"status":"passed","title":"should show error toast on upload failure"},{"ancestorTitles":["useFileUploadHandlers"],"duration":3,"failing":false,"failureDetails":[],"failureMessages":[],"fullName":"useFileUploadHandlers should not upload when model is null","invocations":1,"location":null,"numPassingAsserts":2,"retryReasons":[],"startAt":1781135853582,"status":"passed","title":"should not upload when model is null"},{"ancestorTitles":["useFileUploadHandlers"],"duration":7,"failing":false,"failureDetails":[],"failureMessages":[],"fullName":"useFileUploadHandlers should refetch and use latest version when versions are empty and action is \"current\"","invocations":1,"location":null,"numPassingAsserts":2,"retryReasons":[],"startAt":1781135853585,"status":"passed","title":"should refetch and use latest version when versions are empty and action is \"current\""},{"ancestorTitles":["useFileUploadHandlers"],"duration":3,"failing":false,"failureDetails":[],"failureMessages":[],"fullName":"useFileUploadHandlers should create new version if refetch returns empty and action is \"current\"","invocations":1,"location":null,"numPassingAsserts":1,"retryReasons":[],"startAt":1781135853593,"status":"passed","title":"should create new version if refetch returns empty and action is \"current\""},{"ancestorTitles":["useFileUploadHandlers"],"duration":5,"failing":false,"failureDetails":[],"failureMessages":[],"fullName":"useFileUploadHandlers should reject dropped .blend files when Blender is disabled","invocations":1,"location":null,"numPassingAsserts":2,"retryReasons":[],"startAt":1781135853596,"status":"passed","title":"should reject dropped .blend files when Blender is disabled"},{"ancestorTitles":["useFileUploadHandlers"],"duration":2,"failing":false,"failureDetails":[],"failureMessages":[],"fullName":"useFileUploadHandlers should reject direct .blend uploads when Blender is disabled","invocations":1,"location":null,"numPassingAsserts":2,"retryReasons":[],"startAt":1781135853601,"status":"passed","title":"should reject direct .blend uploads when Blender is disabled"}],"endTime":1781135853604,"message":"","name":"/Users/devmachine/kod/Modelibr/src/frontend/src/features/model-viewer/hooks/__tests__/useFileUploadHandlers.test.ts","startTime":1781135852975,"status":"passed","summary":""},{"assertionResults":[{"ancestorTitles":["DockPanelContent"],"duration":92,"failing":false,"failureDetails":[],"failureMessages":[],"fullName":"DockPanelContent should render empty dock panel when no tabs are open","invocations":1,"location":null,"numPassingAsserts":2,"retryReasons":[],"startAt":1781135853481,"status":"passed","title":"should render empty dock panel when no tabs are open"},{"ancestorTitles":["DockPanelContent"],"duration":21,"failing":false,"failureDetails":[],"failureMessages":[],"fullName":"DockPanelContent should render active tab content when tabs are present","invocations":1,"location":null,"numPassingAsserts":2,"retryReasons":[],"startAt":1781135853573,"status":"passed","title":"should render active tab content when tabs are present"},{"ancestorTitles":["DockPanelContent"],"duration":5,"failing":false,"failureDetails":[],"failureMessages":[],"fullName":"DockPanelContent should have drag handlers on dock-bar but not on active tab content","invocations":1,"location":null,"numPassingAsserts":3,"retryReasons":[],"startAt":1781135853594,"status":"passed","title":"should have drag handlers on dock-bar but not on active tab content"},{"ancestorTitles":["DockPanelContent"],"duration":8,"failing":false,"failureDetails":[],"failureMessages":[],"fullName":"DockPanelContent should show empty dock area with drag handlers when no tabs are open","invocations":1,"location":null,"numPassingAsserts":3,"retryReasons":[],"startAt":1781135853599,"status":"passed","title":"should show empty dock area with drag handlers when no tabs are open"},{"ancestorTitles":["DockPanelContent","Tab Closing Behavior"],"duration":23,"failing":false,"failureDetails":[],"failureMessages":[],"fullName":"DockPanelContent Tab Closing Behavior should activate previous tab when closing the middle active tab","invocations":1,"location":null,"numPassingAsserts":2,"retryReasons":[],"startAt":1781135853607,"status":"passed","title":"should activate previous tab when closing the middle active tab"},{"ancestorTitles":["DockPanelContent","Tab Closing Behavior"],"duration":5,"failing":false,"failureDetails":[],"failureMessages":[],"fullName":"DockPanelContent Tab Closing Behavior should activate next tab when closing the first active tab","invocations":1,"location":null,"numPassingAsserts":2,"retryReasons":[],"startAt":1781135853630,"status":"passed","title":"should activate next tab when closing the first active tab"},{"ancestorTitles":["DockPanelContent","Tab Closing Behavior"],"duration":15,"failing":false,"failureDetails":[],"failureMessages":[],"fullName":"DockPanelContent Tab Closing Behavior should activate previous tab when closing the last active tab","invocations":1,"location":null,"numPassingAsserts":2,"retryReasons":[],"startAt":1781135853635,"status":"passed","title":"should activate previous tab when closing the last active tab"},{"ancestorTitles":["DockPanelContent","Tab Closing Behavior"],"duration":7,"failing":false,"failureDetails":[],"failureMessages":[],"fullName":"DockPanelContent Tab Closing Behavior should set empty active tab when closing the only tab","invocations":1,"location":null,"numPassingAsserts":2,"retryReasons":[],"startAt":1781135853650,"status":"passed","title":"should set empty active tab when closing the only tab"},{"ancestorTitles":["DockPanelContent","Tab Closing Behavior"],"duration":6,"failing":false,"failureDetails":[],"failureMessages":[],"fullName":"DockPanelContent Tab Closing Behavior should not change active tab when closing a non-active tab","invocations":1,"location":null,"numPassingAsserts":2,"retryReasons":[],"startAt":1781135853657,"status":"passed","title":"should not change active tab when closing a non-active tab"}],"endTime":1781135853665,"message":"","name":"/Users/devmachine/kod/Modelibr/src/frontend/src/components/layout/__tests__/DockPanel.test.tsx","startTime":1781135852981,"status":"passed","summary":""},{"assertionResults":[{"ancestorTitles":["useFileUpload","uploadMultipleFiles"],"duration":52,"failing":false,"failureDetails":[],"failureMessages":[],"fullName":"useFileUpload uploadMultipleFiles should handle empty file list gracefully","invocations":1,"location":null,"numPassingAsserts":3,"retryReasons":[],"startAt":1781135853453,"status":"passed","title":"should handle empty file list gracefully"},{"ancestorTitles":["useFileUpload","uploadMultipleFiles"],"duration":4,"failing":false,"failureDetails":[],"failureMessages":[],"fullName":"useFileUpload uploadMultipleFiles should handle null file list gracefully","invocations":1,"location":null,"numPassingAsserts":3,"retryReasons":[],"startAt":1781135853505,"status":"passed","title":"should handle null file list gracefully"},{"ancestorTitles":["useFileUpload","uploadMultipleFiles"],"duration":8,"failing":false,"failureDetails":[],"failureMessages":[],"fullName":"useFileUpload uploadMultipleFiles should handle rejected files with Three.js renderability requirement","invocations":1,"location":null,"numPassingAsserts":4,"retryReasons":[],"startAt":1781135853509,"status":"passed","title":"should handle rejected files with Three.js renderability requirement"},{"ancestorTitles":["useFileUpload","uploadMultipleFiles"],"duration":3,"failing":false,"failureDetails":[],"failureMessages":[],"fullName":"useFileUpload uploadMultipleFiles should allow .blend files to bypass Three.js renderability check","invocations":1,"location":null,"numPassingAsserts":3,"retryReasons":[],"startAt":1781135853517,"status":"passed","title":"should allow .blend files to bypass Three.js renderability check"},{"ancestorTitles":["useFileUpload","uploadMultipleFiles"],"duration":38,"failing":false,"failureDetails":[],"failureMessages":[],"fullName":"useFileUpload uploadMultipleFiles should round progress to 2 decimal places","invocations":1,"location":null,"numPassingAsserts":1,"retryReasons":[],"startAt":1781135853520,"status":"passed","title":"should round progress to 2 decimal places"},{"ancestorTitles":["useFileUpload","uploadMultipleFiles"],"duration":30,"failing":false,"failureDetails":[],"failureMessages":[],"fullName":"useFileUpload uploadMultipleFiles should call onSuccess once after all uploads complete","invocations":1,"location":null,"numPassingAsserts":2,"retryReasons":[],"startAt":1781135853559,"status":"passed","title":"should call onSuccess once after all uploads complete"},{"ancestorTitles":["useDragAndDrop"],"duration":7,"failing":false,"failureDetails":[],"failureMessages":[],"fullName":"useDragAndDrop should clear drag state properly on drop","invocations":1,"location":null,"numPassingAsserts":5,"retryReasons":[],"startAt":1781135853589,"status":"passed","title":"should clear drag state properly on drop"},{"ancestorTitles":["useDragAndDrop"],"duration":3,"failing":false,"failureDetails":[],"failureMessages":[],"fullName":"useDragAndDrop should clear drag state properly on drop even with empty files","invocations":1,"location":null,"numPassingAsserts":3,"retryReasons":[],"startAt":1781135853597,"status":"passed","title":"should clear drag state properly on drop even with empty files"},{"ancestorTitles":["useDragAndDrop"],"duration":48,"failing":false,"failureDetails":[],"failureMessages":[],"fullName":"useDragAndDrop should clear drag state even when callback throws an error","invocations":1,"location":null,"numPassingAsserts":6,"retryReasons":[],"startAt":1781135853600,"status":"passed","title":"should clear drag state even when callback throws an error"},{"ancestorTitles":["useDragAndDrop"],"duration":4,"failing":false,"failureDetails":[],"failureMessages":[],"fullName":"useDragAndDrop should handle drag leave with null relatedTarget","invocations":1,"location":null,"numPassingAsserts":4,"retryReasons":[],"startAt":1781135853649,"status":"passed","title":"should handle drag leave with null relatedTarget"},{"ancestorTitles":["useDragAndDrop"],"duration":3,"failing":false,"failureDetails":[],"failureMessages":[],"fullName":"useDragAndDrop should handle drag leave with relatedTarget outside document","invocations":1,"location":null,"numPassingAsserts":4,"retryReasons":[],"startAt":1781135853653,"status":"passed","title":"should handle drag leave with relatedTarget outside document"},{"ancestorTitles":["useDragAndDrop"],"duration":4,"failing":false,"failureDetails":[],"failureMessages":[],"fullName":"useDragAndDrop should not add drag styles for non-file drags (like tab drags)","invocations":1,"location":null,"numPassingAsserts":4,"retryReasons":[],"startAt":1781135853656,"status":"passed","title":"should not add drag styles for non-file drags (like tab drags)"},{"ancestorTitles":["useDragAndDrop"],"duration":3,"failing":false,"failureDetails":[],"failureMessages":[],"fullName":"useDragAndDrop should use drag counter to prevent flickering on child element enters/leaves","invocations":1,"location":null,"numPassingAsserts":8,"retryReasons":[],"startAt":1781135853660,"status":"passed","title":"should use drag counter to prevent flickering on child element enters/leaves"},{"ancestorTitles":["useDragAndDrop"],"duration":3,"failing":false,"failureDetails":[],"failureMessages":[],"fullName":"useDragAndDrop should clear drag state when component unmounts","invocations":1,"location":null,"numPassingAsserts":4,"retryReasons":[],"startAt":1781135853663,"status":"passed","title":"should clear drag state when component unmounts"},{"ancestorTitles":["useDragAndDrop"],"duration":3,"failing":false,"failureDetails":[],"failureMessages":[],"fullName":"useDragAndDrop should handle global dragend event to clear drag state","invocations":1,"location":null,"numPassingAsserts":4,"retryReasons":[],"startAt":1781135853666,"status":"passed","title":"should handle global dragend event to clear drag state"},{"ancestorTitles":["useDragAndDrop"],"duration":10,"failing":false,"failureDetails":[],"failureMessages":[],"fullName":"useDragAndDrop should handle global drop event to clear drag state","invocations":1,"location":null,"numPassingAsserts":4,"retryReasons":[],"startAt":1781135853669,"status":"passed","title":"should handle global drop event to clear drag state"}],"endTime":1781135853680,"message":"","name":"/Users/devmachine/kod/Modelibr/src/frontend/src/shared/hooks/__tests__/useFileUpload.test.ts","startTime":1781135852990,"status":"passed","summary":""},{"assertionResults":[{"ancestorTitles":["DraggableTab"],"duration":46,"failing":false,"failureDetails":[],"failureMessages":[],"fullName":"DraggableTab should render tab with correct icon","invocations":1,"location":null,"numPassingAsserts":3,"retryReasons":[],"startAt":1781135853457,"status":"passed","title":"should render tab with correct icon"},{"ancestorTitles":["DraggableTab"],"duration":9,"failing":false,"failureDetails":[],"failureMessages":[],"fullName":"DraggableTab should apply active class when isActive is true","invocations":1,"location":null,"numPassingAsserts":1,"retryReasons":[],"startAt":1781135853503,"status":"passed","title":"should apply active class when isActive is true"},{"ancestorTitles":["DraggableTab"],"duration":12,"failing":false,"failureDetails":[],"failureMessages":[],"fullName":"DraggableTab should call onSelect when clicked","invocations":1,"location":null,"numPassingAsserts":1,"retryReasons":[],"startAt":1781135853512,"status":"passed","title":"should call onSelect when clicked"},{"ancestorTitles":["DraggableTab"],"duration":75,"failing":false,"failureDetails":[],"failureMessages":[],"fullName":"DraggableTab should have close button that calls onClose when clicked","invocations":1,"location":null,"numPassingAsserts":3,"retryReasons":[],"startAt":1781135853524,"status":"passed","title":"should have close button that calls onClose when clicked"},{"ancestorTitles":["DraggableTab"],"duration":7,"failing":false,"failureDetails":[],"failureMessages":[],"fullName":"DraggableTab should handle drag start correctly","invocations":1,"location":null,"numPassingAsserts":3,"retryReasons":[],"startAt":1781135853600,"status":"passed","title":"should handle drag start correctly"},{"ancestorTitles":["DraggableTab"],"duration":5,"failing":false,"failureDetails":[],"failureMessages":[],"fullName":"DraggableTab should handle drag end correctly","invocations":1,"location":null,"numPassingAsserts":1,"retryReasons":[],"startAt":1781135853607,"status":"passed","title":"should handle drag end correctly"},{"ancestorTitles":["DraggableTab"],"duration":27,"failing":false,"failureDetails":[],"failureMessages":[],"fullName":"DraggableTab should display correct tooltip for modelViewer tab type","invocations":1,"location":null,"numPassingAsserts":1,"retryReasons":[],"startAt":1781135853612,"status":"passed","title":"should display correct tooltip for modelViewer tab type"},{"ancestorTitles":["DraggableTab"],"duration":11,"failing":false,"failureDetails":[],"failureMessages":[],"fullName":"DraggableTab should have close button visible in DOM","invocations":1,"location":null,"numPassingAsserts":1,"retryReasons":[],"startAt":1781135853639,"status":"passed","title":"should have close button visible in DOM"},{"ancestorTitles":["DraggableTab"],"duration":8,"failing":false,"failureDetails":[],"failureMessages":[],"fullName":"DraggableTab should close tab when middle mouse button is clicked","invocations":1,"location":null,"numPassingAsserts":2,"retryReasons":[],"startAt":1781135853650,"status":"passed","title":"should close tab when middle mouse button is clicked"},{"ancestorTitles":["DraggableTab"],"duration":12,"failing":false,"failureDetails":[],"failureMessages":[],"fullName":"DraggableTab should not close tab when left mouse button is clicked","invocations":1,"location":null,"numPassingAsserts":1,"retryReasons":[],"startAt":1781135853658,"status":"passed","title":"should not close tab when left mouse button is clicked"},{"ancestorTitles":["DraggableTab"],"duration":5,"failing":false,"failureDetails":[],"failureMessages":[],"fullName":"DraggableTab should not close tab when right mouse button is clicked","invocations":1,"location":null,"numPassingAsserts":1,"retryReasons":[],"startAt":1781135853670,"status":"passed","title":"should not close tab when right mouse button is clicked"},{"ancestorTitles":["DraggableTab"],"duration":9,"failing":false,"failureDetails":[],"failureMessages":[],"fullName":"DraggableTab should render textureSets tab with folder icon","invocations":1,"location":null,"numPassingAsserts":2,"retryReasons":[],"startAt":1781135853675,"status":"passed","title":"should render textureSets tab with folder icon"},{"ancestorTitles":["DraggableTab"],"duration":5,"failing":false,"failureDetails":[],"failureMessages":[],"fullName":"DraggableTab should render textureSetViewer tab with image icon","invocations":1,"location":null,"numPassingAsserts":2,"retryReasons":[],"startAt":1781135853684,"status":"passed","title":"should render textureSetViewer tab with image icon"},{"ancestorTitles":["DraggableTab"],"duration":5,"failing":false,"failureDetails":[],"failureMessages":[],"fullName":"DraggableTab should render environmentMapViewer tab with globe icon and tooltip","invocations":1,"location":null,"numPassingAsserts":2,"retryReasons":[],"startAt":1781135853689,"status":"passed","title":"should render environmentMapViewer tab with globe icon and tooltip"}],"endTime":1781135853696,"message":"","name":"/Users/devmachine/kod/Modelibr/src/frontend/src/components/__tests__/DraggableTab.test.tsx","startTime":1781135852975,"status":"passed","summary":""},{"assertionResults":[{"ancestorTitles":["CodePanel"],"duration":91,"failing":false,"failureDetails":[],"failureMessages":[],"fullName":"CodePanel should render without crashing","invocations":1,"location":null,"numPassingAsserts":1,"retryReasons":[],"startAt":1781135853513,"status":"passed","title":"should render without crashing"},{"ancestorTitles":["CodePanel"],"duration":8,"failing":false,"failureDetails":[],"failureMessages":[],"fullName":"CodePanel should generate code with empty lights array","invocations":1,"location":null,"numPassingAsserts":5,"retryReasons":[],"startAt":1781135853608,"status":"passed","title":"should generate code with empty lights array"},{"ancestorTitles":["CodePanel"],"duration":8,"failing":false,"failureDetails":[],"failureMessages":[],"fullName":"CodePanel should generate code with ambient light","invocations":1,"location":null,"numPassingAsserts":3,"retryReasons":[],"startAt":1781135853616,"status":"passed","title":"should generate code with ambient light"},{"ancestorTitles":["CodePanel"],"duration":20,"failing":false,"failureDetails":[],"failureMessages":[],"fullName":"CodePanel should generate code with directional light","invocations":1,"location":null,"numPassingAsserts":3,"retryReasons":[],"startAt":1781135853624,"status":"passed","title":"should generate code with directional light"},{"ancestorTitles":["CodePanel"],"duration":6,"failing":false,"failureDetails":[],"failureMessages":[],"fullName":"CodePanel should generate code with point light","invocations":1,"location":null,"numPassingAsserts":3,"retryReasons":[],"startAt":1781135853645,"status":"passed","title":"should generate code with point light"},{"ancestorTitles":["CodePanel"],"duration":5,"failing":false,"failureDetails":[],"failureMessages":[],"fullName":"CodePanel should generate code with spot light","invocations":1,"location":null,"numPassingAsserts":3,"retryReasons":[],"startAt":1781135853651,"status":"passed","title":"should generate code with spot light"},{"ancestorTitles":["CodePanel"],"duration":4,"failing":false,"failureDetails":[],"failureMessages":[],"fullName":"CodePanel should generate code with multiple lights","invocations":1,"location":null,"numPassingAsserts":3,"retryReasons":[],"startAt":1781135853656,"status":"passed","title":"should generate code with multiple lights"},{"ancestorTitles":["CodePanel"],"duration":4,"failing":false,"failureDetails":[],"failureMessages":[],"fullName":"CodePanel should not include Canvas component in generated code","invocations":1,"location":null,"numPassingAsserts":2,"retryReasons":[],"startAt":1781135853660,"status":"passed","title":"should not include Canvas component in generated code"},{"ancestorTitles":["CodePanel"],"duration":5,"failing":false,"failureDetails":[],"failureMessages":[],"fullName":"CodePanel should not include OrbitControls in generated code","invocations":1,"location":null,"numPassingAsserts":1,"retryReasons":[],"startAt":1781135853664,"status":"passed","title":"should not include OrbitControls in generated code"},{"ancestorTitles":["CodePanel"],"duration":8,"failing":false,"failureDetails":[],"failureMessages":[],"fullName":"CodePanel should not include meshes when meshes array is empty","invocations":1,"location":null,"numPassingAsserts":1,"retryReasons":[],"startAt":1781135853669,"status":"passed","title":"should not include meshes when meshes array is empty"},{"ancestorTitles":["CodePanel"],"duration":7,"failing":false,"failureDetails":[],"failureMessages":[],"fullName":"CodePanel should generate code with meshes","invocations":1,"location":null,"numPassingAsserts":5,"retryReasons":[],"startAt":1781135853677,"status":"passed","title":"should generate code with meshes"},{"ancestorTitles":["CodePanel"],"duration":4,"failing":false,"failureDetails":[],"failureMessages":[],"fullName":"CodePanel should generate code with wireframe mesh","invocations":1,"location":null,"numPassingAsserts":1,"retryReasons":[],"startAt":1781135853684,"status":"passed","title":"should generate code with wireframe mesh"},{"ancestorTitles":["CodePanel"],"duration":4,"failing":false,"failureDetails":[],"failureMessages":[],"fullName":"CodePanel should wrap lights in a group element","invocations":1,"location":null,"numPassingAsserts":3,"retryReasons":[],"startAt":1781135853688,"status":"passed","title":"should wrap lights in a group element"},{"ancestorTitles":["CodePanel"],"duration":5,"failing":false,"failureDetails":[],"failureMessages":[],"fullName":"CodePanel should have a copy button","invocations":1,"location":null,"numPassingAsserts":1,"retryReasons":[],"startAt":1781135853692,"status":"passed","title":"should have a copy button"},{"ancestorTitles":["CodePanel"],"duration":62,"failing":false,"failureDetails":[],"failureMessages":[],"fullName":"CodePanel should show \"Copied!\" message after copying","invocations":1,"location":null,"numPassingAsserts":1,"retryReasons":[],"startAt":1781135853698,"status":"passed","title":"should show \"Copied!\" message after copying"},{"ancestorTitles":["CodePanel"],"duration":3,"failing":false,"failureDetails":[],"failureMessages":[],"fullName":"CodePanel should not import Canvas from @react-three/fiber","invocations":1,"location":null,"numPassingAsserts":1,"retryReasons":[],"startAt":1781135853760,"status":"passed","title":"should not import Canvas from @react-three/fiber"},{"ancestorTitles":["CodePanel"],"duration":3,"failing":false,"failureDetails":[],"failureMessages":[],"fullName":"CodePanel should not import OrbitControls","invocations":1,"location":null,"numPassingAsserts":1,"retryReasons":[],"startAt":1781135853763,"status":"passed","title":"should not import OrbitControls"}],"endTime":1781135853768,"message":"","name":"/Users/devmachine/kod/Modelibr/src/frontend/src/features/stage-editor/components/__tests__/CodePanel.test.tsx","startTime":1781135852997,"status":"passed","summary":""},{"assertionResults":[{"ancestorTitles":["environmentMapUtils"],"duration":4,"failing":false,"failureDetails":[],"failureMessages":[],"fullName":"environmentMapUtils groups complete cube face uploads and preserves single files","invocations":1,"location":null,"numPassingAsserts":4,"retryReasons":[],"startAt":1781135853771,"status":"passed","title":"groups complete cube face uploads and preserves single files"},{"ancestorTitles":["environmentMapUtils"],"duration":0,"failing":false,"failureDetails":[],"failureMessages":[],"fullName":"environmentMapUtils treats incomplete cube face sets as single uploads","invocations":1,"location":null,"numPassingAsserts":2,"retryReasons":[],"startAt":1781135853776,"status":"passed","title":"treats incomplete cube face sets as single uploads"},{"ancestorTitles":["environmentMapUtils"],"duration":1,"failing":false,"failureDetails":[],"failureMessages":[],"fullName":"environmentMapUtils maps dropped cube faces by filename token","invocations":1,"location":null,"numPassingAsserts":3,"retryReasons":[],"startAt":1781135853776,"status":"passed","title":"maps dropped cube faces by filename token"},{"ancestorTitles":["environmentMapUtils"],"duration":0,"failing":false,"failureDetails":[],"failureMessages":[],"fullName":"environmentMapUtils formats inferred size labels for standard and custom resolutions","invocations":1,"location":null,"numPassingAsserts":3,"retryReasons":[],"startAt":1781135853778,"status":"passed","title":"formats inferred size labels for standard and custom resolutions"},{"ancestorTitles":["environmentMapUtils"],"duration":1,"failing":false,"failureDetails":[],"failureMessages":[],"fullName":"environmentMapUtils builds preview options for cube sources and prefers custom thumbnails","invocations":1,"location":null,"numPassingAsserts":3,"retryReasons":[],"startAt":1781135853779,"status":"passed","title":"builds preview options for cube sources and prefers custom thumbnails"},{"ancestorTitles":["environmentMapUtils"],"duration":1,"failing":false,"failureDetails":[],"failureMessages":[],"fullName":"environmentMapUtils collects filterable size labels from all variants","invocations":1,"location":null,"numPassingAsserts":1,"retryReasons":[],"startAt":1781135853780,"status":"passed","title":"collects filterable size labels from all variants"}],"endTime":1781135853782,"message":"","name":"/Users/devmachine/kod/Modelibr/src/frontend/src/features/environment-map/utils/__tests__/environmentMapUtils.test.ts","startTime":1781135852985,"status":"passed","summary":""},{"assertionResults":[{"ancestorTitles":["Tab Serialization (Browser Refresh Compatibility)","getTabLabel"],"duration":1,"failing":false,"failureDetails":[],"failureMessages":[],"fullName":"Tab Serialization (Browser Refresh Compatibility) getTabLabel should return correct labels for different tab types","invocations":1,"location":null,"numPassingAsserts":6,"retryReasons":[],"startAt":1781135853768,"status":"passed","title":"should return correct labels for different tab types"},{"ancestorTitles":["Tab Serialization (Browser Refresh Compatibility)","getTabLabel"],"duration":1,"failing":false,"failureDetails":[],"failureMessages":[],"fullName":"Tab Serialization (Browser Refresh Compatibility) getTabLabel should use name when provided","invocations":1,"location":null,"numPassingAsserts":6,"retryReasons":[],"startAt":1781135853769,"status":"passed","title":"should use name when provided"},{"ancestorTitles":["Tab Serialization (Browser Refresh Compatibility)","parseCompactTabFormat"],"duration":3,"failing":false,"failureDetails":[],"failureMessages":[],"fullName":"Tab Serialization (Browser Refresh Compatibility) parseCompactTabFormat should parse single tab type without modelId","invocations":1,"location":null,"numPassingAsserts":4,"retryReasons":[],"startAt":1781135853770,"status":"passed","title":"should parse single tab type without modelId"},{"ancestorTitles":["Tab Serialization (Browser Refresh Compatibility)","parseCompactTabFormat"],"duration":2,"failing":false,"failureDetails":[],"failureMessages":[],"fullName":"Tab Serialization (Browser Refresh Compatibility) parseCompactTabFormat should parse tab type with modelId","invocations":1,"location":null,"numPassingAsserts":4,"retryReasons":[],"startAt":1781135853773,"status":"passed","title":"should parse tab type with modelId"},{"ancestorTitles":["Tab Serialization (Browser Refresh Compatibility)","parseCompactTabFormat"],"duration":1,"failing":false,"failureDetails":[],"failureMessages":[],"fullName":"Tab Serialization (Browser Refresh Compatibility) parseCompactTabFormat should parse multiple tabs","invocations":1,"location":null,"numPassingAsserts":6,"retryReasons":[],"startAt":1781135853775,"status":"passed","title":"should parse multiple tabs"},{"ancestorTitles":["Tab Serialization (Browser Refresh Compatibility)","parseCompactTabFormat"],"duration":1,"failing":false,"failureDetails":[],"failureMessages":[],"fullName":"Tab Serialization (Browser Refresh Compatibility) parseCompactTabFormat should parse environment map viewer tabs","invocations":1,"location":null,"numPassingAsserts":3,"retryReasons":[],"startAt":1781135853776,"status":"passed","title":"should parse environment map viewer tabs"},{"ancestorTitles":["Tab Serialization (Browser Refresh Compatibility)","parseCompactTabFormat"],"duration":0,"failing":false,"failureDetails":[],"failureMessages":[],"fullName":"Tab Serialization (Browser Refresh Compatibility) parseCompactTabFormat should generate deterministic IDs for same input","invocations":1,"location":null,"numPassingAsserts":2,"retryReasons":[],"startAt":1781135853777,"status":"passed","title":"should generate deterministic IDs for same input"},{"ancestorTitles":["Tab Serialization (Browser Refresh Compatibility)","parseCompactTabFormat"],"duration":0,"failing":false,"failureDetails":[],"failureMessages":[],"fullName":"Tab Serialization (Browser Refresh Compatibility) parseCompactTabFormat should generate deterministic IDs for tabs with modelId","invocations":1,"location":null,"numPassingAsserts":1,"retryReasons":[],"startAt":1781135853777,"status":"passed","title":"should generate deterministic IDs for tabs with modelId"},{"ancestorTitles":["Tab Serialization (Browser Refresh Compatibility)","parseCompactTabFormat"],"duration":1,"failing":false,"failureDetails":[],"failureMessages":[],"fullName":"Tab Serialization (Browser Refresh Compatibility) parseCompactTabFormat should handle legacy JSON format","invocations":1,"location":null,"numPassingAsserts":4,"retryReasons":[],"startAt":1781135853777,"status":"passed","title":"should handle legacy JSON format"},{"ancestorTitles":["Tab Serialization (Browser Refresh Compatibility)","parseCompactTabFormat"],"duration":2,"failing":false,"failureDetails":[],"failureMessages":[],"fullName":"Tab Serialization (Browser Refresh Compatibility) parseCompactTabFormat should return default value for invalid formats","invocations":1,"location":null,"numPassingAsserts":5,"retryReasons":[],"startAt":1781135853778,"status":"passed","title":"should return default value for invalid formats"},{"ancestorTitles":["Tab Serialization (Browser Refresh Compatibility)","parseCompactTabFormat"],"duration":4,"failing":false,"failureDetails":[],"failureMessages":[],"fullName":"Tab Serialization (Browser Refresh Compatibility) parseCompactTabFormat should deduplicate tabs with same id when parsing","invocations":1,"location":null,"numPassingAsserts":5,"retryReasons":[],"startAt":1781135853780,"status":"passed","title":"should deduplicate tabs with same id when parsing"},{"ancestorTitles":["Tab Serialization (Browser Refresh Compatibility)","serializeToCompactFormat"],"duration":0,"failing":false,"failureDetails":[],"failureMessages":[],"fullName":"Tab Serialization (Browser Refresh Compatibility) serializeToCompactFormat should serialize basic tabs without modelId","invocations":1,"location":null,"numPassingAsserts":1,"retryReasons":[],"startAt":1781135853785,"status":"passed","title":"should serialize basic tabs without modelId"},{"ancestorTitles":["Tab Serialization (Browser Refresh Compatibility)","serializeToCompactFormat"],"duration":0,"failing":false,"failureDetails":[],"failureMessages":[],"fullName":"Tab Serialization (Browser Refresh Compatibility) serializeToCompactFormat should serialize tabs with modelId","invocations":1,"location":null,"numPassingAsserts":1,"retryReasons":[],"startAt":1781135853785,"status":"passed","title":"should serialize tabs with modelId"},{"ancestorTitles":["Tab Serialization (Browser Refresh Compatibility)","serializeToCompactFormat"],"duration":4,"failing":false,"failureDetails":[],"failureMessages":[],"fullName":"Tab Serialization (Browser Refresh Compatibility) serializeToCompactFormat should handle empty array","invocations":1,"location":null,"numPassingAsserts":1,"retryReasons":[],"startAt":1781135853785,"status":"passed","title":"should handle empty array"},{"ancestorTitles":["Tab Serialization (Browser Refresh Compatibility)","serializeToCompactFormat"],"duration":2,"failing":false,"failureDetails":[],"failureMessages":[],"fullName":"Tab Serialization (Browser Refresh Compatibility) serializeToCompactFormat should deduplicate tabs with same id","invocations":1,"location":null,"numPassingAsserts":1,"retryReasons":[],"startAt":1781135853789,"status":"passed","title":"should deduplicate tabs with same id"},{"ancestorTitles":["Tab Serialization (Browser Refresh Compatibility)","serializeToCompactFormat"],"duration":1,"failing":false,"failureDetails":[],"failureMessages":[],"fullName":"Tab Serialization (Browser Refresh Compatibility) serializeToCompactFormat should keep first occurrence when deduplicating","invocations":1,"location":null,"numPassingAsserts":1,"retryReasons":[],"startAt":1781135853791,"status":"passed","title":"should keep first occurrence when deduplicating"},{"ancestorTitles":["Tab Serialization (Browser Refresh Compatibility)","roundtrip compatibility (critical for browser refresh)"],"duration":0,"failing":false,"failureDetails":[],"failureMessages":[],"fullName":"Tab Serialization (Browser Refresh Compatibility) roundtrip compatibility (critical for browser refresh) should preserve tab functionality after serialization and parsing","invocations":1,"location":null,"numPassingAsserts":11,"retryReasons":[],"startAt":1781135853792,"status":"passed","title":"should preserve tab functionality after serialization and parsing"},{"ancestorTitles":["Tab Serialization (Browser Refresh Compatibility)","parseCompactTabFormatAsync"],"duration":0,"failing":false,"failureDetails":[],"failureMessages":[],"fullName":"Tab Serialization (Browser Refresh Compatibility) parseCompactTabFormatAsync should fetch model name from API","invocations":1,"location":null,"numPassingAsserts":5,"retryReasons":[],"startAt":1781135853792,"status":"passed","title":"should fetch model name from API"},{"ancestorTitles":["Tab Serialization (Browser Refresh Compatibility)","parseCompactTabFormatAsync"],"duration":0,"failing":false,"failureDetails":[],"failureMessages":[],"fullName":"Tab Serialization (Browser Refresh Compatibility) parseCompactTabFormatAsync should fetch texture set name from API","invocations":1,"location":null,"numPassingAsserts":5,"retryReasons":[],"startAt":1781135853793,"status":"passed","title":"should fetch texture set name from API"},{"ancestorTitles":["Tab Serialization (Browser Refresh Compatibility)","parseCompactTabFormatAsync"],"duration":0,"failing":false,"failureDetails":[],"failureMessages":[],"fullName":"Tab Serialization (Browser Refresh Compatibility) parseCompactTabFormatAsync should fetch pack name from API","invocations":1,"location":null,"numPassingAsserts":5,"retryReasons":[],"startAt":1781135853793,"status":"passed","title":"should fetch pack name from API"},{"ancestorTitles":["Tab Serialization (Browser Refresh Compatibility)","parseCompactTabFormatAsync"],"duration":0,"failing":false,"failureDetails":[],"failureMessages":[],"fullName":"Tab Serialization (Browser Refresh Compatibility) parseCompactTabFormatAsync should fetch environment map name from API","invocations":1,"location":null,"numPassingAsserts":5,"retryReasons":[],"startAt":1781135853793,"status":"passed","title":"should fetch environment map name from API"},{"ancestorTitles":["Tab Serialization (Browser Refresh Compatibility)","parseCompactTabFormatAsync"],"duration":0,"failing":false,"failureDetails":[],"failureMessages":[],"fullName":"Tab Serialization (Browser Refresh Compatibility) parseCompactTabFormatAsync should fetch project name from API","invocations":1,"location":null,"numPassingAsserts":5,"retryReasons":[],"startAt":1781135853793,"status":"passed","title":"should fetch project name from API"},{"ancestorTitles":["Tab Serialization (Browser Refresh Compatibility)","parseCompactTabFormatAsync"],"duration":0,"failing":false,"failureDetails":[],"failureMessages":[],"fullName":"Tab Serialization (Browser Refresh Compatibility) parseCompactTabFormatAsync should fetch stage name from API","invocations":1,"location":null,"numPassingAsserts":5,"retryReasons":[],"startAt":1781135853793,"status":"passed","title":"should fetch stage name from API"},{"ancestorTitles":["Tab Serialization (Browser Refresh Compatibility)","parseCompactTabFormatAsync"],"duration":1,"failing":false,"failureDetails":[],"failureMessages":[],"fullName":"Tab Serialization (Browser Refresh Compatibility) parseCompactTabFormatAsync should fall back to ID-based label when API fails","invocations":1,"location":null,"numPassingAsserts":4,"retryReasons":[],"startAt":1781135853793,"status":"passed","title":"should fall back to ID-based label when API fails"},{"ancestorTitles":["Tab Serialization (Browser Refresh Compatibility)","parseCompactTabFormatAsync"],"duration":0,"failing":false,"failureDetails":[],"failureMessages":[],"fullName":"Tab Serialization (Browser Refresh Compatibility) parseCompactTabFormatAsync should handle mixed tab types","invocations":1,"location":null,"numPassingAsserts":7,"retryReasons":[],"startAt":1781135853794,"status":"passed","title":"should handle mixed tab types"},{"ancestorTitles":["Tab Serialization (Browser Refresh Compatibility)","parseCompactTabFormatAsync"],"duration":0,"failing":false,"failureDetails":[],"failureMessages":[],"fullName":"Tab Serialization (Browser Refresh Compatibility) parseCompactTabFormatAsync should handle legacy JSON format","invocations":1,"location":null,"numPassingAsserts":4,"retryReasons":[],"startAt":1781135853794,"status":"passed","title":"should handle legacy JSON format"},{"ancestorTitles":["Tab Serialization (Browser Refresh Compatibility)","parseCompactTabFormatAsync"],"duration":0,"failing":false,"failureDetails":[],"failureMessages":[],"fullName":"Tab Serialization (Browser Refresh Compatibility) parseCompactTabFormatAsync should return default value for empty input","invocations":1,"location":null,"numPassingAsserts":2,"retryReasons":[],"startAt":1781135853794,"status":"passed","title":"should return default value for empty input"}],"endTime":1781135853800,"message":"","name":"/Users/devmachine/kod/Modelibr/src/frontend/src/utils/__tests__/tabSerialization.test.ts","startTime":1781135853619,"status":"passed","summary":""},{"assertionResults":[{"ancestorTitles":["uploadProgressStore","createBatch"],"duration":17,"failing":false,"failureDetails":[],"failureMessages":[],"fullName":"uploadProgressStore createBatch should generate unique batch IDs","invocations":1,"location":null,"numPassingAsserts":6,"retryReasons":[],"startAt":1781135853827,"status":"passed","title":"should generate unique batch IDs"},{"ancestorTitles":["uploadProgressStore","createBatch"],"duration":2,"failing":false,"failureDetails":[],"failureMessages":[],"fullName":"uploadProgressStore createBatch should add batch to batches array","invocations":1,"location":null,"numPassingAsserts":3,"retryReasons":[],"startAt":1781135853845,"status":"passed","title":"should add batch to batches array"},{"ancestorTitles":["uploadProgressStore","addUpload"],"duration":19,"failing":false,"failureDetails":[],"failureMessages":[],"fullName":"uploadProgressStore addUpload should add upload to correct batch","invocations":1,"location":null,"numPassingAsserts":5,"retryReasons":[],"startAt":1781135853847,"status":"passed","title":"should add upload to correct batch"},{"ancestorTitles":["uploadProgressStore","addUpload"],"duration":2,"failing":false,"failureDetails":[],"failureMessages":[],"fullName":"uploadProgressStore addUpload should show upload window when adding upload","invocations":1,"location":null,"numPassingAsserts":2,"retryReasons":[],"startAt":1781135853866,"status":"passed","title":"should show upload window when adding upload"},{"ancestorTitles":["uploadProgressStore","addUpload"],"duration":6,"failing":false,"failureDetails":[],"failureMessages":[],"fullName":"uploadProgressStore addUpload should set initial upload status to pending","invocations":1,"location":null,"numPassingAsserts":2,"retryReasons":[],"startAt":1781135853868,"status":"passed","title":"should set initial upload status to pending"},{"ancestorTitles":["uploadProgressStore","updateUploadProgress"],"duration":6,"failing":false,"failureDetails":[],"failureMessages":[],"fullName":"uploadProgressStore updateUploadProgress should update progress in both uploads array and batches","invocations":1,"location":null,"numPassingAsserts":4,"retryReasons":[],"startAt":1781135853875,"status":"passed","title":"should update progress in both uploads array and batches"},{"ancestorTitles":["uploadProgressStore","updateUploadProgress"],"duration":2,"failing":false,"failureDetails":[],"failureMessages":[],"fullName":"uploadProgressStore updateUploadProgress should change status from pending to uploading","invocations":1,"location":null,"numPassingAsserts":2,"retryReasons":[],"startAt":1781135853881,"status":"passed","title":"should change status from pending to uploading"},{"ancestorTitles":["uploadProgressStore","completeUpload"],"duration":1,"failing":false,"failureDetails":[],"failureMessages":[],"fullName":"uploadProgressStore completeUpload should transition status to completed with 100% progress","invocations":1,"location":null,"numPassingAsserts":2,"retryReasons":[],"startAt":1781135853883,"status":"passed","title":"should transition status to completed with 100% progress"},{"ancestorTitles":["uploadProgressStore","completeUpload"],"duration":2,"failing":false,"failureDetails":[],"failureMessages":[],"fullName":"uploadProgressStore completeUpload should store result when provided","invocations":1,"location":null,"numPassingAsserts":1,"retryReasons":[],"startAt":1781135853884,"status":"passed","title":"should store result when provided"},{"ancestorTitles":["uploadProgressStore","completeUpload"],"duration":7,"failing":false,"failureDetails":[],"failureMessages":[],"fullName":"uploadProgressStore completeUpload should update both uploads and batches arrays","invocations":1,"location":null,"numPassingAsserts":2,"retryReasons":[],"startAt":1781135853886,"status":"passed","title":"should update both uploads and batches arrays"},{"ancestorTitles":["uploadProgressStore","failUpload"],"duration":1,"failing":false,"failureDetails":[],"failureMessages":[],"fullName":"uploadProgressStore failUpload should capture error and set status to error","invocations":1,"location":null,"numPassingAsserts":3,"retryReasons":[],"startAt":1781135853893,"status":"passed","title":"should capture error and set status to error"},{"ancestorTitles":["uploadProgressStore","failUpload"],"duration":2,"failing":false,"failureDetails":[],"failureMessages":[],"fullName":"uploadProgressStore failUpload should update both uploads and batches arrays","invocations":1,"location":null,"numPassingAsserts":2,"retryReasons":[],"startAt":1781135853895,"status":"passed","title":"should update both uploads and batches arrays"},{"ancestorTitles":["uploadProgressStore","clearCompleted"],"duration":2,"failing":false,"failureDetails":[],"failureMessages":[],"fullName":"uploadProgressStore clearCompleted should remove only completed and error uploads","invocations":1,"location":null,"numPassingAsserts":6,"retryReasons":[],"startAt":1781135853897,"status":"passed","title":"should remove only completed and error uploads"},{"ancestorTitles":["uploadProgressStore","clearCompleted"],"duration":1,"failing":false,"failureDetails":[],"failureMessages":[],"fullName":"uploadProgressStore clearCompleted should also clear from batches and remove empty batches","invocations":1,"location":null,"numPassingAsserts":3,"retryReasons":[],"startAt":1781135853899,"status":"passed","title":"should also clear from batches and remove empty batches"},{"ancestorTitles":["uploadProgressStore","removeUpload"],"duration":0,"failing":false,"failureDetails":[],"failureMessages":[],"fullName":"uploadProgressStore removeUpload should remove the specific upload","invocations":1,"location":null,"numPassingAsserts":3,"retryReasons":[],"startAt":1781135853900,"status":"passed","title":"should remove the specific upload"},{"ancestorTitles":["uploadProgressStore","removeUpload"],"duration":1,"failing":false,"failureDetails":[],"failureMessages":[],"fullName":"uploadProgressStore removeUpload should remove empty batches when last upload is removed","invocations":1,"location":null,"numPassingAsserts":2,"retryReasons":[],"startAt":1781135853900,"status":"passed","title":"should remove empty batches when last upload is removed"},{"ancestorTitles":["uploadProgressStore","removeUpload"],"duration":23,"failing":false,"failureDetails":[],"failureMessages":[],"fullName":"uploadProgressStore removeUpload should keep batch if other uploads remain","invocations":1,"location":null,"numPassingAsserts":3,"retryReasons":[],"startAt":1781135853901,"status":"passed","title":"should keep batch if other uploads remain"},{"ancestorTitles":["uploadProgressStore","window visibility"],"duration":0,"failing":false,"failureDetails":[],"failureMessages":[],"fullName":"uploadProgressStore window visibility should toggle visibility with showWindow and hideWindow","invocations":1,"location":null,"numPassingAsserts":3,"retryReasons":[],"startAt":1781135853924,"status":"passed","title":"should toggle visibility with showWindow and hideWindow"},{"ancestorTitles":["uploadProgressStore","toggleBatchCollapse"],"duration":1,"failing":false,"failureDetails":[],"failureMessages":[],"fullName":"uploadProgressStore toggleBatchCollapse should toggle collapsed state of a batch","invocations":1,"location":null,"numPassingAsserts":3,"retryReasons":[],"startAt":1781135853924,"status":"passed","title":"should toggle collapsed state of a batch"}],"endTime":1781135853926,"message":"","name":"/Users/devmachine/kod/Modelibr/src/frontend/src/stores/__tests__/uploadProgressStore.test.ts","startTime":1781135853688,"status":"passed","summary":""},{"assertionResults":[{"ancestorTitles":["useVersionSelection"],"duration":35,"failing":false,"failureDetails":[],"failureMessages":[],"fullName":"useVersionSelection should return null state when model is null","invocations":1,"location":null,"numPassingAsserts":4,"retryReasons":[],"startAt":1781135853911,"status":"passed","title":"should return null state when model is null"},{"ancestorTitles":["useVersionSelection"],"duration":1,"failing":false,"failureDetails":[],"failureMessages":[],"fullName":"useVersionSelection should auto-select the active version when versions load","invocations":1,"location":null,"numPassingAsserts":1,"retryReasons":[],"startAt":1781135853947,"status":"passed","title":"should auto-select the active version when versions load"},{"ancestorTitles":["useVersionSelection"],"duration":8,"failing":false,"failureDetails":[],"failureMessages":[],"fullName":"useVersionSelection should fall back to last version when no active version matches","invocations":1,"location":null,"numPassingAsserts":1,"retryReasons":[],"startAt":1781135853948,"status":"passed","title":"should fall back to last version when no active version matches"},{"ancestorTitles":["useVersionSelection"],"duration":4,"failing":false,"failureDetails":[],"failureMessages":[],"fullName":"useVersionSelection should clear selection when versions become empty","invocations":1,"location":null,"numPassingAsserts":3,"retryReasons":[],"startAt":1781135853956,"status":"passed","title":"should clear selection when versions become empty"},{"ancestorTitles":["useVersionSelection"],"duration":10,"failing":false,"failureDetails":[],"failureMessages":[],"fullName":"useVersionSelection should create a versionModel with mapped files from the selected version","invocations":1,"location":null,"numPassingAsserts":3,"retryReasons":[],"startAt":1781135853960,"status":"passed","title":"should create a versionModel with mapped files from the selected version"},{"ancestorTitles":["useVersionSelection"],"duration":1,"failing":false,"failureDetails":[],"failureMessages":[],"fullName":"useVersionSelection should auto-select first renderable file","invocations":1,"location":null,"numPassingAsserts":1,"retryReasons":[],"startAt":1781135853970,"status":"passed","title":"should auto-select first renderable file"},{"ancestorTitles":["useVersionSelection"],"duration":1,"failing":false,"failureDetails":[],"failureMessages":[],"fullName":"useVersionSelection should apply version defaultTextureSetId when version is selected","invocations":1,"location":null,"numPassingAsserts":1,"retryReasons":[],"startAt":1781135853971,"status":"passed","title":"should apply version defaultTextureSetId when version is selected"},{"ancestorTitles":["useVersionSelection"],"duration":2,"failing":false,"failureDetails":[],"failureMessages":[],"fullName":"useVersionSelection should clear texture set when selecting version with no default","invocations":1,"location":null,"numPassingAsserts":1,"retryReasons":[],"startAt":1781135853972,"status":"passed","title":"should clear texture set when selecting version with no default"},{"ancestorTitles":["useVersionSelection"],"duration":1,"failing":false,"failureDetails":[],"failureMessages":[],"fullName":"useVersionSelection should load default file from localStorage","invocations":1,"location":null,"numPassingAsserts":1,"retryReasons":[],"startAt":1781135853974,"status":"passed","title":"should load default file from localStorage"},{"ancestorTitles":["useVersionSelection"],"duration":6,"failing":false,"failureDetails":[],"failureMessages":[],"fullName":"useVersionSelection should save default file to localStorage on change","invocations":1,"location":null,"numPassingAsserts":2,"retryReasons":[],"startAt":1781135853975,"status":"passed","title":"should save default file to localStorage on change"},{"ancestorTitles":["useVersionSelection"],"duration":3,"failing":false,"failureDetails":[],"failureMessages":[],"fullName":"useVersionSelection should handle manual texture set selection","invocations":1,"location":null,"numPassingAsserts":2,"retryReasons":[],"startAt":1781135853982,"status":"passed","title":"should handle manual texture set selection"}],"endTime":1781135853986,"message":"","name":"/Users/devmachine/kod/Modelibr/src/frontend/src/features/model-viewer/hooks/__tests__/useVersionSelection.test.ts","startTime":1781135853777,"status":"passed","summary":""},{"assertionResults":[{"ancestorTitles":["useGlobalDragPrevention"],"duration":5,"failing":false,"failureDetails":[],"failureMessages":[],"fullName":"useGlobalDragPrevention should add dragover and drop event listeners on mount","invocations":1,"location":null,"numPassingAsserts":3,"retryReasons":[],"startAt":1781135853963,"status":"passed","title":"should add dragover and drop event listeners on mount"},{"ancestorTitles":["useGlobalDragPrevention"],"duration":1,"failing":false,"failureDetails":[],"failureMessages":[],"fullName":"useGlobalDragPrevention should remove event listeners on unmount","invocations":1,"location":null,"numPassingAsserts":4,"retryReasons":[],"startAt":1781135853969,"status":"passed","title":"should remove event listeners on unmount"},{"ancestorTitles":["useGlobalDragPrevention"],"duration":14,"failing":false,"failureDetails":[],"failureMessages":[],"fullName":"useGlobalDragPrevention should prevent default behavior on dragover events","invocations":1,"location":null,"numPassingAsserts":2,"retryReasons":[],"startAt":1781135853970,"status":"passed","title":"should prevent default behavior on dragover events"},{"ancestorTitles":["useGlobalDragPrevention"],"duration":1,"failing":false,"failureDetails":[],"failureMessages":[],"fullName":"useGlobalDragPrevention should prevent default behavior on drop events","invocations":1,"location":null,"numPassingAsserts":2,"retryReasons":[],"startAt":1781135853984,"status":"passed","title":"should prevent default behavior on drop events"},{"ancestorTitles":["useGlobalDragPrevention"],"duration":13,"failing":false,"failureDetails":[],"failureMessages":[],"fullName":"useGlobalDragPrevention should handle multiple hook instances correctly","invocations":1,"location":null,"numPassingAsserts":3,"retryReasons":[],"startAt":1781135853985,"status":"passed","title":"should handle multiple hook instances correctly"}],"endTime":1781135853999,"message":"","name":"/Users/devmachine/kod/Modelibr/src/frontend/src/hooks/__tests__/useGlobalDragPrevention.test.ts","startTime":1781135853811,"status":"passed","summary":""},{"assertionResults":[{"ancestorTitles":["NewTabPage"],"duration":135,"failing":false,"failureDetails":[],"failureMessages":[],"fullName":"NewTabPage renders all asset type tiles by default","invocations":1,"location":null,"numPassingAsserts":8,"retryReasons":[],"startAt":1781135853500,"status":"passed","title":"renders all asset type tiles by default"},{"ancestorTitles":["NewTabPage"],"duration":30,"failing":false,"failureDetails":[],"failureMessages":[],"fullName":"NewTabPage filters tiles by search query","invocations":1,"location":null,"numPassingAsserts":3,"retryReasons":[],"startAt":1781135853635,"status":"passed","title":"filters tiles by search query"},{"ancestorTitles":["NewTabPage"],"duration":21,"failing":false,"failureDetails":[],"failureMessages":[],"fullName":"NewTabPage replaces the host newTab with the picked type","invocations":1,"location":null,"numPassingAsserts":5,"retryReasons":[],"startAt":1781135853666,"status":"passed","title":"replaces the host newTab with the picked type"},{"ancestorTitles":["NewTabPage"],"duration":18,"failing":false,"failureDetails":[],"failureMessages":[],"fullName":"NewTabPage activates an existing singleton tab and drops the placeholder","invocations":1,"location":null,"numPassingAsserts":2,"retryReasons":[],"startAt":1781135853687,"status":"passed","title":"activates an existing singleton tab and drops the placeholder"},{"ancestorTitles":["NewTabPage"],"duration":17,"failing":false,"failureDetails":[],"failureMessages":[],"fullName":"NewTabPage opens a dedicated globalMaterials tab when Global Materials is picked","invocations":1,"location":null,"numPassingAsserts":2,"retryReasons":[],"startAt":1781135853705,"status":"passed","title":"opens a dedicated globalMaterials tab when Global Materials is picked"},{"ancestorTitles":["NewTabPage"],"duration":24,"failing":false,"failureDetails":[],"failureMessages":[],"fullName":"NewTabPage opens a dedicated modelTextures tab when Multi-Model Textures is picked","invocations":1,"location":null,"numPassingAsserts":2,"retryReasons":[],"startAt":1781135853722,"status":"passed","title":"opens a dedicated modelTextures tab when Multi-Model Textures is picked"},{"ancestorTitles":["NewTabPage"],"duration":12,"failing":false,"failureDetails":[],"failureMessages":[],"fullName":"NewTabPage renders the Stages tile as disabled and does not open it on click","invocations":1,"location":null,"numPassingAsserts":4,"retryReasons":[],"startAt":1781135853746,"status":"passed","title":"renders the Stages tile as disabled and does not open it on click"},{"ancestorTitles":["NewTabPage"],"duration":15,"failing":false,"failureDetails":[],"failureMessages":[],"fullName":"NewTabPage preserves panel marker when converting in a right-panel tab","invocations":1,"location":null,"numPassingAsserts":2,"retryReasons":[],"startAt":1781135853758,"status":"passed","title":"preserves panel marker when converting in a right-panel tab"},{"ancestorTitles":["NewTabPage"],"duration":23,"failing":false,"failureDetails":[],"failureMessages":[],"fullName":"NewTabPage hides the Recently Closed section when nothing is recent","invocations":1,"location":null,"numPassingAsserts":1,"retryReasons":[],"startAt":1781135853773,"status":"passed","title":"hides the Recently Closed section when nothing is recent"},{"ancestorTitles":["NewTabPage"],"duration":9,"failing":false,"failureDetails":[],"failureMessages":[],"fullName":"NewTabPage reopens a recently closed tab in place and removes it from the list","invocations":1,"location":null,"numPassingAsserts":4,"retryReasons":[],"startAt":1781135853796,"status":"passed","title":"reopens a recently closed tab in place and removes it from the list"},{"ancestorTitles":["NewTabPage"],"duration":13,"failing":false,"failureDetails":[],"failureMessages":[],"fullName":"NewTabPage dismiss button removes an entry without opening a tab","invocations":1,"location":null,"numPassingAsserts":3,"retryReasons":[],"startAt":1781135853806,"status":"passed","title":"dismiss button removes an entry without opening a tab"},{"ancestorTitles":["NewTabPage"],"duration":13,"failing":false,"failureDetails":[],"failureMessages":[],"fullName":"NewTabPage does not surface recently closed entries whose type is already open","invocations":1,"location":null,"numPassingAsserts":1,"retryReasons":[],"startAt":1781135853819,"status":"passed","title":"does not surface recently closed entries whose type is already open"},{"ancestorTitles":["NewTabPage","Sessions section"],"duration":123,"failing":false,"failureDetails":[],"failureMessages":[],"fullName":"NewTabPage Sessions section renders one entry per archived window with left/right counts","invocations":1,"location":null,"numPassingAsserts":2,"retryReasons":[],"startAt":1781135853832,"status":"passed","title":"renders one entry per archived window with left/right counts"},{"ancestorTitles":["NewTabPage","Sessions section"],"duration":40,"failing":false,"failureDetails":[],"failureMessages":[],"fullName":"NewTabPage Sessions section restores tabs into the current window and drops the session entry","invocations":1,"location":null,"numPassingAsserts":4,"retryReasons":[],"startAt":1781135853958,"status":"passed","title":"restores tabs into the current window and drops the session entry"},{"ancestorTitles":["NewTabPage","Sessions section"],"duration":8,"failing":false,"failureDetails":[],"failureMessages":[],"fullName":"NewTabPage Sessions section dismiss button removes the entry without restoring tabs","invocations":1,"location":null,"numPassingAsserts":3,"retryReasons":[],"startAt":1781135853998,"status":"passed","title":"dismiss button removes the entry without restoring tabs"},{"ancestorTitles":["NewTabPage","Sessions section"],"duration":3,"failing":false,"failureDetails":[],"failureMessages":[],"fullName":"NewTabPage Sessions section hides the section when there are no sessions","invocations":1,"location":null,"numPassingAsserts":1,"retryReasons":[],"startAt":1781135854006,"status":"passed","title":"hides the section when there are no sessions"}],"endTime":1781135854010,"message":"","name":"/Users/devmachine/kod/Modelibr/src/frontend/src/components/layout/__tests__/NewTabPage.test.tsx","startTime":1781135852983,"status":"passed","summary":""},{"assertionResults":[{"ancestorTitles":["GeometrySelector"],"duration":109,"failing":false,"failureDetails":[],"failureMessages":[],"fullName":"GeometrySelector should render all geometry options","invocations":1,"location":null,"numPassingAsserts":6,"retryReasons":[],"startAt":1781135853850,"status":"passed","title":"should render all geometry options"},{"ancestorTitles":["GeometrySelector"],"duration":60,"failing":false,"failureDetails":[],"failureMessages":[],"fullName":"GeometrySelector should call onGeometrySelect when a geometry button is clicked","invocations":1,"location":null,"numPassingAsserts":1,"retryReasons":[],"startAt":1781135853959,"status":"passed","title":"should call onGeometrySelect when a geometry button is clicked"},{"ancestorTitles":["GeometrySelector"],"duration":9,"failing":false,"failureDetails":[],"failureMessages":[],"fullName":"GeometrySelector should call onGeometrySelect with correct geometry type for each button","invocations":1,"location":null,"numPassingAsserts":5,"retryReasons":[],"startAt":1781135854019,"status":"passed","title":"should call onGeometrySelect with correct geometry type for each button"}],"endTime":1781135854030,"message":"","name":"/Users/devmachine/kod/Modelibr/src/frontend/src/features/texture-set/components/__tests__/GeometrySelector.test.tsx","startTime":1781135853698,"status":"passed","summary":""},{"assertionResults":[{"ancestorTitles":["createCylinderGeometry"],"duration":91,"failing":false,"failureDetails":[],"failureMessages":[],"fullName":"createCylinderGeometry keeps the side rim radial and cap rim vertical (no 45° averaging)","invocations":1,"location":null,"numPassingAsserts":4,"retryReasons":[],"startAt":1781135853860,"status":"passed","title":"keeps the side rim radial and cap rim vertical (no 45° averaging)"},{"ancestorTitles":["createCylinderGeometry"],"duration":37,"failing":false,"failureDetails":[],"failureMessages":[],"fullName":"createCylinderGeometry contains a uv2 attribute for AO sampling","invocations":1,"location":null,"numPassingAsserts":2,"retryReasons":[],"startAt":1781135853951,"status":"passed","title":"contains a uv2 attribute for AO sampling"},{"ancestorTitles":["createCylinderGeometry"],"duration":51,"failing":false,"failureDetails":[],"failureMessages":[],"fullName":"createCylinderGeometry preserves the cylinder bounding box","invocations":1,"location":null,"numPassingAsserts":4,"retryReasons":[],"startAt":1781135853988,"status":"passed","title":"preserves the cylinder bounding box"}],"endTime":1781135854039,"message":"","name":"/Users/devmachine/kod/Modelibr/src/frontend/src/features/texture-set/utils/__tests__/createPreviewGeometry.test.ts","startTime":1781135853706,"status":"passed","summary":""},{"assertionResults":[{"ancestorTitles":["blenderEnabledStore"],"duration":3,"failing":false,"failureDetails":[],"failureMessages":[],"fullName":"blenderEnabledStore should have correct default values","invocations":1,"location":null,"numPassingAsserts":6,"retryReasons":[],"startAt":1781135854065,"status":"passed","title":"should have correct default values"},{"ancestorTitles":["blenderEnabledStore"],"duration":8,"failing":false,"failureDetails":[],"failureMessages":[],"fullName":"blenderEnabledStore should set all fields when API returns full response","invocations":1,"location":null,"numPassingAsserts":7,"retryReasons":[],"startAt":1781135854068,"status":"passed","title":"should set all fields when API returns full response"},{"ancestorTitles":["blenderEnabledStore"],"duration":4,"failing":false,"failureDetails":[],"failureMessages":[],"fullName":"blenderEnabledStore should set blenderEnabled=false when API returns enableBlender=false","invocations":1,"location":null,"numPassingAsserts":2,"retryReasons":[],"startAt":1781135854076,"status":"passed","title":"should set blenderEnabled=false when API returns enableBlender=false"},{"ancestorTitles":["blenderEnabledStore"],"duration":3,"failing":false,"failureDetails":[],"failureMessages":[],"fullName":"blenderEnabledStore should default optional fields when API omits them","invocations":1,"location":null,"numPassingAsserts":6,"retryReasons":[],"startAt":1781135854080,"status":"passed","title":"should default optional fields when API omits them"},{"ancestorTitles":["blenderEnabledStore"],"duration":8,"failing":false,"failureDetails":[],"failureMessages":[],"fullName":"blenderEnabledStore should reset all fields to defaults on API error","invocations":1,"location":null,"numPassingAsserts":6,"retryReasons":[],"startAt":1781135854083,"status":"passed","title":"should reset all fields to defaults on API error"}],"endTime":1781135854092,"message":"","name":"/Users/devmachine/kod/Modelibr/src/frontend/src/stores/__tests__/blenderEnabledStore.test.ts","startTime":1781135853936,"status":"passed","summary":""},{"assertionResults":[{"ancestorTitles":["ThumbnailDisplay"],"duration":61,"failing":false,"failureDetails":[],"failureMessages":[],"fullName":"ThumbnailDisplay renders placeholder when thumbnail is not ready","invocations":1,"location":null,"numPassingAsserts":1,"retryReasons":[],"startAt":1781135853991,"status":"passed","title":"renders placeholder when thumbnail is not ready"},{"ancestorTitles":["ThumbnailDisplay"],"duration":28,"failing":false,"failureDetails":[],"failureMessages":[],"fullName":"ThumbnailDisplay renders thumbnail image when ready","invocations":1,"location":null,"numPassingAsserts":2,"retryReasons":[],"startAt":1781135854053,"status":"passed","title":"renders thumbnail image when ready"},{"ancestorTitles":["ThumbnailDisplay"],"duration":12,"failing":false,"failureDetails":[],"failureMessages":[],"fullName":"ThumbnailDisplay renders placeholder when thumbnail status is not Ready","invocations":1,"location":null,"numPassingAsserts":1,"retryReasons":[],"startAt":1781135854081,"status":"passed","title":"renders placeholder when thumbnail status is not Ready"},{"ancestorTitles":["ThumbnailDisplay"],"duration":4,"failing":false,"failureDetails":[],"failureMessages":[],"fullName":"ThumbnailDisplay calls useThumbnail with correct parameters","invocations":1,"location":null,"numPassingAsserts":1,"retryReasons":[],"startAt":1781135854093,"status":"passed","title":"calls useThumbnail with correct parameters"},{"ancestorTitles":["ThumbnailDisplay"],"duration":6,"failing":false,"failureDetails":[],"failureMessages":[],"fullName":"ThumbnailDisplay calls useThumbnail with versionId when provided","invocations":1,"location":null,"numPassingAsserts":1,"retryReasons":[],"startAt":1781135854098,"status":"passed","title":"calls useThumbnail with versionId when provided"},{"ancestorTitles":["ThumbnailDisplay"],"duration":13,"failing":false,"failureDetails":[],"failureMessages":[],"fullName":"ThumbnailDisplay uses model name in alt text and title when provided","invocations":1,"location":null,"numPassingAsserts":3,"retryReasons":[],"startAt":1781135854104,"status":"passed","title":"uses model name in alt text and title when provided"},{"ancestorTitles":["ThumbnailDisplay"],"duration":7,"failing":false,"failureDetails":[],"failureMessages":[],"fullName":"ThumbnailDisplay uses default alt text when model name is not provided","invocations":1,"location":null,"numPassingAsserts":2,"retryReasons":[],"startAt":1781135854117,"status":"passed","title":"uses default alt text when model name is not provided"}],"endTime":1781135854130,"message":"","name":"/Users/devmachine/kod/Modelibr/src/frontend/src/shared/thumbnail/components/__tests__/ThumbnailDisplay.test.tsx","startTime":1781135853818,"status":"passed","summary":""},{"assertionResults":[{"ancestorTitles":["useModelUpload",".blend filtering based on blenderEnabled"],"duration":6,"failing":false,"failureDetails":[],"failureMessages":[],"fullName":"useModelUpload .blend filtering based on blenderEnabled should filter out .blend files when blenderEnabled is false","invocations":1,"location":null,"numPassingAsserts":1,"retryReasons":[],"startAt":1781135854135,"status":"passed","title":"should filter out .blend files when blenderEnabled is false"},{"ancestorTitles":["useModelUpload",".blend filtering based on blenderEnabled"],"duration":1,"failing":false,"failureDetails":[],"failureMessages":[],"fullName":"useModelUpload .blend filtering based on blenderEnabled should allow .blend files when blenderEnabled is true","invocations":1,"location":null,"numPassingAsserts":1,"retryReasons":[],"startAt":1781135854141,"status":"passed","title":"should allow .blend files when blenderEnabled is true"},{"ancestorTitles":["useModelUpload",".blend filtering based on blenderEnabled"],"duration":0,"failing":false,"failureDetails":[],"failureMessages":[],"fullName":"useModelUpload .blend filtering based on blenderEnabled should not call uploadMultipleFiles when only .blend files dropped and blenderEnabled is false","invocations":1,"location":null,"numPassingAsserts":1,"retryReasons":[],"startAt":1781135854142,"status":"passed","title":"should not call uploadMultipleFiles when only .blend files dropped and blenderEnabled is false"},{"ancestorTitles":["useModelUpload",".blend filtering based on blenderEnabled"],"duration":5,"failing":false,"failureDetails":[],"failureMessages":[],"fullName":"useModelUpload .blend filtering based on blenderEnabled should handle case-insensitive .BLEND extensions","invocations":1,"location":null,"numPassingAsserts":1,"retryReasons":[],"startAt":1781135854143,"status":"passed","title":"should handle case-insensitive .BLEND extensions"},{"ancestorTitles":["useModelUpload",".blend filtering based on blenderEnabled"],"duration":3,"failing":false,"failureDetails":[],"failureMessages":[],"fullName":"useModelUpload .blend filtering based on blenderEnabled should pass all .blend files when blenderEnabled is true","invocations":1,"location":null,"numPassingAsserts":1,"retryReasons":[],"startAt":1781135854148,"status":"passed","title":"should pass all .blend files when blenderEnabled is true"}],"endTime":1781135854152,"message":"","name":"/Users/devmachine/kod/Modelibr/src/frontend/src/features/models/components/ModelGrid/__tests__/useModelUpload.test.ts","startTime":1781135854035,"status":"passed","summary":""},{"assertionResults":[{"ancestorTitles":["addSharedDisplacementNormal"],"duration":3,"failing":false,"failureDetails":[],"failureMessages":[],"fullName":"addSharedDisplacementNormal writes an averaged-by-position normal into aDispNormal","invocations":1,"location":null,"numPassingAsserts":10,"retryReasons":[],"startAt":1781135854159,"status":"passed","title":"writes an averaged-by-position normal into aDispNormal"},{"ancestorTitles":["addSharedDisplacementNormal"],"duration":1,"failing":false,"failureDetails":[],"failureMessages":[],"fullName":"addSharedDisplacementNormal falls back to per-vertex normal where there are no duplicates","invocations":1,"location":null,"numPassingAsserts":13,"retryReasons":[],"startAt":1781135854162,"status":"passed","title":"falls back to per-vertex normal where there are no duplicates"},{"ancestorTitles":["addSharedDisplacementNormal"],"duration":5,"failing":false,"failureDetails":[],"failureMessages":[],"fullName":"addSharedDisplacementNormal is idempotent","invocations":1,"location":null,"numPassingAsserts":1,"retryReasons":[],"startAt":1781135854163,"status":"passed","title":"is idempotent"},{"ancestorTitles":["addSharedDisplacementNormal"],"duration":0,"failing":false,"failureDetails":[],"failureMessages":[],"fullName":"addSharedDisplacementNormal does nothing when position or normal is missing","invocations":1,"location":null,"numPassingAsserts":1,"retryReasons":[],"startAt":1781135854168,"status":"passed","title":"does nothing when position or normal is missing"},{"ancestorTitles":["applyDispNormalDisplacement"],"duration":0,"failing":false,"failureDetails":[],"failureMessages":[],"fullName":"applyDispNormalDisplacement injects a vertex shader that pushes along aDispNormal","invocations":1,"location":null,"numPassingAsserts":4,"retryReasons":[],"startAt":1781135854168,"status":"passed","title":"injects a vertex shader that pushes along aDispNormal"},{"ancestorTitles":["applyDispNormalDisplacement"],"duration":0,"failing":false,"failureDetails":[],"failureMessages":[],"fullName":"applyDispNormalDisplacement is idempotent","invocations":1,"location":null,"numPassingAsserts":1,"retryReasons":[],"startAt":1781135854169,"status":"passed","title":"is idempotent"},{"ancestorTitles":["applyDispNormalDisplacement"],"duration":0,"failing":false,"failureDetails":[],"failureMessages":[],"fullName":"applyDispNormalDisplacement puts the disp-normal token at the start of the cache key","invocations":1,"location":null,"numPassingAsserts":1,"retryReasons":[],"startAt":1781135854169,"status":"passed","title":"puts the disp-normal token at the start of the cache key"},{"ancestorTitles":["applyDispNormalDisplacement"],"duration":1,"failing":false,"failureDetails":[],"failureMessages":[],"fullName":"applyDispNormalDisplacement composes with a pre-existing onBeforeCompile / customProgramCacheKey","invocations":1,"location":null,"numPassingAsserts":5,"retryReasons":[],"startAt":1781135854170,"status":"passed","title":"composes with a pre-existing onBeforeCompile / customProgramCacheKey"}],"endTime":1781135854172,"message":"","name":"/Users/devmachine/kod/Modelibr/src/frontend/src/shared/three/__tests__/sharedDisplacementNormal.test.ts","startTime":1781135854018,"status":"passed","summary":""},{"assertionResults":[{"ancestorTitles":["useMediaQuery"],"duration":5,"failing":false,"failureDetails":[],"failureMessages":[],"fullName":"useMediaQuery returns initial match value","invocations":1,"location":null,"numPassingAsserts":1,"retryReasons":[],"startAt":1781135854172,"status":"passed","title":"returns initial match value"},{"ancestorTitles":["useMediaQuery"],"duration":2,"failing":false,"failureDetails":[],"failureMessages":[],"fullName":"useMediaQuery updates when the media query changes","invocations":1,"location":null,"numPassingAsserts":3,"retryReasons":[],"startAt":1781135854177,"status":"passed","title":"updates when the media query changes"},{"ancestorTitles":["useMediaQuery"],"duration":0,"failing":false,"failureDetails":[],"failureMessages":[],"fullName":"useMediaQuery cleans up the listener on unmount","invocations":1,"location":null,"numPassingAsserts":2,"retryReasons":[],"startAt":1781135854179,"status":"passed","title":"cleans up the listener on unmount"}],"endTime":1781135854180,"message":"","name":"/Users/devmachine/kod/Modelibr/src/frontend/src/shared/hooks/__tests__/useMediaQuery.test.ts","startTime":1781135854051,"status":"passed","summary":""},{"assertionResults":[{"ancestorTitles":["fileUtils","getFileExtension"],"duration":0,"failing":false,"failureDetails":[],"failureMessages":[],"fullName":"fileUtils getFileExtension should return file extension in lowercase","invocations":1,"location":null,"numPassingAsserts":3,"retryReasons":[],"startAt":1781135854107,"status":"passed","title":"should return file extension in lowercase"},{"ancestorTitles":["fileUtils","getFileExtension"],"duration":0,"failing":false,"failureDetails":[],"failureMessages":[],"fullName":"fileUtils getFileExtension should return \"unknown\" for files without extension","invocations":1,"location":null,"numPassingAsserts":1,"retryReasons":[],"startAt":1781135854108,"status":"passed","title":"should return \"unknown\" for files without extension"},{"ancestorTitles":["fileUtils","getFileExtension"],"duration":0,"failing":false,"failureDetails":[],"failureMessages":[],"fullName":"fileUtils getFileExtension should handle paths with multiple dots","invocations":1,"location":null,"numPassingAsserts":2,"retryReasons":[],"startAt":1781135854108,"status":"passed","title":"should handle paths with multiple dots"},{"ancestorTitles":["fileUtils","getFileName"],"duration":0,"failing":false,"failureDetails":[],"failureMessages":[],"fullName":"fileUtils getFileName should extract filename from path","invocations":1,"location":null,"numPassingAsserts":3,"retryReasons":[],"startAt":1781135854108,"status":"passed","title":"should extract filename from path"},{"ancestorTitles":["fileUtils","getFileName"],"duration":3,"failing":false,"failureDetails":[],"failureMessages":[],"fullName":"fileUtils getFileName should return \"unknown\" for empty or invalid paths","invocations":1,"location":null,"numPassingAsserts":2,"retryReasons":[],"startAt":1781135854108,"status":"passed","title":"should return \"unknown\" for empty or invalid paths"},{"ancestorTitles":["fileUtils","getModelFileFormat"],"duration":1,"failing":false,"failureDetails":[],"failureMessages":[],"fullName":"fileUtils getModelFileFormat should return formatted file extension from model object","invocations":1,"location":null,"numPassingAsserts":1,"retryReasons":[],"startAt":1781135854111,"status":"passed","title":"should return formatted file extension from model object"},{"ancestorTitles":["fileUtils","getModelFileFormat"],"duration":1,"failing":false,"failureDetails":[],"failureMessages":[],"fullName":"fileUtils getModelFileFormat should return UNKNOWN for models without files","invocations":1,"location":null,"numPassingAsserts":3,"retryReasons":[],"startAt":1781135854112,"status":"passed","title":"sh
[...]
 already-closed window is a no-op"}],"endTime":1781135854193,"message":"","name":"/Users/devmachine/kod/Modelibr/src/frontend/src/features/model-viewer/hooks/__tests__/useModelViewerWindows.test.ts","startTime":1781135854031,"status":"passed","summary":""},{"assertionResults":[{"ancestorTitles":["downloadUtils","getFileExtension"],"duration":1,"failing":false,"failureDetails":[],"failureMessages":[],"fullName":"downloadUtils getFileExtension returns the extension from a simple filename","invocations":1,"location":null,"numPassingAsserts":1,"retryReasons":[],"startAt":1781135854197,"status":"passed","title":"returns the extension from a simple filename"},{"ancestorTitles":["downloadUtils","getFileExtension"],"duration":0,"failing":false,"failureDetails":[],"failureMessages":[],"fullName":"downloadUtils getFileExtension returns the extension from a URL path","invocations":1,"location":null,"numPassingAsserts":1,"retryReasons":[],"startAt":1781135854198,"status":"passed","title":"returns the extension from a URL path"},{"ancestorTitles":["downloadUtils","getFileExtension"],"duration":1,"failing":false,"failureDetails":[],"failureMessages":[],"fullName":"downloadUtils getFileExtension strips query parameters before extracting extension","invocations":1,"location":null,"numPassingAsserts":1,"retryReasons":[],"startAt":1781135854198,"status":"passed","title":"strips query parameters before extracting extension"},{"ancestorTitles":["downloadUtils","getFileExtension"],"duration":0,"failing":false,"failureDetails":[],"failureMessages":[],"fullName":"downloadUtils getFileExtension returns extension in lowercase","invocations":1,"location":null,"numPassingAsserts":1,"retryReasons":[],"startAt":1781135854199,"status":"passed","title":"returns extension in lowercase"},{"ancestorTitles":["downloadUtils","getFileExtension"],"duration":0,"failing":false,"failureDetails":[],"failureMessages":[],"fullName":"downloadUtils getFileExtension returns empty string for null input","invocations":1,"location":null,"numPassingAsserts":1,"retryReasons":[],"startAt":1781135854199,"status":"passed","title":"returns empty string for null input"},{"ancestorTitles":["downloadUtils","getFileExtension"],"duration":0,"failing":false,"failureDetails":[],"failureMessages":[],"fullName":"downloadUtils getFileExtension returns empty string for undefined input","invocations":1,"location":null,"numPassingAsserts":1,"retryReasons":[],"startAt":1781135854199,"status":"passed","title":"returns empty string for undefined input"},{"ancestorTitles":["downloadUtils","getFileExtension"],"duration":0,"failing":false,"failureDetails":[],"failureMessages":[],"fullName":"downloadUtils getFileExtension returns empty string for empty string input","invocations":1,"location":null,"numPassingAsserts":1,"retryReasons":[],"startAt":1781135854199,"status":"passed","title":"returns empty string for empty string input"},{"ancestorTitles":["downloadUtils","getFileExtension"],"duration":0,"failing":false,"failureDetails":[],"failureMessages":[],"fullName":"downloadUtils getFileExtension handles filenames with multiple dots","invocations":1,"location":null,"numPassingAsserts":1,"retryReasons":[],"startAt":1781135854199,"status":"passed","title":"handles filenames with multiple dots"},{"ancestorTitles":["downloadUtils","getExtensionFromContentType"],"duration":1,"failing":false,"failureDetails":[],"failureMessages":[],"fullName":"downloadUtils getExtensionFromContentType maps image/png to png","invocations":1,"location":null,"numPassingAsserts":1,"retryReasons":[],"startAt":1781135854199,"status":"passed","title":"maps image/png to png"},{"ancestorTitles":["downloadUtils","getExtensionFromContentType"],"duration":0,"failing":false,"failureDetails":[],"failureMessages":[],"fullName":"downloadUtils getExtensionFromContentType maps image/jpeg to jpg","invocations":1,"location":null,"numPassingAsserts":1,"retryReasons":[],"startAt":1781135854200,"status":"passed","title":"maps image/jpeg to jpg"},{"ancestorTitles":["downloadUtils","getExtensionFromContentType"],"duration":0,"failing":false,"failureDetails":[],"failureMessages":[],"fullName":"downloadUtils getExtensionFromContentType maps image/webp to webp","invocations":1,"location":null,"numPassingAsserts":1,"retryReasons":[],"startAt":1781135854200,"status":"passed","title":"maps image/webp to webp"},{"ancestorTitles":["downloadUtils","getExtensionFromContentType"],"duration":0,"failing":false,"failureDetails":[],"failureMessages":[],"fullName":"downloadUtils getExtensionFromContentType maps image/vnd.radiance to hdr","invocations":1,"location":null,"numPassingAsserts":1,"retryReasons":[],"startAt":1781135854200,"status":"passed","title":"maps image/vnd.radiance to hdr"},{"ancestorTitles":["downloadUtils","getExtensionFromContentType"],"duration":0,"failing":false,"failureDetails":[],"failureMessages":[],"fullName":"downloadUtils getExtensionFromContentType maps image/x-exr to exr","invocations":1,"location":null,"numPassingAsserts":1,"retryReasons":[],"startAt":1781135854200,"status":"passed","title":"maps image/x-exr to exr"},{"ancestorTitles":["downloadUtils","getExtensionFromContentType"],"duration":0,"failing":false,"failureDetails":[],"failureMessages":[],"fullName":"downloadUtils getExtensionFromContentType maps application/octet-stream to exr","invocations":1,"location":null,"numPassingAsserts":1,"retryReasons":[],"startAt":1781135854200,"status":"passed","title":"maps application/octet-stream to exr"},{"ancestorTitles":["downloadUtils","getExtensionFromContentType"],"duration":1,"failing":false,"failureDetails":[],"failureMessages":[],"fullName":"downloadUtils getExtensionFromContentType returns empty string for unknown content type","invocations":1,"location":null,"numPassingAsserts":1,"retryReasons":[],"startAt":1781135854200,"status":"passed","title":"returns empty string for unknown content type"},{"ancestorTitles":["downloadUtils","getExtensionFromContentType"],"duration":0,"failing":false,"failureDetails":[],"failureMessages":[],"fullName":"downloadUtils getExtensionFromContentType returns empty string for null","invocations":1,"location":null,"numPassingAsserts":1,"retryReasons":[],"startAt":1781135854201,"status":"passed","title":"returns empty string for null"},{"ancestorTitles":["downloadUtils","getExtensionFromContentType"],"duration":0,"failing":false,"failureDetails":[],"failureMessages":[],"fullName":"downloadUtils getExtensionFromContentType is case-insensitive","invocations":1,"location":null,"numPassingAsserts":2,"retryReasons":[],"startAt":1781135854201,"status":"passed","title":"is case-insensitive"},{"ancestorTitles":["downloadUtils","sanitizeFileStem"],"duration":0,"failing":false,"failureDetails":[],"failureMessages":[],"fullName":"downloadUtils sanitizeFileStem passes through simple alphanumeric names","invocations":1,"location":null,"numPassingAsserts":1,"retryReasons":[],"startAt":1781135854201,"status":"passed","title":"passes through simple alphanumeric names"},{"ancestorTitles":["downloadUtils","sanitizeFileStem"],"duration":1,"failing":false,"failureDetails":[],"failureMessages":[],"fullName":"downloadUtils sanitizeFileStem replaces spaces with hyphens","invocations":1,"location":null,"numPassingAsserts":1,"retryReasons":[],"startAt":1781135854201,"status":"passed","title":"replaces spaces with hyphens"},{"ancestorTitles":["downloadUtils","sanitizeFileStem"],"duration":0,"failing":false,"failureDetails":[],"failureMessages":[],"fullName":"downloadUtils sanitizeFileStem replaces special characters with hyphens","invocations":1,"location":null,"numPassingAsserts":1,"retryReasons":[],"startAt":1781135854202,"status":"passed","title":"replaces special characters with hyphens"},{"ancestorTitles":["downloadUtils","sanitizeFileStem"],"duration":1,"failing":false,"failureDetails":[],"failureMessages":[],"fullName":"downloadUtils sanitizeFileStem collapses consecutive hyphens","invocations":1,"location":null,"numPassingAsserts":1,"retryReasons":[],"startAt":1781135854202,"status":"passed","title":"collapses consecutive hyphens"},{"ancestorTitles":["downloadUtils","sanitizeFileStem"],"duration":0,"failing":false,"failureDetails":[],"failureMessages":[],"fullName":"downloadUtils sanitizeFileStem removes leading and trailing hyphens","invocations":1,"location":null,"numPassingAsserts":1,"retryReasons":[],"startAt":1781135854203,"status":"passed","title":"removes leading and trailing hyphens"},{"ancestorTitles":["downloadUtils","sanitizeFileStem"],"duration":0,"failing":false,"failureDetails":[],"failureMessages":[],"fullName":"downloadUtils sanitizeFileStem preserves underscores","invocations":1,"location":null,"numPassingAsserts":1,"retryReasons":[],"startAt":1781135854203,"status":"passed","title":"preserves underscores"},{"ancestorTitles":["downloadUtils","sanitizeFileStem"],"duration":0,"failing":false,"failureDetails":[],"failureMessages":[],"fullName":"downloadUtils sanitizeFileStem handles all-special-character input","invocations":1,"location":null,"numPassingAsserts":1,"retryReasons":[],"startAt":1781135854203,"status":"passed","title":"handles all-special-character input"},{"ancestorTitles":["downloadUtils","buildDownloadName"],"duration":0,"failing":false,"failureDetails":[],"failureMessages":[],"fullName":"downloadUtils buildDownloadName combines base name, variant label, and extension","invocations":1,"location":null,"numPassingAsserts":1,"retryReasons":[],"startAt":1781135854203,"status":"passed","title":"combines base name, variant label, and extension"},{"ancestorTitles":["downloadUtils","buildDownloadName"],"duration":0,"failing":false,"failureDetails":[],"failureMessages":[],"fullName":"downloadUtils buildDownloadName uses \"environment\" as suffix when variant label is empty","invocations":1,"location":null,"numPassingAsserts":1,"retryReasons":[],"startAt":1781135854203,"status":"passed","title":"uses \"environment\" as suffix when variant label is empty"},{"ancestorTitles":["downloadUtils","buildDownloadName"],"duration":0,"failing":false,"failureDetails":[],"failureMessages":[],"fullName":"downloadUtils buildDownloadName sanitizes special characters in both base name and variant label","invocations":1,"location":null,"numPassingAsserts":1,"retryReasons":[],"startAt":1781135854203,"status":"passed","title":"sanitizes special characters in both base name and variant label"},{"ancestorTitles":["downloadUtils","buildDownloadName"],"duration":0,"failing":false,"failureDetails":[],"failureMessages":[],"fullName":"downloadUtils buildDownloadName omits extension dot when extension is empty","invocations":1,"location":null,"numPassingAsserts":1,"retryReasons":[],"startAt":1781135854203,"status":"passed","title":"omits extension dot when extension is empty"}],"endTime":1781135854204,"message":"","name":"/Users/devmachine/kod/Modelibr/src/frontend/src/features/environment-map/utils/__tests__/downloadUtils.test.ts","startTime":1781135854099,"status":"passed","summary":""},{"assertionResults":[{"ancestorTitles":["ModelInfo"],"duration":204,"failing":false,"failureDetails":[],"failureMessages":[],"fullName":"ModelInfo should render model information correctly","invocations":1,"location":null,"numPassingAsserts":2,"retryReasons":[],"startAt":1781135853669,"status":"passed","title":"should render model information correctly"},{"ancestorTitles":["ModelInfo"],"duration":46,"failing":false,"failureDetails":[],"failureMessages":[],"fullName":"ModelInfo should format dates correctly","invocations":1,"location":null,"numPassingAsserts":2,"retryReasons":[],"startAt":1781135853874,"status":"passed","title":"should format dates correctly"},{"ancestorTitles":["ModelInfo"],"duration":19,"failing":false,"failureDetails":[],"failureMessages":[],"fullName":"ModelInfo should display Tags & Description section","invocations":1,"location":null,"numPassingAsserts":2,"retryReasons":[],"startAt":1781135853920,"status":"passed","title":"should display Tags & Description section"},{"ancestorTitles":["ModelInfo"],"duration":26,"failing":false,"failureDetails":[],"failureMessages":[],"fullName":"ModelInfo should handle model without files","invocations":1,"location":null,"numPassingAsserts":2,"retryReasons":[],"startAt":1781135853939,"status":"passed","title":"should handle model without files"},{"ancestorTitles":["ModelInfo"],"duration":41,"failing":false,"failureDetails":[],"failureMessages":[],"fullName":"ModelInfo should handle model with multiple files","invocations":1,"location":null,"numPassingAsserts":1,"retryReasons":[],"startAt":1781135853965,"status":"passed","title":"should handle model with multiple files"},{"ancestorTitles":["ModelInfo"],"duration":42,"failing":false,"failureDetails":[],"failureMessages":[],"fullName":"ModelInfo should render required sections","invocations":1,"location":null,"numPassingAsserts":2,"retryReasons":[],"startAt":1781135854006,"status":"passed","title":"should render required sections"},{"ancestorTitles":["ModelInfo"],"duration":37,"failing":false,"failureDetails":[],"failureMessages":[],"fullName":"ModelInfo should display model tags when provided","invocations":1,"location":null,"numPassingAsserts":3,"retryReasons":[],"startAt":1781135854048,"status":"passed","title":"should display model tags when provided"},{"ancestorTitles":["ModelInfo"],"duration":28,"failing":false,"failureDetails":[],"failureMessages":[],"fullName":"ModelInfo should display save button","invocations":1,"location":null,"numPassingAsserts":1,"retryReasons":[],"startAt":1781135854085,"status":"passed","title":"should display save button"},{"ancestorTitles":["ModelInfo"],"duration":93,"failing":false,"failureDetails":[],"failureMessages":[],"fullName":"ModelInfo opens concept images in the lightbox viewer","invocations":1,"location":null,"numPassingAsserts":1,"retryReasons":[],"startAt":1781135854113,"status":"passed","title":"opens concept images in the lightbox viewer"}],"endTime":1781135854206,"message":"","name":"/Users/devmachine/kod/Modelibr/src/frontend/src/features/model-viewer/components/__tests__/ModelInfo.test.tsx","startTime":1781135852987,"status":"passed","summary":""},{"assertionResults":[{"ancestorTitles":["EnvironmentMapUploadDialog"],"duration":220,"failing":false,"failureDetails":[],"failureMessages":[],"fullName":"EnvironmentMapUploadDialog renders the name field in create mode","invocations":1,"location":null,"numPassingAsserts":1,"retryReasons":[],"startAt":1781135853644,"status":"passed","title":"renders the name field in create mode"},{"ancestorTitles":["EnvironmentMapUploadDialog"],"duration":74,"failing":false,"failureDetails":[],"failureMessages":[],"fullName":"EnvironmentMapUploadDialog does not render the name field in variant mode","invocations":1,"location":null,"numPassingAsserts":1,"retryReasons":[],"startAt":1781135853864,"status":"passed","title":"does not render the name field in variant mode"},{"ancestorTitles":["EnvironmentMapUploadDialog"],"duration":64,"failing":false,"failureDetails":[],"failureMessages":[],"fullName":"EnvironmentMapUploadDialog renders the dialog title and submit button label","invocations":1,"location":null,"numPassingAsserts":2,"retryReasons":[],"startAt":1781135853938,"status":"passed","title":"renders the dialog title and submit button label"},{"ancestorTitles":["EnvironmentMapUploadDialog"],"duration":50,"failing":false,"failureDetails":[],"failureMessages":[],"fullName":"EnvironmentMapUploadDialog renders the cancel button","invocations":1,"location":null,"numPassingAsserts":1,"retryReasons":[],"startAt":1781135854002,"status":"passed","title":"renders the cancel button"},{"ancestorTitles":["EnvironmentMapUploadDialog"],"duration":84,"failing":false,"failureDetails":[],"failureMessages":[],"fullName":"EnvironmentMapUploadDialog calls onHide when Cancel is clicked","invocations":1,"location":null,"numPassingAsserts":1,"retryReasons":[],"startAt":1781135854052,"status":"passed","title":"calls onHide when Cancel is clicked"},{"ancestorTitles":["EnvironmentMapUploadDialog"],"duration":64,"failing":false,"failureDetails":[],"failureMessages":[],"fullName":"EnvironmentMapUploadDialog shows validation error for empty name in create mode on submit","invocations":1,"location":null,"numPassingAsserts":1,"retryReasons":[],"startAt":1781135854137,"status":"passed","title":"shows validation error for empty name in create mode on submit"},{"ancestorTitles":["EnvironmentMapUploadDialog"],"duration":18,"failing":false,"failureDetails":[],"failureMessages":[],"fullName":"EnvironmentMapUploadDialog renders Panorama and Cube Faces source mode buttons","invocations":1,"location":null,"numPassingAsserts":2,"retryReasons":[],"startAt":1781135854201,"status":"passed","title":"renders Panorama and Cube Faces source mode buttons"},{"ancestorTitles":["EnvironmentMapUploadDialog"],"duration":15,"failing":false,"failureDetails":[],"failureMessages":[],"fullName":"EnvironmentMapUploadDialog defaults to single (Panorama) source mode","invocations":1,"location":null,"numPassingAsserts":2,"retryReasons":[],"startAt":1781135854219,"status":"passed","title":"defaults to single (Panorama) source mode"},{"ancestorTitles":["EnvironmentMapUploadDialog"],"duration":33,"failing":false,"failureDetails":[],"failureMessages":[],"fullName":"EnvironmentMapUploadDialog switches to cube mode and shows cube face grid","invocations":1,"location":null,"numPassingAsserts":7,"retryReasons":[],"startAt":1781135854234,"status":"passed","title":"switches to cube mode and shows cube face grid"},{"ancestorTitles":["EnvironmentMapUploadDialog"],"duration":30,"failing":false,"failureDetails":[],"failureMessages":[],"fullName":"EnvironmentMapUploadDialog shows cube face descriptions in cube mode","invocations":1,"location":null,"numPassingAsserts":6,"retryReasons":[],"startAt":1781135854267,"status":"passed","title":"shows cube face descriptions in cube mode"},{"ancestorTitles":["EnvironmentMapUploadDialog"],"duration":38,"failing":false,"failureDetails":[],"failureMessages":[],"fullName":"EnvironmentMapUploadDialog switches back from cube mode to single mode","invocations":1,"location":null,"numPassingAsserts":3,"retryReasons":[],"startAt":1781135854297,"status":"passed","title":"switches back from cube mode to single mode"},{"ancestorTitles":["EnvironmentMapUploadDialog"],"duration":12,"failing":false,"failureDetails":[],"failureMessages":[],"fullName":"EnvironmentMapUploadDialog renders the size label field","invocations":1,"location":null,"numPassingAsserts":1,"retryReasons":[],"startAt":1781135854335,"status":"passed","title":"renders the size label field"},{"ancestorTitles":["EnvironmentMapUploadDialog"],"duration":12,"failing":false,"failureDetails":[],"failureMessages":[],"fullName":"EnvironmentMapUploadDialog does not show thumbnail field by default","invocations":1,"location":null,"numPassingAsserts":1,"retryReasons":[],"startAt":1781135854347,"status":"passed","title":"does not show thumbnail field by default"},{"ancestorTitles":["EnvironmentMapUploadDialog"],"duration":13,"failing":false,"failureDetails":[],"failureMessages":[],"fullName":"EnvironmentMapUploadDialog shows thumbnail field when showThumbnailField is true","invocations":1,"location":null,"numPassingAsserts":1,"retryReasons":[],"startAt":1781135854359,"status":"passed","title":"shows thumbnail field when showThumbnailField is true"},{"ancestorTitles":["EnvironmentMapUploadDialog"],"duration":1,"failing":false,"failureDetails":[],"failureMessages":[],"fullName":"EnvironmentMapUploadDialog does not render when not visible","invocations":1,"location":null,"numPassingAsserts":1,"retryReasons":[],"startAt":1781135854372,"status":"passed","title":"does not render when not visible"}],"endTime":1781135854374,"message":"","name":"/Users/devmachine/kod/Modelibr/src/frontend/src/features/environment-map/components/__tests__/EnvironmentMapUploadDialog.test.tsx","startTime":1781135852976,"status":"passed","summary":""}],"wasInterrupted":false}
