{"numTotalTestSuites":20,"numPassedTestSuites":20,"numFailedTestSuites":0,"numPendingTestSuites":0,"numTotalTests":73,"numPassedTests":73,"numFailedTests":0,"numPendingTests":0,"numTodoTests":0,"snapshot":{"added":0,"failure":false,"filesAdded":0,"filesRemoved":0,"filesRemovedList":[],"filesUnmatched":0,"filesUpdated":0,"matched":0,"total":0,"unchecked":0,"uncheckedKeysByFile":[],"unmatched":0,"updated":0,"didUpdate":false},"startTime":1781135854684,"success":true,"testResults":[{"assertionResults":[{"ancestorTitles":["BaseProcessor","abstract interface"],"fullName":"BaseProcessor abstract interface should throw if processorType is not overridden","status":"passed","title":"should throw if processorType is not overridden","duration":0.9040410000000065,"failureMessages":[],"meta":{}},{"ancestorTitles":["BaseProcessor","abstract interface"],"fullName":"BaseProcessor abstract interface should throw if process is not overridden","status":"passed","title":"should throw if process is not overridden","duration":0.38862500000001887,"failureMessages":[],"meta":{}},{"ancestorTitles":["BaseProcessor","execute lifecycle"],"fullName":"BaseProcessor execute lifecycle should call process and mark job completed on success","status":"passed","title":"should call process and mark job completed on success","duration":0.9484999999999957,"failureMessages":[],"meta":{}},{"ancestorTitles":["BaseProcessor","execute lifecycle"],"fullName":"BaseProcessor execute lifecycle should log job failed and mark as failed on error","status":"passed","title":"should log job failed and mark as failed on error","duration":2.0239159999999856,"failureMessages":[],"meta":{}},{"ancestorTitles":["BaseProcessor","execute lifecycle"],"fullName":"BaseProcessor execute lifecycle should use soundId when modelId is absent","status":"passed","title":"should use soundId when modelId is absent","duration":0.16620799999998326,"failureMessages":[],"meta":{}},{"ancestorTitles":["BaseProcessor","execute lifecycle"],"fullName":"BaseProcessor execute lifecycle should fall back to job id when both modelId and soundId are absent","status":"passed","title":"should fall back to job id when both modelId and soundId are absent","duration":0.152499999999975,"failureMessages":[],"meta":{}},{"ancestorTitles":["BaseProcessor","execute lifecycle"],"fullName":"BaseProcessor execute lifecycle should use environmentMapId when modelId and soundId are absent","status":"passed","title":"should use environmentMapId when modelId and soundId are absent","duration":0.12616700000000947,"failureMessages":[],"meta":{}},{"ancestorTitles":["BaseProcessor","execute lifecycle"],"fullName":"BaseProcessor execute lifecycle should not throw if markFailed also fails","status":"passed","title":"should not throw if markFailed also fails","duration":0.2882919999999842,"failureMessages":[],"meta":{}},{"ancestorTitles":["BaseProcessor","cleanup"],"fullName":"BaseProcessor cleanup should be a no-op by default","status":"passed","title":"should be a no-op by default","duration":0.18733300000002373,"failureMessages":[],"meta":{}}],"startTime":1781135854834,"endTime":1781135854839.2883,"status":"passed","message":"","name":"/Users/devmachine/kod/Modelibr/src/asset-processor/tests/baseProcessor.test.js"},{"assertionResults":[{"ancestorTitles":["validateConfig"],"fullName":"validateConfig passes with default config values","status":"passed","title":"passes with default config values","duration":0.727833000000004,"failureMessages":[],"meta":{}},{"ancestorTitles":["validateConfig"],"fullName":"validateConfig rejects RENDER_WIDTH below 64","status":"passed","title":"rejects RENDER_WIDTH below 64","duration":0.3685419999999908,"failureMessages":[],"meta":{}},{"ancestorTitles":["validateConfig"],"fullName":"validateConfig rejects RENDER_WIDTH above 2048","status":"passed","title":"rejects RENDER_WIDTH above 2048","duration":0.1826250000000016,"failureMessages":[],"meta":{}},{"ancestorTitles":["validateConfig"],"fullName":"validateConfig rejects RENDER_HEIGHT below 64","status":"passed","title":"rejects RENDER_HEIGHT below 64","duration":0.09037500000000875,"failureMessages":[],"meta":{}},{"ancestorTitles":["validateConfig"],"fullName":"validateConfig rejects RENDER_HEIGHT above 2048","status":"passed","title":"rejects RENDER_HEIGHT above 2048","duration":0.22825000000000273,"failureMessages":[],"meta":{}},{"ancestorTitles":["validateConfig"],"fullName":"validateConfig rejects invalid RENDER_FORMAT","status":"passed","title":"rejects invalid RENDER_FORMAT","duration":0.1700840000000028,"failureMessages":[],"meta":{}},{"ancestorTitles":["validateConfig"],"fullName":"validateConfig accepts all valid RENDER_FORMAT values","status":"passed","title":"accepts all valid RENDER_FORMAT values","duration":0.09125000000000227,"failureMessages":[],"meta":{}},{"ancestorTitles":["validateConfig"],"fullName":"validateConfig rejects CAMERA_DISTANCE of 0","status":"passed","title":"rejects CAMERA_DISTANCE of 0","duration":0.13408300000000395,"failureMessages":[],"meta":{}},{"ancestorTitles":["validateConfig"],"fullName":"validateConfig rejects negative CAMERA_DISTANCE","status":"passed","title":"rejects negative CAMERA_DISTANCE","duration":0.12212499999999693,"failureMessages":[],"meta":{}},{"ancestorTitles":["validateConfig"],"fullName":"validateConfig rejects ORBIT_ANGLE_STEP of 0","status":"passed","title":"rejects ORBIT_ANGLE_STEP of 0","duration":0.11137499999999534,"failureMessages":[],"meta":{}},{"ancestorTitles":["validateConfig"],"fullName":"validateConfig rejects ORBIT_ANGLE_STEP above 90","status":"passed","title":"rejects ORBIT_ANGLE_STEP above 90","duration":0.060291000000006534,"failureMessages":[],"meta":{}},{"ancestorTitles":["validateConfig"],"fullName":"validateConfig rejects negative ORBIT_START_ANGLE","status":"passed","title":"rejects negative ORBIT_START_ANGLE","duration":0.09141599999999528,"failureMessages":[],"meta":{}},{"ancestorTitles":["validateConfig"],"fullName":"validateConfig rejects ORBIT_START_ANGLE of 360","status":"passed","title":"rejects ORBIT_START_ANGLE of 360","duration":0.06187500000000057,"failureMessages":[],"meta":{}},{"ancestorTitles":["validateConfig"],"fullName":"validateConfig rejects ORBIT_END_ANGLE equal to start angle","status":"passed","title":"rejects ORBIT_END_ANGLE equal to start angle","duration":0.23237500000000466,"failureMessages":[],"meta":{}},{"ancestorTitles":["validateConfig"],"fullName":"validateConfig rejects ORBIT_END_ANGLE less than start angle","status":"passed","title":"rejects ORBIT_END_ANGLE less than start angle","duration":0.0710420000000056,"failureMessages":[],"meta":{}},{"ancestorTitles":["validateConfig"],"fullName":"validateConfig rejects ORBIT_END_ANGLE above 360","status":"passed","title":"rejects ORBIT_END_ANGLE above 360","duration":0.08566600000000335,"failureMessages":[],"meta":{}},{"ancestorTitles":["validateConfig"],"fullName":"validateConfig rejects MAX_POLYGON_COUNT below 1000","status":"passed","title":"rejects MAX_POLYGON_COUNT below 1000","duration":0.05287500000000023,"failureMessages":[],"meta":{}},{"ancestorTitles":["validateConfig"],"fullName":"validateConfig accepts MAX_POLYGON_COUNT of exactly 1000","status":"passed","title":"accepts MAX_POLYGON_COUNT of exactly 1000","duration":0.02954099999999471,"failureMessages":[],"meta":{}},{"ancestorTitles":["validateConfig"],"fullName":"validateConfig rejects NORMALIZED_SCALE of 0","status":"passed","title":"rejects NORMALIZED_SCALE of 0","duration":0.043417000000005146,"failureMessages":[],"meta":{}},{"ancestorTitles":["validateConfig"],"fullName":"validateConfig rejects negative NORMALIZED_SCALE","status":"passed","title":"rejects negative NORMALIZED_SCALE","duration":0.09799999999999898,"failureMessages":[],"meta":{}},{"ancestorTitles":["validateConfig"],"fullName":"validateConfig rejects ENCODING_FRAMERATE of 0","status":"passed","title":"rejects ENCODING_FRAMERATE of 0","duration":0.04666699999999935,"failureMessages":[],"meta":{}},{"ancestorTitles":["validateConfig"],"fullName":"validateConfig rejects ENCODING_FRAMERATE above 60","status":"passed","title":"rejects ENCODING_FRAMERATE above 60","duration":0.04558299999999349,"failureMessages":[],"meta":{}},{"ancestorTitles":["validateConfig"],"fullName":"validateConfig rejects WEBP_QUALITY below 0","status":"passed","title":"rejects WEBP_QUALITY below 0","duration":0.04749999999999943,"failureMessages":[],"meta":{}},{"ancestorTitles":["validateConfig"],"fullName":"validateConfig rejects WEBP_QUALITY above 100","status":"passed","title":"rejects WEBP_QUALITY above 100","duration":0.042541999999997415,"failureMessages":[],"meta":{}},{"ancestorTitles":["validateConfig"],"fullName":"validateConfig rejects JPEG_QUALITY below 0","status":"passed","title":"rejects JPEG_QUALITY below 0","duration":0.10183299999999917,"failureMessages":[],"meta":{}},{"ancestorTitles":["validateConfig"],"fullName":"validateConfig rejects JPEG_QUALITY above 100","status":"passed","title":"rejects JPEG_QUALITY above 100","duration":0.04641700000000526,"failureMessages":[],"meta":{}},{"ancestorTitles":["validateConfig"],"fullName":"validateConfig rejects empty THUMBNAIL_STORAGE_PATH when storage is enabled","status":"passed","title":"rejects empty THUMBNAIL_STORAGE_PATH when storage is enabled","duration":0.044542000000006965,"failureMessages":[],"meta":{}},{"ancestorTitles":["validateConfig"],"fullName":"validateConfig allows empty THUMBNAIL_STORAGE_PATH when storage is disabled","status":"passed","title":"allows empty THUMBNAIL_STORAGE_PATH when storage is disabled","duration":0.026832999999996332,"failureMessages":[],"meta":{}},{"ancestorTitles":["validateConfig"],"fullName":"validateConfig collects all errors into a single throw","status":"passed","title":"collects all errors into a single throw","duration":0.08512499999999079,"failureMessages":[],"meta":{}},{"ancestorTitles":["getBlenderPath"],"fullName":"getBlenderPath returns \"blender\" for the default value","status":"passed","title":"returns \"blender\" for the default value","duration":0.041666999999989685,"failureMessages":[],"meta":{}},{"ancestorTitles":["getBlenderPath"],"fullName":"getBlenderPath resolves a valid absolute path","status":"passed","title":"resolves a valid absolute path","duration":0.04129200000001276,"failureMessages":[],"meta":{}},{"ancestorTitles":["getBlenderPath"],"fullName":"getBlenderPath rejects paths with shell metacharacters","status":"passed","title":"rejects paths with shell metacharacters","duration":0.062167000000002304,"failureMessages":[],"meta":{}},{"ancestorTitles":["getBlenderPath"],"fullName":"getBlenderPath rejects paths with backticks","status":"passed","title":"rejects paths with backticks","duration":0.04391600000001006,"failureMessages":[],"meta":{}},{"ancestorTitles":["getBlenderPath"],"fullName":"getBlenderPath rejects paths with $() substitution","status":"passed","title":"rejects paths with $() substitution","duration":0.04229200000000333,"failureMessages":[],"meta":{}}],"startTime":1781135854813,"endTime":1781135854817.1018,"status":"passed","message":"","name":"/Users/devmachine/kod/Modelibr/src/asset-processor/tests/configValidation.test.js"},{"assertionResults":[{"ancestorTitles":["EnvironmentMapProcessor"],"fullName":"EnvironmentMapProcessor renders, uploads, and finishes an environment map job","status":"passed","title":"renders, uploads, and finishes an environment map job","duration":2.4822499999999934,"failureMessages":[],"meta":{}},{"ancestorTitles":["EnvironmentMapProcessor"],"fullName":"EnvironmentMapProcessor uses environment-map-specific finish endpoint","status":"passed","title":"uses environment-map-specific finish endpoint","duration":0.2082499999999925,"failureMessages":[],"meta":{}},{"ancestorTitles":["EnvironmentMapProcessor"],"fullName":"EnvironmentMapProcessor prefers a variant id from the job when provided","status":"passed","title":"prefers a variant id from the job when provided","duration":0.16841700000000515,"failureMessages":[],"meta":{}}],"startTime":1781135854845,"endTime":1781135854848.2083,"status":"passed","message":"","name":"/Users/devmachine/kod/Modelibr/src/asset-processor/tests/environmentMapProcessor.test.js"},{"assertionResults":[{"ancestorTitles":["ProcessorRegistry","initialization"],"fullName":"ProcessorRegistry initialization should register Model, Sound, TextureSet, EnvironmentMap, and MeshAnalysis processors","status":"passed","title":"should register Model, Sound, TextureSet, EnvironmentMap, and MeshAnalysis processors","duration":0.9322080000000028,"failureMessages":[],"meta":{}},{"ancestorTitles":["ProcessorRegistry","initialization"],"fullName":"ProcessorRegistry initialization should register correct processor types","status":"passed","title":"should register correct processor types","duration":0.2610419999999749,"failureMessages":[],"meta":{}},{"ancestorTitles":["ProcessorRegistry","getProcessor"],"fullName":"ProcessorRegistry getProcessor should return ThumbnailProcessor for Model asset type","status":"passed","title":"should return ThumbnailProcessor for Model asset type","duration":0.21558399999997846,"failureMessages":[],"meta":{}},{"ancestorTitles":["ProcessorRegistry","getProcessor"],"fullName":"ProcessorRegistry getProcessor should return SoundProcessor for Sound asset type","status":"passed","title":"should return SoundProcessor for Sound asset type","duration":0.12583300000000008,"failureMessages":[],"meta":{}},{"ancestorTitles":["ProcessorRegistry","getProcessor"],"fullName":"ProcessorRegistry getProcessor should return MeshAnalysisProcessor for MeshAnalysis asset type","status":"passed","title":"should return MeshAnalysisProcessor for MeshAnalysis asset type","duration":0.16225000000002865,"failureMessages":[],"meta":{}},{"ancestorTitles":["ProcessorRegistry","getProcessor"],"fullName":"ProcessorRegistry getProcessor should return TextureSetProcessor for TextureSet asset type","status":"passed","title":"should return TextureSetProcessor for TextureSet asset type","duration":0.16391699999996945,"failureMessages":[],"meta":{}},{"ancestorTitles":["ProcessorRegistry","getProcessor"],"fullName":"ProcessorRegistry getProcessor should return EnvironmentMapProcessor for EnvironmentMap asset type","status":"passed","title":"should return EnvironmentMapProcessor for EnvironmentMap asset type","duration":0.11491699999999128,"failureMessages":[],"meta":{}},{"ancestorTitles":["ProcessorRegistry","getProcessor"],"fullName":"ProcessorRegistry getProcessor should return null for unknown asset type","status":"passed","title":"should return null for unknown asset type","duration":0.11783300000001873,"failureMessages":[],"meta":{}},{"ancestorTitles":["ProcessorRegistry","getProcessor"],"fullName":"ProcessorRegistry getProcessor should return null for undefined asset type","status":"passed","title":"should return null for undefined asset type","duration":0.20804099999998016,"failureMessages":[],"meta":{}},{"ancestorTitles":["ProcessorRegistry","register"],"fullName":"ProcessorRegistry register should allow registering new processor types","status":"passed","title":"should allow registering new processor types","duration":0.1488329999999678,"failureMessages":[],"meta":{}},{"ancestorTitles":["ProcessorRegistry","register"],"fullName":"ProcessorRegistry register should allow overriding existing processor types","status":"passed","title":"should allow overriding existing processor types","duration":0.11462499999998954,"failureMessages":[],"meta":{}},{"ancestorTitles":["ProcessorRegistry","cleanupAll"],"fullName":"ProcessorRegistry cleanupAll should call cleanup on all registered processors","status":"passed","title":"should call cleanup on all registered processors","duration":0.2599999999999909,"failureMessages":[],"meta":{}},{"ancestorTitles":["ProcessorRegistry","cleanupAll"],"fullName":"ProcessorRegistry cleanupAll should continue cleaning up even if one processor fails","status":"passed","title":"should continue cleaning up even if one processor fails","duration":0.24799999999999045,"failureMessages":[],"meta":{}}],"startTime":1781135854964,"endTime":1781135854967.26,"status":"passed","message":"","name":"/Users/devmachine/kod/Modelibr/src/asset-processor/tests/processorRegistry.test.js"},{"assertionResults":[{"ancestorTitles":["refreshThumbnailRenderConfigFromApi"],"fullName":"refreshThumbnailRenderConfigFromApi applies a square size to both width and height when animated","status":"passed","title":"applies a square size to both width and height when animated","duration":0.6874169999999964,"failureMessages":[],"meta":{}},{"ancestorTitles":["refreshThumbnailRenderConfigFromApi"],"fullName":"refreshThumbnailRenderConfigFromApi collapses to a single frame when isAnimated is false (angleStep == angleRange)","status":"passed","title":"collapses to a single frame when isAnimated is false (angleStep == angleRange)","duration":0.08737499999999443,"failureMessages":[],"meta":{}},{"ancestorTitles":["refreshThumbnailRenderConfigFromApi"],"fullName":"refreshThumbnailRenderConfigFromApi honors a custom frameCount when animated","status":"passed","title":"honors a custom frameCount when animated","duration":0.12012500000000159,"failureMessages":[],"meta":{}},{"ancestorTitles":["refreshThumbnailRenderConfigFromApi"],"fullName":"refreshThumbnailRenderConfigFromApi defaults to frameCount=30 when the payload omits it","status":"passed","title":"defaults to frameCount=30 when the payload omits it","duration":0.057332999999999856,"failureMessages":[],"meta":{}},{"ancestorTitles":["refreshThumbnailRenderConfigFromApi"],"fullName":"refreshThumbnailRenderConfigFromApi accepts each value in the allowed size set","status":"passed","title":"accepts each value in the allowed size set","duration":0.3308329999999984,"failureMessages":[],"meta":{}},{"ancestorTitles":["refreshThumbnailRenderConfigFromApi"],"fullName":"refreshThumbnailRenderConfigFromApi ignores a size outside the allowed set (e.g. 300)","status":"passed","title":"ignores a size outside the allowed set (e.g. 300)","duration":0.1930420000000055,"failureMessages":[],"meta":{}},{"ancestorTitles":["refreshThumbnailRenderConfigFromApi"],"fullName":"refreshThumbnailRenderConfigFromApi ignores a non-numeric size","status":"passed","title":"ignores a non-numeric size","duration":0.08295799999999076,"failureMessages":[],"meta":{}},{"ancestorTitles":["refreshThumbnailRenderConfigFromApi"],"fullName":"refreshThumbnailRenderConfigFromApi treats isAnimated=undefined as animated (defaults to true)","status":"passed","title":"treats isAnimated=undefined as animated (defaults to true)","duration":0.056416999999996165,"failureMessages":[],"meta":{}},{"ancestorTitles":["refreshThumbnailRenderConfigFromApi"],"fullName":"refreshThumbnailRenderConfigFromApi leaves config untouched when the API call rejects","status":"passed","title":"leaves config untouched when the API call rejects","duration":0.20670900000000358,"failureMessages":[],"meta":{}}],"startTime":1781135854813,"endTime":1781135854815.2068,"status":"passed","message":"","name":"/Users/devmachine/kod/Modelibr/src/asset-processor/tests/refreshThumbnailRenderConfig.test.js"},{"assertionResults":[{"ancestorTitles":["ThumbnailApiService.uploadMultipleThumbnails metadata"],"fullName":"ThumbnailApiService.uploadMultipleThumbnails metadata passes live config.rendering size as width/height for webp upload","status":"passed","title":"passes live config.rendering size as width/height for webp upload","duration":2.305749999999989,"failureMessages":[],"meta":{}},{"ancestorTitles":["ThumbnailApiService.uploadMultipleThumbnails metadata"],"fullName":"ThumbnailApiService.uploadMultipleThumbnails metadata passes live config.rendering size as width/height for png upload","status":"passed","title":"passes live config.rendering size as width/height for png upload","duration":0.7857920000000149,"failureMessages":[],"meta":{}},{"ancestorTitles":["ThumbnailApiService.uploadMultipleThumbnails metadata"],"fullName":"ThumbnailApiService.uploadMultipleThumbnails metadata falls back to poster upload (with config size) when png upload fails","status":"passed","title":"falls back to poster upload (with config size) when png upload fails","duration":0.8116669999999999,"failureMessages":[],"meta":{}},{"ancestorTitles":["ThumbnailApiService.uploadMultipleThumbnails metadata"],"fullName":"ThumbnailApiService.uploadMultipleThumbnails metadata reflects a size change between calls — i.e. reads config live, not at construction time","status":"passed","title":"reflects a size change between calls — i.e. reads config live, not at construction time","duration":0.7784160000000213,"failureMessages":[],"meta":{}},{"ancestorTitles":["ThumbnailApiService.uploadMultipleThumbnails metadata"],"fullName":"ThumbnailApiService.uploadMultipleThumbnails metadata does NOT hardcode 256 — guards against the regression we just fixed","status":"passed","title":"does NOT hardcode 256 — guards against the regression we just fixed","duration":0.8122920000000136,"failureMessages":[],"meta":{}}],"startTime":1781135854882,"endTime":1781135854887.8123,"status":"passed","message":"","name":"/Users/devmachine/kod/Modelibr/src/asset-processor/tests/thumbnailApiService.test.js"}]}