<?xml version="1.0" encoding="utf-8"?>
<TestRun id="8512ef35-ae50-4853-abd5-e65b88b4ca4b" name="@devmachine 2026-06-11 02:01:53" xmlns="http://microsoft.com/schemas/VisualStudio/TeamTest/2010">
  <Times creation="2026-06-11T02:01:53.4142990+02:00" queuing="2026-06-11T02:01:53.4142990+02:00" start="2026-06-11T02:01:50.1928260+02:00" finish="2026-06-11T02:01:53.5302890+02:00" />
  <TestSettings name="default" id="e3125d1b-f3f1-4468-9eb7-eed8c06aca5c">
    <Deployment runDeploymentRoot="_devmachine_2026-06-11_02_01_53" />
  </TestSettings>
  <Results>
    <UnitTestResult executionId="b7b186a1-8a31-4790-a3a6-e93999d5109a" testId="0030bfd7-dc6b-f776-bc48-7e80eee81f53" testName="WebApi.Tests.Integration.ConcurrencyTests.Parallel_Pack_Creation_Same_Name_Handles_Gracefully" computerName="devmachine" duration="00:00:01.9800781" startTime="2026-06-11T02:01:50.7375090+02:00" endTime="2026-06-11T02:01:52.7206690+02:00" testType="13cdc9d9-ddb5-4fa4-a97d-d965ccfc6d4b" outcome="Passed" testListId="8c84fa94-04c1-424b-9868-57a2d4851a1d" relativeResultsDirectory="b7b186a1-8a31-4790-a3a6-e93999d5109a" />
    <UnitTestResult executionId="5310c76d-10d7-4479-a9d4-281adc55019c" testId="73b7523f-31b9-ac82-0f7d-56b0a973454b" testName="WebApi.Tests.Integration.ConcurrencyTests.Concurrent_Job_Dequeue_Gives_Each_Job_To_One_Worker" computerName="devmachine" duration="00:00:00.0472324" startTime="2026-06-11T02:01:53.3796030+02:00" endTime="2026-06-11T02:01:53.4268980+02:00" testType="13cdc9d9-ddb5-4fa4-a97d-d965ccfc6d4b" outcome="Passed" testListId="8c84fa94-04c1-424b-9868-57a2d4851a1d" relativeResultsDirectory="5310c76d-10d7-4479-a9d4-281adc55019c" />
    <UnitTestResult executionId="ea7a2881-6a6b-413a-b6a9-0a2f9defa3bf" testId="e8f4c098-24a9-5d0e-7538-7af8bf52f46d" testName="WebApi.Tests.Integration.ConcurrencyTests.Delete_And_Restore_Same_Entity_From_Two_Threads" computerName="devmachine" duration="00:00:00.1524584" startTime="2026-06-11T02:01:53.2032850+02:00" endTime="2026-06-11T02:01:53.3557810+02:00" testType="13cdc9d9-ddb5-4fa4-a97d-d965ccfc6d4b" outcome="Passed" testListId="8c84fa94-04c1-424b-9868-57a2d4851a1d" relativeResultsDirectory="ea7a2881-6a6b-413a-b6a9-0a2f9defa3bf" />
    <UnitTestResult executionId="bca26e3f-8323-4a9a-b029-22ea849a43ea" testId="6183ab56-9ca5-5c89-fb79-0c5429e082c1" testName="WebApi.Tests.Integration.ConcurrencyTests.Parallel_File_Uploads_To_Same_Model_All_Succeed" computerName="devmachine" duration="00:00:00.3552095" startTime="2026-06-11T02:01:52.7242540+02:00" endTime="2026-06-11T02:01:53.0764870+02:00" testType="13cdc9d9-ddb5-4fa4-a97d-d965ccfc6d4b" outcome="Passed" testListId="8c84fa94-04c1-424b-9868-57a2d4851a1d" relativeResultsDirectory="bca26e3f-8323-4a9a-b029-22ea849a43ea" />
    <UnitTestResult executionId="bf764b17-49a0-412a-b35e-95aa80c4d780" testId="42c4ce20-ec9d-9ac4-dde7-45ba41ba3b28" testName="WebApi.Tests.Integration.ConcurrencyTests.Parallel_Uploads_Same_File_Hash_Do_Not_Create_Duplicates" computerName="devmachine" duration="00:00:00.0235694" startTime="2026-06-11T02:01:53.3558980+02:00" endTime="2026-06-11T02:01:53.3794790+02:00" testType="13cdc9d9-ddb5-4fa4-a97d-d965ccfc6d4b" outcome="Passed" testListId="8c84fa94-04c1-424b-9868-57a2d4851a1d" relativeResultsDirectory="bf764b17-49a0-412a-b35e-95aa80c4d780" />
    <UnitTestResult executionId="91de5a8a-89c6-46a5-a6be-b5229027882c" testId="9b76739f-8906-2e03-c570-7d1f08880138" testName="WebApi.Tests.Integration.ConcurrencyTests.Parallel_Model_To_Pack_Association_No_Duplicates" computerName="devmachine" duration="00:00:00.1265345" startTime="2026-06-11T02:01:53.0768580+02:00" endTime="2026-06-11T02:01:53.2031670+02:00" testType="13cdc9d9-ddb5-4fa4-a97d-d965ccfc6d4b" outcome="Passed" testListId="8c84fa94-04c1-424b-9868-57a2d4851a1d" relativeResultsDirectory="91de5a8a-89c6-46a5-a6be-b5229027882c" />
  </Results>
  <TestDefinitions>
    <UnitTest name="WebApi.Tests.Integration.ConcurrencyTests.Concurrent_Job_Dequeue_Gives_Each_Job_To_One_Worker" storage="/users/devmachine/kod/modelibr/tests/webapi.tests/bin/debug/net9.0/webapi.tests.dll" id="73b7523f-31b9-ac82-0f7d-56b0a973454b">
      <Execution id="5310c76d-10d7-4479-a9d4-281adc55019c" />
      <TestMethod codeBase="/Users/devmachine/kod/Modelibr/tests/WebApi.Tests/bin/Debug/net9.0/WebApi.Tests.dll" adapterTypeName="executor://xunit/VsTestRunner3/netcore/" className="WebApi.Tests.Integration.ConcurrencyTests" name="Concurrent_Job_Dequeue_Gives_Each_Job_To_One_Worker" />
    </UnitTest>
    <UnitTest name="WebApi.Tests.Integration.ConcurrencyTests.Delete_And_Restore_Same_Entity_From_Two_Threads" storage="/users/devmachine/kod/modelibr/tests/webapi.tests/bin/debug/net9.0/webapi.tests.dll" id="e8f4c098-24a9-5d0e-7538-7af8bf52f46d">
      <Execution id="ea7a2881-6a6b-413a-b6a9-0a2f9defa3bf" />
      <TestMethod codeBase="/Users/devmachine/kod/Modelibr/tests/WebApi.Tests/bin/Debug/net9.0/WebApi.Tests.dll" adapterTypeName="executor://xunit/VsTestRunner3/netcore/" className="WebApi.Tests.Integration.ConcurrencyTests" name="Delete_And_Restore_Same_Entity_From_Two_Threads" />
    </UnitTest>
    <UnitTest name="WebApi.Tests.Integration.ConcurrencyTests.Parallel_Uploads_Same_File_Hash_Do_Not_Create_Duplicates" storage="/users/devmachine/kod/modelibr/tests/webapi.tests/bin/debug/net9.0/webapi.tests.dll" id="42c4ce20-ec9d-9ac4-dde7-45ba41ba3b28">
      <Execution id="bf764b17-49a0-412a-b35e-95aa80c4d780" />
      <TestMethod codeBase="/Users/devmachine/kod/Modelibr/tests/WebApi.Tests/bin/Debug/net9.0/WebApi.Tests.dll" adapterTypeName="executor://xunit/VsTestRunner3/netcore/" className="WebApi.Tests.Integration.ConcurrencyTests" name="Parallel_Uploads_Same_File_Hash_Do_Not_Create_Duplicates" />
    </UnitTest>
    <UnitTest name="WebApi.Tests.Integration.ConcurrencyTests.Parallel_File_Uploads_To_Same_Model_All_Succeed" storage="/users/devmachine/kod/modelibr/tests/webapi.tests/bin/debug/net9.0/webapi.tests.dll" id="6183ab56-9ca5-5c89-fb79-0c5429e082c1">
      <Execution id="bca26e3f-8323-4a9a-b029-22ea849a43ea" />
      <TestMethod codeBase="/Users/devmachine/kod/Modelibr/tests/WebApi.Tests/bin/Debug/net9.0/WebApi.Tests.dll" adapterTypeName="executor://xunit/VsTestRunner3/netcore/" className="WebApi.Tests.Integration.ConcurrencyTests" name="Parallel_File_Uploads_To_Same_Model_All_Succeed" />
    </UnitTest>
    <UnitTest name="WebApi.Tests.Integration.ConcurrencyTests.Parallel_Model_To_Pack_Association_No_Duplicates" storage="/users/devmachine/kod/modelibr/tests/webapi.tests/bin/debug/net9.0/webapi.tests.dll" id="9b76739f-8906-2e03-c570-7d1f08880138">
      <Execution id="91de5a8a-89c6-46a5-a6be-b5229027882c" />
      <TestMethod codeBase="/Users/devmachine/kod/Modelibr/tests/WebApi.Tests/bin/Debug/net9.0/WebApi.Tests.dll" adapterTypeName="executor://xunit/VsTestRunner3/netcore/" className="WebApi.Tests.Integration.ConcurrencyTests" name="Parallel_Model_To_Pack_Association_No_Duplicates" />
    </UnitTest>
    <UnitTest name="WebApi.Tests.Integration.ConcurrencyTests.Parallel_Pack_Creation_Same_Name_Handles_Gracefully" storage="/users/devmachine/kod/modelibr/tests/webapi.tests/bin/debug/net9.0/webapi.tests.dll" id="0030bfd7-dc6b-f776-bc48-7e80eee81f53">
      <Execution id="b7b186a1-8a31-4790-a3a6-e93999d5109a" />
      <TestMethod codeBase="/Users/devmachine/kod/Modelibr/tests/WebApi.Tests/bin/Debug/net9.0/WebApi.Tests.dll" adapterTypeName="executor://xunit/VsTestRunner3/netcore/" className="WebApi.Tests.Integration.ConcurrencyTests" name="Parallel_Pack_Creation_Same_Name_Handles_Gracefully" />
    </UnitTest>
  </TestDefinitions>
  <TestEntries>
    <TestEntry testId="0030bfd7-dc6b-f776-bc48-7e80eee81f53" executionId="b7b186a1-8a31-4790-a3a6-e93999d5109a" testListId="8c84fa94-04c1-424b-9868-57a2d4851a1d" />
    <TestEntry testId="73b7523f-31b9-ac82-0f7d-56b0a973454b" executionId="5310c76d-10d7-4479-a9d4-281adc55019c" testListId="8c84fa94-04c1-424b-9868-57a2d4851a1d" />
    <TestEntry testId="e8f4c098-24a9-5d0e-7538-7af8bf52f46d" executionId="ea7a2881-6a6b-413a-b6a9-0a2f9defa3bf" testListId="8c84fa94-04c1-424b-9868-57a2d4851a1d" />
    <TestEntry testId="6183ab56-9ca5-5c89-fb79-0c5429e082c1" executionId="bca26e3f-8323-4a9a-b029-22ea849a43ea" testListId="8c84fa94-04c1-424b-9868-57a2d4851a1d" />
    <TestEntry testId="42c4ce20-ec9d-9ac4-dde7-45ba41ba3b28" executionId="bf764b17-49a0-412a-b35e-95aa80c4d780" testListId="8c84fa94-04c1-424b-9868-57a2d4851a1d" />
    <TestEntry testId="9b76739f-8906-2e03-c570-7d1f08880138" executionId="91de5a8a-89c6-46a5-a6be-b5229027882c" testListId="8c84fa94-04c1-424b-9868-57a2d4851a1d" />
  </TestEntries>
  <TestLists>
    <TestList name="Wyniki, których nie ma na liście" id="8c84fa94-04c1-424b-9868-57a2d4851a1d" />
    <TestList name="Wszystkie załadowane wyniki" id="19431567-8539-422a-85d7-44ee4e166bda" />
  </TestLists>
  <ResultSummary outcome="Completed">
    <Counters total="6" executed="6" passed="6" failed="0" error="0" timeout="0" aborted="0" inconclusive="0" passedButRunAborted="0" notRunnable="0" notExecuted="0" disconnected="0" warning="0" completed="0" inProgress="0" pending="0" />
    <Output>
      <StdOut>[xUnit.net 00:00:00.00] xUnit.net VSTest Adapter v3.0.2+dd36e86129 (64-bit .NET 9.0.14)
[xUnit.net 00:00:00.03]   Discovering: WebApi.Tests
[xUnit.net 00:00:00.05]   Discovered:  WebApi.Tests
[xUnit.net 00:00:00.06]   Starting:    WebApi.Tests
info: Infrastructure.Persistence.ApplicationDbContext[0]
      Attempting database initialization...
warn: Microsoft.EntityFrameworkCore.Model.Validation[10622]
      Entity 'File' has a global query filter defined and is the required end of a relationship with the entity 'BatchUpload'. This may lead to unexpected results when the required entity is filtered out. Either configure the navigation as optional, or define matching query filters for both entities in the navigation. See https://go.microsoft.com/fwlink/?linkid=2131316 for more information.
warn: Microsoft.EntityFrameworkCore.Model.Validation[10622]
      Entity 'File' has a global query filter defined and is the required end of a relationship with the entity 'EnvironmentMapVariantFaceFile'. This may lead to unexpected results when the required entity is filtered out. Either configure the navigation as optional, or define matching query filters for both entities in the navigation. See https://go.microsoft.com/fwlink/?linkid=2131316 for more information.
warn: Microsoft.EntityFrameworkCore.Model.Validation[10622]
      Entity 'File' has a global query filter defined and is the required end of a relationship with the entity 'ModelConceptImage'. This may lead to unexpected results when the required entity is filtered out. Either configure the navigation as optional, or define matching query filters for both entities in the navigation. See https://go.microsoft.com/fwlink/?linkid=2131316 for more information.
warn: Microsoft.EntityFrameworkCore.Model.Validation[10622]
      Entity 'ModelVersion' has a global query filter defined and is the required end of a relationship with the entity 'ModelVersionTextureSet'. This may lead to unexpected results when the required entity is filtered out. Either configure the navigation as optional, or define matching query filters for both entities in the navigation. See https://go.microsoft.com/fwlink/?linkid=2131316 for more information.
warn: Microsoft.EntityFrameworkCore.Model.Validation[10622]
      Entity 'File' has a global query filter defined and is the required end of a relationship with the entity 'ProjectConceptImage'. This may lead to unexpected results when the required entity is filtered out. Either configure the navigation as optional, or define matching query filters for both entities in the navigation. See https://go.microsoft.com/fwlink/?linkid=2131316 for more information.
warn: Microsoft.EntityFrameworkCore.Model.Validation[10622]
      Entity 'File' has a global query filter defined and is the required end of a relationship with the entity 'TextureProxy'. This may lead to unexpected results when the required entity is filtered out. Either configure the navigation as optional, or define matching query filters for both entities in the navigation. See https://go.microsoft.com/fwlink/?linkid=2131316 for more information.
warn: Microsoft.EntityFrameworkCore.Model.Validation[20601]
      The 'TextureChannel' property 'SourceChannel' on entity type 'Texture' is configured with a database-generated default, but has no configured sentinel value. The database-generated default will always be used for inserts when the property has the value '0', since this is the CLR default for the 'TextureChannel' type. Consider using a nullable type, using a nullable backing field, or setting the sentinel value for the property to ensure the database default is used when, and only when, appropriate. See https://aka.ms/efcore-docs-default-values for more information.
fail: Microsoft.EntityFrameworkCore.Database.Command[20102]
      Failed executing DbCommand (2ms) [Parameters=[], CommandType='Text', CommandTimeout='30']
      SELECT "MigrationId", "ProductVersion"
      FROM "__EFMigrationsHistory"
      ORDER BY "MigrationId";
info: Microsoft.EntityFrameworkCore.Migrations[20402]
      Applying migration '20260319135324_InitialMigration'.
info: Microsoft.EntityFrameworkCore.Migrations[20402]
      Applying migration '20260402145244_AddModelIdToThumbnail'.
info: Microsoft.EntityFrameworkCore.Migrations[20402]
      Applying migration '20260402153953_AddModelUpdatedAtIndex'.
info: Microsoft.EntityFrameworkCore.Migrations[20402]
      Applying migration '20260405213339_AddAssetMetadataAndContainerMedia'.
info: Microsoft.EntityFrameworkCore.Migrations[20402]
      Applying migration '20260406220734_NormalizeModelTags'.
info: Microsoft.EntityFrameworkCore.Migrations[20402]
      Applying migration '20260412001225_AddEnvironmentMaps'.
info: Microsoft.EntityFrameworkCore.Migrations[20402]
      Applying migration '20260417222502_AddModelNameIndex'.
info: Microsoft.EntityFrameworkCore.Migrations[20402]
      Applying migration '20260515184530_AddGenerateAnimatedThumbnail'.
info: Microsoft.EntityFrameworkCore.Migrations[20402]
      Applying migration '20260515195720_RemoveThumbnailCameraVerticalAngle'.
info: Microsoft.EntityFrameworkCore.Migrations[20402]
      Applying migration '20260516000604_CollapseThumbnailWidthHeightToSize'.
info: Microsoft.EntityFrameworkCore.Migrations[20402]
      Applying migration '20260529084624_AddKindToTextureSetCategory'.
info: Microsoft.EntityFrameworkCore.Migrations[20402]
      Applying migration '20260529092506_DropTextureSetCategoryKindDefault'.
info: Infrastructure.Persistence.ApplicationDbContext[0]
      Database initialization completed successfully
info: Microsoft.EntityFrameworkCore.Database.Command[20101]
      Executed DbCommand (13ms) [Parameters=[@__key_0='?'], CommandType='Text', CommandTimeout='30']
      SELECT s."Id", s."CreatedAt", s."Description", s."Key", s."UpdatedAt", s."Value"
      FROM "Settings" AS s
      WHERE s."Key" = @__key_0
      LIMIT 1
info: Microsoft.EntityFrameworkCore.Database.Command[20101]
      Executed DbCommand (1ms) [Parameters=[@__key_0='?'], CommandType='Text', CommandTimeout='30']
      SELECT s."Id", s."CreatedAt", s."Description", s."Key", s."UpdatedAt", s."Value"
      FROM "Settings" AS s
      WHERE s."Key" = @__key_0
      LIMIT 1
info: WebApi.Infrastructure.UploadDirectoryInitializer[0]
      Upload directories ensured at: /var/folders/r4/9chmz39n7rg_c3fw_l1sgr540000gn/T/modelibr_concurrency_tests/duecvr2r.yzm
warn: Microsoft.EntityFrameworkCore.Query[20504]
      Compiling a query which loads related collections for more than one collection navigation, either via 'Include' or through projection, but no 'QuerySplittingBehavior' has been configured. By default, Entity Framework will use 'QuerySplittingBehavior.SingleQuery', which can potentially result in slow query performance. See https://go.microsoft.com/fwlink/?linkid=2134277 for more information. To identify the query that's triggering this warning call 'ConfigureWarnings(w =&gt; w.Throw(RelationalEventId.MultipleCollectionIncludeWarning))'.
info: Microsoft.EntityFrameworkCore.Database.Command[20101]
      Executed DbCommand (16ms) [Parameters=[@__name_0='?'], CommandType='Text', CommandTimeout='30']
      SELECT s3."Id", s3."CreatedAt", s3."CustomThumbnailFileId", s3."Description", s3."LicenseType", s3."Name", s3."UpdatedAt", s3."Url", s3."Id0", s4."ModelsId", s4."PacksId", s4."Id", s4."ActiveVersionId", s4."CreatedAt", s4."DeletedAt", s4."Description", s4."FileId", s4."IsDeleted", s4."ModelCategoryId", s4."Name", s4."UpdatedAt", s5."PacksId", s5."TextureSetsId", s5."Id", s5."CreatedAt", s5."DeletedAt", s5."IsDeleted", s5."Kind", s5."Name", s5."PngThumbnailPath", s5."PreviewGeometryType", s5."TextureSetCategoryId", s5."ThumbnailPath", s5."TilingScaleX", s5."TilingScaleY", s5."UpdatedAt", s5."UvMappingMode", s5."UvScale", s6."PacksId", s6."SpritesId", s6."Id", s6."CreatedAt", s6."DeletedAt", s6."FileId", s6."IsDeleted", s6."Name", s6."SpriteCategoryId", s6."SpriteType", s6."ThumbnailId", s6."UpdatedAt", s7."PacksId", s7."SoundsId", s7."Id", s7."CreatedAt", s7."DeletedAt", s7."Duration", s7."FileId", s7."IsDeleted", s7."Name", s7."Peaks", s7."SoundCategoryId", s7."UpdatedAt", s8."EnvironmentMapsId", s8."PacksId", s8."Id", s8."CreatedAt", s8."CustomThumbnailFileId", s8."DeletedAt", s8."EnvironmentMapCategoryId", s8."IsDeleted", s8."Name", s8."PreviewVariantId", s8."UpdatedAt", s3."CreatedAt0", s3."DeletedAt", s3."FilePath", s3."FileType", s3."IsDeleted", s3."MimeType", s3."ModelVersionId", s3."OriginalFileName", s3."Sha256Hash", s3."SizeBytes", s3."StoredFileName", s3."UpdatedAt0"
      FROM (
          SELECT p."Id", p."CreatedAt", p."CustomThumbnailFileId", p."Description", p."LicenseType", p."Name", p."UpdatedAt", p."Url", f0."Id" AS "Id0", f0."CreatedAt" AS "CreatedAt0", f0."DeletedAt", f0."FilePath", f0."FileType", f0."IsDeleted", f0."MimeType", f0."ModelVersionId", f0."OriginalFileName", f0."Sha256Hash", f0."SizeBytes", f0."StoredFileName", f0."UpdatedAt" AS "UpdatedAt0"
          FROM "Packs" AS p
          LEFT JOIN (
              SELECT f."Id", f."CreatedAt", f."DeletedAt", f."FilePath", f."FileType", f."IsDeleted", f."MimeType", f."ModelVersionId", f."OriginalFileName", f."Sha256Hash", f."SizeBytes", f."StoredFileName", f."UpdatedAt"
              FROM "Files" AS f
              WHERE NOT (f."IsDeleted")
          ) AS f0 ON p."CustomThumbnailFileId" = f0."Id"
          WHERE p."Name" = @__name_0
          LIMIT 1
      ) AS s3
      LEFT JOIN (
          SELECT p0."ModelsId", p0."PacksId", m0."Id", m0."ActiveVersionId", m0."CreatedAt", m0."DeletedAt", m0."Description", m0."FileId", m0."IsDeleted", m0."ModelCategoryId", m0."Name", m0."UpdatedAt"
          FROM "PackModels" AS p0
          INNER JOIN (
              SELECT m."Id", m."ActiveVersionId", m."CreatedAt", m."DeletedAt", m."Description", m."FileId", m."IsDeleted", m."ModelCategoryId", m."Name", m."UpdatedAt"
              FROM "Models" AS m
              WHERE NOT (m."IsDeleted")
          ) AS m0 ON p0."ModelsId" = m0."Id"
      ) AS s4 ON s3."Id" = s4."PacksId"
      LEFT JOIN (
          SELECT p1."PacksId", p1."TextureSetsId", t0."Id", t0."CreatedAt", t0."DeletedAt", t0."IsDeleted", t0."Kind", t0."Name", t0."PngThumbnailPath", t0."PreviewGeometryType", t0."TextureSetCategoryId", t0."ThumbnailPath", t0."TilingScaleX", t0."TilingScaleY", t0."UpdatedAt", t0."UvMappingMode", t0."UvScale"
          FROM "PackTextureSets" AS p1
          INNER JOIN (
              SELECT t."Id", t."CreatedAt", t."DeletedAt", t."IsDeleted", t."Kind", t."Name", t."PngThumbnailPath", t."PreviewGeometryType", t."TextureSetCategoryId", t."ThumbnailPath", t."TilingScaleX", t."TilingScaleY", t."UpdatedAt", t."UvMappingMode", t."UvScale"
              FROM "TextureSets" AS t
              WHERE NOT (t."IsDeleted")
          ) AS t0 ON p1."TextureSetsId" = t0."Id"
      ) AS s5 ON s3."Id" = s5."PacksId"
      LEFT JOIN (
          SELECT p2."PacksId", p2."SpritesId", s0."Id", s0."CreatedAt", s0."DeletedAt", s0."FileId", s0."IsDeleted", s0."Name", s0."SpriteCategoryId", s0."SpriteType", s0."ThumbnailId", s0."UpdatedAt"
          FROM "PackSprites" AS p2
          INNER JOIN (
              SELECT s."Id", s."CreatedAt", s."DeletedAt", s."FileId", s."IsDeleted", s."Name", s."SpriteCategoryId", s."SpriteType", s."ThumbnailId", s."UpdatedAt"
              FROM "Sprites" AS s
              WHERE NOT (s."IsDeleted")
          ) AS s0 ON p2."SpritesId" = s0."Id"
      ) AS s6 ON s3."Id" = s6."PacksId"
      LEFT JOIN (
          SELECT p3."PacksId", p3."SoundsId", s2."Id", s2."CreatedAt", s2."DeletedAt", s2."Duration", s2."FileId", s2."IsDeleted", s2."Name", s2."Peaks", s2."SoundCategoryId", s2."UpdatedAt"
          FROM "PackSounds" AS p3
          INNER JOIN (
              SELECT s1."Id", s1."CreatedAt", s1."DeletedAt", s1."Duration", s1."FileId", s1."IsDeleted", s1."Name", s1."Peaks", s1."SoundCategoryId", s1."UpdatedAt"
              FROM "Sounds" AS s1
              WHERE NOT (s1."IsDeleted")
          ) AS s2 ON p3."SoundsId" = s2."Id"
      ) AS s7 ON s3."Id" = s7."PacksId"
      LEFT JOIN (
          SELECT p4."EnvironmentMapsId", p4."PacksId", e0."Id", e0."CreatedAt", e0."CustomThumbnailFileId", e0."DeletedAt", e0."EnvironmentMapCategoryId", e0."IsDeleted", e0."Name", e0."PreviewVariantId", e0."UpdatedAt"
          FROM "PackEnvironmentMaps" AS p4
          INNER JOIN (
              SELECT e."Id", e."CreatedAt", e."CustomThumbnailFileId", e."DeletedAt", e."EnvironmentMapCategoryId", e."IsDeleted", e."Name", e."PreviewVariantId", e."UpdatedAt"
              FROM "EnvironmentMaps" AS e
              WHERE NOT (e."IsDeleted")
          ) AS e0 ON p4."EnvironmentMapsId" = e0."Id"
      ) AS s8 ON s3."Id" = s8."PacksId"
      ORDER BY s3."Id", s3."Id0", s4."ModelsId", s4."PacksId", s4."Id", s5."PacksId", s5."TextureSetsId", s5."Id", s6."PacksId", s6."SpritesId", s6."Id", s7."PacksId", s7."SoundsId", s7."Id", s8."EnvironmentMapsId", s8."PacksId"
info: Microsoft.EntityFrameworkCore.Database.Command[20101]
      Executed DbCommand (11ms) [Parameters=[@__name_0='?'], CommandType='Text', CommandTimeout='30']
      SELECT s3."Id", s3."CreatedAt", s3."CustomThumbnailFileId", s3."Description", s3."LicenseType", s3."Name", s3."UpdatedAt", s3."Url", s3."Id0", s4."ModelsId", s4."PacksId", s4."Id", s4."ActiveVersionId", s4."CreatedAt", s4."DeletedAt", s4."Description", s4."FileId", s4."IsDeleted", s4."ModelCategoryId", s4."Name", s4."UpdatedAt", s5."PacksId", s5."TextureSetsId", s5."Id", s5."CreatedAt", s5."DeletedAt", s5."IsDeleted", s5."Kind", s5."Name", s5."PngThumbnailPath", s5."PreviewGeometryType", s5."TextureSetCategoryId", s5."ThumbnailPath", s5."TilingScaleX", s5."TilingScaleY", s5."UpdatedAt", s5."UvMappingMode", s5."UvScale", s6."PacksId", s6."SpritesId", s6."Id", s6."CreatedAt", s6."DeletedAt", s6."FileId", s6."IsDeleted", s6."Name", s6."SpriteCategoryId", s6."SpriteType", s6."ThumbnailId", s6."UpdatedAt", s7."PacksId", s7."SoundsId", s7."Id", s7."CreatedAt", s7."DeletedAt", s7."Duration", s7."FileId", s7."IsDeleted", s7."Name", s7."Peaks", s7."SoundCategoryId", s7."UpdatedAt", s8."EnvironmentMapsId", s8."PacksId", s8."Id", s8."CreatedAt", s8."CustomThumbnailFileId", s8."DeletedAt", s8."EnvironmentMapCategoryId", s8."IsDeleted", s8."Name", s8."PreviewVariantId", s8."UpdatedAt", s3."CreatedAt0", s3."DeletedAt", s3."FilePath", s3."FileType", s3."IsDeleted", s3."MimeType", s3."ModelVersionId", s3."OriginalFileName", s3."Sha256Hash", s3."SizeBytes", s3."StoredFileName", s3."UpdatedAt0"
      FROM (
          SELECT p."Id", p."CreatedAt", p."CustomThumbnailFileId", p."Description", p."LicenseType", p."Name", p."UpdatedAt", p."Url", f0."Id" AS "Id0", f0."CreatedAt" AS "CreatedAt0", f0."DeletedAt", f0."FilePath", f0."FileType", f0."IsDeleted", f0."MimeType", f0."ModelVersionId", f0."OriginalFileName", f0."Sha256Hash", f0."SizeBytes", f0."StoredFileName", f0."UpdatedAt" AS "UpdatedAt0"
          FROM "Packs" AS p
          LEFT JOIN (
              SELECT f."Id", f."CreatedAt", f."DeletedAt", f."FilePath", f."FileType", f."IsDeleted", f."MimeType", f."ModelVersionId", f."OriginalFileName", f."Sha256Hash", f."SizeBytes", f."StoredFileName", f."UpdatedAt"
              FROM "Files" AS f
              WHERE NOT (f."IsDeleted")
          ) AS f0 ON p."CustomThumbnailFileId" = f0."Id"
          WHERE p."Name" = @__name_0
          LIMIT 1
      ) AS s3
      LEFT JOIN (
          SELECT p0."ModelsId", p0."PacksId", m0."Id", m0."ActiveVersionId", m0."CreatedAt", m0."DeletedAt", m0."Description", m0."FileId", m0."IsDeleted", m0."ModelCategoryId", m0."Name", m0."UpdatedAt"
          FROM "PackModels" AS p0
          INNER JOIN (
              SELECT m."Id", m."ActiveVersionId", m."CreatedAt", m."DeletedAt", m."Description", m."FileId", m."IsDeleted", m."ModelCategoryId", m."Name", m."UpdatedAt"
              FROM "Models" AS m
              WHERE NOT (m."IsDeleted")
          ) AS m0 ON p0."ModelsId" = m0."Id"
      ) AS s4 ON s3."Id" = s4."PacksId"
      LEFT JOIN (
          SELECT p1."PacksId", p1."TextureSetsId", t0."Id", t0."CreatedAt", t0."DeletedAt", t0."IsDeleted", t0."Kind", t0."Name", t0."PngThumbnailPath", t0."PreviewGeometryType", t0."TextureSetCategoryId", t0."ThumbnailPath", t0."TilingScaleX", t0."TilingScaleY", t0."UpdatedAt", t0."UvMappingMode", t0."UvScale"
          FROM "PackTextureSets" AS p1
          INNER JOIN (
              SELECT t."Id", t."CreatedAt", t."DeletedAt", t."IsDeleted", t."Kind", t."Name", t."PngThumbnailPath", t."PreviewGeometryType", t."TextureSetCategoryId", t."ThumbnailPath", t."TilingScaleX", t."TilingScaleY", t."UpdatedAt", t."UvMappingMode", t."UvScale"
              FROM "TextureSets" AS t
              WHERE NOT (t."IsDeleted")
          ) AS t0 ON p1."TextureSetsId" = t0."Id"
      ) AS s5 ON s3."Id" = s5."PacksId"
      LEFT JOIN (
          SELECT p2."PacksId", p2."SpritesId", s0."Id", s0."CreatedAt", s0."DeletedAt", s0."FileId", s0."IsDeleted", s0."Name", s0."SpriteCategoryId", s0."SpriteType", s0."ThumbnailId", s0."UpdatedAt"
          FROM "PackSprites" AS p2
          INNER JOIN (
              SELECT s."Id", s."CreatedAt", s."DeletedAt", s."FileId", s."IsDeleted", s."Name", s."SpriteCategoryId", s."SpriteType", s."ThumbnailId", s."UpdatedAt"
              FROM "Sprites" AS s
              WHERE NOT (s."IsDeleted")
          ) AS s0 ON p2."SpritesId" = s0."Id"
      ) AS s6 ON s3."Id" = s6."PacksId"
      LEFT JOIN (
          SELECT p3."PacksId", p3."SoundsId", s2."Id", s2."CreatedAt", s2."DeletedAt", s2."Duration", s2."FileId", s2."IsDeleted", s2."Name", s2."Peaks", s2."SoundCategoryId", s2."UpdatedAt"
          FROM "PackSounds" AS p3
          INNER JOIN (
              SELECT s1."Id", s1."CreatedAt", s1."DeletedAt", s1."Duration", s1."FileId", s1."IsDeleted", s1."Name", s1."Peaks", s1."SoundCategoryId", s1."UpdatedAt"
              FROM "Sounds" AS s1
              WHERE NOT (s1."IsDeleted")
          ) AS s2 ON p3."SoundsId" = s2."Id"
      ) AS s7 ON s3."Id" = s7."PacksId"
      LEFT JOIN (
          SELECT p4."EnvironmentMapsId", p4."PacksId", e0."Id", e0."CreatedAt", e0."CustomThumbnailFileId", e0."DeletedAt", e0."EnvironmentMapCategoryId", e0."IsDeleted", e0."Name", e0."PreviewVariantId", e0."UpdatedAt"
          FROM "PackEnvironmentMaps" AS p4
          INNER JOIN (
              SELECT e."Id", e."CreatedAt", e."CustomThumbnailFileId", e."DeletedAt", e."EnvironmentMapCategoryId", e."IsDeleted", e."Name", e."PreviewVariantId", e."UpdatedAt"
              FROM "EnvironmentMaps" AS e
              WHERE NOT (e."IsDeleted")
          ) AS e0 ON p4."EnvironmentMapsId" = e0."Id"
      ) AS s8 ON s3."Id" = s8."PacksId"
      ORDER BY s3."Id", s3."Id0", s4."ModelsId", s4."PacksId", s4."Id", s5."PacksId", s5."TextureSetsId", s5."Id", s6."PacksId", s6."SpritesId", s6."Id", s7."PacksId", s7."SoundsId", s7."Id", s8."EnvironmentMapsId", s8."PacksId"
info: Microsoft.EntityFrameworkCore.Database.Command[20101]
      Executed DbCommand (12ms) [Parameters=[@__name_0='?'], CommandType='Text', CommandTimeout='30']
      SELECT s3."Id", s3."CreatedAt", s3."CustomThumbnailFileId", s3."Description", s3."LicenseType", s3."Name", s3."UpdatedAt", s3."Url", s3."Id0", s4."ModelsId", s4."PacksId", s4."Id", s4."ActiveVersionId", s4."CreatedAt", s4."DeletedAt", s4."Description", s4."FileId", s4."IsDeleted", s4."ModelCategoryId", s4."Name", s4."UpdatedAt", s5."PacksId", s5."TextureSetsId", s5."Id", s5."CreatedAt", s5."DeletedAt", s5."IsDeleted", s5."Kind", s5."Name", s5."PngThumbnailPath", s5."PreviewGeometryType", s5."TextureSetCategoryId", s5."ThumbnailPath", s5."TilingScaleX", s5."TilingScaleY", s5."UpdatedAt", s5."UvMappingMode", s5."UvScale", s6."PacksId", s6."SpritesId", s6."Id", s6."CreatedAt", s6."DeletedAt", s6."FileId", s6."IsDeleted", s6."Name", s6."SpriteCategoryId", s6."SpriteType", s6."ThumbnailId", s6."UpdatedAt", s7."PacksId", s7."SoundsId", s7."Id", s7."CreatedAt", s7."DeletedAt", s7."Duration", s7."FileId", s7."IsDeleted", s7."Name", s7."Peaks", s7."SoundCategoryId", s7."UpdatedAt", s8."EnvironmentMapsId", s8."PacksId", s8."Id", s8."CreatedAt", s8."CustomThumbnailFileId", s8."DeletedAt", s8."EnvironmentMapCategoryId", s8."IsDeleted", s8."Name", s8."PreviewVariantId", s8."UpdatedAt", s3."CreatedAt0", s3."DeletedAt", s3."FilePath", s3."FileType", s3."IsDeleted", s3."MimeType", s3."ModelVersionId", s3."OriginalFileName", s3."Sha256Hash", s3."SizeBytes", s3."StoredFileName", s3."UpdatedAt0"
      FROM (
          SELECT p."Id", p."CreatedAt", p."CustomThumbnailFileId", p."Description", p."LicenseType", p."Name", p."UpdatedAt", p."Url", f0."Id" AS "Id0", f0."CreatedAt" AS "CreatedAt0", f0."DeletedAt", f0."FilePath", f0."FileType", f0."IsDeleted", f0."MimeType", f0."ModelVersionId", f0."OriginalFileName", f0."Sha256Hash", f0."SizeBytes", f0."StoredFileName", f0."UpdatedAt" AS "UpdatedAt0"
          FROM "Packs" AS p
          LEFT JOIN (
              SELECT f."Id", f."CreatedAt", f."DeletedAt", f."FilePath", f."FileType", f."IsDeleted", f."MimeType", f."ModelVersionId", f."OriginalFileName", f."Sha256Hash", f."SizeBytes", f."StoredFileName", f."UpdatedAt"
              FROM "Files" AS f
              WHERE NOT (f."IsDeleted")
          ) AS f0 ON p."CustomThumbnailFileId" = f0."Id"
          WHERE p."Name" = @__name_0
          LIMIT 1
      ) AS s3
      LEFT JOIN (
          SELECT p0."ModelsId", p0."PacksId", m0."Id", m0."ActiveVersionId", m0."CreatedAt", m0."DeletedAt", m0."Description", m0."FileId", m0."IsDeleted", m0."ModelCategoryId", m0."Name", m0."UpdatedAt"
          FROM "PackModels" AS p0
          INNER JOIN (
              SELECT m."Id", m."ActiveVersionId", m."CreatedAt", m."DeletedAt", m."Description", m."FileId", m."IsDeleted", m."ModelCategoryId", m."Name", m."UpdatedAt"
              FROM "Models" AS m
              WHERE NOT (m."IsDeleted")
          ) AS m0 ON p0."ModelsId" = m0."Id"
      ) AS s4 ON s3."Id" = s4."PacksId"
      LEFT JOIN (
          SELECT p1."PacksId", p1."TextureSetsId", t0."Id", t0."CreatedAt", t0."DeletedAt", t0."IsDeleted", t0."Kind", t0."Name", t0."PngThumbnailPath", t0."PreviewGeometryType", t0."TextureSetCategoryId", t0."ThumbnailPath", t0."TilingScaleX", t0."TilingScaleY", t0."UpdatedAt", t0."UvMappingMode", t0."UvScale"
          FROM "PackTextureSets" AS p1
          INNER JOIN (
              SELECT t."Id", t."CreatedAt", t."DeletedAt", t."IsDeleted", t."Kind", t."Name", t."PngThumbnailPath", t."PreviewGeometryType", t."TextureSetCategoryId", t."ThumbnailPath", t."TilingScaleX", t."TilingScaleY", t."UpdatedAt", t."UvMappingMode", t."UvScale"
              FROM "TextureSets" AS t
              WHERE NOT (t."IsDeleted")
          ) AS t0 ON p1."TextureSetsId" = t0."Id"
      ) AS s5 ON s3."Id" = s5."PacksId"
      LEFT JOIN (
          SELECT p2."PacksId", p2."SpritesId", s0."Id", s0."CreatedAt", s0."DeletedAt", s0."FileId", s0."IsDeleted", s0."Name", s0."SpriteCategoryId", s0."SpriteType", s0."ThumbnailId", s0."UpdatedAt"
          FROM "PackSprites" AS p2
          INNER JOIN (
              SELECT s."Id", s."CreatedAt", s."DeletedAt", s."FileId", s."IsDeleted", s."Name", s."SpriteCategoryId", s."SpriteType", s."ThumbnailId", s."UpdatedAt"
              FROM "Sprites" AS s
              WHERE NOT (s."IsDeleted")
          ) AS s0 ON p2."SpritesId" = s0."Id"
      ) AS s6 ON s3."Id" = s6."PacksId"
      LEFT JOIN (
          SELECT p3."PacksId", p3."SoundsId", s2."Id", s2."CreatedAt", s2."DeletedAt", s2."Duration", s2."FileId", s2."IsDeleted", s2."Name", s2."Peaks", s2."SoundCategoryId", s2."UpdatedAt"
          FROM "PackSounds" AS p3
          INNER JOIN (
              SELECT s1."Id", s1."CreatedAt", s1."DeletedAt", s1."Duration", s1."FileId", s1."IsDeleted", s1."Name", s1."Peaks", s1."SoundCategoryId", s1."UpdatedAt"
              FROM "Sounds" AS s1
              WHERE NOT (s1."IsDeleted")
          ) AS s2 ON p3."SoundsId" = s2."Id"
      ) AS s7 ON s3."Id" = s7."PacksId"
      LEFT JOIN (
          SELECT p4."EnvironmentMapsId", p4."PacksId", e0."Id", e0."CreatedAt", e0."CustomThumbnailFileId", e0."DeletedAt", e0."EnvironmentMapCategoryId", e0."IsDeleted", e0."Name", e0."PreviewVariantId", e0."UpdatedAt"
          FROM "PackEnvironmentMaps" AS p4
          INNER JOIN (
              SELECT e."Id", e."CreatedAt", e."CustomThumbnailFileId", e."DeletedAt", e."EnvironmentMapCategoryId", e."IsDeleted", e."Name", e."PreviewVariantId", e."UpdatedAt"
              FROM "EnvironmentMaps" AS e
              WHERE NOT (e."IsDeleted")
          ) AS e0 ON p4."EnvironmentMapsId" = e0."Id"
      ) AS s8 ON s3."Id" = s8."PacksId"
      ORDER BY s3."Id", s3."Id0", s4."ModelsId", s4."PacksId", s4."Id", s5."PacksId", s5."TextureSetsId", s5."Id", s6."PacksId", s6."SpritesId", s6."Id", s7."PacksId", s7."SoundsId", s7."Id", s8."EnvironmentMapsId", s8."PacksId"
info: Microsoft.EntityFrameworkCore.Database.Command[20101]
      Executed DbCommand (12ms) [Parameters=[@__name_0='?'], CommandType='Text', CommandTimeout='30']
      SELECT s3."Id", s3."CreatedAt", s3."CustomThumbnailFileId", s3."Description", s3."LicenseType", s3."Name", s3."UpdatedAt", s3."Url", s3."Id0", s4."ModelsId", s4."PacksId", s4."Id", s4."ActiveVersionId", s4."CreatedAt", s4."DeletedAt", s4."Description", s4."FileId", s4."IsDeleted", s4."ModelCategoryId", s4."Name", s4."UpdatedAt", s5."PacksId", s5."TextureSetsId", s5."Id", s5."CreatedAt", s5."DeletedAt", s5."IsDeleted", s5."Kind", s5."Name", s5."PngThumbnailPath", s5."PreviewGeometryType", s5."TextureSetCategoryId", s5."ThumbnailPath", s5."TilingScaleX", s5."TilingScaleY", s5."UpdatedAt", s5."UvMappingMode", s5."UvScale", s6."PacksId", s6."SpritesId", s6."Id", s6."CreatedAt", s6."DeletedAt", s6."FileId", s6."IsDeleted", s6."Name", s6."SpriteCategoryId", s6."SpriteType", s6."ThumbnailId", s6."UpdatedAt", s7."PacksId", s7."SoundsId", s7."Id", s7."CreatedAt", s7."DeletedAt", s7."Duration", s7."FileId", s7."IsDeleted", s7."Name", s7."Peaks", s7."SoundCategoryId", s7."UpdatedAt", s8."EnvironmentMapsId", s8."PacksId", s8."Id", s8."CreatedAt", s8."CustomThumbnailFileId", s8."DeletedAt", s8."EnvironmentMapCategoryId", s8."IsDeleted", s8."Name", s8."PreviewVariantId", s8."UpdatedAt", s3."CreatedAt0", s3."DeletedAt", s3."FilePath", s3."FileType", s3."IsDeleted", s3."MimeType", s3."ModelVersionId", s3."OriginalFileName", s3."Sha256Hash", s3."SizeBytes", s3."StoredFileName", s3."UpdatedAt0"
      FROM (
          SELECT p."Id", p."CreatedAt", p."CustomThumbnailFileId", p."Description", p."LicenseType", p."Name", p."UpdatedAt", p."Url", f0."Id" AS "Id0", f0."CreatedAt" AS "CreatedAt0", f0."DeletedAt", f0."FilePath", f0."FileType", f0."IsDeleted", f0."MimeType", f0."ModelVersionId", f0."OriginalFileName", f0."Sha256Hash", f0."SizeBytes", f0."StoredFileName", f0."UpdatedAt" AS "UpdatedAt0"
          FROM "Packs" AS p
          LEFT JOIN (
              SELECT f."Id", f."CreatedAt", f."DeletedAt", f."FilePath", f."FileType", f."IsDeleted", f."MimeType", f."ModelVersionId", f."OriginalFileName", f."Sha256Hash", f."SizeBytes", f."StoredFileName", f."UpdatedAt"
              FROM "Files" AS f
              WHERE NOT (f."IsDeleted")
          ) AS f0 ON p."CustomThumbnailFileId" = f0."Id"
          WHERE p."Name" = @__name_0
          LIMIT 1
      ) AS s3
      LEFT JOIN (
          SELECT p0."ModelsId", p0."PacksId", m0."Id", m0."ActiveVersionId", m0."CreatedAt", m0."DeletedAt", m0."Description", m0."FileId", m0."IsDeleted", m0."ModelCategoryId", m0."Name", m0."UpdatedAt"
          FROM "PackModels" AS p0
          INNER JOIN (
              SELECT m."Id", m."ActiveVersionId", m."CreatedAt", m."DeletedAt", m."Description", m."FileId", m."IsDeleted", m."ModelCategoryId", m."Name", m."UpdatedAt"
              FROM "Models" AS m
              WHERE NOT (m."IsDeleted")
          ) AS m0 ON p0."ModelsId" = m0."Id"
      ) AS s4 ON s3."Id" = s4."PacksId"
      LEFT JOIN (
          SELECT p1."PacksId", p1."TextureSetsId", t0."Id", t0."CreatedAt", t0."DeletedAt", t0."IsDeleted", t0."Kind", t0."Name", t0."PngThumbnailPath", t0."PreviewGeometryType", t0."TextureSetCategoryId", t0."ThumbnailPath", t0."TilingScaleX", t0."TilingScaleY", t0."UpdatedAt", t0."UvMappingMode", t0."UvScale"
          FROM "PackTextureSets" AS p1
          INNER JOIN (
              SELECT t."Id", t."CreatedAt", t."DeletedAt", t."IsDeleted", t."Kind", t."Name", t."PngThumbnailPath", t."PreviewGeometryType", t."TextureSetCategoryId", t."ThumbnailPath", t."TilingScaleX", t."TilingScaleY", t."UpdatedAt", t."UvMappingMode", t."UvScale"
              FROM "TextureSets" AS t
              WHERE NOT (t."IsDeleted")
          ) AS t0 ON p1."TextureSetsId" = t0."Id"
      ) AS s5 ON s3."Id" = s5."PacksId"
      LEFT JOIN (
          SELECT p2."PacksId", p2."SpritesId", s0."Id", s0."CreatedAt", s0."DeletedAt", s0."FileId", s0."IsDeleted", s0."Name", s0."SpriteCategoryId", s0."SpriteType", s0."ThumbnailId", s0."UpdatedAt"
          FROM "PackSprites" AS p2
          INNER JOIN (
              SELECT s."Id", s."CreatedAt", s."DeletedAt", s."FileId", s."IsDeleted", s."Name", s."SpriteCategoryId", s."SpriteType", s."ThumbnailId", s."UpdatedAt"
              FROM "Sprites" AS s
              WHERE NOT (s."IsDeleted")
          ) AS s0 ON p2."SpritesId" = s0."Id"
      ) AS s6 ON s3."Id" = s6."PacksId"
      LEFT JOIN (
          SELECT p3."PacksId", p3."SoundsId", s2."Id", s2."CreatedAt", s2."DeletedAt", s2."Duration", s2."FileId", s2."IsDeleted", s2."Name", s2."Peaks", s2."SoundCategoryId", s2."UpdatedAt"
          FROM "PackSounds" AS p3
          INNER JOIN (
              SELECT s1."Id", s1."CreatedAt", s1."DeletedAt", s1."Duration", s1."FileId", s1."IsDeleted", s1."Name", s1."Peaks", s1."SoundCategoryId", s1."UpdatedAt"
              FROM "Sounds" AS s1
              WHERE NOT (s1."IsDeleted")
          ) AS s2 ON p3."SoundsId" = s2."Id"
      ) AS s7 ON s3."Id" = s7."PacksId"
      LEFT JOIN (
          SELECT p4."EnvironmentMapsId", p4."PacksId", e0."Id", e0."CreatedAt", e0."CustomThumbnailFileId", e0."DeletedAt", e0."EnvironmentMapCategoryId", e0."IsDeleted", e0."Name", e0."PreviewVariantId", e0."UpdatedAt"
          FROM "PackEnvironmentMaps" AS p4
          INNER JOIN (
              SELECT e."Id", e."CreatedAt", e."CustomThumbnailFileId", e."DeletedAt", e."EnvironmentMapCategoryId", e."IsDeleted", e."Name", e."PreviewVariantId", e."UpdatedAt"
              FROM "EnvironmentMaps" AS e
              WHERE NOT (e."IsDeleted")
          ) AS e0 ON p4."EnvironmentMapsId" = e0."Id"
      ) AS s8 ON s3."Id" = s8."PacksId"
      ORDER BY s3."Id", s3."Id0", s4."ModelsId", s4."PacksId", s4."Id", s5."PacksId", s5."TextureSetsId", s5."Id", s6."PacksId", s6."SpritesId", s6."Id", s7."PacksId", s7."SoundsId", s7."Id", s8."EnvironmentMapsId", s8."PacksId"
info: Microsoft.EntityFrameworkCore.Database.Command[20101]
      Executed DbCommand (17ms) [Parameters=[@__name_0='?'], CommandType='Text', CommandTimeout='30']
      SELECT s3."Id", s3."CreatedAt", s3."CustomThumbnailFileId", s3."Description", s3."LicenseType", s3."Name", s3."UpdatedAt", s3."Url", s3."Id0", s4."ModelsId", s4."PacksId", s4."Id", s4."ActiveVersionId", s4."CreatedAt", s4."DeletedAt", s4."Description", s4."FileId", s4."IsDeleted", s4."ModelCategoryId", s4."Name", s4."UpdatedAt", s5."PacksId", s5."TextureSetsId", s5."Id", s5."CreatedAt", s5."DeletedAt", s5."IsDeleted", s5."Kind", s5."Name", s5."PngThumbnailPath", s5."PreviewGeometryType", s5."TextureSetCategoryId", s5."ThumbnailPath", s5."TilingScaleX", s5."TilingScaleY", s5."UpdatedAt", s5."UvMappingMode", s5."UvScale", s6."PacksId", s6."SpritesId", s6."Id", s6."CreatedAt", s6."DeletedAt", s6."FileId", s6."IsDeleted", s6."Name", s6."SpriteCategoryId", s6."SpriteType", s6."ThumbnailId", s6."UpdatedAt", s7."PacksId", s7."SoundsId", s7."Id", s7."CreatedAt", s7."DeletedAt", s7."Duration", s7."FileId", s7."IsDeleted", s7."Name", s7."Peaks", s7."SoundCategoryId", s7."UpdatedAt", s8."EnvironmentMapsId", s8."PacksId", s8."Id", s8."CreatedAt", s8."CustomThumbnailFileId", s8."DeletedAt", s8."EnvironmentMapCategoryId", s8."IsDeleted", s8."Name", s8."PreviewVariantId", s8."UpdatedAt", s3."CreatedAt0", s3."DeletedAt", s3."FilePath", s3."FileType", s3."IsDeleted", s3."MimeType", s3."ModelVersionId", s3."OriginalFileName", s3."Sha256Hash", s3."SizeBytes", s3."StoredFileName", s3."UpdatedAt0"
      FROM (
          SELECT p."Id", p."CreatedAt", p."CustomThumbnailFileId", p."Description", p."LicenseType", p."Name", p."UpdatedAt", p."Url", f0."Id" AS "Id0", f0."CreatedAt" AS "CreatedAt0", f0."DeletedAt", f0."FilePath", f0."FileType", f0."IsDeleted", f0."MimeType", f0."ModelVersionId", f0."OriginalFileName", f0."Sha256Hash", f0."SizeBytes", f0."StoredFileName", f0."UpdatedAt" AS "UpdatedAt0"
          FROM "Packs" AS p
          LEFT JOIN (
              SELECT f."Id", f."CreatedAt", f."DeletedAt", f."FilePath", f."FileType", f."IsDeleted", f."MimeType", f."ModelVersionId", f."OriginalFileName", f."Sha256Hash", f."SizeBytes", f."StoredFileName", f."UpdatedAt"
              FROM "Files" AS f
              WHERE NOT (f."IsDeleted")
          ) AS f0 ON p."CustomThumbnailFileId" = f0."Id"
          WHERE p."Name" = @__name_0
          LIMIT 1
      ) AS s3
      LEFT JOIN (
          SELECT p0."ModelsId", p0."PacksId", m0."Id", m0."ActiveVersionId", m0."CreatedAt", m0."DeletedAt", m0."Description", m0."FileId", m0."IsDeleted", m0."ModelCategoryId", m0."Name", m0."UpdatedAt"
          FROM "PackModels" AS p0
          INNER JOIN (
              SELECT m."Id", m."ActiveVersionId", m."CreatedAt", m."DeletedAt", m."Description", m."FileId", m."IsDeleted", m."ModelCategoryId", m."Name", m."UpdatedAt"
              FROM "Models" AS m
              WHERE NOT (m."IsDeleted")
          ) AS m0 ON p0."ModelsId" = m0."Id"
      ) AS s4 ON s3."Id" = s4."PacksId"
      LEFT JOIN (
          SELECT p1."PacksId", p1."TextureSetsId", t0."Id", t0."CreatedAt", t0."DeletedAt", t0."IsDeleted", t0."Kind", t0."Name", t0."PngThumbnailPath", t0."PreviewGeometryType", t0."TextureSetCategoryId", t0."ThumbnailPath", t0."TilingScaleX", t0."TilingScaleY", t0."UpdatedAt", t0."UvMappingMode", t0."UvScale"
          FROM "PackTextureSets" AS p1
          INNER JOIN (
              SELECT t."Id", t."CreatedAt", t."DeletedAt", t."IsDeleted", t."Kind", t."Name", t."PngThumbnailPath", t."PreviewGeometryType", t."TextureSetCategoryId", t."ThumbnailPath", t."TilingScaleX", t."TilingScaleY", t."UpdatedAt", t."UvMappingMode", t."UvScale"
              FROM "TextureSets" AS t
              WHERE NOT (t."IsDeleted")
          ) AS t0 ON p1."TextureSetsId" = t0."Id"
      ) AS s5 ON s3."Id" = s5."PacksId"
      LEFT JOIN (
          SELECT p2."PacksId", p2."SpritesId", s0."Id", s0."CreatedAt", s0."DeletedAt", s0."FileId", s0."IsDeleted", s0."Name", s0."SpriteCategoryId", s0."SpriteType", s0."ThumbnailId", s0."UpdatedAt"
          FROM "PackSprites" AS p2
          INNER JOIN (
              SELECT s."Id", s."CreatedAt", s."DeletedAt", s."FileId", s."IsDeleted", s."Name", s."SpriteCategoryId", s."SpriteType", s."ThumbnailId", s."UpdatedAt"
              FROM "Sprites" AS s
              WHERE NOT (s."IsDeleted")
          ) AS s0 ON p2."SpritesId" = s0."Id"
      ) AS s6 ON s3."Id" = s6."PacksId"
      LEFT JOIN (
          SELECT p3."PacksId", p3."SoundsId", s2."Id", s2."CreatedAt", s2."DeletedAt", s2."Duration", s2."FileId", s2."IsDeleted", s2."Name", s2."Peaks", s2."SoundCategoryId", s2."UpdatedAt"
          FROM "PackSounds" AS p3
          INNER JOIN (
              SELECT s1."Id", s1."CreatedAt", s1."DeletedAt", s1."Duration", s1."FileId", s1."IsDeleted", s1."Name", s1."Peaks", s1."SoundCategoryId", s1."UpdatedAt"
              FROM "Sounds" AS s1
              WHERE NOT (s1."IsDeleted")
          ) AS s2 ON p3."SoundsId" = s2."Id"
      ) AS s7 ON s3."Id" = s7."PacksId"
      LEFT JOIN (
          SELECT p4."EnvironmentMapsId", p4."PacksId", e0."Id", e0."CreatedAt", e0."CustomThumbnailFileId", e0."DeletedAt", e0."EnvironmentMapCategoryId", e0."IsDeleted", e0."Name", e0."PreviewVariantId", e0."UpdatedAt"
          FROM "PackEnvironmentMaps" AS p4
          INNER JOIN (
              SELECT e."Id", e."CreatedAt", e."CustomThumbnailFileId", e."DeletedAt", e."EnvironmentMapCategoryId", e."IsDeleted", e."Name", e."PreviewVariantId", e."UpdatedAt"
              FROM "EnvironmentMaps" AS e
              WHERE NOT (e."IsDeleted")
          ) AS e0 ON p4."EnvironmentMapsId" = e0."Id"
      ) AS s8 ON s3."Id" = s8."PacksId"
      ORDER BY s3."Id", s3."Id0", s4."ModelsId", s4."PacksId", s4."Id", s5."PacksId", s5."TextureSetsId", s5."Id", s6."PacksId", s6."SpritesId", s6."Id", s7."PacksId", s7."SoundsId", s7."Id", s8."EnvironmentMapsId", s8."PacksId"
info: Microsoft.EntityFrameworkCore.Database.Command[20101]
      Executed DbCommand (5ms) [Parameters=[@p0='?' (DbType = DateTime), @p1='?' (DbType = Int32), @p2='?', @p3='?', @p4='?', @p5='?' (DbType = DateTime), @p6='?'], CommandType='Text', CommandTimeout='30']
      INSERT INTO "Packs" ("CreatedAt", "CustomThumbnailFileId", "Description", "LicenseType", "Name", "UpdatedAt", "Url")
      VALUES (@p0, @p1, @p2, @p3, @p4, @p5, @p6)
      RETURNING "Id";
info: Microsoft.EntityFrameworkCore.Database.Command[20101]
      Executed DbCommand (6ms) [Parameters=[@p0='?' (DbType = DateTime), @p1='?' (DbType = Int32), @p2='?', @p3='?', @p4='?', @p5='?' (DbType = DateTime), @p6='?'], CommandType='Text', CommandTimeout='30']
      INSERT INTO "Packs" ("CreatedAt", "CustomThumbnailFileId", "Description", "LicenseType", "Name", "UpdatedAt", "Url")
      VALUES (@p0, @p1, @p2, @p3, @p4, @p5, @p6)
      RETURNING "Id";
info: Microsoft.EntityFrameworkCore.Database.Command[20101]
      Executed DbCommand (6ms) [Parameters=[@p0='?' (DbType = DateTime), @p1='?' (DbType = Int32), @p2='?', @p3='?', @p4='?', @p5='?' (DbType = DateTime), @p6='?'], CommandType='Text', CommandTimeout='30']
      INSERT INTO "Packs" ("CreatedAt", "CustomThumbnailFileId", "Description", "LicenseType", "Name", "UpdatedAt", "Url")
      VALUES (@p0, @p1, @p2, @p3, @p4, @p5, @p6)
      RETURNING "Id";
info: Microsoft.EntityFrameworkCore.Database.Command[20101]
      Executed DbCommand (6ms) [Parameters=[@p0='?' (DbType = DateTime), @p1='?' (DbType = Int32), @p2='?', @p3='?', @p4='?', @p5='?' (DbType = DateTime), @p6='?'], CommandType='Text', CommandTimeout='30']
      INSERT INTO "Packs" ("CreatedAt", "CustomThumbnailFileId", "Description", "LicenseType", "Name", "UpdatedAt", "Url")
      VALUES (@p0, @p1, @p2, @p3, @p4, @p5, @p6)
      RETURNING "Id";
info: Microsoft.EntityFrameworkCore.Database.Command[20101]
      Executed DbCommand (6ms) [Parameters=[@p0='?' (DbType = DateTime), @p1='?' (DbType = Int32), @p2='?', @p3='?', @p4='?', @p5='?' (DbType = DateTime), @p6='?'], CommandType='Text', CommandTimeout='30']
      INSERT INTO "Packs" ("CreatedAt", "CustomThumbnailFileId", "Description", "LicenseType", "Name", "UpdatedAt", "Url")
      VALUES (@p0, @p1, @p2, @p3, @p4, @p5, @p6)
      RETURNING "Id";
warn: Microsoft.EntityFrameworkCore.Query[10103]
      The query uses the 'First'/'FirstOrDefault' operator without 'OrderBy' and filter operators. This may lead to unpredictable results.
info: Microsoft.EntityFrameworkCore.Database.Command[20101]
      Executed DbCommand (1ms) [Parameters=[], CommandType='Text', CommandTimeout='30']
      SELECT a."Id", a."CleanRecycledFilesAfterDays", a."CreatedAt", a."GenerateAnimatedThumbnail", a."GenerateThumbnailOnUpload", a."MaxFileSizeBytes", a."MaxThumbnailSizeBytes", a."TextureProxySize", a."ThumbnailFrameCount", a."ThumbnailSize", a."UpdatedAt"
      FROM "ApplicationSettings" AS a
      LIMIT 1
info: Microsoft.EntityFrameworkCore.Database.Command[20101]
      Executed DbCommand (1ms) [Parameters=[], CommandType='Text', CommandTimeout='30']
      SELECT a."Id", a."CleanRecycledFilesAfterDays", a."CreatedAt", a."GenerateAnimatedThumbnail", a."GenerateThumbnailOnUpload", a."MaxFileSizeBytes", a."MaxThumbnailSizeBytes", a."TextureProxySize", a."ThumbnailFrameCount", a."ThumbnailSize", a."UpdatedAt"
      FROM "ApplicationSettings" AS a
      ORDER BY a."Id"
info: Microsoft.EntityFrameworkCore.Database.Command[20101]
      Executed DbCommand (2ms) [Parameters=[@p0='?' (DbType = Int32), @p1='?' (DbType = DateTime), @p2='?' (DbType = Boolean), @p3='?' (DbType = Boolean), @p4='?' (DbType = Int64), @p5='?' (DbType = Int64), @p6='?' (DbType = Int32), @p7='?' (DbType = Int32), @p8='?' (DbType = Int32), @p9='?' (DbType = DateTime)], CommandType='Text', CommandTimeout='30']
      INSERT INTO "ApplicationSettings" ("CleanRecycledFilesAfterDays", "CreatedAt", "GenerateAnimatedThumbnail", "GenerateThumbnailOnUpload", "MaxFileSizeBytes", "MaxThumbnailSizeBytes", "TextureProxySize", "ThumbnailFrameCount", "ThumbnailSize", "UpdatedAt")
      VALUES (@p0, @p1, @p2, @p3, @p4, @p5, @p6, @p7, @p8, @p9)
      RETURNING "Id";
info: Microsoft.EntityFrameworkCore.Database.Command[20101]
      Executed DbCommand (1ms) [Parameters=[@__sha256Hash_0='?'], CommandType='Text', CommandTimeout='30']
      SELECT f0."Id", f0."CreatedAt", f0."DeletedAt", f0."FilePath", f0."FileType", f0."IsDeleted", f0."MimeType", f0."ModelVersionId", f0."OriginalFileName", f0."Sha256Hash", f0."SizeBytes", f0."StoredFileName", f0."UpdatedAt", m0."Id", m0."ActiveVersionId", m0."CreatedAt", m0."DeletedAt", m0."Description", m0."FileId", m0."IsDeleted", m0."ModelCategoryId", m0."Name", m0."UpdatedAt"
      FROM (
          SELECT f."Id", f."CreatedAt", f."DeletedAt", f."FilePath", f."FileType", f."IsDeleted", f."MimeType", f."ModelVersionId", f."OriginalFileName", f."Sha256Hash", f."SizeBytes", f."StoredFileName", f."UpdatedAt"
          FROM "Files" AS f
          WHERE NOT (f."IsDeleted") AND f."Sha256Hash" = @__sha256Hash_0
          LIMIT 1
      ) AS f0
      LEFT JOIN (
          SELECT m."Id", m."ActiveVersionId", m."CreatedAt", m."DeletedAt", m."Description", m."FileId", m."IsDeleted", m."ModelCategoryId", m."Name", m."UpdatedAt"
          FROM "Models" AS m
          WHERE NOT (m."IsDeleted")
      ) AS m0 ON f0."Id" = m0."FileId"
      ORDER BY f0."Id"
info: Microsoft.EntityFrameworkCore.Database.Command[20101]
      Executed DbCommand (1ms) [Parameters=[@__sha256Hash_0='?'], CommandType='Text', CommandTimeout='30']
      SELECT f0."Id", f0."CreatedAt", f0."DeletedAt", f0."FilePath", f0."FileType", f0."IsDeleted", f0."MimeType", f0."ModelVersionId", f0."OriginalFileName", f0."Sha256Hash", f0."SizeBytes", f0."StoredFileName", f0."UpdatedAt", m."Id", m."ActiveVersionId", m."CreatedAt", m."DeletedAt", m."Description", m."FileId", m."IsDeleted", m."ModelCategoryId", m."Name", m."UpdatedAt"
      FROM (
          SELECT f."Id", f."CreatedAt", f."DeletedAt", f."FilePath", f."FileType", f."IsDeleted", f."MimeType", f."ModelVersionId", f."OriginalFileName", f."Sha256Hash", f."SizeBytes", f."StoredFileName", f."UpdatedAt"
          FROM "Files" AS f
          WHERE f."IsDeleted" AND f."Sha256Hash" = @__sha256Hash_0
          LIMIT 1
      ) AS f0
      LEFT JOIN "Models" AS m ON f0."Id" = m."FileId"
      ORDER BY f0."Id"
info: Microsoft.EntityFrameworkCore.Database.Command[20101]
      Executed DbCommand (4ms) [Parameters=[@__sha256Hash_0='?'], CommandType='Text', CommandTimeout='30']
      SELECT m."Id", m."ActiveVersionId", m."CreatedAt", m."DeletedAt", m."Description", m."FileId", m."IsDeleted", m."ModelCategoryId", m."Name", m."UpdatedAt", m1."Id", m3."Id", t."Id", m1."CreatedAt", m1."Description", m1."Name", m1."ParentId", m1."UpdatedAt", m3."CreatedAt", m3."DefaultTextureSetId", m3."DeletedAt", m3."Description", m3."IsDeleted", m3."MainVariantName", m3."MaterialCount", m3."MaterialNames", m3."MeshCount", m3."ModelId", m3."TechnicalDetailsUpdatedAt", m3."ThumbnailId", m3."TriangleCount", m3."UpdatedAt", m3."VariantNames", m3."VersionNumber", m3."VertexCount", t."CreatedAt", t."ErrorMessage", t."Height", t."ModelId", t."ModelVersionId", t."PngThumbnailPath", t."ProcessedAt", t."SizeBytes", t."Status", t."ThumbnailPath", t."UpdatedAt", t."Width"
      FROM "Models" AS m
      LEFT JOIN "ModelCategories" AS m1 ON m."ModelCategoryId" = m1."Id"
      LEFT JOIN (
          SELECT m2."Id", m2."CreatedAt", m2."DefaultTextureSetId", m2."DeletedAt", m2."Description", m2."IsDeleted", m2."MainVariantName", m2."MaterialCount", m2."MaterialNames", m2."MeshCount", m2."ModelId", m2."TechnicalDetailsUpdatedAt", m2."ThumbnailId", m2."TriangleCount", m2."UpdatedAt", m2."VariantNames", m2."VersionNumber", m2."VertexCount"
          FROM "ModelVersions" AS m2
          WHERE NOT (m2."IsDeleted")
      ) AS m3 ON m."ActiveVersionId" = m3."Id"
      LEFT JOIN "Thumbnails" AS t ON m3."ThumbnailId" = t."Id"
      WHERE NOT (m."IsDeleted") AND EXISTS (
          SELECT 1
          FROM "ModelVersions" AS m0
          WHERE NOT (m0."IsDeleted") AND m."Id" = m0."ModelId" AND EXISTS (
              SELECT 1
              FROM "Files" AS f
              WHERE NOT (f."IsDeleted") AND m0."Id" = f."ModelVersionId" AND f."Sha256Hash" = @__sha256Hash_0))
      ORDER BY m."Id", m1."Id", m3."Id", t."Id"
      LIMIT 1
info: Microsoft.EntityFrameworkCore.Database.Command[20101]
      Executed DbCommand (1ms) [Parameters=[@__name_0='?'], CommandType='Text', CommandTimeout='30']
      SELECT EXISTS (
          SELECT 1
          FROM "Models" AS m
          WHERE NOT (m."IsDeleted") AND m."Name" = @__name_0)
info: Microsoft.EntityFrameworkCore.Database.Command[20101]
      Executed DbCommand (2ms) [Parameters=[@p0='?' (DbType = Int32), @p1='?' (DbType = DateTime), @p2='?' (DbType = DateTime), @p3='?', @p4='?' (DbType = Int32), @p5='?' (DbType = Boolean), @p6='?' (DbType = Int32), @p7='?', @p8='?' (DbType = DateTime)], CommandType='Text', CommandTimeout='30']
      INSERT INTO "Models" ("ActiveVersionId", "CreatedAt", "DeletedAt", "Description", "FileId", "IsDeleted", "ModelCategoryId", "Name", "UpdatedAt")
      VALUES (@p0, @p1, @p2, @p3, @p4, @p5, @p6, @p7, @p8)
      RETURNING "Id";
info: Microsoft.EntityFrameworkCore.Database.Command[20101]
      Executed DbCommand (4ms) [Parameters=[@p0='?' (DbType = DateTime), @p1='?' (DbType = Int32), @p2='?' (DbType = DateTime), @p3='?', @p4='?' (DbType = Boolean), @p5='?', @p6='?' (DbType = Int32), @p7='?' (DbType = Object), @p8='?' (DbType = Int32), @p9='?' (DbType = Int32), @p10='?' (DbType = DateTime), @p11='?' (DbType = Int32), @p12='?' (DbType = Int32), @p13='?' (DbType = DateTime), @p14='?' (DbType = Object), @p15='?' (DbType = Int32), @p16='?' (DbType = Int32)], CommandType='Text', CommandTimeout='30']
      INSERT INTO "ModelVersions" ("CreatedAt", "DefaultTextureSetId", "DeletedAt", "Description", "IsDeleted", "MainVariantName", "MaterialCount", "MaterialNames", "MeshCount", "ModelId", "TechnicalDetailsUpdatedAt", "ThumbnailId", "TriangleCount", "UpdatedAt", "VariantNames", "VersionNumber", "VertexCount")
      VALUES (@p0, @p1, @p2, @p3, @p4, @p5, @p6, @p7, @p8, @p9, @p10, @p11, @p12, @p13, @p14, @p15, @p16)
      RETURNING "Id";
info: Microsoft.EntityFrameworkCore.Database.Command[20101]
      Executed DbCommand (2ms) [Parameters=[@p17='?' (DbType = DateTime), @p18='?' (DbType = DateTime), @p19='?', @p20='?', @p21='?' (DbType = Boolean), @p22='?', @p23='?' (DbType = Int32), @p24='?', @p25='?', @p26='?' (DbType = Int64), @p27='?', @p28='?' (DbType = DateTime), @p31='?' (DbType = Int32), @p29='?' (DbType = Int32), @p30='?' (DbType = DateTime)], CommandType='Text', CommandTimeout='30']
      INSERT INTO "Files" ("CreatedAt", "DeletedAt", "FilePath", "FileType", "IsDeleted", "MimeType", "ModelVersionId", "OriginalFileName", "Sha256Hash", "SizeBytes", "StoredFileName", "UpdatedAt")
      VALUES (@p17, @p18, @p19, @p20, @p21, @p22, @p23, @p24, @p25, @p26, @p27, @p28)
      RETURNING "Id";
      UPDATE "Models" SET "ActiveVersionId" = @p29, "UpdatedAt" = @p30
      WHERE "Id" = @p31;
info: Microsoft.EntityFrameworkCore.Database.Command[20101]
      Executed DbCommand (1ms) [Parameters=[@p9='?' (DbType = Int32), @p0='?' (DbType = Int32), @p1='?' (DbType = DateTime), @p2='?' (DbType = DateTime), @p3='?', @p4='?' (DbType = Int32), @p5='?' (DbType = Boolean), @p6='?' (DbType = Int32), @p7='?', @p8='?' (DbType = DateTime)], CommandType='Text', CommandTimeout='30']
      UPDATE "Models" SET "ActiveVersionId" = @p0, "CreatedAt" = @p1, "DeletedAt" = @p2, "Description" = @p3, "FileId" = @p4, "IsDeleted" = @p5, "ModelCategoryId" = @p6, "Name" = @p7, "UpdatedAt" = @p8
      WHERE "Id" = @p9;
info: Application.EventHandlers.ModelUploadedEventHandler[0]
      Handling ModelUploadedEvent for model 1 version 1 with hash dcf563773ad837042cbb81558d2c69438f6bde6c5ffdb162dbfe4751ed357d5f, IsNewModel: True
info: Microsoft.EntityFrameworkCore.Database.Command[20101]
      Executed DbCommand (0ms) [Parameters=[], CommandType='Text', CommandTimeout='30']
      SELECT a."Id", a."CleanRecycledFilesAfterDays", a."CreatedAt", a."GenerateAnimatedThumbnail", a."GenerateThumbnailOnUpload", a."MaxFileSizeBytes", a."MaxThumbnailSizeBytes", a."TextureProxySize", a."ThumbnailFrameCount", a."ThumbnailSize", a."UpdatedAt"
      FROM "ApplicationSettings" AS a
      LIMIT 1
info: Microsoft.EntityFrameworkCore.Database.Command[20101]
      Executed DbCommand (2ms) [Parameters=[@__modelVersionId_0='?' (DbType = Int32)], CommandType='Text', CommandTimeout='30']
      SELECT t."Id", t."AssetType", t."AttemptCount", t."CompletedAt", t."CreatedAt", t."EnvironmentMapId", t."EnvironmentMapVariantId", t."ErrorMessage", t."LockTimeoutMinutes", t."LockedAt", t."LockedBy", t."MaxAttempts", t."ModelHash", t."ModelId", t."ModelVersionId", t."ProxySize", t."SoundHash", t."SoundId", t."Status", t."TextureSetId", t."UpdatedAt", m0."Id", m0."ActiveVersionId", m0."CreatedAt", m0."DeletedAt", m0."Description", m0."FileId", m0."IsDeleted", m0."ModelCategoryId", m0."Name", m0."UpdatedAt"
      FROM "ThumbnailJobs" AS t
      LEFT JOIN (
          SELECT m."Id", m."ActiveVersionId", m."CreatedAt", m."DeletedAt", m."Description", m."FileId", m."IsDeleted", m."ModelCategoryId", m."Name", m."UpdatedAt"
          FROM "Models" AS m
          WHERE NOT (m."IsDeleted")
      ) AS m0 ON t."ModelId" = m0."Id"
      WHERE t."ModelVersionId" = @__modelVersionId_0
      LIMIT 1
info: Microsoft.EntityFrameworkCore.Database.Command[20101]
      Executed DbCommand (4ms) [Parameters=[@p0='?', @p1='?' (DbType = Int32), @p2='?' (DbType = DateTime), @p3='?' (DbType = DateTime), @p4='?' (DbType = Int32), @p5='?' (DbType = Int32), @p6='?', @p7='?' (DbType = Int32), @p8='?' (DbType = DateTime), @p9='?', @p10='?' (DbType = Int32), @p11='?', @p12='?' (DbType = Int32), @p13='?' (DbType = Int32), @p14='?' (DbType = Int32), @p15='?', @p16='?' (DbType = Int32), @p17='?' (DbType = Int32), @p18='?' (DbType = Int32), @p19='?' (DbType = DateTime)], CommandType='Text', CommandTimeout='30']
      INSERT INTO "ThumbnailJobs" ("AssetType", "AttemptCount", "CompletedAt", "CreatedAt", "EnvironmentMapId", "EnvironmentMapVariantId", "ErrorMessage", "LockTimeoutMinutes", "LockedAt", "LockedBy", "MaxAttempts", "ModelHash", "ModelId", "ModelVersionId", "ProxySize", "SoundHash", "SoundId", "Status", "TextureSetId", "UpdatedAt")
      VALUES (@p0, @p1, @p2, @p3, @p4, @p5, @p6, @p7, @p8, @p9, @p10, @p11, @p12, @p13, @p14, @p15, @p16, @p17, @p18, @p19)
      RETURNING "Id";
info: Infrastructure.Services.ThumbnailQueue[0]
      Enqueued thumbnail job 1 for model 1 version 1 with hash dcf563773ad837042cbb81558d2c69438f6bde6c5ffdb162dbfe4751ed357d5f
info: Application.EventHandlers.ModelUploadedEventHandler[0]
      Successfully enqueued thumbnail job 1 for model 1 version 1 with status Pending
info: Microsoft.EntityFrameworkCore.Database.Command[20101]
      Executed DbCommand (5ms) [Parameters=[@p0='?', @p1='?' (DbType = Int32), @p2='?' (DbType = Int32), @p3='?' (DbType = Int32), @p4='?' (DbType = Int32), @p5='?' (DbType = Int32), @p6='?' (DbType = Int32), @p7='?' (DbType = Int32), @p8='?' (DbType = Int32), @p9='?', @p10='?' (DbType = DateTime)], CommandType='Text', CommandTimeout='30']
      INSERT INTO "BatchUploads" ("BatchId", "EnvironmentMapId", "FileId", "ModelId", "PackId", "ProjectId", "SoundId", "SpriteId", "TextureSetId", "UploadType", "UploadedAt")
      VALUES (@p0, @p1, @p2, @p3, @p4, @p5, @p6, @p7, @p8, @p9, @p10)
      RETURNING "Id";
info: Microsoft.EntityFrameworkCore.Database.Command[20101]
      Executed DbCommand (1ms) [Parameters=[], CommandType='Text', CommandTimeout='30']
      SELECT a."Id", a."CleanRecycledFilesAfterDays", a."CreatedAt", a."GenerateAnimatedThumbnail", a."GenerateThumbnailOnUpload", a."MaxFileSizeBytes", a."MaxThumbnailSizeBytes", a."TextureProxySize", a."ThumbnailFrameCount", a."ThumbnailSize", a."UpdatedAt"
      FROM "ApplicationSettings" AS a
      LIMIT 1
info: Microsoft.EntityFrameworkCore.Database.Command[20101]
      Executed DbCommand (1ms) [Parameters=[], CommandType='Text', CommandTimeout='30']
      SELECT a."Id", a."CleanRecycledFilesAfterDays", a."CreatedAt", a."GenerateAnimatedThumbnail", a."GenerateThumbnailOnUpload", a."MaxFileSizeBytes", a."MaxThumbnailSizeBytes", a."TextureProxySize", a."ThumbnailFrameCount", a."ThumbnailSize", a."UpdatedAt"
      FROM "ApplicationSettings" AS a
      LIMIT 1
info: Microsoft.EntityFrameworkCore.Database.Command[20101]
      Executed DbCommand (1ms) [Parameters=[], CommandType='Text', CommandTimeout='30']
      SELECT a."Id", a."CleanRecycledFilesAfterDays", a."CreatedAt", a."GenerateAnimatedThumbnail", a."GenerateThumbnailOnUpload", a."MaxFileSizeBytes", a."MaxThumbnailSizeBytes", a."TextureProxySize", a."ThumbnailFrameCount", a."ThumbnailSize", a."UpdatedAt"
      FROM "ApplicationSettings" AS a
      LIMIT 1
info: Microsoft.EntityFrameworkCore.Database.Command[20101]
      Executed DbCommand (1ms) [Parameters=[], CommandType='Text', CommandTimeout='30']
      SELECT a."Id", a."CleanRecycledFilesAfterDays", a."CreatedAt", a."GenerateAnimatedThumbnail", a."GenerateThumbnailOnUpload", a."MaxFileSizeBytes", a."MaxThumbnailSizeBytes", a."TextureProxySize", a."ThumbnailFrameCount", a."ThumbnailSize", a."UpdatedAt"
      FROM "ApplicationSettings" AS a
      LIMIT 1
info: Microsoft.EntityFrameworkCore.Database.Command[20101]
      Executed DbCommand (2ms) [Parameters=[], CommandType='Text', CommandTimeout='30']
      SELECT a."Id", a."CleanRecycledFilesAfterDays", a."CreatedAt", a."GenerateAnimatedThumbnail", a."GenerateThumbnailOnUpload", a."MaxFileSizeBytes", a."MaxThumbnailSizeBytes", a."TextureProxySize", a."ThumbnailFrameCount", a."ThumbnailSize", a."UpdatedAt"
      FROM "ApplicationSettings" AS a
      LIMIT 1
info: Microsoft.EntityFrameworkCore.Database.Command[20101]
      Executed DbCommand (1ms) [Parameters=[@__sha256Hash_0='?'], CommandType='Text', CommandTimeout='30']
      SELECT f0."Id", f0."CreatedAt", f0."DeletedAt", f0."FilePath", f0."FileType", f0."IsDeleted", f0."MimeType", f0."ModelVersionId", f0."OriginalFileName", f0."Sha256Hash", f0."SizeBytes", f0."StoredFileName", f0."UpdatedAt", m0."Id", m0."ActiveVersionId", m0."CreatedAt", m0."DeletedAt", m0."Description", m0."FileId", m0."IsDeleted", m0."ModelCategoryId", m0."Name", m0."UpdatedAt"
      FROM (
          SELECT f."Id", f."CreatedAt", f."DeletedAt", f."FilePath", f."FileType", f."IsDeleted", f."MimeType", f."ModelVersionId", f."OriginalFileName", f."Sha256Hash", f."SizeBytes", f."StoredFileName", f."UpdatedAt"
          FROM "Files" AS f
          WHERE NOT (f."IsDeleted") AND f."Sha256Hash" = @__sha256Hash_0
          LIMIT 1
      ) AS f0
      LEFT JOIN (
          SELECT m."Id", m."ActiveVersionId", m."CreatedAt", m."DeletedAt", m."Description", m."FileId", m."IsDeleted", m."ModelCategoryId", m."Name", m."UpdatedAt"
          FROM "Models" AS m
          WHERE NOT (m."IsDeleted")
      ) AS m0 ON f0."Id" = m0."FileId"
      ORDER BY f0."Id"
info: Microsoft.EntityFrameworkCore.Database.Command[20101]
      Executed DbCommand (1ms) [Parameters=[@__sha256Hash_0='?'], CommandType='Text', CommandTimeout='30']
      SELECT f0."Id", f0."CreatedAt", f0."DeletedAt", f0."FilePath", f0."FileType", f0."IsDeleted", f0."MimeType", f0."ModelVersionId", f0."OriginalFileName", f0."Sha256Hash", f0."SizeBytes", f0."StoredFileName", f0."UpdatedAt", m0."Id", m0."ActiveVersionId", m0."CreatedAt", m0."DeletedAt", m0."Description", m0."FileId", m0."IsDeleted", m0."ModelCategoryId", m0."Name", m0."UpdatedAt"
      FROM (
          SELECT f."Id", f."CreatedAt", f."DeletedAt", f."FilePath", f."FileType", f."IsDeleted", f."MimeType", f."ModelVersionId", f."OriginalFileName", f."Sha256Hash", f."SizeBytes", f."StoredFileName", f."UpdatedAt"
          FROM "Files" AS f
          WHERE NOT (f."IsDeleted") AND f."Sha256Hash" = @__sha256Hash_0
          LIMIT 1
      ) AS f0
      LEFT JOIN (
          SELECT m."Id", m."ActiveVersionId", m."CreatedAt", m."DeletedAt", m."Description", m."FileId", m."IsDeleted", m."ModelCategoryId", m."Name", m."UpdatedAt"
          FROM "Models" AS m
          WHERE NOT (m."IsDeleted")
      ) AS m0 ON f0."Id" = m0."FileId"
      ORDER BY f0."Id"
info: Microsoft.EntityFrameworkCore.Database.Command[20101]
      Executed DbCommand (1ms) [Parameters=[@__sha256Hash_0='?'], CommandType='Text', CommandTimeout='30']
      SELECT f0."Id", f0."CreatedAt", f0."DeletedAt", f0."FilePath", f0."FileType", f0."IsDeleted", f0."MimeType", f0."ModelVersionId", f0."OriginalFileName", f0."Sha256Hash", f0."SizeBytes", f0."StoredFileName", f0."UpdatedAt", m0."Id", m0."ActiveVersionId", m0."CreatedAt", m0."DeletedAt", m0."Description", m0."FileId", m0."IsDeleted", m0."ModelCategoryId", m0."Name", m0."UpdatedAt"
      FROM (
          SELECT f."Id", f."CreatedAt", f."DeletedAt", f."FilePath", f."FileType", f."IsDeleted", f."MimeType", f."ModelVersionId", f."OriginalFileName", f."Sha256Hash", f."SizeBytes", f."StoredFileName", f."UpdatedAt"
          FROM "Files" AS f
          WHERE NOT (f."IsDeleted") AND f."Sha256Hash" = @__sha256Hash_0
          LIMIT 1
      ) AS f0
      LEFT JOIN (
          SELECT m."Id", m."ActiveVersionId", m."CreatedAt", m."DeletedAt", m."Description", m."FileId", m."IsDeleted", m."ModelCategoryId", m."Name", m."UpdatedAt"
          FROM "Models" AS m
          WHERE NOT (m."IsDeleted")
      ) AS m0 ON f0."Id" = m0."FileId"
      ORDER BY f0."Id"
info: Microsoft.EntityFrameworkCore.Database.Command[20101]
      Executed DbCommand (1ms) [Parameters=[@__sha256Hash_0='?'], CommandType='Text', CommandTimeout='30']
      SELECT f0."Id", f0."CreatedAt", f0."DeletedAt", f0."FilePath", f0."FileType", f0."IsDeleted", f0."MimeType", f0."ModelVersionId", f0."OriginalFileName", f0."Sha256Hash", f0."SizeBytes", f0."StoredFileName", f0."UpdatedAt", m0."Id", m0."ActiveVersionId", m0."CreatedAt", m0."DeletedAt", m0."Description", m0."FileId", m0."IsDeleted", m0."ModelCategoryId", m0."Name", m0."UpdatedAt"
      FROM (
          SELECT f."Id", f."CreatedAt", f."DeletedAt", f."FilePath", f."FileType", f."IsDeleted", f."MimeType", f."ModelVersionId", f."OriginalFileName", f."Sha256Hash", f."SizeBytes", f."StoredFileName", f."UpdatedAt"
          FROM "Files" AS f
          WHERE NOT (f."IsDeleted") AND f."Sha256Hash" = @__sha256Hash_0
          LIMIT 1
      ) AS f0
      LEFT JOIN (
          SELECT m."Id", m."ActiveVersionId", m."CreatedAt", m."DeletedAt", m."Description", m."FileId", m."IsDeleted", m."ModelCategoryId", m."Name", m."UpdatedAt"
          FROM "Models" AS m
          WHERE NOT (m."IsDeleted")
      ) AS m0 ON f0."Id" = m0."FileId"
      ORDER BY f0."Id"
info: Microsoft.EntityFrameworkCore.Database.Command[20101]
      Executed DbCommand (1ms) [Parameters=[@__sha256Hash_0='?'], CommandType='Text', CommandTimeout='30']
      SELECT f0."Id", f0."CreatedAt", f0."DeletedAt", f0."FilePath", f0."FileType", f0."IsDeleted", f0."MimeType", f0."ModelVersionId", f0."OriginalFileName", f0."Sha256Hash", f0."SizeBytes", f0."StoredFileName", f0."UpdatedAt", m0."Id", m0."ActiveVersionId", m0."CreatedAt", m0."DeletedAt", m0."Description", m0."FileId", m0."IsDeleted", m0."ModelCategoryId", m0."Name", m0."UpdatedAt"
      FROM (
          SELECT f."Id", f."CreatedAt", f."DeletedAt", f."FilePath", f."FileType", f."IsDeleted", f."MimeType", f."ModelVersionId", f."OriginalFileName", f."Sha256Hash", f."SizeBytes", f."StoredFileName", f."UpdatedAt"
          FROM "Files" AS f
          WHERE NOT (f."IsDeleted") AND f."Sha256Hash" = @__sha256Hash_0
          LIMIT 1
      ) AS f0
      LEFT JOIN (
          SELECT m."Id", m."ActiveVersionId", m."CreatedAt", m."DeletedAt", m."Description", m."FileId", m."IsDeleted", m."ModelCategoryId", m."Name", m."UpdatedAt"
          FROM "Models" AS m
          WHERE NOT (m."IsDeleted")
      ) AS m0 ON f0."Id" = m0."FileId"
      ORDER BY f0."Id"
info: Microsoft.EntityFrameworkCore.Database.Command[20101]
      Executed DbCommand (1ms) [Parameters=[@__sha256Hash_0='?'], CommandType='Text', CommandTimeout='30']
      SELECT f0."Id", f0."CreatedAt", f0."DeletedAt", f0."FilePath", f0."FileType", f0."IsDeleted", f0."MimeType", f0."ModelVersionId", f0."OriginalFileName", f0."Sha256Hash", f0."SizeBytes", f0."StoredFileName", f0."UpdatedAt", m."Id", m."ActiveVersionId", m."CreatedAt", m."DeletedAt", m."Description", m."FileId", m."IsDeleted", m."ModelCategoryId", m."Name", m."UpdatedAt"
      FROM (
          SELECT f."Id", f."CreatedAt", f."DeletedAt", f."FilePath", f."FileType", f."IsDeleted", f."MimeType", f."ModelVersionId", f."OriginalFileName", f."Sha256Hash", f."SizeBytes", f."StoredFileName", f."UpdatedAt"
          FROM "Files" AS f
          WHERE f."IsDeleted" AND f."Sha256Hash" = @__sha256Hash_0
          LIMIT 1
      ) AS f0
      LEFT JOIN "Models" AS m ON f0."Id" = m."FileId"
      ORDER BY f0."Id"
info: Microsoft.EntityFrameworkCore.Database.Command[20101]
      Executed DbCommand (1ms) [Parameters=[@__sha256Hash_0='?'], CommandType='Text', CommandTimeout='30']
      SELECT f0."Id", f0."CreatedAt", f0."DeletedAt", f0."FilePath", f0."FileType", f0."IsDeleted", f0."MimeType", f0."ModelVersionId", f0."OriginalFileName", f0."Sha256Hash", f0."SizeBytes", f0."StoredFileName", f0."UpdatedAt", m."Id", m."ActiveVersionId", m."CreatedAt", m."DeletedAt", m."Description", m."FileId", m."IsDeleted", m."ModelCategoryId", m."Name", m."UpdatedAt"
      FROM (
          SELECT f."Id", f."CreatedAt", f."DeletedAt", f."FilePath", f."FileType", f."IsDeleted", f."MimeType", f."ModelVersionId", f."OriginalFileName", f."Sha256Hash", f."SizeBytes", f."StoredFileName", f."UpdatedAt"
          FROM "Files" AS f
          WHERE f."IsDeleted" AND f."Sha256Hash" = @__sha256Hash_0
          LIMIT 1
      ) AS f0
      LEFT JOIN "Models" AS m ON f0."Id" = m."FileId"
      ORDER BY f0."Id"
info: Microsoft.EntityFrameworkCore.Database.Command[20101]
      Executed DbCommand (1ms) [Parameters=[@__sha256Hash_0='?'], CommandType='Text', CommandTimeout='30']
      SELECT f0."Id", f0."CreatedAt", f0."DeletedAt", f0."FilePath", f0."FileType", f0."IsDeleted", f0."MimeType", f0."ModelVersionId", f0."OriginalFileName", f0."Sha256Hash", f0."SizeBytes", f0."StoredFileName", f0."UpdatedAt", m."Id", m."ActiveVersionId", m."CreatedAt", m."DeletedAt", m."Description", m."FileId", m."IsDeleted", m."ModelCategoryId", m."Name", m."UpdatedAt"
      FROM (
          SELECT f."Id", f."CreatedAt", f."DeletedAt", f."FilePath", f."FileType", f."IsDeleted", f."MimeType", f."ModelVersionId", f."OriginalFileName", f."Sha256Hash", f."SizeBytes", f."StoredFileName", f."UpdatedAt"
          FROM "Files" AS f
          WHERE f."IsDeleted" AND f."Sha256Hash" = @__sha256Hash_0
          LIMIT 1
      ) AS f0
      LEFT JOIN "Models" AS m ON f0."Id" = m."FileId"
      ORDER BY f0."Id"
info: Microsoft.EntityFrameworkCore.Database.Command[20101]
      Executed DbCommand (1ms) [Parameters=[@__sha256Hash_0='?'], CommandType='Text', CommandTimeout='30']
      SELECT f0."Id", f0."CreatedAt", f0."DeletedAt", f0."FilePath", f0."FileType", f0."IsDeleted", f0."MimeType", f0."ModelVersionId", f0."OriginalFileName", f0."Sha256Hash", f0."SizeBytes", f0."StoredFileName", f0."UpdatedAt", m."Id", m."ActiveVersionId", m."CreatedAt", m."DeletedAt", m."Description", m."FileId", m."IsDeleted", m."ModelCategoryId", m."Name", m."UpdatedAt"
      FROM (
          SELECT f."Id", f."CreatedAt", f."DeletedAt", f."FilePath", f."FileType", f."IsDeleted", f."MimeType", f."ModelVersionId", f."OriginalFileName", f."Sha256Hash", f."SizeBytes", f."StoredFileName", f."UpdatedAt"
          FROM "Files" AS f
          WHERE f."IsDeleted" AND f."Sha256Hash" = @__sha256Hash_0
          LIMIT 1
      ) AS f0
      LEFT JOIN "Models" AS m ON f0."Id" = m."FileId"
      ORDER BY f0."Id"
info: Microsoft.EntityFrameworkCore.Database.Command[20101]
      Executed DbCommand (1ms) [Parameters=[@__sha256Hash_0='?'], CommandType='Text', CommandTimeout='30']
      SELECT f0."Id", f0."CreatedAt", f0."DeletedAt", f0."FilePath", f0."FileType", f0."IsDeleted", f0."MimeType", f0."ModelVersionId", f0."OriginalFileName", f0."Sha256Hash", f0."SizeBytes", f0."StoredFileName", f0."UpdatedAt", m."Id", m."ActiveVersionId", m."CreatedAt", m."DeletedAt", m."Description", m."FileId", m."IsDeleted", m."ModelCategoryId", m."Name", m."UpdatedAt"
      FROM (
          SELECT f."Id", f."CreatedAt", f."DeletedAt", f."FilePath", f."FileType", f."IsDeleted", f."MimeType", f."ModelVersionId", f."OriginalFileName", f."Sha256Hash", f."SizeBytes", f."StoredFileName", f."UpdatedAt"
          FROM "Files" AS f
          WHERE f."IsDeleted" AND f."Sha256Hash" = @__sha256Hash_0
          LIMIT 1
      ) AS f0
      LEFT JOIN "Models" AS m ON f0."Id" = m."FileId"
      ORDER BY f0."Id"
info: Microsoft.EntityFrameworkCore.Database.Command[20101]
      Executed DbCommand (3ms) [Parameters=[@__id_0='?' (DbType = Int32)], CommandType='Text', CommandTimeout='30']
      SELECT m."Id", m."ActiveVersionId", m."CreatedAt", m."DeletedAt", m."Description", m."FileId", m."IsDeleted", m."ModelCategoryId", m."Name", m."UpdatedAt", m0."Id", m2."Id", t."Id", m0."CreatedAt", m0."Description", m0."Name", m0."ParentId", m0."UpdatedAt", m2."CreatedAt", m2."DefaultTextureSetId", m2."DeletedAt", m2."Description", m2."IsDeleted", m2."MainVariantName", m2."MaterialCount", m2."MaterialNames", m2."MeshCount", m2."ModelId", m2."TechnicalDetailsUpdatedAt", m2."ThumbnailId", m2."TriangleCount", m2."UpdatedAt", m2."VariantNames", m2."VersionNumber", m2."VertexCount", t."CreatedAt", t."ErrorMessage", t."Height", t."ModelId", t."ModelVersionId", t."PngThumbnailPath", t."ProcessedAt", t."SizeBytes", t."Status", t."ThumbnailPath", t."UpdatedAt", t."Width"
      FROM "Models" AS m
      LEFT JOIN "ModelCategories" AS m0 ON m."ModelCategoryId" = m0."Id"
      LEFT JOIN (
          SELECT m1."Id", m1."CreatedAt", m1."DefaultTextureSetId", m1."DeletedAt", m1."Description", m1."IsDeleted", m1."MainVariantName", m1."MaterialCount", m1."MaterialNames", m1."MeshCount", m1."ModelId", m1."TechnicalDetailsUpdatedAt", m1."ThumbnailId", m1."TriangleCount", m1."UpdatedAt", m1."VariantNames", m1."VersionNumber", m1."VertexCount"
          FROM "ModelVersions" AS m1
          WHERE NOT (m1."IsDeleted")
      ) AS m2 ON m."ActiveVersionId" = m2."Id"
      LEFT JOIN "Thumbnails" AS t ON m2."ThumbnailId" = t."Id"
      WHERE NOT (m."IsDeleted") AND m."Id" = @__id_0
      ORDER BY m."Id", m0."Id", m2."Id", t."Id"
      LIMIT 1
info: Microsoft.EntityFrameworkCore.Database.Command[20101]
      Executed DbCommand (3ms) [Parameters=[@__id_0='?' (DbType = Int32)], CommandType='Text', CommandTimeout='30']
      SELECT m."Id", m."ActiveVersionId", m."CreatedAt", m."DeletedAt", m."Description", m."FileId", m."IsDeleted", m."ModelCategoryId", m."Name", m."UpdatedAt", m0."Id", m2."Id", t."Id", m0."CreatedAt", m0."Description", m0."Name", m0."ParentId", m0."UpdatedAt", m2."CreatedAt", m2."DefaultTextureSetId", m2."DeletedAt", m2."Description", m2."IsDeleted", m2."MainVariantName", m2."MaterialCount", m2."MaterialNames", m2."MeshCount", m2."ModelId", m2."TechnicalDetailsUpdatedAt", m2."ThumbnailId", m2."TriangleCount", m2."UpdatedAt", m2."VariantNames", m2."VersionNumber", m2."VertexCount", t."CreatedAt", t."ErrorMessage", t."Height", t."ModelId", t."ModelVersionId", t."PngThumbnailPath", t."ProcessedAt", t."SizeBytes", t."Status", t."ThumbnailPath", t."UpdatedAt", t."Width"
      FROM "Models" AS m
      LEFT JOIN "ModelCategories" AS m0 ON m."ModelCategoryId" = m0."Id"
      LEFT JOIN (
          SELECT m1."Id", m1."CreatedAt", m1."DefaultTextureSetId", m1."DeletedAt", m1."Description", m1."IsDeleted", m1."MainVariantName", m1."MaterialCount", m1."MaterialNames", m1."MeshCount", m1."ModelId", m1."TechnicalDetailsUpdatedAt", m1."ThumbnailId", m1."TriangleCount", m1."UpdatedAt", m1."VariantNames", m1."VersionNumber", m1."VertexCount"
          FROM "ModelVersions" AS m1
          WHERE NOT (m1."IsDeleted")
      ) AS m2 ON m."ActiveVersionId" = m2."Id"
      LEFT JOIN "Thumbnails" AS t ON m2."ThumbnailId" = t."Id"
      WHERE NOT (m."IsDeleted") AND m."Id" = @__id_0
      ORDER BY m."Id", m0."Id", m2."Id", t."Id"
      LIMIT 1
info: Microsoft.EntityFrameworkCore.Database.Command[20101]
      Executed DbCommand (4ms) [Parameters=[@__id_0='?' (DbType = Int32)], CommandType='Text', CommandTimeout='30']
      SELECT m."Id", m."ActiveVersionId", m."CreatedAt", m."DeletedAt", m."Description", m."FileId", m."IsDeleted", m."ModelCategoryId", m."Name", m."UpdatedAt", m0."Id", m2."Id", t."Id", m0."CreatedAt", m0."Description", m0."Name", m0."ParentId", m0."UpdatedAt", m2."CreatedAt", m2."DefaultTextureSetId", m2."DeletedAt", m2."Description", m2."IsDeleted", m2."MainVariantName", m2."MaterialCount", m2."MaterialNames", m2."MeshCount", m2."ModelId", m2."TechnicalDetailsUpdatedAt", m2."ThumbnailId", m2."TriangleCount", m2."UpdatedAt", m2."VariantNames", m2."VersionNumber", m2."VertexCount", t."CreatedAt", t."ErrorMessage", t."Height", t."ModelId", t."ModelVersionId", t."PngThumbnailPath", t."ProcessedAt", t."SizeBytes", t."Status", t."ThumbnailPath", t."UpdatedAt", t."Width"
      FROM "Models" AS m
      LEFT JOIN "ModelCategories" AS m0 ON m."ModelCategoryId" = m0."Id"
      LEFT JOIN (
          SELECT m1."Id", m1."CreatedAt", m1."DefaultTextureSetId", m1."DeletedAt", m1."Description", m1."IsDeleted", m1."MainVariantName", m1."MaterialCount", m1."MaterialNames", m1."MeshCount", m1."ModelId", m1."TechnicalDetailsUpdatedAt", m1."ThumbnailId", m1."TriangleCount", m1."UpdatedAt", m1."VariantNames", m1."VersionNumber", m1."VertexCount"
          FROM "ModelVersions" AS m1
          WHERE NOT (m1."IsDeleted")
      ) AS m2 ON m."ActiveVersionId" = m2."Id"
      LEFT JOIN "Thumbnails" AS t ON m2."ThumbnailId" = t."Id"
[...]
          FROM "ThumbnailJobs" AS t
          LEFT JOIN (
              SELECT m."Id", m."ActiveVersionId", m."CreatedAt", m."DeletedAt", m."Description", m."FileId", m."IsDeleted", m."ModelCategoryId", m."Name", m."UpdatedAt"
              FROM "Models" AS m
              WHERE NOT (m."IsDeleted")
          ) AS m0 ON t."ModelId" = m0."Id"
          LEFT JOIN (
              SELECT m1."Id", m1."CreatedAt", m1."DefaultTextureSetId", m1."DeletedAt", m1."Description", m1."IsDeleted", m1."MainVariantName", m1."MaterialCount", m1."MaterialNames", m1."MeshCount", m1."ModelId", m1."TechnicalDetailsUpdatedAt", m1."ThumbnailId", m1."TriangleCount", m1."UpdatedAt", m1."VariantNames", m1."VersionNumber", m1."VertexCount"
              FROM "ModelVersions" AS m1
              WHERE NOT (m1."IsDeleted")
          ) AS m2 ON t."ModelVersionId" = m2."Id"
          LEFT JOIN (
              SELECT e."Id", e."CreatedAt", e."CustomThumbnailFileId", e."DeletedAt", e."EnvironmentMapCategoryId", e."IsDeleted", e."Name", e."PreviewVariantId", e."UpdatedAt"
              FROM "EnvironmentMaps" AS e
              WHERE NOT (e."IsDeleted")
          ) AS e0 ON t."EnvironmentMapId" = e0."Id"
          LEFT JOIN (
              SELECT e1."Id", e1."CreatedAt", e1."DeletedAt", e1."EnvironmentMapId", e1."FileId", e1."IsDeleted", e1."ProjectionType", e1."SizeLabel", e1."ThumbnailPath", e1."UpdatedAt"
              FROM "EnvironmentMapVariants" AS e1
              WHERE NOT (e1."IsDeleted")
          ) AS e2 ON t."EnvironmentMapVariantId" = e2."Id"
          WHERE t."Status" = 0 OR (t."Status" = 1 AND t."LockedAt" IS NOT NULL AND t."LockedAt" + CAST(t."LockTimeoutMinutes"::double precision::text || ' mins' AS interval) &lt;= @__currentTime_0)
          ORDER BY t."CreatedAt"
          LIMIT 1
      ) AS s
      LEFT JOIN "ModelVersionTextureSets" AS m3 ON s."Id1" = m3."ModelVersionId"
      ORDER BY s."CreatedAt", s."Id", s."Id0", s."Id1", s."Id2", s."Id3", m3."ModelVersionId", m3."TextureSetId", m3."MaterialName"
info: Microsoft.EntityFrameworkCore.Database.Command[20101]
      Executed DbCommand (4ms) [Parameters=[@__currentTime_0='?' (DbType = DateTime)], CommandType='Text', CommandTimeout='30']
      SELECT s."Id", s."AssetType", s."AttemptCount", s."CompletedAt", s."CreatedAt", s."EnvironmentMapId", s."EnvironmentMapVariantId", s."ErrorMessage", s."LockTimeoutMinutes", s."LockedAt", s."LockedBy", s."MaxAttempts", s."ModelHash", s."ModelId", s."ModelVersionId", s."ProxySize", s."SoundHash", s."SoundId", s."Status", s."TextureSetId", s."UpdatedAt", s."Id0", s."ActiveVersionId", s."CreatedAt0", s."DeletedAt", s."Description", s."FileId", s."IsDeleted", s."ModelCategoryId", s."Name", s."UpdatedAt0", s."Id1", s."CreatedAt1", s."DefaultTextureSetId", s."DeletedAt0", s."Description0", s."IsDeleted0", s."MainVariantName", s."MaterialCount", s."MaterialNames", s."MeshCount", s."ModelId0", s."TechnicalDetailsUpdatedAt", s."ThumbnailId", s."TriangleCount", s."UpdatedAt1", s."VariantNames", s."VersionNumber", s."VertexCount", s."Id2", s."Id3", m3."ModelVersionId", m3."TextureSetId", m3."MaterialName", m3."VariantName", s."CreatedAt2", s."CustomThumbnailFileId", s."DeletedAt1", s."EnvironmentMapCategoryId", s."IsDeleted1", s."Name0", s."PreviewVariantId", s."UpdatedAt2", s."CreatedAt3", s."DeletedAt2", s."EnvironmentMapId0", s."FileId0", s."IsDeleted2", s."ProjectionType", s."SizeLabel", s."ThumbnailPath", s."UpdatedAt3"
      FROM (
          SELECT t."Id", t."AssetType", t."AttemptCount", t."CompletedAt", t."CreatedAt", t."EnvironmentMapId", t."EnvironmentMapVariantId", t."ErrorMessage", t."LockTimeoutMinutes", t."LockedAt", t."LockedBy", t."MaxAttempts", t."ModelHash", t."ModelId", t."ModelVersionId", t."ProxySize", t."SoundHash", t."SoundId", t."Status", t."TextureSetId", t."UpdatedAt", m0."Id" AS "Id0", m0."ActiveVersionId", m0."CreatedAt" AS "CreatedAt0", m0."DeletedAt", m0."Description", m0."FileId", m0."IsDeleted", m0."ModelCategoryId", m0."Name", m0."UpdatedAt" AS "UpdatedAt0", m2."Id" AS "Id1", m2."CreatedAt" AS "CreatedAt1", m2."DefaultTextureSetId", m2."DeletedAt" AS "DeletedAt0", m2."Description" AS "Description0", m2."IsDeleted" AS "IsDeleted0", m2."MainVariantName", m2."MaterialCount", m2."MaterialNames", m2."MeshCount", m2."ModelId" AS "ModelId0", m2."TechnicalDetailsUpdatedAt", m2."ThumbnailId", m2."TriangleCount", m2."UpdatedAt" AS "UpdatedAt1", m2."VariantNames", m2."VersionNumber", m2."VertexCount", e0."Id" AS "Id2", e0."CreatedAt" AS "CreatedAt2", e0."CustomThumbnailFileId", e0."DeletedAt" AS "DeletedAt1", e0."EnvironmentMapCategoryId", e0."IsDeleted" AS "IsDeleted1", e0."Name" AS "Name0", e0."PreviewVariantId", e0."UpdatedAt" AS "UpdatedAt2", e2."Id" AS "Id3", e2."CreatedAt" AS "CreatedAt3", e2."DeletedAt" AS "DeletedAt2", e2."EnvironmentMapId" AS "EnvironmentMapId0", e2."FileId" AS "FileId0", e2."IsDeleted" AS "IsDeleted2", e2."ProjectionType", e2."SizeLabel", e2."ThumbnailPath", e2."UpdatedAt" AS "UpdatedAt3"
          FROM "ThumbnailJobs" AS t
          LEFT JOIN (
              SELECT m."Id", m."ActiveVersionId", m."CreatedAt", m."DeletedAt", m."Description", m."FileId", m."IsDeleted", m."ModelCategoryId", m."Name", m."UpdatedAt"
              FROM "Models" AS m
              WHERE NOT (m."IsDeleted")
          ) AS m0 ON t."ModelId" = m0."Id"
          LEFT JOIN (
              SELECT m1."Id", m1."CreatedAt", m1."DefaultTextureSetId", m1."DeletedAt", m1."Description", m1."IsDeleted", m1."MainVariantName", m1."MaterialCount", m1."MaterialNames", m1."MeshCount", m1."ModelId", m1."TechnicalDetailsUpdatedAt", m1."ThumbnailId", m1."TriangleCount", m1."UpdatedAt", m1."VariantNames", m1."VersionNumber", m1."VertexCount"
              FROM "ModelVersions" AS m1
              WHERE NOT (m1."IsDeleted")
          ) AS m2 ON t."ModelVersionId" = m2."Id"
          LEFT JOIN (
              SELECT e."Id", e."CreatedAt", e."CustomThumbnailFileId", e."DeletedAt", e."EnvironmentMapCategoryId", e."IsDeleted", e."Name", e."PreviewVariantId", e."UpdatedAt"
              FROM "EnvironmentMaps" AS e
              WHERE NOT (e."IsDeleted")
          ) AS e0 ON t."EnvironmentMapId" = e0."Id"
          LEFT JOIN (
              SELECT e1."Id", e1."CreatedAt", e1."DeletedAt", e1."EnvironmentMapId", e1."FileId", e1."IsDeleted", e1."ProjectionType", e1."SizeLabel", e1."ThumbnailPath", e1."UpdatedAt"
              FROM "EnvironmentMapVariants" AS e1
              WHERE NOT (e1."IsDeleted")
          ) AS e2 ON t."EnvironmentMapVariantId" = e2."Id"
          WHERE t."Status" = 0 OR (t."Status" = 1 AND t."LockedAt" IS NOT NULL AND t."LockedAt" + CAST(t."LockTimeoutMinutes"::double precision::text || ' mins' AS interval) &lt;= @__currentTime_0)
          ORDER BY t."CreatedAt"
          LIMIT 1
      ) AS s
      LEFT JOIN "ModelVersionTextureSets" AS m3 ON s."Id1" = m3."ModelVersionId"
      ORDER BY s."CreatedAt", s."Id", s."Id0", s."Id1", s."Id2", s."Id3", m3."ModelVersionId", m3."TextureSetId", m3."MaterialName"
info: Microsoft.EntityFrameworkCore.Database.Command[20101]
      Executed DbCommand (4ms) [Parameters=[@__currentTime_0='?' (DbType = DateTime)], CommandType='Text', CommandTimeout='30']
      SELECT s."Id", s."AssetType", s."AttemptCount", s."CompletedAt", s."CreatedAt", s."EnvironmentMapId", s."EnvironmentMapVariantId", s."ErrorMessage", s."LockTimeoutMinutes", s."LockedAt", s."LockedBy", s."MaxAttempts", s."ModelHash", s."ModelId", s."ModelVersionId", s."ProxySize", s."SoundHash", s."SoundId", s."Status", s."TextureSetId", s."UpdatedAt", s."Id0", s."ActiveVersionId", s."CreatedAt0", s."DeletedAt", s."Description", s."FileId", s."IsDeleted", s."ModelCategoryId", s."Name", s."UpdatedAt0", s."Id1", s."CreatedAt1", s."DefaultTextureSetId", s."DeletedAt0", s."Description0", s."IsDeleted0", s."MainVariantName", s."MaterialCount", s."MaterialNames", s."MeshCount", s."ModelId0", s."TechnicalDetailsUpdatedAt", s."ThumbnailId", s."TriangleCount", s."UpdatedAt1", s."VariantNames", s."VersionNumber", s."VertexCount", s."Id2", s."Id3", m3."ModelVersionId", m3."TextureSetId", m3."MaterialName", m3."VariantName", s."CreatedAt2", s."CustomThumbnailFileId", s."DeletedAt1", s."EnvironmentMapCategoryId", s."IsDeleted1", s."Name0", s."PreviewVariantId", s."UpdatedAt2", s."CreatedAt3", s."DeletedAt2", s."EnvironmentMapId0", s."FileId0", s."IsDeleted2", s."ProjectionType", s."SizeLabel", s."ThumbnailPath", s."UpdatedAt3"
      FROM (
          SELECT t."Id", t."AssetType", t."AttemptCount", t."CompletedAt", t."CreatedAt", t."EnvironmentMapId", t."EnvironmentMapVariantId", t."ErrorMessage", t."LockTimeoutMinutes", t."LockedAt", t."LockedBy", t."MaxAttempts", t."ModelHash", t."ModelId", t."ModelVersionId", t."ProxySize", t."SoundHash", t."SoundId", t."Status", t."TextureSetId", t."UpdatedAt", m0."Id" AS "Id0", m0."ActiveVersionId", m0."CreatedAt" AS "CreatedAt0", m0."DeletedAt", m0."Description", m0."FileId", m0."IsDeleted", m0."ModelCategoryId", m0."Name", m0."UpdatedAt" AS "UpdatedAt0", m2."Id" AS "Id1", m2."CreatedAt" AS "CreatedAt1", m2."DefaultTextureSetId", m2."DeletedAt" AS "DeletedAt0", m2."Description" AS "Description0", m2."IsDeleted" AS "IsDeleted0", m2."MainVariantName", m2."MaterialCount", m2."MaterialNames", m2."MeshCount", m2."ModelId" AS "ModelId0", m2."TechnicalDetailsUpdatedAt", m2."ThumbnailId", m2."TriangleCount", m2."UpdatedAt" AS "UpdatedAt1", m2."VariantNames", m2."VersionNumber", m2."VertexCount", e0."Id" AS "Id2", e0."CreatedAt" AS "CreatedAt2", e0."CustomThumbnailFileId", e0."DeletedAt" AS "DeletedAt1", e0."EnvironmentMapCategoryId", e0."IsDeleted" AS "IsDeleted1", e0."Name" AS "Name0", e0."PreviewVariantId", e0."UpdatedAt" AS "UpdatedAt2", e2."Id" AS "Id3", e2."CreatedAt" AS "CreatedAt3", e2."DeletedAt" AS "DeletedAt2", e2."EnvironmentMapId" AS "EnvironmentMapId0", e2."FileId" AS "FileId0", e2."IsDeleted" AS "IsDeleted2", e2."ProjectionType", e2."SizeLabel", e2."ThumbnailPath", e2."UpdatedAt" AS "UpdatedAt3"
          FROM "ThumbnailJobs" AS t
          LEFT JOIN (
              SELECT m."Id", m."ActiveVersionId", m."CreatedAt", m."DeletedAt", m."Description", m."FileId", m."IsDeleted", m."ModelCategoryId", m."Name", m."UpdatedAt"
              FROM "Models" AS m
              WHERE NOT (m."IsDeleted")
          ) AS m0 ON t."ModelId" = m0."Id"
          LEFT JOIN (
              SELECT m1."Id", m1."CreatedAt", m1."DefaultTextureSetId", m1."DeletedAt", m1."Description", m1."IsDeleted", m1."MainVariantName", m1."MaterialCount", m1."MaterialNames", m1."MeshCount", m1."ModelId", m1."TechnicalDetailsUpdatedAt", m1."ThumbnailId", m1."TriangleCount", m1."UpdatedAt", m1."VariantNames", m1."VersionNumber", m1."VertexCount"
              FROM "ModelVersions" AS m1
              WHERE NOT (m1."IsDeleted")
          ) AS m2 ON t."ModelVersionId" = m2."Id"
          LEFT JOIN (
              SELECT e."Id", e."CreatedAt", e."CustomThumbnailFileId", e."DeletedAt", e."EnvironmentMapCategoryId", e."IsDeleted", e."Name", e."PreviewVariantId", e."UpdatedAt"
              FROM "EnvironmentMaps" AS e
              WHERE NOT (e."IsDeleted")
          ) AS e0 ON t."EnvironmentMapId" = e0."Id"
          LEFT JOIN (
              SELECT e1."Id", e1."CreatedAt", e1."DeletedAt", e1."EnvironmentMapId", e1."FileId", e1."IsDeleted", e1."ProjectionType", e1."SizeLabel", e1."ThumbnailPath", e1."UpdatedAt"
              FROM "EnvironmentMapVariants" AS e1
              WHERE NOT (e1."IsDeleted")
          ) AS e2 ON t."EnvironmentMapVariantId" = e2."Id"
          WHERE t."Status" = 0 OR (t."Status" = 1 AND t."LockedAt" IS NOT NULL AND t."LockedAt" + CAST(t."LockTimeoutMinutes"::double precision::text || ' mins' AS interval) &lt;= @__currentTime_0)
          ORDER BY t."CreatedAt"
          LIMIT 1
      ) AS s
      LEFT JOIN "ModelVersionTextureSets" AS m3 ON s."Id1" = m3."ModelVersionId"
      ORDER BY s."CreatedAt", s."Id", s."Id0", s."Id1", s."Id2", s."Id3", m3."ModelVersionId", m3."TextureSetId", m3."MaterialName"
info: Microsoft.EntityFrameworkCore.Database.Command[20101]
      Executed DbCommand (1ms) [Parameters=[@p20='?' (DbType = Int32), @p0='?', @p1='?' (DbType = Int32), @p2='?' (DbType = DateTime), @p3='?' (DbType = DateTime), @p4='?' (DbType = Int32), @p5='?' (DbType = Int32), @p6='?', @p7='?' (DbType = Int32), @p8='?' (DbType = DateTime), @p9='?', @p10='?' (DbType = Int32), @p11='?', @p12='?' (DbType = Int32), @p13='?' (DbType = Int32), @p14='?' (DbType = Int32), @p15='?', @p16='?' (DbType = Int32), @p17='?' (DbType = Int32), @p18='?' (DbType = Int32), @p19='?' (DbType = DateTime)], CommandType='Text', CommandTimeout='30']
      UPDATE "ThumbnailJobs" SET "AssetType" = @p0, "AttemptCount" = @p1, "CompletedAt" = @p2, "CreatedAt" = @p3, "EnvironmentMapId" = @p4, "EnvironmentMapVariantId" = @p5, "ErrorMessage" = @p6, "LockTimeoutMinutes" = @p7, "LockedAt" = @p8, "LockedBy" = @p9, "MaxAttempts" = @p10, "ModelHash" = @p11, "ModelId" = @p12, "ModelVersionId" = @p13, "ProxySize" = @p14, "SoundHash" = @p15, "SoundId" = @p16, "Status" = @p17, "TextureSetId" = @p18, "UpdatedAt" = @p19
      WHERE "Id" = @p20;
info: Infrastructure.Services.ThumbnailQueue[0]
      Worker worker-1 claimed thumbnail job 2 for model 5 version 4 (attempt 1)
info: Microsoft.EntityFrameworkCore.Database.Command[20101]
      Executed DbCommand (2ms) [Parameters=[@p20='?' (DbType = Int32), @p0='?', @p1='?' (DbType = Int32), @p2='?' (DbType = DateTime), @p3='?' (DbType = DateTime), @p4='?' (DbType = Int32), @p5='?' (DbType = Int32), @p6='?', @p7='?' (DbType = Int32), @p8='?' (DbType = DateTime), @p9='?', @p10='?' (DbType = Int32), @p11='?', @p12='?' (DbType = Int32), @p13='?' (DbType = Int32), @p14='?' (DbType = Int32), @p15='?', @p16='?' (DbType = Int32), @p17='?' (DbType = Int32), @p18='?' (DbType = Int32), @p19='?' (DbType = DateTime)], CommandType='Text', CommandTimeout='30']
      UPDATE "ThumbnailJobs" SET "AssetType" = @p0, "AttemptCount" = @p1, "CompletedAt" = @p2, "CreatedAt" = @p3, "EnvironmentMapId" = @p4, "EnvironmentMapVariantId" = @p5, "ErrorMessage" = @p6, "LockTimeoutMinutes" = @p7, "LockedAt" = @p8, "LockedBy" = @p9, "MaxAttempts" = @p10, "ModelHash" = @p11, "ModelId" = @p12, "ModelVersionId" = @p13, "ProxySize" = @p14, "SoundHash" = @p15, "SoundId" = @p16, "Status" = @p17, "TextureSetId" = @p18, "UpdatedAt" = @p19
      WHERE "Id" = @p20;
info: Infrastructure.Services.ThumbnailQueue[0]
      Worker worker-3 claimed thumbnail job 2 for model 5 version 4 (attempt 1)
info: Microsoft.EntityFrameworkCore.Database.Command[20101]
      Executed DbCommand (2ms) [Parameters=[@p20='?' (DbType = Int32), @p0='?', @p1='?' (DbType = Int32), @p2='?' (DbType = DateTime), @p3='?' (DbType = DateTime), @p4='?' (DbType = Int32), @p5='?' (DbType = Int32), @p6='?', @p7='?' (DbType = Int32), @p8='?' (DbType = DateTime), @p9='?', @p10='?' (DbType = Int32), @p11='?', @p12='?' (DbType = Int32), @p13='?' (DbType = Int32), @p14='?' (DbType = Int32), @p15='?', @p16='?' (DbType = Int32), @p17='?' (DbType = Int32), @p18='?' (DbType = Int32), @p19='?' (DbType = DateTime)], CommandType='Text', CommandTimeout='30']
      UPDATE "ThumbnailJobs" SET "AssetType" = @p0, "AttemptCount" = @p1, "CompletedAt" = @p2, "CreatedAt" = @p3, "EnvironmentMapId" = @p4, "EnvironmentMapVariantId" = @p5, "ErrorMessage" = @p6, "LockTimeoutMinutes" = @p7, "LockedAt" = @p8, "LockedBy" = @p9, "MaxAttempts" = @p10, "ModelHash" = @p11, "ModelId" = @p12, "ModelVersionId" = @p13, "ProxySize" = @p14, "SoundHash" = @p15, "SoundId" = @p16, "Status" = @p17, "TextureSetId" = @p18, "UpdatedAt" = @p19
      WHERE "Id" = @p20;
info: Infrastructure.Services.ThumbnailQueue[0]
      Worker worker-2 claimed thumbnail job 2 for model 5 version 4 (attempt 1)
info: Application.ThumbnailJobs.DequeueThumbnailJobCommandHandler[0]
      Successfully dequeued thumbnail job 2 for worker worker-1
info: Application.ThumbnailJobs.DequeueThumbnailJobCommandHandler[0]
      Successfully dequeued thumbnail job 2 for worker worker-3
info: Application.ThumbnailJobs.DequeueThumbnailJobCommandHandler[0]
      Successfully dequeued thumbnail job 2 for worker worker-2
info: Microsoft.EntityFrameworkCore.Database.Command[20101]
      Executed DbCommand (2ms) [Parameters=[@p20='?' (DbType = Int32), @p0='?', @p1='?' (DbType = Int32), @p2='?' (DbType = DateTime), @p3='?' (DbType = DateTime), @p4='?' (DbType = Int32), @p5='?' (DbType = Int32), @p6='?', @p7='?' (DbType = Int32), @p8='?' (DbType = DateTime), @p9='?', @p10='?' (DbType = Int32), @p11='?', @p12='?' (DbType = Int32), @p13='?' (DbType = Int32), @p14='?' (DbType = Int32), @p15='?', @p16='?' (DbType = Int32), @p17='?' (DbType = Int32), @p18='?' (DbType = Int32), @p19='?' (DbType = DateTime)], CommandType='Text', CommandTimeout='30']
      UPDATE "ThumbnailJobs" SET "AssetType" = @p0, "AttemptCount" = @p1, "CompletedAt" = @p2, "CreatedAt" = @p3, "EnvironmentMapId" = @p4, "EnvironmentMapVariantId" = @p5, "ErrorMessage" = @p6, "LockTimeoutMinutes" = @p7, "LockedAt" = @p8, "LockedBy" = @p9, "MaxAttempts" = @p10, "ModelHash" = @p11, "ModelId" = @p12, "ModelVersionId" = @p13, "ProxySize" = @p14, "SoundHash" = @p15, "SoundId" = @p16, "Status" = @p17, "TextureSetId" = @p18, "UpdatedAt" = @p19
      WHERE "Id" = @p20;
info: Infrastructure.Services.ThumbnailQueue[0]
      Worker worker-4 claimed thumbnail job 2 for model 5 version 4 (attempt 1)
info: Application.ThumbnailJobs.DequeueThumbnailJobCommandHandler[0]
      Successfully dequeued thumbnail job 2 for worker worker-4
info: Microsoft.EntityFrameworkCore.Database.Command[20101]
      Executed DbCommand (2ms) [Parameters=[@p20='?' (DbType = Int32), @p0='?', @p1='?' (DbType = Int32), @p2='?' (DbType = DateTime), @p3='?' (DbType = DateTime), @p4='?' (DbType = Int32), @p5='?' (DbType = Int32), @p6='?', @p7='?' (DbType = Int32), @p8='?' (DbType = DateTime), @p9='?', @p10='?' (DbType = Int32), @p11='?', @p12='?' (DbType = Int32), @p13='?' (DbType = Int32), @p14='?' (DbType = Int32), @p15='?', @p16='?' (DbType = Int32), @p17='?' (DbType = Int32), @p18='?' (DbType = Int32), @p19='?' (DbType = DateTime)], CommandType='Text', CommandTimeout='30']
      UPDATE "ThumbnailJobs" SET "AssetType" = @p0, "AttemptCount" = @p1, "CompletedAt" = @p2, "CreatedAt" = @p3, "EnvironmentMapId" = @p4, "EnvironmentMapVariantId" = @p5, "ErrorMessage" = @p6, "LockTimeoutMinutes" = @p7, "LockedAt" = @p8, "LockedBy" = @p9, "MaxAttempts" = @p10, "ModelHash" = @p11, "ModelId" = @p12, "ModelVersionId" = @p13, "ProxySize" = @p14, "SoundHash" = @p15, "SoundId" = @p16, "Status" = @p17, "TextureSetId" = @p18, "UpdatedAt" = @p19
      WHERE "Id" = @p20;
info: Infrastructure.Services.ThumbnailQueue[0]
      Worker worker-0 claimed thumbnail job 2 for model 5 version 4 (attempt 1)
info: Application.ThumbnailJobs.DequeueThumbnailJobCommandHandler[0]
      Successfully dequeued thumbnail job 2 for worker worker-0
[xUnit.net 00:00:03.09]   Finished:    WebApi.Tests
</StdOut>
    </Output>
  </ResultSummary>
</TestRun>