<?xml version="1.0" encoding="utf-8"?>
<TestRun id="998a2875-6361-4ff0-8ee0-9e7cd639e334" name="@devmachine 2026-06-11 02:01:50" xmlns="http://microsoft.com/schemas/VisualStudio/TeamTest/2010">
  <Times creation="2026-06-11T02:01:50.2444600+02:00" queuing="2026-06-11T02:01:50.2444600+02:00" start="2026-06-11T02:01:49.8947730+02:00" finish="2026-06-11T02:01:50.2446510+02:00" />
  <TestSettings name="default" id="74dac7ec-8216-4cce-bfe1-bf4f9ce5626d">
    <Deployment runDeploymentRoot="_devmachine_2026-06-11_02_01_50" />
  </TestSettings>
  <TestLists>
    <TestList name="Wyniki, których nie ma na liście" id="8c84fa94-04c1-424b-9868-57a2d4851a1d" />
    <TestList name="Wszystkie załadowane wyniki" id="19431567-8539-422a-85d7-44ee4e166bda" />
  </TestLists>
  <ResultSummary outcome="Completed">
    <Counters total="0" executed="0" passed="0" failed="0" error="0" timeout="0" aborted="0" inconclusive="0" passedButRunAborted="0" notRunnable="0" notExecuted="0" disconnected="0" warning="0" completed="0" inProgress="0" pending="0" />
    <Output>
      <StdOut>[xUnit.net 00:00:00.00] xUnit.net VSTest Adapter v3.0.2+dd36e86129 (64-bit .NET 9.0.14)
[xUnit.net 00:00:00.03]   Discovering: Infrastructure.Tests
[xUnit.net 00:00:00.05]   Discovered:  Infrastructure.Tests
</StdOut>
    </Output>
    <RunInfos>
      <RunInfo computerName="devmachine" outcome="Warning" timestamp="2026-06-11T02:01:50.1961720+02:00">
        <Text>Żaden test nie jest zgodny z podanym filtrem przypadku testowego „Category=Integration” w elemencie /Users/devmachine/kod/Modelibr/tests/Infrastructure.Tests/bin/Debug/net9.0/Infrastructure.Tests.dll</Text>
      </RunInfo>
    </RunInfos>
  </ResultSummary>
</TestRun>