<?xml version="1.0" encoding="utf-8"?>
<TestRun id="3848873c-d533-4cac-9592-9d693ef7982e" name="@devmachine 2026-06-11 01:57:31" xmlns="http://microsoft.com/schemas/VisualStudio/TeamTest/2010">
  <Times creation="2026-06-11T01:57:31.1788730+02:00" queuing="2026-06-11T01:57:31.1788730+02:00" start="2026-06-11T01:57:30.5672930+02:00" finish="2026-06-11T01:57:31.2126770+02:00" />
  <TestSettings name="default" id="4aa772cd-ac07-44d0-93ed-79dff559c60f">
    <Deployment runDeploymentRoot="_devmachine_2026-06-11_01_57_31" />
  </TestSettings>
  <Results>
    <UnitTestResult executionId="443bd6e9-7c0a-499e-8dab-abc030a4d65d" testId="0b1332dc-1cbb-42ee-862f-63e006e11f88" testName="Domain.Tests.Unit.TextureDomainTests.Create_WithValidTextureFileAndType_ReturnsTexture" computerName="devmachine" duration="00:00:00.0001933" startTime="2026-06-11T01:57:31.1575540+02:00" endTime="2026-06-11T01:57:31.1579740+02:00" testType="13cdc9d9-ddb5-4fa4-a97d-d965ccfc6d4b" outcome="Passed" testListId="8c84fa94-04c1-424b-9868-57a2d4851a1d" relativeResultsDirectory="443bd6e9-7c0a-499e-8dab-abc030a4d65d" />
    <UnitTestResult executionId="d2312744-3128-45f4-a922-3183e4b71edf" testId="f00ed89d-2a85-188d-f020-2e663373aeb7" testName="Domain.Tests.Unit.ThumbnailJobDomainTests.MarkAsCompleted_ShouldUpdateJobStatus" computerName="devmachine" duration="00:00:00.0094399" startTime="2026-06-11T01:57:31.1331250+02:00" endTime="2026-06-11T01:57:31.1440270+02:00" testType="13cdc9d9-ddb5-4fa4-a97d-d965ccfc6d4b" outcome="Passed" testListId="8c84fa94-04c1-424b-9868-57a2d4851a1d" relativeResultsDirectory="d2312744-3128-45f4-a922-3183e4b71edf" />
    <UnitTestResult executionId="b2a2d367-7c58-41ee-a69f-aa7f8e1c5a15" testId="6af1d8d1-d2c9-556a-9c86-ddc14d945276" testName="Domain.Tests.Unit.ThumbnailJobDomainTests.Create_WithInvalidModelHash_ShouldThrowArgumentException(invalidHash: &quot;1234567890abcdef1234567890abcdef1234567890abcdef12&quot;···)" computerName="devmachine" duration="00:00:00.0000220" startTime="2026-06-11T01:57:31.1524490+02:00" endTime="2026-06-11T01:57:31.1524640+02:00" testType="13cdc9d9-ddb5-4fa4-a97d-d965ccfc6d4b" outcome="Passed" testListId="8c84fa94-04c1-424b-9868-57a2d4851a1d" relativeResultsDirectory="b2a2d367-7c58-41ee-a69f-aa7f8e1c5a15" />
    <UnitTestResult executionId="7231e146-91a7-469c-985a-5dcc7c201f83" testId="b069ffa8-a5bd-1c16-d7e6-779d285f155f" testName="Domain.Tests.Unit.SettingDomainTests.UpdateValue_WithValidValue_UpdatesValue" computerName="devmachine" duration="00:00:00.0000727" startTime="2026-06-11T01:57:31.1242660+02:00" endTime="2026-06-11T01:57:31.1243020+02:00" testType="13cdc9d9-ddb5-4fa4-a97d-d965ccfc6d4b" outcome="Passed" testListId="8c84fa94-04c1-424b-9868-57a2d4851a1d" relativeResultsDirectory="7231e146-91a7-469c-985a-5dcc7c201f83" />
    <UnitTestResult executionId="87287b3f-611b-4ff3-9721-086350a32024" testId="f377b20b-8474-90fc-f089-43112a2cb616" testName="Domain.Tests.Unit.ModelVersionDomainTests.Create_WithValidParameters_CreatesModelVersion" computerName="devmachine" duration="00:00:00.0001920" startTime="2026-06-11T01:57:31.1469900+02:00" endTime="2026-06-11T01:57:31.1470270+02:00" testType="13cdc9d9-ddb5-4fa4-a97d-d965ccfc6d4b" outcome="Passed" testListId="8c84fa94-04c1-424b-9868-57a2d4851a1d" relativeResultsDirectory="87287b3f-611b-4ff3-9721-086350a32024" />
    <UnitTestResult executionId="3bb5ebe7-84e7-4170-b166-6fc0124ae1a2" testId="33c8ce9d-7217-6738-61e6-00670be6c77d" testName="Domain.Tests.ValueObjects.FileTypeValueObjectTests.FromFileName_WithKnownExtensions_ReturnsCorrectFileType(fileName: &quot;texture.png&quot;, expectedValue: &quot;texture&quot;)" computerName="devmachine" duration="00:00:00.0000014" startTime="2026-06-11T01:57:31.1272900+02:00" endTime="2026-06-11T01:57:31.1273310+02:00" testType="13cdc9d9-ddb5-4fa4-a97d-d965ccfc6d4b" outcome="Passed" testListId="8c84fa94-04c1-424b-9868-57a2d4851a1d" relativeResultsDirectory="3bb5ebe7-84e7-4170-b166-6fc0124ae1a2" />
    <UnitTestResult executionId="42998284-5007-4888-ab85-560fb37f65d4" testId="a356eda4-e87f-77e8-5ee7-5a01d4e05379" testName="Domain.Tests.ValueObjects.TextureTypeTests.ValidateForStorage_WithSupportedTypes_ReturnsSuccess(textureType: Roughness)" computerName="devmachine" duration="00:00:00.0000016" startTime="2026-06-11T01:57:31.1538860+02:00" endTime="2026-06-11T01:57:31.1539030+02:00" testType="13cdc9d9-ddb5-4fa4-a97d-d965ccfc6d4b" outcome="Passed" testListId="8c84fa94-04c1-424b-9868-57a2d4851a1d" relativeResultsDirectory="42998284-5007-4888-ab85-560fb37f65d4" />
    <UnitTestResult executionId="7e714c19-e853-4c11-bf46-b290017d766c" testId="288074a3-6d6c-8b62-6ac3-cee003264e89" testName="Domain.Tests.Unit.ModelVersionDomainTests.SetMaterialNames_SetsMaterialNames" computerName="devmachine" duration="00:00:00.0012978" startTime="2026-06-11T01:57:31.1616320+02:00" endTime="2026-06-11T01:57:31.1631690+02:00" testType="13cdc9d9-ddb5-4fa4-a97d-d965ccfc6d4b" outcome="Passed" testListId="8c84fa94-04c1-424b-9868-57a2d4851a1d" relativeResultsDirectory="7e714c19-e853-4c11-bf46-b290017d766c" />
    <UnitTestResult executionId="ecbfb578-fd83-40cf-8303-a67c83406fc5" testId="63fb3444-dd29-5975-30c0-f863f3b972ef" testName="Domain.Tests.ValueObjects.FileTypeValueObjectTests.ValidateForModelUpload_WithNonRenderableFiles_ReturnsFailure(fileName: &quot;unknown.xyz&quot;)" computerName="devmachine" duration="00:00:00.0000036" startTime="2026-06-11T01:57:31.1326360+02:00" endTime="2026-06-11T01:57:31.1326730+02:00" testType="13cdc9d9-ddb5-4fa4-a97d-d965ccfc6d4b" outcome="Passed" testListId="8c84fa94-04c1-424b-9868-57a2d4851a1d" relativeResultsDirectory="ecbfb578-fd83-40cf-8303-a67c83406fc5" />
    <UnitTestResult executionId="927b1430-26cd-4767-b362-c3bce7a07049" testId="be772ed7-de57-1eef-3111-c4d2faf8c474" testName="Domain.Tests.Unit.TextureSetDomainTests.UpdateKind_ChangesKindAndTimestamp" computerName="devmachine" duration="00:00:00.0001148" startTime="2026-06-11T01:57:31.1676400+02:00" endTime="2026-06-11T01:57:31.1676570+02:00" testType="13cdc9d9-ddb5-4fa4-a97d-d965ccfc6d4b" outcome="Passed" testListId="8c84fa94-04c1-424b-9868-57a2d4851a1d" relativeResultsDirectory="927b1430-26cd-4767-b362-c3bce7a07049" />
    <UnitTestResult executionId="12738f64-93aa-44c7-bccb-3a256d7f0497" testId="97acaddb-f446-e9a0-6d25-07cc1262d657" testName="Domain.Tests.ValueObjects.FileTypeValueObjectTests.ValidateForUpload_WithUnknownExtension_ReturnsOtherFileType" computerName="devmachine" duration="00:00:00.0000621" startTime="2026-06-11T01:57:31.1532470+02:00" endTime="2026-06-11T01:57:31.1532920+02:00" testType="13cdc9d9-ddb5-4fa4-a97d-d965ccfc6d4b" outcome="Passed" testListId="8c84fa94-04c1-424b-9868-57a2d4851a1d" relativeResultsDirectory="12738f64-93aa-44c7-bccb-3a256d7f0497" />
    <UnitTestResult executionId="44e9dd5f-2960-45c9-a8a6-1509ac32a084" testId="b3592ab3-709c-b3da-56b4-7ee8f155eb03" testName="Domain.Tests.Unit.FileDomainTests.Create_WithInvalidFilePath_ThrowsArgumentException(filePath: &quot;   &quot;)" computerName="devmachine" duration="00:00:00.0001482" startTime="2026-06-11T01:57:31.1649860+02:00" endTime="2026-06-11T01:57:31.1650540+02:00" testType="13cdc9d9-ddb5-4fa4-a97d-d965ccfc6d4b" outcome="Passed" testListId="8c84fa94-04c1-424b-9868-57a2d4851a1d" relativeResultsDirectory="44e9dd5f-2960-45c9-a8a6-1509ac32a084" />
    <UnitTestResult executionId="6ead46b4-68f2-4447-abdc-7ad971adf5cf" testId="045731d4-4e4c-bbe1-913a-18e63e4f4bbb" testName="Domain.Tests.Unit.TextureSetDomainTests.Create_WithInvalidName_ThrowsArgumentException(name: null)" computerName="devmachine" duration="00:00:00.0000420" startTime="2026-06-11T01:57:31.1626410+02:00" endTime="2026-06-11T01:57:31.1626980+02:00" testType="13cdc9d9-ddb5-4fa4-a97d-d965ccfc6d4b" outcome="Passed" testListId="8c84fa94-04c1-424b-9868-57a2d4851a1d" relativeResultsDirectory="6ead46b4-68f2-4447-abdc-7ad971adf5cf" />
    <UnitTestResult executionId="9971119f-4990-438b-a353-90cff1561ea5" testId="36e80266-fca2-fa52-a354-fdf88aedc5ff" testName="Domain.Tests.Unit.BatchUploadDomainTests.Create_WithUnsupportedUploadType_ThrowsArgumentException(uploadType: &quot;invalid&quot;)" computerName="devmachine" duration="00:00:00.0051962" startTime="2026-06-11T01:57:31.1313030+02:00" endTime="2026-06-11T01:57:31.1388780+02:00" testType="13cdc9d9-ddb5-4fa4-a97d-d965ccfc6d4b" outcome="Passed" testListId="8c84fa94-04c1-424b-9868-57a2d4851a1d" relativeResultsDirectory="9971119f-4990-438b-a353-90cff1561ea5" />
    <UnitTestResult executionId="fc556c05-ee81-4dba-9009-4659dbbd6b27" testId="26e8ed50-49a1-154b-229f-22f3057455f6" testName="Domain.Tests.Unit.SettingDomainTests.Create_WithValueTooLong_ThrowsArgumentException" computerName="devmachine" duration="00:00:00.0000816" startTime="2026-06-11T01:57:31.1203160+02:00" endTime="2026-06-11T01:57:31.1203340+02:00" testType="13cdc9d9-ddb5-4fa4-a97d-d965ccfc6d4b" outcome="Passed" testListId="8c84fa94-04c1-424b-9868-57a2d4851a1d" relativeResultsDirectory="fc556c05-ee81-4dba-9009-4659dbbd6b27" />
    <UnitTestResult executionId="ca2eb1c3-f11e-4d99-8803-8d6099f0dcad" testId="16079082-b1a8-8a4e-901e-4c32607e19ca" testName="Domain.Tests.Unit.TextureSetDomainTests.HasTextureOfType_WithAllSupportedTypes_WorksCorrectly(textureType: Emissive)" computerName="devmachine" duration="00:00:00.0001165" startTime="2026-06-11T01:57:31.1644770+02:00" endTime="2026-06-11T01:57:31.1645280+02:00" testType="13cdc9d9-ddb5-4fa4-a97d-d965ccfc6d4b" outcome="Passed" testListId="8c84fa94-04c1-424b-9868-57a2d4851a1d" relativeResultsDirectory="ca2eb1c3-f11e-4d99-8803-8d6099f0dcad" />
    <UnitTestResult executionId="745933c8-17a0-4a1c-93d0-71b0371bd0fc" testId="67e24e24-4e3e-bf73-6529-03c46346bfc8" testName="Domain.Tests.Unit.ThumbnailJobDomainTests.TryClaim_WhenLockExpired_ShouldSucceed" computerName="devmachine" duration="00:00:00.0001774" startTime="2026-06-11T01:57:31.1557920+02:00" endTime="2026-06-11T01:57:31.1558560+02:00" testType="13cdc9d9-ddb5-4fa4-a97d-d965ccfc6d4b" outcome="Passed" testListId="8c84fa94-04c1-424b-9868-57a2d4851a1d" relativeResultsDirectory="745933c8-17a0-4a1c-93d0-71b0371bd0fc" />
    <UnitTestResult executionId="4abbc3f5-4180-4bb6-b4d6-8069021ba00c" testId="da6faa79-dd30-5273-22b7-df98597f74d7" testName="Domain.Tests.Unit.ModelDomainTests.GetVersions_ReturnsOrderedVersions" computerName="devmachine" duration="00:00:00.0005104" startTime="2026-06-11T01:57:31.1660840+02:00" endTime="2026-06-11T01:57:31.1661080+02:00" testType="13cdc9d9-ddb5-4fa4-a97d-d965ccfc6d4b" outcome="Passed" testListId="8c84fa94-04c1-424b-9868-57a2d4851a1d" relativeResultsDirectory="4abbc3f5-4180-4bb6-b4d6-8069021ba00c" />
    <UnitTestResult executionId="6db61033-0c46-4900-bb9c-abc5d1d02ab4" testId="16038e8d-7ce3-fa29-8fda-80a373bb573e" testName="Domain.Tests.Unit.ModelDomainTests.HasTextureSet_WithNonExistingTextureSet_ReturnsFalse" computerName="devmachine" duration="00:00:00.0005844" startTime="2026-06-11T01:57:31.1552980+02:00" endTime="2026-06-11T01:57:31.1559990+02:00" testType="13cdc9d9-ddb5-4fa4-a97d-d965ccfc6d4b" outcome="Passed" testListId="8c84fa94-04c1-424b-9868-57a2d4851a1d" relativeResultsDirectory="6db61033-0c46-4900-bb9c-abc5d1d02ab4" />
    <UnitTestResult executionId="6c3c876e-9888-4110-b5f9-ce1e4f865477" testId="6c4a0dbc-de70-d67d-384c-8266b558ce14" testName="Domain.Tests.Unit.ModelVersionDomainTests.HasFile_WithExistingHash_ReturnsTrue" computerName="devmachine" duration="00:00:00.0001635" startTime="2026-06-11T01:57:31.1615080+02:00" endTime="2026-06-11T01:57:31.1615440+02:00" testType="13cdc9d9-ddb5-4fa4-a97d-d965ccfc6d4b" outcome="Passed" testListId="8c84fa94-04c1-424b-9868-57a2d4851a1d" relativeResultsDirectory="6c3c876e-9888-4110-b5f9-ce1e4f865477" />
    <UnitTestResult executionId="1d00d164-a58b-462e-b3f1-9a0acb7ff9d3" testId="53fc805c-94bb-12cd-74df-60493199e601" testName="Domain.Tests.ValueObjects.TextureTypeTests.IsHeightRelatedType_WithNonHeightTypes_ReturnsFalse(textureType: Metallic)" computerName="devmachine" duration="00:00:00.0000011" startTime="2026-06-11T01:57:31.1545660+02:00" endTime="2026-06-11T01:57:31.1545850+02:00" testType="13cdc9d9-ddb5-4fa4-a97d-d965ccfc6d4b" outcome="Passed" testListId="8c84fa94-04c1-424b-9868-57a2d4851a1d" relativeResultsDirectory="1d00d164-a58b-462e-b3f1-9a0acb7ff9d3" />
    <UnitTestResult executionId="aaf45ca9-c100-4d57-8815-f736c163c56f" testId="439dbd19-1928-ed6a-a0ee-dcd46d2a1780" testName="Domain.Tests.Unit.TextureSetCategoryDomainTests.Create_WithModelOwnedKind_Throws" computerName="devmachine" duration="00:00:00.0086186" startTime="2026-06-11T01:57:31.0576700+02:00" endTime="2026-06-11T01:57:31.0808220+02:00" testType="13cdc9d9-ddb5-4fa4-a97d-d965ccfc6d4b" outcome="Passed" testListId="8c84fa94-04c1-424b-9868-57a2d4851a1d" relativeResultsDirectory="aaf45ca9-c100-4d57-8815-f736c163c56f" />
    <UnitTestResult executionId="bb31c98f-d5cb-4d26-867c-46e0aba8ce0d" testId="450dc61c-3bcd-3d69-2f50-cf225b5d6ad7" testName="Domain.Tests.Unit.EnvironmentMapDomainTests.FromDimension_WhenFormattingSizeLabel_ReturnsExpectedValue(dimension: 4096, expected: &quot;4K&quot;)" computerName="devmachine" duration="00:00:00.0002069" startTime="2026-06-11T01:57:31.1690950+02:00" endTime="2026-06-11T01:57:31.1692910+02:00" testType="13cdc9d9-ddb5-4fa4-a97d-d965ccfc6d4b" outcome="Passed" testListId="8c84fa94-04c1-424b-9868-57a2d4851a1d" relativeResultsDirectory="bb31c98f-d5cb-4d26-867c-46e0aba8ce0d" />
    <UnitTestResult executionId="4ff854f4-d435-4982-af71-d7c0711233ac" testId="4f197ec0-526e-dcd1-ca2d-693ad31809b0" testName="Domain.Tests.Unit.TextureSetDomainTests.GetDescription_WithTextures_ReturnsCorrectDescription" computerName="devmachine" duration="00:00:00.0004494" startTime="2026-06-11T01:57:31.1661940+02:00" endTime="2026-06-11T01:57:31.1663260+02:00" testType="13cdc9d9-ddb5-4fa4-a97d-d965ccfc6d4b" outcome="Passed" testListId="8c84fa94-04c1-424b-9868-57a2d4851a1d" relativeResultsDirectory="4ff854f4-d435-4982-af71-d7c0711233ac" />
    <UnitTestResult executionId="49f72d78-e1be-4abd-830b-67e3c8836556" testId="3e2fa162-ec38-3f01-27d4-79aa4831e2b8" testName="Domain.Tests.Unit.ThumbnailJobDomainTests.IsLockExpired_WithExpiredLock_ShouldReturnTrue" computerName="devmachine" duration="00:00:00.0000573" startTime="2026-06-11T01:57:31.1508540+02:00" endTime="2026-06-11T01:57:31.1508700+02:00" testType="13cdc9d9-ddb5-4fa4-a97d-d965ccfc6d4b" outcome="Passed" testListId="8c84fa94-04c1-424b-9868-57a2d4851a1d" relativeResultsDirectory="49f72d78-e1be-4abd-830b-67e3c8836556" />
    <UnitTestResult executionId="2383b57b-7d14-46ce-bbfd-9eca1c9518ad" testId="b03ddbf8-3f33-a832-d010-0dec444c38a1" testName="Domain.Tests.Unit.SettingDomainTests.UpdateDescription_WithValidDescription_UpdatesDescription" computerName="devmachine" duration="00:00:00.0000756" startTime="2026-06-11T01:57:31.1234320+02:00" endTime="2026-06-11T01:57:31.1234690+02:00" testType="13cdc9d9-ddb5-4fa4-a97d-d965ccfc6d4b" outcome="Passed" testListId="8c84fa94-04c1-424b-9868-57a2d4851a1d" relativeResultsDirectory="2383b57b-7d14-46ce-bbfd-9eca1c9518ad" />
    <UnitTestResult executionId="82206061-e647-4ff0-b2e0-9bcc68625ed1" testId="c082941a-f4af-da11-59e6-fc72c9e24ee7" testName="Domain.Tests.Unit.ThumbnailJobDomainTests.Create_WithInvalidModelId_ShouldThrowArgumentException(invalidModelId: -1)" computerName="devmachine" duration="00:00:00.0006594" startTime="2026-06-11T01:57:31.1325040+02:00" endTime="2026-06-11T01:57:31.1329210+02:00" testType="13cdc9d9-ddb5-4fa4-a97d-d965ccfc6d4b" outcome="Passed" testListId="8c84fa94-04c1-424b-9868-57a2d4851a1d" relativeResultsDirectory="82206061-e647-4ff0-b2e0-9bcc68625ed1" />
    <UnitTestResult executionId="c08d91d4-0d39-402d-bf98-10e9aa3307a5" testId="144b084c-7ebf-ac23-7d1d-a0fbc7487493" testName="Domain.Tests.Unit.ModelDomainTests.UpdateName_WithValidData_UpdatesNameAndTime" computerName="devmachine" duration="00:00:00.0001584" startTime="2026-06-11T01:57:31.1661420+02:00" endTime="2026-06-11T01:57:31.1662090+02:00" testType="13cdc9d9-ddb5-4fa4-a97d-d965ccfc6d4b" outcome="Passed" testListId="8c84fa94-04c1-424b-9868-57a2d4851a1d" relativeResultsDirectory="c08d91d4-0d39-402d-bf98-10e9aa3307a5" />
    <UnitTestResult executionId="4e90fb75-97f9-44f0-a372-dea78716d7d8" testId="2ce82301-9645-888d-99ff-de0f79c4209f" testName="Domain.Tests.ValueObjects.FileTypeValueObjectTests.ValidateForModelUpload_WithProjectFiles_ReturnsSuccess(fileName: &quot;project.blend&quot;)" computerName="devmachine" duration="00:00:00.0058202" startTime="2026-06-11T01:57:31.1328800+02:00" endTime="2026-06-11T01:57:31.1396530+02:00" testType="13cdc9d9-ddb5-4fa4-a97d-d965ccfc6d4b" outcome="Passed" testListId="8c84fa94-04c1-424b-9868-57a2d4851a1d" relativeResultsDirectory="4e90fb75-97f9-44f0-a372-dea78716d7d8" />
    <UnitTestResult executionId="135e1476-c343-4a91-8aad-2c6f57e84e6b" testId="498e4cd1-a061-4d35-d219-956736a36c57" testName="Domain.Tests.Unit.ModelVersionDomainTests.Create_WithInvalidVersionNumber_ThrowsArgumentException(invalidVersionNumber: -10)" computerName="devmachine" duration="00:00:00.0000237" startTime="2026-06-11T01:57:31.1516720+02:00" endTime="2026-06-11T01:57:31.1516880+02:00" testType="13cdc9d9-ddb5-4fa4-a97d-d965ccfc6d4b" outcome="Passed" testListId="8c84fa94-04c1-424b-9868-57a2d4851a1d" relativeResultsDirectory="135e1476-c343-4a91-8aad-2c6f57e84e6b" />
    <UnitTestResult executionId="2ed2b9f0-4a8b-485c-beb3-49d9f3e8678b" testId="a9c683f4-7943-913c-26d5-5f5c2ca651d8" testName="Domain.Tests.Unit.ModelDomainTests.Create_WithInvalidName_ThrowsArgumentException(name: &quot;   &quot;)" computerName="devmachine" duration="00:00:00.0001522" startTime="2026-06-11T01:57:31.1485800+02:00" endTime="2026-06-11T01:57:31.1489720+02:00" testType="13cdc9d9-ddb5-4fa4-a97d-d965ccfc6d4b" outcome="Passed" testListId="8c84fa94-04c1-424b-9868-57a2d4851a1d" relativeResultsDirectory="2ed2b9f0-4a8b-485c-beb3-49d9f3e8678b" />
    <UnitTestResult executionId="72d16883-3e42-48be-8bcb-ad865cdbe1fc" testId="3a40de61-bc2f-6a5c-29bb-a1a152319afb" testName="Domain.Tests.Unit.FileDomainTests.Create_WithInvalidMimeType_ThrowsArgumentException(mimeType: &quot;   &quot;)" computerName="devmachine" duration="00:00:00.0002984" startTime="2026-06-11T01:57:31.1631310+02:00" endTime="2026-06-11T01:57:31.1635150+02:00" testType="13cdc9d9-ddb5-4fa4-a97d-d965ccfc6d4b" outcome="Passed" testListId="8c84fa94-04c1-424b-9868-57a2d4851a1d" relativeResultsDirectory="72d16883-3e42-48be-8bcb-ad865cdbe1fc" />
    <UnitTestResult executionId="28c1872d-c2e1-4688-aea3-c2ce699a42a4" testId="baf51d5d-1e1f-ad28-8d6d-38bd0b09b7ad" testName="Domain.Tests.Unit.TextureSetDomainTests.Create_WithInvalidName_ThrowsArgumentException(name: &quot;&quot;)" computerName="devmachine" duration="00:00:00.0001664" startTime="2026-06-11T01:57:31.1607400+02:00" endTime="2026-06-11T01:57:31.1610950+02:00" testType="13cdc9d9-ddb5-4fa4-a97d-d965ccfc6d4b" outcome="Passed" testListId="8c84fa94-04c1-424b-9868-57a2d4851a1d" relativeResultsDirectory="28c1872d-c2e1-4688-aea3-c2ce699a42a4" />
    <UnitTestResult executionId="3a01030b-6420-43eb-aba9-f9b9e01dd943" testId="a0edcba1-4e5d-1faa-7601-1e20798443f6" testName="Domain.Tests.Unit.TextureSetDomainTests.Create_DefaultTilingScale_IsOneByOne" computerName="devmachine" duration="00:00:00.0023588" startTime="2026-06-11T01:57:31.1653960+02:00" endTime="2026-06-11T01:57:31.1661580+02:00" testType="13cdc9d9-ddb5-4fa4-a97d-d965ccfc6d4b" outcome="Passed" testListId="8c84fa94-04c1-424b-9868-57a2d4851a1d" relativeResultsDirectory="3a01030b-6420-43eb-aba9-f9b9e01dd943" />
    <UnitTestResult executionId="44cb0db2-f73d-4161-b843-9654765acbae" testId="6a968c14-8aab-4303-e161-f201b503aa69" testName="Domain.Tests.Unit.SpriteCategoryDomainTests.Create_WithInvalidName_ThrowsArgumentException(name: null)" computerName="devmachine" duration="00:00:00.0000258" startTime="2026-06-11T01:57:31.1554470+02:00" endTime="2026-06-11T01:57:31.1554630+02:00" testType="13cdc9d9-ddb5-4fa4-a97d-d965ccfc6d4b" outcome="Passed" testListId="8c84fa94-04c1-424b-9868-57a2d4851a1d" relativeResultsDirectory="44cb0db2-f73d-4161-b843-9654765acbae" />
    <UnitTestResult executionId="a593e379-f6c2-4915-b844-94a4a377f99b" testId="bec53a3a-02b7-b604-87a2-abc225d88cb8" testName="Domain.Tests.Unit.TextureSetDomainTests.Create_WithNameTooLong_ThrowsArgumentException" computerName="devmachine" duration="00:00:00.0002289" startTime="2026-06-11T01:57:31.1580700+02:00" endTime="2026-06-11T01:57:31.1583720+02:00" testType="13cdc9d9-ddb5-4fa4-a97d-d965ccfc6d4b" outcome="Passed" testListId="8c84fa94-04c1-424b-9868-57a2d4851a1d" relativeResultsDirectory="a593e379-f6c2-4915-b844-94a4a377f99b" />
    <UnitTestResult executionId="c3930bff-af56-440d-9c71-f1c57a16f0e9" testId="0b8b1ffc-b3d6-5c93-d865-34462f505fae" testName="Domain.Tests.Unit.ModelVersionDomainTests.AddTextureMapping_AddsTextureMappingToVersion" computerName="devmachine" duration="00:00:00.0002072" startTime="2026-06-11T01:57:31.1555630+02:00" endTime="2026-06-11T01:57:31.1558900+02:00" testType="13cdc9d9-ddb5-4fa4-a97d-d965ccfc6d4b" outcome="Passed" testListId="8c84fa94-04c1-424b-9868-57a2d4851a1d" relativeResultsDirectory="c3930bff-af56-440d-9c71-f1c57a16f0e9" />
    <UnitTestResult executionId="9cb796e3-316f-439f-a3b4-e87fb77498a4" testId="9767dddd-9fac-7dc1-1f81-e6505d8b085f" testName="Domain.Tests.Unit.TextureDomainTests.Create_WithUnsupportedTextureType_ThrowsArgumentException" computerName="devmachine" duration="00:00:00.0004397" startTime="2026-06-11T01:57:31.1535020+02:00" endTime="2026-06-11T01:57:31.1549640+02:00" testType="13cdc9d9-ddb5-4fa4-a97d-d965ccfc6d4b" outcome="Passed" testListId="8c84fa94-04c1-424b-9868-57a2d4851a1d" relativeResultsDirectory="9cb796e3-316f-439f-a3b4-e87fb77498a4" />
    <UnitTestResult executionId="84232c75-c377-4d39-8d7a-caae22a769a9" testId="f3cc6657-4b29-c933-1e34-6410a7f02180" testName="Domain.Tests.Unit.ModelDomainTests.GetVersion_WithExistingVersionNumber_ReturnsVersion" computerName="devmachine" duration="00:00:00.0021006" startTime="2026-06-11T01:57:31.1613720+02:00" endTime="2026-06-11T01:57:31.1637960+02:00" testType="13cdc9d9-ddb5-4fa4-a97d-d965ccfc6d4b" outcome="Passed" testListId="8c84fa94-04c1-424b-9868-57a2d4851a1d" relativeResultsDirectory="84232c75-c377-4d39-8d7a-caae22a769a9" />
    <UnitTestResult executionId="c9682d3b-12ad-4ab1-b807-0a731dd9ae8f" testId="9ee46e86-c9d0-c711-8879-5e671d916cf9" testName="Domain.Tests.Unit.SettingDomainTests.Create_WithoutDescription_ReturnsSetting" computerName="devmachine" duration="00:00:00.0000601" startTime="2026-06-11T01:57:31.1202470+02:00" endTime="2026-06-11T01:57:31.1202670+02:00" testType="13cdc9d9-ddb5-4fa4-a97d-d965ccfc6d4b" outcome="Passed" testListId="8c84fa94-04c1-424b-9868-57a2d4851a1d" relativeResultsDirectory="c9682d3b-12ad-4ab1-b807-0a731dd9ae8f" />
    <UnitTestResult executionId="037bdd3e-de2f-42b2-8c61-502691430646" testId="7d289eaf-a863-a3ef-f0a1-b4be3abd9357" testName="Domain.Tests.Unit.EnvironmentMapDomainTests.FromDimension_WhenFormattingSizeLabel_ReturnsExpectedValue(dimension: 1500, expected: &quot;1500px&quot;)" computerName="devmachine" duration="00:00:00.0000837" startTime="2026-06-11T01:57:31.1693760+02:00" endTime="2026-06-11T01:57:31.1694140+02:00" testType="13cdc9d9-ddb5-4fa4-a97d-d965ccfc6d4b" outcome="Passed" testListId="8c84fa94-04c1-424b-9868-57a2d4851a1d" relativeResultsDirectory="037bdd3e-de2f-42b2-8c61-502691430646" />
    <UnitTestResult executionId="a2454116-2e9f-44a5-8613-7a39e16de911" testId="cf520e60-21df-b6ea-b86a-76c00279218e" testName="Domain.Tests.ValueObjects.TextureTypeTests.IsHeightRelatedType_WithNonHeightTypes_ReturnsFalse(textureType: Normal)" computerName="devmachine" duration="00:00:00.0000037" startTime="2026-06-11T01:57:31.1545260+02:00" endTime="2026-06-11T01:57:31.1545410+02:00" testType="13cdc9d9-ddb5-4fa4-a97d-d965ccfc6d4b" outcome="Passed" testListId="8c84fa94-04c1-424b-9868-57a2d4851a1d" relativeResultsDirectory="a2454116-2e9f-44a5-8613-7a39e16de911" />
    <UnitTestResult executionId="71d0ddcd-a131-4694-aa9a-bb87bf581324" testId="30b67ae7-ca76-ffcf-94d3-0276be68a955" testName="Domain.Tests.Unit.SpriteDomainTests.Sprite_InheritsFromAggregateRoot" computerName="devmachine" duration="00:00:00.0006089" startTime="2026-06-11T01:57:31.1396360+02:00" endTime="2026-06-11T01:57:31.1405120+02:00" testType="13cdc9d9-ddb5-4fa4-a97d-d965ccfc6d4b" outcome="Passed" testListId="8c84fa94-04c1-424b-9868-57a2d4851a1d" relativeResultsDirectory="71d0ddcd-a131-4694-aa9a-bb87bf581324" />
    <UnitTestResult executionId="11ba875f-9729-44f6-8998-6ff704e039a6" testId="b5b04cee-3222-b714-a831-63a96f213e87" testName="Domain.Tests.Unit.TextureSetDomainTests.Create_WithNameWithWhitespace_TrimsWhitespace" computerName="devmachine" duration="00:00:00.0000576" startTime="2026-06-11T01:57:31.1713410+02:00" endTime="2026-06-11T01:57:31.1713560+02:00" testType="13cdc9d9-ddb5-4fa4-a97d-d965ccfc6d4b" outcome="Passed" testListId="8c84fa94-04c1-424b-9868-57a2d4851a1d" relativeResultsDirectory="11ba875f-9729-44f6-8998-6ff704e039a6" />
    <UnitTestResult executionId="ecd669a5-574b-49f1-8d21-d4985d590011" testId="74783297-8cb0-a5a8-4dff-f492377a92fe" testName="Domain.Tests.Unit.SpriteCategoryDomainTests.Update_WithNullDescription_ClearsDescription" computerName="devmachine" duration="00:00:00.0014947" startTime="2026-06-11T01:57:31.1555050+02:00" endTime="2026-06-11T01:57:31.1581380+02:00" testType="13cdc9d9-ddb5-4fa4-a97d-d965ccfc6d4b" outcome="Passed" testListId="8c84fa94-04c1-424b-9868-57a2d4851a1d" relativeResultsDirectory="ecd669a5-574b-49f1-8d21-d4985d590011" />
    <UnitTestResult executionId="b67e2bbb-9d7c-4e4e-adc6-95786cd6d392" testId="de83acdd-6f92-9e41-d00f-8fd598d58a0a" testName="Domain.Tests.Unit.FileDomainTests.Create_WithInvalidSha256Hash_ThrowsArgumentException(sha256Hash: &quot;&quot;)" computerName="devmachine" duration="00:00:00.0000237" startTime="2026-06-11T01:57:31.1578880+02:00" endTime="2026-06-11T01:57:31.1579030+02:00" testType="13cdc9d9-ddb5-4fa4-a97d-d965ccfc6d4b" outcome="Passed" testListId="8c84fa94-04c1-424b-9868-57a2d4851a1d" relativeResultsDirectory="b67e2bbb-9d7c-4e4e-adc6-95786cd6d392" />
    <UnitTestResult executionId="15307e4c-5ab9-45a7-be4e-9f0b365d8f74" testId="560c79b0-0151-ad3d-d607-369542a22392" testName="Domain.Tests.ValueObjects.FileTypeValueObjectTests.ValidateForModelUpload_WithNonRenderableFiles_ReturnsFailure(fileName: &quot;texture.jpg&quot;)" computerName="devmachine" duration="00:00:00.0007605" startTime="2026-06-11T01:57:31.1314190+02:00" endTime="2026-06-11T01:57:31.1325530+02:00" testType="13cdc9d9-ddb5-4fa4-a97d-d965ccfc6d4b" outcome="Passed" testListId="8c84fa94-04c1-424b-9868-57a2d4851a1d" relativeResultsDirectory="15307e4c-5ab9-45a7-be4e-9f0b365d8f74" />
    <UnitTestResult executionId="050927ae-0219-4932-b69c-8b1a77a90d14" testId="a00c46d7-2462-ac7e-67c0-ace114b3c31c" testName="Domain.Tests.Unit.BatchUploadDomainTests.Create_WithValidUploadType_NormalizesToLowercase(uploadType: &quot;Model&quot;)" computerName="devmachine" duration="00:00:00.0000432" startTime="2026-06-11T01:57:31.1390840+02:00" endTime="2026-06-11T01:57:31.1390990+02:00" testType="13cdc9d9-ddb5-4fa4-a97d-d965ccfc6d4b" outcome="Passed" testListId="8c84fa94-04c1-424b-9868-57a2d4851a1d" relativeResultsDirectory="050927ae-0219-4932-b69c-8b1a77a90d14" />
    <UnitTestResult executionId="02767d0a-415d-46bc-9304-2a87858965ad" testId="f725bedc-5f72-d3f7-df61-d757f57d8e06" testName="Domain.Tests.Unit.ModelDomainTests.GetTextureSets_ReturnsReadOnlyList" computerName="devmachine" duration="00:00:00.0002819" startTime="2026-06-11T01:57:31.1642320+02:00" endTime="2026-06-11T01:57:31.1643840+02:00" testType="13cdc9d9-ddb5-4fa4-a97d-d965ccfc6d4b" outcome="Passed" testListId="8c84fa94-04c1-424b-9868-57a2d4851a1d" relativeResultsDirectory="02767d0a-415d-46bc-9304-2a87858965ad" />
    <UnitTestResult executionId="a9ac802b-d698-4d5a-98d2-b098e51c3cb5" testId="7b85b52b-1038-b82a-55d5-ca8dface4487" testName="Domain.Tests.Unit.ModelVersionDomainTests.GetTextureMappings_ReturnsReadOnlyList" computerName="devmachine" duration="00:00:00.0007621" startTime="2026-06-11T01:57:31.1634700+02:00" endTime="2026-06-11T01:57:31.1643200+02:00" testType="13cdc9d9-ddb5-4fa4-a97d-d965ccfc6d4b" outcome="Passed" testListId="8c84fa94-04c1-424b-9868-57a2d4851a1d" relativeResultsDirectory="a9ac802b-d698-4d5a-98d2-b098e51c3cb5" />
    <UnitTestResult executionId="eff92e26-bd94-4cbc-b551-b8e86c7e55de" testId="107ad913-c352-8183-3248-0b839db25715" testName="Domain.Tests.Unit.TextureDomainTests.Create_WithNullFile_ThrowsArgumentNullException" computerName="devmachine" duration="00:00:00.0001564" startTime="2026-06-11T01:57:31.1529860+02:00" endTime="2026-06-11T01:57:31.1533220+02:00" testType="13cdc9d9-ddb5-4fa4-a97d-d965ccfc6d4b" outcome="Passed" testListId="8c84fa94-04c1-424b-9868-57a2d4851a1d" relativeResultsDirectory="eff92e26-bd94-4cbc-b551-b8e86c7e55de" />
    <UnitTestResult executionId="87129e77-379d-4234-890b-8f4c46552bf1" testId="8afca554-6d03-5cc4-2352-24df919b9fbf" testName="Domain.Tests.Unit.TextureDomainTests.GetDescription_ReturnsExpectedFormat" computerName="devmachine" duration="00:00:00.0010242" startTime="2026-06-11T01:57:31.1550040+02:00" endTime="2026-06-11T01:57:31.1575140+02:00" testType="13cdc9d9-ddb5-4fa4-a97d-d965ccfc6d4b" outcome="Passed" testListId="8c84fa94-04c1-424b-9868-57a2d4851a1d" relativeResultsDirectory="87129e77-379d-4234-890b-8f4c46552bf1" />
    <UnitTestResult executionId="2d228ae0-14a2-4e91-af8b-4cadf50f08aa" testId="123420d5-2fb3-92cb-c96d-421ab01a1920" testName="Domain.Tests.Unit.TextureDomainTests.UpdateTextureType_WithIncompatibleChannel_ThrowsArgumentException(newTextureType: Roughness)" computerName="devmachine" duration="00:00:00.0011883" startTime="2026-06-11T01:57:31.1507880+02:00" endTime="2026-06-11T01:57:31.1526920+02:00" testType="13cdc9d9-ddb5-4fa4-a97d-d965ccfc6d4b" outcome="Passed" testListId="8c84fa94-04c1-424b-9868-57a2d4851a1d" relativeResultsDirectory="2d228ae0-14a2-4e91-af8b-4cadf50f08aa" />
    <UnitTestResult executionId="af2cfb52-8e3e-407f-8b80-5b785b7050d3" testId="18cffab4-8922-b460-3487-c0407e033db0" testName="Domain.Tests.Unit.ThumbnailJobDomainTests.Create_WithInvalidModelHash_ShouldThrowArgumentException(invalidHash: &quot;   &quot;)" computerName="devmachine" duration="00:00:00.0001665" startTime="2026-06-11T01:57:31.1518300+02:00" endTime="2026-06-11T01:57:31.1522970+02:00" testType="13cdc9d9-ddb5-4fa4-a97d-d965ccfc6d4b" outcome="Passed" testListId="8c84fa94-04c1-424b-9868-57a2d4851a1d" relativeResultsDirectory="af2cfb52-8e3e-407f-8b80-5b785b7050d3" />
    <UnitTestResult executionId="27241720-2c35-4480-96e5-87577b17ff16" testId="129602bd-3b89-533a-7d14-875edf926f30" testName="Domain.Tests.Unit.ModelVersionDomainTests.AddFile_WithNullFile_ThrowsArgumentNullException" computerName="devmachine" duration="00:00:00.0001118" startTime="2026-06-11T01:57:31.1324730+02:00" endTime="2026-06-11T01:57:31.1342020+02:00" testType="13cdc9d9-ddb5-4fa4-a97d-d965ccfc6d4b" outcome="Passed" testListId="8c84fa94-04c1-424b-9868-57a2d4851a1d" relativeResultsDirectory="27241720-2c35-4480-96e5-87577b17ff16" />
    <UnitTestResult executionId="f567691c-1ceb-439c-bc90-a2d37e322a45" testId="3ce8d2c5-0cbb-72b7-1dfe-c7a8c2e0e5e9" testName="Domain.Tests.ValueObjects.FileTypeValueObjectTests.FromFileName_WithKnownExtensions_ReturnsCorrectFileType(fileName: &quot;asset.glb&quot;, expectedValue: &quot;glb&quot;)" computerName="devmachine" duration="00:00:00.0000035" startTime="2026-06-11T01:57:31.1251230+02:00" endTime="2026-06-11T01:57:31.1251590+02:00" testType="13cdc9d9-ddb5-4fa4-a97d-d965ccfc6d4b" outcome="Passed" testListId="8c84fa94-04c1-424b-9868-57a2d4851a1d" relativeResultsDirectory="f567691c-1ceb-439c-bc90-a2d37e322a45" />
    <UnitTestResult executionId="32857178-e00c-4933-aec9-4df97aed39a4" testId="426a7ba5-00b0-7a31-fca3-d62858b1de0c" testName="Domain.Tests.ValueObjects.TextureTypeTests.GetDescription_ReturnsCorrectDescription(textureType: Bump, expectedDescription: &quot;Bump map for surface detail&quot;)" computerName="devmachine" duration="00:00:00.0000013" startTime="2026-06-11T01:57:31.1522090+02:00" endTime="2026-06-11T01:57:31.1522240+02:00" testType="13cdc9d9-ddb5-4fa4-a97d-d965ccfc6d4b" outcome="Passed" testListId="8c84fa94-04c1-424b-9868-57a2d4851a1d" relativeResultsDirectory="32857178-e00c-4933-aec9-4df97aed39a4" />
    <UnitTestResult executionId="8b435b9a-a6d3-431e-b802-08d9c4a0511a" testId="1fefb40d-c98b-e970-cccd-10dfa22378cc" testName="Domain.Tests.Unit.TextureSetDomainTests.HasTextureOfType_WithAllSupportedTypes_WorksCorrectly(textureType: Metallic)" computerName="devmachine" duration="00:00:00.0000200" startTime="2026-06-11T01:57:31.1648480+02:00" endTime="2026-06-11T01:57:31.1648640+02:00" testType="13cdc9d9-ddb5-4fa4-a97d-d965ccfc6d4b" outcome="Passed" testListId="8c84fa94-04c1-424b-9868-57a2d4851a1d" relativeResultsDirectory="8b435b9a-a6d3-431e-b802-08d9c4a0511a" />
    <UnitTestResult executionId="5bf0617b-95e8-430d-9922-ac1136e986be" testId="6485b695-b89e-cf08-d001-3375e3dace90" testName="Domain.Tests.Unit.FileDomainTests.Create_WithInvalidSha256Hash_ThrowsArgumentException(sha256Hash: &quot;   &quot;)" computerName="devmachine" duration="00:00:00.0002195" startTime="2026-06-11T01:57:31.1560710+02:00" endTime="2026-06-11T01:57:31.1564370+02:00" testType="13cdc9d9-ddb5-4fa4-a97d-d965ccfc6d4b" outcome="Passed" testListId="8c84fa94-04c1-424b-9868-57a2d4851a1d" relativeResultsDirectory="5bf0617b-95e8-430d-9922-ac1136e986be" />
    <UnitTestResult executionId="325ec2fb-0687-41c7-81a9-da0bac6133f2" testId="0631a506-87bd-8b74-13aa-4048106df578" testName="Domain.Tests.ValueObjects.TextureTypeTests.GetDescription_ReturnsCorrectDescription(textureType: Height, expectedDescription: &quot;Height map for parallax/displacement&quot;)" computerName="devmachine" duration="00:00:00.0000772" startTime="2026-06-11T01:57:31.1511730+02:00" endTime="2026-06-11T01:57:31.1512830+02:00" testType="13cdc9d9-ddb5-4fa4-a97d-d965ccfc6d4b" outcome="Passed" testListId="8c84fa94-04c1-424b-9868-57a2d4851a1d" relativeResultsDirectory="325ec2fb-0687-41c7-81a9-da0bac6133f2" />
    <UnitTestResult executionId="d6504227-79b1-4d93-a113-8f2bd9c1ebc5" testId="949d9b33-014e-70c1-ee9a-0f5751d09613" testName="Domain.Tests.Unit.ThumbnailJobDomainTests.CreateForEnvironmentMap_WithValidParameters_ShouldCreateThumbnailJob" computerName="devmachine" duration="00:00:00.0193549" startTime="2026-06-11T01:57:31.0573360+02:00" endTime="2026-06-11T01:57:31.1317470+02:00" testType="13cdc9d9-ddb5-4fa4-a97d-d965ccfc6d4b" outcome="Passed" testListId="8c84fa94-04c1-424b-9868-57a2d4851a1d" relativeResultsDirectory="d6504227-79b1-4d93-a113-8f2bd9c1ebc5" />
    <UnitTestResult executionId="945a65b3-d336-43d0-859b-46d6ea8753fb" testId="e514eb74-d896-ac79-b9c7-ca4922ce8fe7" testName="Domain.Tests.ValueObjects.TextureTypeTests.ValidateForStorage_WithSupportedTypes_ReturnsSuccess(textureType: Emissive)" computerName="devmachine" duration="00:00:00.0000016" startTime="2026-06-11T01:57:31.1539300+02:00" endTime="2026-06-11T01:57:31.1539470+02:00" testType="13cdc9d9-ddb5-4fa4-a97d-d965ccfc6d4b" outcome="Passed" testListId="8c84fa94-04c1-424b-9868-57a2d4851a1d" relativeResultsDirectory="945a65b3-d336-43d0-859b-46d6ea8753fb" />
    <UnitTestResult executionId="a6aac32c-4f3c-4272-8e0e-67e426357b50" testId="c0979b58-cc21-9893-4742-0390b7e3e569" testName="Domain.Tests.Unit.ThumbnailJobDomainTests.Cancel_WithDeadJob_ShouldThrowInvalidOperationException" computerName="devmachine" duration="00:00:00.0005465" startTime="2026-06-11T01:57:31.1468210+02:00" endTime="2026-06-11T01:57:31.1473140+02:00" testType="13cdc9d9-ddb5-4fa4-a97d-d965ccfc6d4b" outcome="Passed" testListId="8c84fa94-04c1-424b-9868-57a2d4851a1d" relativeResultsDirectory="a6aac32c-4f3c-4272-8e0e-67e426357b50" />
    <UnitTestResult executionId="bd6323a1-1c16-4e27-a878-63dbc8e56051" testId="693b85c7-4c28-e2b2-6d52-1ae381e955d5" testName="Domain.Tests.Unit.ModelDomainTests.Create_WithValidData_ReturnsModel" computerName="devmachine" duration="00:00:00.0010811" startTime="2026-06-11T01:57:31.1491540+02:00" endTime="2026-06-11T01:57:31.1513790+02:00" testType="13cdc9d9-ddb5-4fa4-a97d-d965ccfc6d4b" outcome="Passed" testListId="8c84fa94-04c1-424b-9868-57a2d4851a1d" relativeResultsDirectory="bd6323a1-1c16-4e27-a878-63dbc8e56051" />
    <UnitTestResult executionId="07dc2cc4-b8f7-44be-a562-7c699eec1b72" testId="eebbefe3-f747-aed3-b442-a90dc169dc01" testName="Domain.Tests.Unit.SpriteDomainTests.Create_WithNameTooLong_ThrowsArgumentException" computerName="devmachine" duration="00:00:00.0002387" startTime="2026-06-11T01:57:31.1395290+02:00" endTime="2026-06-11T01:57:31.1395450+02:00" testType="13cdc9d9-ddb5-4fa4-a97d-d965ccfc6d4b" outcome="Passed" testListId="8c84fa94-04c1-424b-9868-57a2d4851a1d" relativeResultsDirectory="07dc2cc4-b8f7-44be-a562-7c699eec1b72" />
    <UnitTestResult executionId="fb45dad4-0b40-4ce5-b5c8-d33343128cef" testId="20d98af1-107d-3e95-3aa3-1dc5dceff8a6" testName="Domain.Tests.Unit.SpriteCategoryDomainTests.Create_WithValidData_ReturnsCategory" computerName="devmachine" duration="00:00:00.0001547" startTime="2026-06-11T01:57:31.1583560+02:00" endTime="2026-06-11T01:57:31.1587790+02:00" testType="13cdc9d9-ddb5-4fa4-a97d-d965ccfc6d4b" outcome="Passed" testListId="8c84fa94-04c1-424b-9868-57a2d4851a1d" relativeResultsDirectory="fb45dad4-0b40-4ce5-b5c8-d33343128cef" />
    <UnitTestResult executionId="8d65711e-ce3f-4083-97ec-b7511f5ea407" testId="7143b0c7-4168-c1f1-bafd-dda373a93b77" testName="Domain.Tests.Unit.SettingDomainTests.Create_WithNullValue_ThrowsArgumentNullException" computerName="devmachine" duration="00:00:00.0001508" startTime="2026-06-11T01:57:31.1241130+02:00" endTime="2026-06-11T01:57:31.1241570+02:00" testType="13cdc9d9-ddb5-4fa4-a97d-d965ccfc6d4b" outcome="Passed" testListId="8c84fa94-04c1-424b-9868-57a2d4851a1d" relativeResultsDirectory="8d65711e-ce3f-4083-97ec-b7511f5ea407" />
    <UnitTestResult executionId="0476d09e-4a97-4764-bb23-d4309f6d2546" testId="0a53c558-bfab-4717-94ae-56e31ad6ddfb" testName="Domain.Tests.Unit.ThumbnailJobDomainTests.Cancel_WithCompletedJob_ShouldThrowInvalidOperationException" computerName="devmachine" duration="00:00:00.0008595" startTime="2026-06-11T01:57:31.1474030+02:00" endTime="2026-06-11T01:57:31.1503940+02:00" testType="13cdc9d9-ddb5-4fa4-a97d-d965ccfc6d4b" outcome="Passed" testListId="8c84fa94-04c1-424b-9868-57a2d4851a1d" relativeResultsDirectory="0476d09e-4a97-4764-bb23-d4309f6d2546" />
    <UnitTestResult executionId="ccfb0984-ab9d-407d-ac2e-762b94124956" testId="9f005174-c6f6-ab1e-40d6-bfe1440600b1" testName="Domain.Tests.Unit.SpriteDomainTests.UpdateCategory_WithNull_RemovesCategory" computerName="devmachine" duration="00:00:00.0001787" startTime="2026-06-11T01:57:31.1228930+02:00" endTime="2026-06-11T01:57:31.1229320+02:00" testType="13cdc9d9-ddb5-4fa4-a97d-d965ccfc6d4b" outcome="Passed" testListId="8c84fa94-04c1-424b-9868-57a2d4851a1d" relativeResultsDirectory="ccfb0984-ab9d-407d-ac2e-762b94124956" />
    <UnitTestResult executionId="1acca620-caf3-43a1-9858-12ab523068c9" testId="efd49bbf-1287-8d73-e116-0565de6564b6" testName="Domain.Tests.Unit.ThumbnailJobDomainTests.Create_WithValidParameters_ShouldCreateThumbnailJob" computerName="devmachine" duration="00:00:00.0003189" startTime="2026-06-11T01:57:31.1550590+02:00" endTime="2026-06-11T01:57:31.1555800+02:00" testType="13cdc9d9-ddb5-4fa4-a97d-d965ccfc6d4b" outcome="Passed" testListId="8c84fa94-04c1-424b-9868-57a2d4851a1d" relativeResultsDirectory="1acca620-caf3-43a1-9858-12ab523068c9" />
    <UnitTestResult executionId="a5225d17-ca39-473a-b6d2-8094595d1e35" testId="16e15154-7d74-95ee-4a5c-43dd3387ca8a" testName="Domain.Tests.ValueObjects.FileTypeValueObjectTests.FromFileName_WithUnknownExtensions_ReturnsOtherFileType(fileName: &quot;file.unknown&quot;)" computerName="devmachine" duration="00:00:00.0000041" startTime="2026-06-11T01:57:31.1397760+02:00" endTime="2026-06-11T01:57:31.1397920+02:00" testType="13cdc9d9-ddb5-4fa4-a97d-d965ccfc6d4b" outcome="Passed" testListId="8c84fa94-04c1-424b-9868-57a2d4851a1d" relativeResultsDirectory="a5225d17-ca39-473a-b6d2-8094595d1e35" />
    <UnitTestResult executionId="297bd5db-4485-4ec5-b207-34381d26f79e" testId="07bf5486-73f2-3137-c846-43a4635853b0" testName="Domain.Tests.Unit.ModelVersionDomainTests.UpdateDescription_UpdatesDescription" computerName="devmachine" duration="00:00:00.0001432" startTime="2026-06-11T01:57:31.1598730+02:00" endTime="2026-06-11T01:57:31.1599820+02:00" testType="13cdc9d9-ddb5-4fa4-a97d-d965ccfc6d4b" outcome="Passed" testListId="8c84fa94-04c1-424b-9868-57a2d4851a1d" relativeResultsDirectory="297bd5db-4485-4ec5-b207-34381d26f79e" />
    <UnitTestResult executionId="61121aec-fda1-47e7-8adf-d44973a6d4e0" testId="fbf43ad1-e8c6-9f16-eeaa-b52c551f7982" testName="Domain.Tests.Unit.BatchUploadDomainTests.Create_WithInvalidBatchId_ThrowsArgumentException(batchId: &quot;   &quot;)" computerName="devmachine" duration="00:00:00.0000232" startTime="2026-06-11T01:57:31.1311260+02:00" endTime="2026-06-11T01:57:31.1311650+02:00" testType="13cdc9d9-ddb5-4fa4-a97d-d965ccfc6d4b" outcome="Passed" testListId="8c84fa94-04c1-424b-9868-57a2d4851a1d" relativeResultsDirectory="61121aec-fda1-47e7-8adf-d44973a6d4e0" />
    <UnitTestResult executionId="852f894f-1c14-429c-be7e-2703cdb4783c" testId="0a555ddb-5b21-4f26-06ea-eb23cef63404" testName="Domain.Tests.Unit.BatchUploadDomainTests.Create_WithValidUploadType_NormalizesToLowercase(uploadType: &quot;PACK&quot;)" computerName="devmachine" duration="00:00:00.0000306" startTime="2026-06-11T01:57:31.1394350+02:00" endTime="2026-06-11T01:57:31.1413690+02:00" testType="13cdc9d9-ddb5-4fa4-a97d-d965ccfc6d4b" outcome="Passed" testListId="8c84fa94-04c1-424b-9868-57a2d4851a1d" relativeResultsDirectory="852f894f-1c14-429c-be7e-2703cdb4783c" />
    <UnitTestResult executionId="233eaf37-50f2-4346-879e-54d8091be5c6" testId="8767dc2c-9c6a-26c0-a543-b87e39d9e5a4" testName="Domain.Tests.Unit.ModelDomainTests.HasTextureSet_WithExistingTextureSet_ReturnsTrue" computerName="devmachine" duration="00:00:00.0001531" startTime="2026-06-11T01:57:31.1666950+02:00" endTime="2026-06-11T01:57:31.1667110+02:00" testType="13cdc9d9-ddb5-4fa4-a97d-d965ccfc6d4b" outcome="Passed" testListId="8c84fa94-04c1-424b-9868-57a2d4851a1d" relativeResultsDirectory="233eaf37-50f2-4346-879e-54d8091be5c6" />
    <UnitTestResult executionId="7697832c-4136-4194-90bf-b0c500131d4f" testId="81fecfad-18b6-65ec-0f40-d3d735026d91" testName="Domain.Tests.Unit.TextureSetDomainTests.Create_WithValidName_ReturnsTextureSet" computerName="devmachine" duration="00:00:00.0002254" startTime="2026-06-11T01:57:31.1674400+02:00" endTime="2026-06-11T01:57:31.1674550+02:00" testType="13cdc9d9-ddb5-4fa4-a97d-d965ccfc6d4b" outcome="Passed" testListId="8c84fa94-04c1-424b-9868-57a2d4851a1d" relativeResultsDirectory="7697832c-4136-4194-90bf-b0c500131d4f" />
    <UnitTestResult executionId="23a88e5c-1846-4a3b-86b3-ce6aa1454fea" testId="ac1448cd-2381-c553-8f0d-3ef3b5d0fbba" testName="Domain.Tests.Unit.ThumbnailJobDomainTests.MarkAsFailed_ExceedsMaxAttempts_ShouldMoveToDeadLetter" computerName="devmachine" duration="00:00:00.0004992" startTime="2026-06-11T01:57:31.1534270+02:00" endTime="2026-06-11T01:57:31.1544490+02:00" testType="13cdc9d9-ddb5-4fa4-a97d-d965ccfc6d4b" outcome="Passed" testListId="8c84fa94-04c1-424b-9868-57a2d4851a1d" relativeResultsDirectory="23a88e5c-1846-4a3b-86b3-ce6aa1454fea" />
    <UnitTestResult executionId="11f46262-3821-409e-948c-646d8d6f7bd8" testId="177ca0f0-24fe-cff0-32bd-29b05472ae14" testName="Domain.Tests.ValueObjects.TextureTypeTests.GetDescription_ReturnsCorrectDescription(textureType: Glossiness, expectedDescription: &quot;Glossiness map (inverted roughness)&quot;)" computerName="devmachine" duration="00:00:00.0000023" startTime="2026-06-11T01:57:31.1518720+02:00" endTime="2026-06-11T01:57:31.1518870+02:00" testType="13cdc9d9-ddb5-4fa4-a97d-d965ccfc6d4b" outcome="Passed" testListId="8c84fa94-04c1-424b-9868-57a2d4851a1d" relativeResultsDirectory="11f46262-3821-409e-948c-646d8d6f7bd8" />
    <UnitTestResult executionId="579f86aa-dcb1-48f2-8c9a-46446f8f49fe" testId="9d229bff-e16e-5440-e84e-399baa5e0d28" testName="Domain.Tests.Unit.ModelDomainTests.RemoveTextureSet_WithNullTextureSet_ThrowsArgumentNullException" computerName="devmachine" duration="00:00:00.0002908" startTime="2026-06-11T01:57:31.1610400+02:00" endTime="2026-06-11T01:57:31.1612740+02:00" testType="13cdc9d9-ddb5-4fa4-a97d-d965ccfc6d4b" outcome="Passed" testListId="8c84fa94-04c1-424b-9868-57a2d4851a1d" relativeResultsDirectory="579f86aa-dcb1-48f2-8c9a-46446f8f49fe" />
    <UnitTestResult executionId="1c92012e-c6dc-4658-89f2-244b9ebe6005" testId="90e84ce5-2a7d-7d8f-fcae-ccb2d5ca91e4" testName="Domain.Tests.Unit.ModelVersionDomainTests.GetFiles_ReturnsReadOnlyList" computerName="devmachine" duration="00:00:00.0040513" startTime="2026-06-11T01:57:31.1209200+02:00" endTime="2026-06-11T01:57:31.1315820+02:00" testType="13cdc9d9-ddb5-4fa4-a97d-d965ccfc6d4b" outcome="Passed" testListId="8c84fa94-04c1-424b-9868-57a2d4851a1d" relativeResultsDirectory="1c92012e-c6dc-4658-89f2-244b9ebe6005" />
    <UnitTestResult executionId="7d31cf98-5fe0-442e-aa1b-a92e2f7751d1" testId="96b68ffd-9942-9e8c-9cad-e19088656334" testName="Domain.Tests.Unit.ModelVersionDomainTests.Create_WithInvalidVersionNumber_ThrowsArgumentException(invalidVersionNumber: 0)" computerName="devmachine" duration="00:00:00.0001092" startTime="2026-06-11T01:57:31.1495290+02:00" endTime="2026-06-11T01:57:31.1503270+02:00" testType="13cdc9d9-ddb5-4fa4-a97d-d965ccfc6d4b" outcome="Passed" testListId="8c84fa94-04c1-424b-9868-57a2d4851a1d" relativeResultsDirectory="7d31cf98-5fe0-442e-aa1b-a92e2f7751d1" />
    <UnitTestResult executionId="63496c87-d3f7-449c-ac10-399f0f71d337" testId="05b6ed9d-40ca-601b-fbb1-4e9c36ee46bd" testName="Domain.Tests.ValueObjects.FileTypeValueObjectTests.FromFileName_WithKnownExtensions_ReturnsCorrectFileType(fileName: &quot;scene.gltf&quot;, expectedValue: &quot;gltf&quot;)" computerName="devmachine" duration="00:00:00.0000014" startTime="2026-06-11T01:57:31.1266760+02:00" endTime="2026-06-11T01:57:31.1267190+02:00" testType="13cdc9d9-ddb5-4fa4-a97d-d965ccfc6d4b" outcome="Passed" testListId="8c84fa94-04c1-424b-9868-57a2d4851a1d" relativeResultsDirectory="63496c87-d3f7-449c-ac10-399f0f71d337" />
    <UnitTestResult executionId="0cd2c48a-f6f2-41e4-a78d-37e9423ad5b2" testId="3b25025f-32ce-a641-67b0-505c98a50603" testName="Domain.Tests.Unit.ModelVersionDomainTests.HasTextureSet_WithExistingTextureSet_ReturnsTrue" computerName="devmachine" duration="00:00:00.0004180" startTime="2026-06-11T01:57:31.1486560+02:00" endTime="2026-06-11T01:57:31.1493240+02:00" testType="13cdc9d9-ddb5-4fa4-a97d-d965ccfc6d4b" outcome="Passed" testListId="8c84fa94-04c1-424b-9868-57a2d4851a1d" relativeResultsDirectory="0cd2c48a-f6f2-41e4-a78d-37e9423ad5b2" />
    <UnitTestResult executionId="8d108dc8-f248-4c4b-bc1a-02d5fb661a79" testId="140a258c-d413-157e-a604-cedbdf3f3012" testName="Domain.Tests.ValueObjects.FileTypeValueObjectTests.FromFileName_WithKnownExtensions_ReturnsCorrectFileType(fileName: &quot;model.ma&quot;, expectedValue: &quot;maya&quot;)" computerName="devmachine" duration="00:00:00.0000014" startTime="2026-06-11T01:57:31.1281000+02:00" endTime="2026-06-11T01:57:31.1281300+02:00" testType="13cdc9d9-ddb5-4fa4-a97d-d965ccfc6d4b" outcome="Passed" testListId="8c84fa94-04c1-424b-9868-57a2d4851a1d" relativeResultsDirectory="8d108dc8-f248-4c4b-bc1a-02d5fb661a79" />
    <UnitTestResult executionId="5e25e8ec-7735-43c3-a35a-ffbd0816dd83" testId="3f696095-db06-f3ce-450f-c44431ab3a57" testName="Domain.Tests.ValueObjects.FileTypeValueObjectTests.Equals_WithSameFileType_ReturnsTrue" computerName="devmachine" duration="00:00:00.0020272" startTime="2026-06-11T01:57:31.1502920+02:00" endTime="2026-06-11T01:57:31.1530030+02:00" testType="13cdc9d9-ddb5-4fa4-a97d-d965ccfc6d4b" outcome="Passed" testListId="8c84fa94-04c1-424b-9868-57a2d4851a1d" relativeResultsDirectory="5e25e8ec-7735-43c3-a35a-ffbd0816dd83" />
    <UnitTestResult executionId="8b6e20bb-2e7e-4987-ada2-9e99198b12ea" testId="21873559-bc45-9afa-81e5-04b9d1cd3eea" testName="Domain.Tests.ValueObjects.FileTypeValueObjectTests.IsRenderable_WithNonRenderableTypes_ReturnsFalse(fileName: &quot;material.mtl&quot;)" computerName="devmachine" duration="00:00:00.0000023" startTime="2026-06-11T01:57:31.1296990+02:00" endTime="2026-06-11T01:57:31.1297190+02:00" testType="13cdc9d9-ddb5-4fa4-a97d-d965ccfc6d4b" outcome="Passed" testListId="8c84fa94-04c1-424b-9868-57a2d4851a1d" relativeResultsDirectory="8b6e20bb-2e7e-4987-ada2-9e99198b12ea" />
    <UnitTestResult executionId="b1695fd9-270b-4ad5-9df3-b8fb9ef554d3" testId="68e535b9-dd54-b5be-be73-6bd68a7811d3" testName="Domain.Tests.Unit.SpriteDomainTests.UpdateName_WithValidName_UpdatesNameAndTimestamp" computerName="devmachine" duration="00:00:00.0003714" startTime="2026-06-11T01:57:31.1442980+02:00" endTime="2026-06-11T01:57:31.1445670+02:00" testType="13cdc9d9-ddb5-4fa4-a97d-d965ccfc6d4b" outcome="Passed" testListId="8c84fa94-04c1-424b-9868-57a2d4851a1d" relativeResultsDirectory="b1695fd9-270b-4ad5-9df3-b8fb9ef554d3" />
    <UnitTestResult executionId="c0ba9528-ca66-46d2-83bb-cc758757e913" testId="c8264829-85e1-0bf1-4e13-1ceb56e24c07" testName="Domain.Tests.Unit.TextureSetDomainTests.HasTextureOfType_WithAllSupportedTypes_WorksCorrectly(textureType: Normal)" computerName="devmachine" duration="00:00:00.0000068" startTime="2026-06-11T01:57:31.1648910+02:00" endTime="2026-06-11T01:57:31.1649070+02:00" testType="13cdc9d9-ddb5-4fa4-a97d-d965ccfc6d4b" outcome="Passed" testListId="8c84fa94-04c1-424b-9868-57a2d4851a1d" relativeResultsDirectory="c0ba9528-ca66-46d2-83bb-cc758757e913" />
    <UnitTestResult executionId="2dba046e-7415-4541-9035-36c6779c7c65" testId="ed46fc21-1f00-9f61-ff38-3d6b80b61818" testName="Domain.Tests.Unit.ModelDomainTests.HasVersion_WithNonExistingVersionNumber_ReturnsFalse" computerName="devmachine" duration="00:00:00.0008442" startTime="2026-06-11T01:57:31.1656270+02:00" endTime="2026-06-11T01:57:31.1657520+02:00" testType="13cdc9d9-ddb5-4fa4-a97d-d965ccfc6d4b" outcome="Passed" testListId="8c84fa94-04c1-424b-9868-57a2d4851a1d" relativeResultsDirectory="2dba046e-7415-4541-9035-36c6779c7c65" />
    <UnitTestResult executionId="5d1cddcb-2a7f-4c68-8069-c13928cce1e7" testId="ab0f7adf-9000-482b-1fcd-eb0d2b2b0395" testName="Domain.Tests.Unit.TextureDomainTests.UpdateTextureType_WithValidType_UpdatesTypeAndTimestamp(newTextureType: Albedo)" computerName="devmachine" duration="00:00:00.0012683" startTime="2026-06-11T01:57:31.1439740+02:00" endTime="2026-06-11T01:57:31.1443360+02:00" testType="13cdc9d9-ddb5-4fa4-a97d-d965ccfc6d4b" outcome="Passed" testListId="8c84fa94-04c1-424b-9868-57a2d4851a1d" relativeResultsDirectory="5d1cddcb-2a7f-4c68-8069-c13928cce1e7" />
    <UnitTestResult executionId="746ae8bf-334e-445c-a50e-4ffe0dd5d130" testId="c77bad6a-3b67-8ad3-8ebf-9f84f9a67ee3" testName="Domain.Tests.Unit.BatchUploadDomainTests.Create_WithValidUploadType_NormalizesToLowercase(uploadType: &quot;pack&quot;)" computerName="devmachine" duration="00:00:00.0000034" startTime="2026-06-11T01:57:31.1420640+02:00" endTime="2026-06-11T01:57:31.1421110+02:00" testType="13cdc9d9-ddb5-4fa4-a97d-d965ccfc6d4b" outcome="Passed" testListId="8c84fa94-04c1-424b-9868-57a2d4851a1d" relativeResultsDirectory="746ae8bf-334e-445c-a50e-4ffe0dd5d130" />
    <UnitTestResult executionId="5549e296-9ce3-4747-b815-f9a89851fe74" testId="eed89b3a-7602-fb4d-8ae8-7dbee8a4c575" testName="Domain.Tests.Unit.ModelVersionDomainTests.SetDefaultTextureSet_WithNull_ClearsDefault" computerName="devmachine" duration="00:00:00.0001970" startTime="2026-06-11T01:57:31.1553790+02:00" endTime="2026-06-11T01:57:31.1555230+02:00" testType="13cdc9d9-ddb5-4fa4-a97d-d965ccfc6d4b" outcome="Passed" testListId="8c84fa94-04c1-424b-9868-57a2d4851a1d" relativeResultsDirectory="5549e296-9ce3-4747-b815-f9a89851fe74" />
    <UnitTestResult executionId="347559b0-1bc6-48df-b219-911fdbf2da2d" testId="b543a64f-0cc0-30fb-575d-96ae7aded3ea" testName="Domain.Tests.Unit.SpriteDomainTests.IsAnimated_WithAnimatedTypes_ReturnsTrue(spriteType: Apng)" computerName="devmachine" duration="00:00:00.0001416" startTime="2026-06-11T01:57:31.1208740+02:00" endTime="2026-06-11T01:57:31.1209370+02:00" testType="13cdc9d9-ddb5-4fa4-a97d-d965ccfc6d4b" outcome="Passed" testListId="8c84fa94-04c1-424b-9868-57a2d4851a1d" relativeResultsDirectory="347559b0-1bc6-48df-b219-911fdbf2da2d" />
    <UnitTestResult executionId="83f97031-9499-42ee-b938-3ed6de08211e" testId="201a33ef-2ee6-8b9d-404a-cc3783d56baa" testName="Domain.Tests.ValueObjects.TextureTypeTests.IsHeightRelatedType_WithNonHeightTypes_ReturnsFalse(textureType: Alpha)" computerName="devmachine" duration="00:00:00.0000924" startTime="2026-06-11T01:57:31.1544320+02:00" endTime="2026-06-11T01:57:31.1545010+02:00" testType="13cdc9d9-ddb5-4fa4-a97d-d965ccfc6d4b" outcome="Passed" testListId="8c84fa94-04c1-424b-9868-57a2d4851a1d" relativeResultsDirectory="83f97031-9499-42ee-b938-3ed6de08211e" />
    <UnitTestResult executionId="b9f2a177-ab6e-4087-b01c-e0e7ed1819f3" testId="aaafd2d2-f6cf-3a58-196c-b958eea460c1" testName="Domain.Tests.Unit.SettingDomainTests.UpdateValue_WithNullValue_ThrowsArgumentNullException" computerName="devmachine" duration="00:00:00.0001629" startTime="2026-06-11T01:57:31.1245210+02:00" endTime="2026-06-11T01:57:31.1245580+02:00" testType="13cdc9d9-ddb5-4fa4-a97d-d965ccfc6d4b" outcome="Passed" testListId="8c84fa94-04c1-424b-9868-57a2d4851a1d" relativeResultsDirectory="b9f2a177-ab6e-4087-b01c-e0e7ed1819f3" />
    <UnitTestResult executionId="4ed0eb31-68ff-4084-aa85-e39542d97a4b" testId="fd7ba79b-95d9-1120-d721-7f2cc8cc48ae" testName="Domain.Tests.Unit.TextureSetDomainTests.RemoveTexture_WithExistingTexture_RemovesTextureSuccessfully" computerName="devmachine" duration="00:00:00.0002882" startTime="2026-06-11T01:57:31.1599370+02:00" endTime="2026-06-11T01:57:31.1600490+02:00" testType="13cdc9d9-ddb5-4fa4-a97d-d965ccfc6d4b" outcome="Passed" testListId="8c84fa94-04c1-424b-9868-57a2d4851a1d" relativeResultsDirectory="4ed0eb31-68ff-4084-aa85-e39542d97a4b" />
    <UnitTestResult executionId="d9407d27-00a5-409c-954c-c231583e6508" testId="0d658138-b33b-a43c-fa64-90e6d950b60e" testName="Domain.Tests.Unit.ThumbnailJobDomainTests.MarkAsFailed_WithinMaxAttempts_ShouldRetryJob" computerName="devmachine" duration="00:00:00.0005557" startTime="2026-06-11T01:57:31.1526750+02:00" endTime="2026-06-11T01:57:31.1532080+02:00" testType="13cdc9d9-ddb5-4fa4-a97d-d965ccfc6d4b" outcome="Passed" testListId="8c84fa94-04c1-424b-9868-57a2d4851a1d" relativeResultsDirectory="d9407d27-00a5-409c-954c-c231583e6508" />
    <UnitTestResult executionId="6221dac6-9170-4b39-a925-8ef7fe88ebe4" testId="433ede36-e67e-b377-ad28-f8d37ac1f2e0" testName="Domain.Tests.ValueObjects.FileTypeValueObjectTests.FromFileName_WithKnownExtensions_ReturnsCorrectFileType(fileName: &quot;texture.tif&quot;, expectedValue: &quot;texture&quot;)" computerName="devmachine" duration="00:00:00.0000015" startTime="2026-06-11T01:57:31.1268340+02:00" endTime="2026-06-11T01:57:31.1269030+02:00" testType="13cdc9d9-ddb5-4fa4-a97d-d965ccfc6d4b" outcome="Passed" testListId="8c84fa94-04c1-424b-9868-57a2d4851a1d" relativeResultsDirectory="6221dac6-9170-4b39-a925-8ef7fe88ebe4" />
    <UnitTestResult executionId="36fe8bd6-d11f-4c19-bb4a-7358b83935fc" testId="61525182-affc-7206-b7e9-3e3481569d61" testName="Domain.Tests.Unit.TextureSetDomainTests.UpdateName_WithValidName_UpdatesNameAndTimestamp" computerName="devmachine" duration="00:00:00.0000779" startTime="2026-06-11T01:57:31.1709190+02:00" endTime="2026-06-11T01:57:31.1712010+02:00" testType="13cdc9d9-ddb5-4fa4-a97d-d965ccfc6d4b" outcome="Passed" testListId="8c84fa94-04c1-424b-9868-57a2d4851a1d" relativeResultsDirectory="36fe8bd6-d11f-4c19-bb4a-7358b83935fc" />
    <UnitTestResult executionId="83248baf-28b0-4dbe-84d2-0f2f2a0d5144" testId="da979164-b6cf-9fcf-1d41-c32a62445577" testName="Domain.Tests.Unit.TextureDomainTests.UpdateTextureType_WithValidType_UpdatesTypeAndTimestamp(newTextureType: Emissive)" computerName="devmachine" duration="00:00:00.0001387" startTime="2026-06-11T01:57:31.1444130+02:00" endTime="2026-06-11T01:57:31.1447050+02:00" testType="13cdc9d9-ddb5-4fa4-a97d-d965ccfc6d4b" outcome="Passed" testListId="8c84fa94-04c1-424b-9868-57a2d4851a1d" relativeResultsDirectory="83248baf-28b0-4dbe-84d2-0f2f2a0d5144" />
    <UnitTestResult executionId="dfc57fa9-9482-4d65-a09e-007ad84e92a1" testId="e31a0c3b-83fb-da94-0612-dfc4bce20809" testName="Domain.Tests.Unit.FileDomainTests.Create_WithInvalidFilePath_ThrowsArgumentException(filePath: &quot;&quot;)" computerName="devmachine" duration="00:00:00.0000775" startTime="2026-06-11T01:57:31.1650790+02:00" endTime="2026-06-11T01:57:31.1650950+02:00" testType="13cdc9d9-ddb5-4fa4-a97d-d965ccfc6d4b" outcome="Passed" testListId="8c84fa94-04c1-424b-9868-57a2d4851a1d" relativeResultsDirectory="dfc57fa9-9482-4d65-a09e-007ad84e92a1" />
    <UnitTestResult executionId="9cc3e35e-75e1-4a96-ba57-36a56e3b977f" testId="1b77a068-bd50-a863-45e4-0546fc5be4a5" testName="Domain.Tests.Unit.ThumbnailJobDomainTests.Create_WithInvalidModelHash_ShouldThrowArgumentException(invalidHash: &quot;short&quot;)" computerName="devmachine" duration="00:00:00.0000939" startTime="2026-06-11T01:57:31.1523570+02:00" endTime="2026-06-11T01:57:31.1523830+02:00" testType="13cdc9d9-ddb5-4fa4-a97d-d965ccfc6d4b" outcome="Passed" testListId="8c84fa94-04c1-424b-9868-57a2d4851a1d" relativeResultsDirectory="9cc3e35e-75e1-4a96-ba57-36a56e3b977f" />
    <UnitTestResult executionId="e1ed59d5-11ed-4658-96ac-b9aa202abde2" testId="57ac4628-c677-1a35-9a59-6e96e52327f7" testName="Domain.Tests.Unit.TextureSetDomainTests.GetModels_ReturnsReadOnlyList" computerName="devmachine" duration="00:00:00.0001644" startTime="2026-06-11T01:57:31.1708690+02:00" endTime="2026-06-11T01:57:31.1708830+02:00" testType="13cdc9d9-ddb5-4fa4-a97d-d965ccfc6d4b" outcome="Passed" testListId="8c84fa94-04c1-424b-9868-57a2d4851a1d" relativeResultsDirectory="e1ed59d5-11ed-4658-96ac-b9aa202abde2" />
    <UnitTestResult executionId="8fdf5a12-c545-4aaf-aae3-e66515166f2a" testId="cb09c45b-2e9c-6c34-65f7-160cfc444d7d" testName="Domain.Tests.Unit.ModelDomainTests.AddTextureSet_WithNullTextureSet_ThrowsArgumentNullException" computerName="devmachine" duration="00:00:00.0001732" startTime="2026-06-11T01:57:31.1662930+02:00" endTime="2026-06-11T01:57:31.1663080+02:00" testType="13cdc9d9-ddb5-4fa4-a97d-d965ccfc6d4b" outcome="Passed" testListId="8c84fa94-04c1-424b-9868-57a2d4851a1d" relativeResultsDirectory="8fdf5a12-c545-4aaf-aae3-e66515166f2a" />
    <UnitTestResult executionId="e6c17ef0-7d3b-475f-ade6-b29ef3a50272" testId="66a4d65e-0167-be3d-ac94-0e86566bf1bf" testName="Domain.Tests.ValueObjects.TextureTypeTests.IsHeightRelatedType_WithNonHeightTypes_ReturnsFalse(textureType: Specular)" computerName="devmachine" duration="00:00:00.0000009" startTime="2026-06-11T01:57:31.1548600+02:00" endTime="2026-06-11T01:57:31.1548750+02:00" testType="13cdc9d9-ddb5-4fa4-a97d-d965ccfc6d4b" outcome="Passed" testListId="8c84fa94-04c1-424b-9868-57a2d4851a1d" relativeResultsDirectory="e6c17ef0-7d3b-475f-ade6-b29ef3a50272" />
    <UnitTestResult executionId="988156e0-ce84-4a50-a9b9-ac15e12933eb" testId="9ccf9f87-1c5a-9250-d595-21651068a685" testName="Domain.Tests.ValueObjects.TextureTypeTests.IsHeightRelatedType_WithNonHeightTypes_ReturnsFalse(textureType: Albedo)" computerName="devmachine" duration="00:00:00.0000010" startTime="2026-06-11T01:57:31.1548190+02:00" endTime="2026-06-11T01:57:31.1548350+02:00" testType="13cdc9d9-ddb5-4fa4-a97d-d965ccfc6d4b" outcome="Passed" testListId="8c84fa94-04c1-424b-9868-57a2d4851a1d" relativeResultsDirectory="988156e0-ce84-4a50-a9b9-ac15e12933eb" />
    <UnitTestResult executionId="dec0d87e-f0a5-4931-9ba3-e3904338a0fc" testId="242c26fb-f2a8-a78e-aba7-18df98b2b608" testName="Domain.Tests.ValueObjects.TextureTypeTests.GetDescription_ReturnsCorrectDescription(textureType: Albedo, expectedDescription: &quot;Base color map&quot;)" computerName="devmachine" duration="00:00:00.0000011" startTime="2026-06-11T01:57:31.1521660+02:00" endTime="2026-06-11T01:57:31.1521830+02:00" testType="13cdc9d9-ddb5-4fa4-a97d-d965ccfc6d4b" outcome="Passed" testListId="8c84fa94-04c1-424b-9868-57a2d4851a1d" relativeResultsDirectory="dec0d87e-f0a5-4931-9ba3-e3904338a0fc" />
    <UnitTestResult executionId="705bb3c5-218d-41f8-be29-6c58f9a5421d" testId="3ac3e8d0-f021-173e-edab-6b1caa57c606" testName="Domain.Tests.ValueObjects.TextureTypeTests.GetDescription_ReturnsCorrectDescription(textureType: AO, expectedDescription: &quot;Ambient Occlusion map&quot;)" computerName="devmachine" duration="00:00:00.0000050" startTime="2026-06-11T01:57:31.1523680+02:00" endTime="2026-06-11T01:57:31.1527380+02:00" testType="13cdc9d9-ddb5-4fa4-a97d-d965ccfc6d4b" outcome="Passed" testListId="8c84fa94-04c1-424b-9868-57a2d4851a1d" relativeResultsDirectory="705bb3c5-218d-41f8-be29-6c58f9a5421d" />
    <UnitTestResult executionId="54de70ab-6ce0-4985-8492-e7a0e1fd2712" testId="f0554c81-3744-b5b3-96f0-29730a4b126d" testName="Domain.Tests.Unit.TextureSetDomainTests.UpdateName_WithInvalidName_ThrowsArgumentException(newName: &quot;   &quot;)" computerName="devmachine" duration="00:00:00.0000252" startTime="2026-06-11T01:57:31.1668090+02:00" endTime="2026-06-11T01:57:31.1668250+02:00" testType="13cdc9d9-ddb5-4fa4-a97d-d965ccfc6d4b" outcome="Passed" testListId="8c84fa94-04c1-424b-9868-57a2d4851a1d" relativeResultsDirectory="54de70ab-6ce0-4985-8492-e7a0e1fd2712" />
    <UnitTestResult executionId="d3c61a7c-0c1f-40cf-b575-114c886c9ff7" testId="a6e2dae2-654d-1e85-7182-9a01509856eb" testName="Domain.Tests.Unit.TextureSetDomainTests.HasTextureOfType_WithAllSupportedTypes_WorksCorrectly(textureType: AO)" computerName="devmachine" duration="00:00:00.0000089" startTime="2026-06-11T01:57:31.1645570+02:00" endTime="2026-06-11T01:57:31.1648020+02:00" testType="13cdc9d9-ddb5-4fa4-a97d-d965ccfc6d4b" outcome="Passed" testListId="8c84fa94-04c1-424b-9868-57a2d4851a1d" relativeResultsDirectory="d3c61a7c-0c1f-40cf-b575-114c886c9ff7" />
    <UnitTestResult executionId="02be7afa-cde4-4b29-a1e0-d0994e5cbaf6" testId="13bf3ed6-b67a-62fb-3a24-aa3a1ffcafdb" testName="Domain.Tests.Unit.SpriteCategoryDomainTests.Create_WithInvalidName_ThrowsArgumentException(name: &quot;   &quot;)" computerName="devmachine" duration="00:00:00.0001119" startTime="2026-06-11T01:57:31.1554040+02:00" endTime="2026-06-11T01:57:31.1554200+02:00" testType="13cdc9d9-ddb5-4fa4-a97d-d965ccfc6d4b" outcome="Passed" testListId="8c84fa94-04c1-424b-9868-57a2d4851a1d" relativeResultsDirectory="02be7afa-cde4-4b29-a1e0-d0994e5cbaf6" />
    <UnitTestResult executionId="4a97e0c5-012a-41e5-8c0d-93bcc1471116" testId="e4bfd52e-9eab-322c-9cb1-4c7544bdd9bc" testName="Domain.Tests.ValueObjects.FileTypeValueObjectTests.ValidateForUpload_WithSupportedFiles_ReturnsSuccess(fileName: &quot;project.blend&quot;)" computerName="devmachine" duration="00:00:00.0006097" startTime="2026-06-11T01:57:31.1282470+02:00" endTime="2026-06-11T01:57:31.1284730+02:00" testType="13cdc9d9-ddb5-4fa4-a97d-d965ccfc6d4b" outcome="Passed" testListId="8c84fa94-04c1-424b-9868-57a2d4851a1d" relativeResultsDirectory="4a97e0c5-012a-41e5-8c0d-93bcc1471116" />
    <UnitTestResult executionId="fb91927b-dd86-4f23-8c49-aa5167cf234b" testId="781ea9bb-c90a-9805-8439-42d9569c7b97" testName="Domain.Tests.ValueObjects.FileTypeValueObjectTests.ValidateForModelUpload_WithRenderableFiles_ReturnsSuccess(fileName: &quot;model.fbx&quot;)" computerName="devmachine" duration="00:00:00.0000948" startTime="2026-06-11T01:57:31.1294790+02:00" endTime="2026-06-11T01:57:31.1294960+02:00" testType="13cdc9d9-ddb5-4fa4-a97d-d965ccfc6d4b" outcome="Passed" testListId="8c84fa94-04c1-424b-9868-57a2d4851a1d" relativeResultsDirectory="fb91927b-dd86-4f23-8c49-aa5167cf234b" />
    <UnitTestResult executionId="a248c950-37cd-4235-92cd-a0fc7cb6cf49" testId="afc5624a-9937-1a14-957d-c373c7e11f8f" testName="Domain.Tests.Unit.ThumbnailJobDomainTests.Create_WithInvalidModelHash_ShouldThrowArgumentException(invalidHash: &quot;&quot;)" computerName="devmachine" duration="00:00:00.0000229" startTime="2026-06-11T01:57:31.1524090+02:00" endTime="2026-06-11T01:57:31.1524240+02:00" testType="13cdc9d9-ddb5-4fa4-a97d-d965ccfc6d4b" outcome="Passed" testListId="8c84fa94-04c1-424b-9868-57a2d4851a1d" relativeResultsDirectory="a248c950-37cd-4235-92cd-a0fc7cb6cf49" />
    <UnitTestResult executionId="69af88c6-f9c8-45f1-b276-2fd9ecbbff3d" testId="05ff8ae6-ad0c-4090-cfc0-9d168be3abf9" testName="Domain.Tests.Unit.TextureSetDomainTests.UpdateTilingScale_WithNonPositiveValues_ThrowsArgumentException(x: 1, y: -1)" computerName="devmachine" duration="00:00:00.0000254" startTime="2026-06-11T01:57:31.1512240+02:00" endTime="2026-06-11T01:57:31.1512400+02:00" testType="13cdc9d9-ddb5-4fa4-a97d-d965ccfc6d4b" outcome="Passed" testListId="8c84fa94-04c1-424b-9868-57a2d4851a1d" relativeResultsDirectory="69af88c6-f9c8-45f1-b276-2fd9ecbbff3d" />
    <UnitTestResult executionId="dbfecfee-d062-4850-8867-b6c1399f4b80" testId="d706335d-45c8-fe30-7357-40ae1851a85b" testName="Domain.Tests.Unit.TextureSetDomainTests.AddTexture_WithMultipleDifferentTypes_AddsAllSuccessfully" computerName="devmachine" duration="00:00:00.0002016" startTime="2026-06-11T01:57:31.1672890+02:00" endTime="2026-06-11T01:57:31.1673050+02:00" testType="13cdc9d9-ddb5-4fa4-a97d-d965ccfc6d4b" outcome="Passed" testListId="8c84fa94-04c1-424b-9868-57a2d4851a1d" relativeResultsDirectory="dbfecfee-d062-4850-8867-b6c1399f4b80" />
    <UnitTestResult executionId="09e36a34-bac9-473c-83a0-10b51e786793" testId="62aa0f08-1610-7c02-3177-5b7f774e31a1" testName="Domain.Tests.Unit.ModelDomainTests.AddTextureSet_WithExistingTextureSet_DoesNotAddDuplicate" computerName="devmachine" duration="00:00:00.0009077" startTime="2026-06-11T01:57:31.1560520+02:00" endTime="2026-06-11T01:57:31.1580760+02:00" testType="13cdc9d9-ddb5-4fa4-a97d-d965ccfc6d4b" outcome="Passed" testListId="8c84fa94-04c1-424b-9868-57a2d4851a1d" relativeResultsDirectory="09e36a34-bac9-473c-83a0-10b51e786793" />
    <UnitTestResult executionId="28d91cae-55e3-4316-aac3-63a09d0656db" testId="2f1bc7eb-416e-8f32-dca8-89121883209e" testName="Domain.Tests.Unit.TextureDomainTests.IsOfType_ReturnsCorrectResult(textureType: Albedo, testType: Normal, expected: False)" computerName="devmachine" duration="00:00:00.0000022" startTime="2026-06-11T01:57:31.1432270+02:00" endTime="2026-06-11T01:57:31.1432690+02:00" testType="13cdc9d9-ddb5-4fa4-a97d-d965ccfc6d4b" outcome="Passed" testListId="8c84fa94-04c1-424b-9868-57a2d4851a1d" relativeResultsDirectory="28d91cae-55e3-4316-aac3-63a09d0656db" />
    <UnitTestResult executionId="575bb8a7-bdf1-4d7d-92db-383ebe4640ec" testId="cefa84ff-792a-1b47-b773-0e0459c56ee7" testName="Domain.Tests.Unit.FileDomainTests.Create_WithInvalidOriginalFileName_ThrowsArgumentException(originalFileName: &quot;   &quot;)" computerName="devmachine" duration="00:00:00.0001417" startTime="2026-06-11T01:57:31.1644600+02:00" endTime="2026-06-11T01:57:31.1645760+02:00" testType="13cdc9d9-ddb5-4fa4-a97d-d965ccfc6d4b" outcome="Passed" testListId="8c84fa94-04c1-424b-9868-57a2d4851a1d" relativeResultsDirectory="575bb8a7-bdf1-4d7d-92db-383ebe4640ec" />
    <UnitTestResult executionId="87a455aa-3d8a-4ef9-923b-b5c7b5d935cf" testId="4b34071f-36c3-bd53-175e-882600b78a4b" testName="Domain.Tests.Unit.TextureDomainTests.UpdateTextureType_WithIncompatibleChannel_ThrowsArgumentException(newTextureType: Metallic)" computerName="devmachine" duration="00:00:00.0000610" startTime="2026-06-11T01:57:31.1528940+02:00" endTime="2026-06-11T01:57:31.1529500+02:00" testType="13cdc9d9-ddb5-4fa4-a97d-d965ccfc6d4b" outcome="Passed" testListId="8c84fa94-04c1-424b-9868-57a2d4851a1d" relativeResultsDirectory="87a455aa-3d8a-4ef9-923b-b5c7b5d935cf" />
    <UnitTestResult executionId="13dc8df0-0f7a-4538-8056-230ed06e0dac" testId="e4b0ac36-ad6b-5530-0995-da040fd7e182" testName="Domain.Tests.ValueObjects.TextureTypeTests.GetDescription_ReturnsCorrectDescription(textureType: Roughness, expectedDescription: &quot;Surface roughness map&quot;)" computerName="devmachine" duration="00:00:00.0000013" startTime="2026-06-11T01:57:31.1522910+02:00" endTime="2026-06-11T01:57:31.1523310+02:00" testType="13cdc9d9-ddb5-4fa4-a97d-d965ccfc6d4b" outcome="Passed" testListId="8c84fa94-04c1-424b-9868-57a2d4851a1d" relativeResultsDirectory="13dc8df0-0f7a-4538-8056-230ed06e0dac" />
    <UnitTestResult executionId="0655d278-f474-4f06-ac03-2e3228fcb960" testId="af39ff99-58f4-7ea9-fd07-e6626c4e33be" testName="Domain.Tests.Unit.EnvironmentMapDomainTests.GetPreviewFile_WhenCubeVariant_ReturnsPzFace" computerName="devmachine" duration="00:00:00.0015765" startTime="2026-06-11T01:57:31.1711830+02:00" endTime="2026-06-11T01:57:31.1713870+02:00" testType="13cdc9d9-ddb5-4fa4-a97d-d965ccfc6d4b" outcome="Passed" testListId="8c84fa94-04c1-424b-9868-57a2d4851a1d" relativeResultsDirectory="0655d278-f474-4f06-ac03-2e3228fcb960" />
    <UnitTestResult executionId="6c76af0d-57f0-4fe0-ac9f-024c1a519f93" testId="a62ef8c2-3ad9-3c4b-cfd7-f8d717076ca9" testName="Domain.Tests.Unit.TextureSetDomainTests.TextureSet_InheritsFromAggregateRoot" computerName="devmachine" duration="00:00:00.0000757" startTime="2026-06-11T01:57:31.1675900+02:00" endTime="2026-06-11T01:57:31.1676050+02:00" testType="13cdc9d9-ddb5-4fa4-a97d-d965ccfc6d4b" outcome="Passed" testListId="8c84fa94-04c1-424b-9868-57a2d4851a1d" relativeResultsDirectory="6c76af0d-57f0-4fe0-ac9f-024c1a519f93" />
    <UnitTestResult executionId="6570522b-c72b-4c41-8aaa-b52fd4affe4d" testId="fafb7366-8279-9440-989e-7bb20a00a33e" testName="Domain.Tests.Unit.SpriteDomainTests.IsAnimated_WithAnimatedTypes_ReturnsTrue(spriteType: SpriteSheet)" computerName="devmachine" duration="00:00:00.0000080" startTime="2026-06-11T01:57:31.1223390+02:00" endTime="2026-06-11T01:57:31.1225360+02:00" testType="13cdc9d9-ddb5-4fa4-a97d-d965ccfc6d4b" outcome="Passed" testListId="8c84fa94-04c1-424b-9868-57a2d4851a1d" relativeResultsDirectory="6570522b-c72b-4c41-8aaa-b52fd4affe4d" />
    <UnitTestResult executionId="e53a107c-337f-4199-b8a3-49ba0a8a4a49" testId="f779bcb7-4c8b-0173-a7dc-23d49f29a21d" testName="Domain.Tests.Unit.TextureSetDomainTests.GetTextureTypes_WithEmptyPack_ReturnsEmptyList" computerName="devmachine" duration="00:00:00.0029343" startTime="2026-06-11T01:57:31.1689170+02:00" endTime="2026-06-11T01:57:31.1689910+02:00" testType="13cdc9d9-ddb5-4fa4-a97d-d965ccfc6d4b" outcome="Passed" testListId="8c84fa94-04c1-424b-9868-57a2d4851a1d" relativeResultsDirectory="e53a107c-337f-4199-b8a3-49ba0a8a4a49" />
    <UnitTestResult executionId="a52733da-6aaa-4fdb-91ac-00c2ff319b69" testId="fb431bfb-d423-7e5c-4e1b-5c81a808f102" testName="Domain.Tests.ValueObjects.TextureTypeTests.IsHeightRelatedType_WithNonHeightTypes_ReturnsFalse(textureType: Roughness)" computerName="devmachine" duration="00:00:00.0000870" startTime="2026-06-11T01:57:31.1543250+02:00" endTime="2026-06-11T01:57:31.1543930+02:00" testType="13cdc9d9-ddb5-4fa4-a97d-d965ccfc6d4b" outcome="Passed" testListId="8c84fa94-04c1-424b-9868-57a2d4851a1d" relativeResultsDirectory="a52733da-6aaa-4fdb-91ac-00c2ff319b69" />
    <UnitTestResult executionId="b98b7eab-cac4-4031-b3af-dfd86470cc46" testId="f1583c53-0222-b5a9-1537-9d682d41930e" testName="Domain.Tests.Unit.FileDomainTests.Create_WithNullSha256Hash_ThrowsArgumentException" computerName="devmachine" duration="00:00:00.0006518" startTime="2026-06-11T01:57:31.1655930+02:00" endTime="2026-06-11T01:57:31.1656420+02:00" testType="13cdc9d9-ddb5-4fa4-a97d-d965ccfc6d4b" outcome="Passed" testListId="8c84fa94-04c1-424b-9868-57a2d4851a1d" relativeResultsDirectory="b98b7eab-cac4-4031-b3af-dfd86470cc46" />
    <UnitTestResult executionId="15ec773e-ab09-4960-b071-da9ef84e44a9" testId="9890e9f9-5579-4428-3d10-142683d427b2" testName="Domain.Tests.Unit.ThumbnailJobDomainTests.TryClaim_WhenAlreadyProcessingWithValidLock_ShouldFail" computerName="devmachine" duration="00:00:00.0001154" startTime="2026-06-11T01:57:31.1532760+02:00" endTime="2026-06-11T01:57:31.1533910+02:00" testType="13cdc9d9-ddb5-4fa4-a97d-d965ccfc6d4b" outcome="Passed" testListId="8c84fa94-04c1-424b-9868-57a2d4851a1d" relativeResultsDirectory="15ec773e-ab09-4960-b071-da9ef84e44a9" />
    <UnitTestResult executionId="80deb88d-e430-4ccb-a7b3-f69f2a7d9525" testId="200d6136-5d25-bf1a-e8ec-96bb90c81d90" testName="Domain.Tests.Unit.BatchUploadDomainTests.Create_WithPackUpload_ReturnsBatchUploadWithPackId" computerName="devmachine" duration="00:00:00.0000871" startTime="2026-06-11T01:57:31.1390280+02:00" endTime="2026-06-11T01:57:31.1390450+02:00" testType="13cdc9d9-ddb5-4fa4-a97d-d965ccfc6d4b" outcome="Passed" testListId="8c84fa94-04c1-424b-9868-57a2d4851a1d" relativeResultsDirectory="80deb88d-e430-4ccb-a7b3-f69f2a7d9525" />
    <UnitTestResult executionId="1d36ba3b-4af1-44da-8b23-0f499915154c" testId="f56df3b1-6698-6e64-8693-eacc9c054e75" testName="Domain.Tests.Unit.ModelVersionDomainTests.Create_WithInvalidVersionNumber_ThrowsArgumentException(invalidVersionNumber: -1)" computerName="devmachine" duration="00:00:00.0001483" startTime="2026-06-11T01:57:31.1514480+02:00" endTime="2026-06-11T01:57:31.1514640+02:00" testType="13cdc9d9-ddb5-4fa4-a97d-d965ccfc6d4b" outcome="Passed" testListId="8c84fa94-04c1-424b-9868-57a2d4851a1d" relativeResultsDirectory="1d36ba3b-4af1-44da-8b23-0f499915154c" />
    <UnitTestResult executionId="01d31ece-ba5b-4b4f-8408-11e77f7e944b" testId="31dff9ed-22ec-57d4-5213-62a6fb7fa3ab" testName="Domain.Tests.ValueObjects.FileTypeValueObjectTests.FromFileName_WithUnknownExtensions_ReturnsOtherFileType(fileName: &quot;unknown.xyz&quot;)" computerName="devmachine" duration="00:00:00.0001402" startTime="2026-06-11T01:57:31.1396920+02:00" endTime="2026-06-11T01:57:31.1397070+02:00" testType="13cdc9d9-ddb5-4fa4-a97d-d965ccfc6d4b" outcome="Passed" testListId="8c84fa94-04c1-424b-9868-57a2d4851a1d" relativeResultsDirectory="01d31ece-ba5b-4b4f-8408-11e77f7e944b" />
    <UnitTestResult executionId="f00d4557-b5f6-4cf2-b4f4-e9ec5becb75b" testId="3285693a-647f-52ba-bc3b-b698dd3c1d00" testName="Domain.Tests.ValueObjects.FileTypeValueObjectTests.FromFileName_WithUnknownExtensions_ReturnsOtherFileType(fileName: &quot;test.abc&quot;)" computerName="devmachine" duration="00:00:00.0001083" startTime="2026-06-11T01:57:31.1397340+02:00" endTime="2026-06-11T01:57:31.1397500+02:00" testType="13cdc9d9-ddb5-4fa4-a97d-d965ccfc6d4b" outcome="Passed" testListId="8c84fa94-04c1-424b-9868-57a2d4851a1d" relativeResultsDirectory="f00d4557-b5f6-4cf2-b4f4-e9ec5becb75b" />
    <UnitTestResult executionId="a3f8a587-152e-41b6-a143-e71a23c2307f" testId="cbae40c5-6040-5993-8e39-c441e37bf05b" testName="Domain.Tests.Unit.FileDomainTests.Create_WithNullOriginalFileName_ThrowsArgumentException" computerName="devmachine" duration="00:00:00.0001220" startTime="2026-06-11T01:57:31.1654920+02:00" endTime="2026-06-11T01:57:31.1655070+02:00" testType="13cdc9d9-ddb5-4fa4-a97d-d965ccfc6d4b" outcome="Passed" testListId="8c84fa94-04c1-424b-9868-57a2d4851a1d" relativeResultsDirectory="a3f8a587-152e-41b6-a143-e71a23c2307f" />
    <UnitTestResult executionId="f0b68bfe-608d-4c85-b67a-3eb35aa634df" testId="cc7a826b-fd5a-e55b-f258-17cec2d04417" testName="Domain.Tests.Unit.FileDomainTests.Create_WithNegativeSizeBytes_ThrowsArgumentException" computerName="devmachine" duration="00:00:00.0001189" startTime="2026-06-11T01:57:31.1655430+02:00" endTime="2026-06-11T01:57:31.1655580+02:00" testType="13cdc9d9-ddb5-4fa4-a97d-d965ccfc6d4b" outcome="Passed" testListId="8c84fa94-04c1-424b-9868-57a2d4851a1d" relativeResultsDirectory="f0b68bfe-608d-4c85-b67a-3eb35aa634df" />
    <UnitTestResult executionId="50fc0c68-0fa0-4fda-8391-c26997ab9bb0" testId="1d876a5d-feeb-bfcf-1b4b-070d3b09b288" testName="Domain.Tests.Unit.EnvironmentMapDomainTests.FromDimension_WhenFormattingSizeLabel_ReturnsExpectedValue(dimension: 1024, expected: &quot;1K&quot;)" computerName="devmachine" duration="00:00:00.0000007" startTime="2026-06-11T01:57:31.1703840+02:00" endTime="2026-06-11T01:57:31.1704220+02:00" testType="13cdc9d9-ddb5-4fa4-a97d-d965ccfc6d4b" outcome="Passed" testListId="8c84fa94-04c1-424b-9868-57a2d4851a1d" relativeResultsDirectory="50fc0c68-0fa0-4fda-8391-c26997ab9bb0" />
    <UnitTestResult executionId="b861e470-8718-429e-8432-e104e6fec44a" testId="1ef6c69d-8711-f52b-5527-d9bfee6dc07c" testName="Domain.Tests.Unit.ModelDomainTests.RemoveTextureSet_WithExistingTextureSet_RemovesSuccessfully" computerName="devmachine" duration="00:00:00.0001986" startTime="2026-06-11T01:57:31.1657880+02:00" endTime="2026-06-11T01:57:31.1658040+02:00" testType="13cdc9d9-ddb5-4fa4-a97d-d965ccfc6d4b" outcome="Passed" testListId="8c84fa94-04c1-424b-9868-57a2d4851a1d" relativeResultsDirectory="b861e470-8718-429e-8432-e104e6fec44a" />
    <UnitTestResult executionId="e5cadd8b-0142-481e-85e7-2526db61e8d3" testId="2509d75a-1661-ef90-2732-b5af005fe332" testName="Domain.Tests.ValueObjects.FileTypeValueObjectTests.ValidateForUpload_WithSupportedFiles_ReturnsSuccess(fileName: &quot;material.mtl&quot;)" computerName="devmachine" duration="00:00:00.0000018" startTime="2026-06-11T01:57:31.1290030+02:00" endTime="2026-06-11T01:57:31.1290180+02:00" testType="13cdc9d9-ddb5-4fa4-a97d-d965ccfc6d4b" outcome="Passed" testListId="8c84fa94-04c1-424b-9868-57a2d4851a1d" relativeResultsDirectory="e5cadd8b-0142-481e-85e7-2526db61e8d3" />
    <UnitTestResult executionId="f7ff00a7-9b08-4f49-a829-9b64e87bbd74" testId="54bf1db8-a105-a0e8-4504-b197e830dd1c" testName="Domain.Tests.ValueObjects.TextureTypeTests.IsHeightRelatedType_WithHeightTypes_ReturnsTrue(textureType: Displacement)" computerName="devmachine" duration="00:00:00.0000033" startTime="2026-06-11T01:57:31.1559700+02:00" endTime="2026-06-11T01:57:31.1563220+02:00" testType="13cdc9d9-ddb5-4fa4-a97d-d965ccfc6d4b" outcome="Passed" testListId="8c84fa94-04c1-424b-9868-57a2d4851a1d" relativeResultsDirectory="f7ff00a7-9b08-4f49-a829-9b64e87bbd74" />
    <UnitTestResult executionId="6e04d3d8-b005-49a2-8fde-321cd0bd091a" testId="232b39c7-3673-4842-3b0a-7da16928b5a1" testName="Domain.Tests.Unit.FileDomainTests.Create_WithValidData_ReturnsFile" computerName="devmachine" duration="00:00:00.0031015" startTime="2026-06-11T01:57:31.1580050+02:00" endTime="2026-06-11T01:57:31.1628790+02:00" testType="13cdc9d9-ddb5-4fa4-a97d-d965ccfc6d4b" outcome="Passed" testListId="8c84fa94-04c1-424b-9868-57a2d4851a1d" relativeResultsDirectory="6e04d3d8-b005-49a2-8fde-321cd0bd091a" />
    <UnitTestResult executionId="f3bb3521-a9ea-4bf8-a27e-0389e4c154c2" testId="5a3be5ed-0c19-e6ed-7b92-a3e3cd9392c9" testName="Domain.Tests.Unit.ModelVersionDomainTests.AddTextureMapping_WithNamedMaterial_ReplacesExistingMapping" computerName="devmachine" duration="00:00:00.0003279" startTime="2026-06-11T01:57:31.1600320+02:00" endTime="2026-06-11T01:57:31.1609770+02:00" testType="13cdc9d9-ddb5-4fa4-a97d-d965ccfc6d4b" outcome="Passed" testListId="8c84fa94-04c1-424b-9868-57a2d4851a1d" relativeResultsDirectory="f3bb3521-a9ea-4bf8-a27e-0389e4c154c2" />
    <UnitTestResult executionId="9385fe5b-5bbf-47af-8ba6-75b09fd04e75" testId="52fe3d70-2821-beea-47d2-763a8159ac52" testName="Domain.Tests.Unit.ModelVersionDomainTests.SetDefaultTextureSet_WithNonAssociatedTextureSet_ThrowsInvalidOperationException" computerName="devmachine" duration="00:00:00.0101004" startTime="2026-06-11T01:57:31.0576480+02:00" endTime="2026-06-11T01:57:31.0911410+02:00" testType="13cdc9d9-ddb5-4fa4-a97d-d965ccfc6d4b" outcome="Passed" testListId="8c84fa94-04c1-424b-9868-57a2d4851a1d" relativeResultsDirectory="9385fe5b-5bbf-47af-8ba6-75b09fd04e75" />
[...]
    <TestEntry testId="fab8d179-de41-1afc-f521-028a453d1aac" executionId="f93df701-ec39-41a1-8609-e8ac2a8b3f1f" testListId="8c84fa94-04c1-424b-9868-57a2d4851a1d" />
    <TestEntry testId="a5c8f2bc-dd36-33fd-fb80-40dd25af0d6d" executionId="73b61076-e313-48fd-80c1-547bf5702c1a" testListId="8c84fa94-04c1-424b-9868-57a2d4851a1d" />
    <TestEntry testId="2023f4a4-de22-66e6-bbc3-36257098af42" executionId="28e6579a-02ad-46ff-88f2-d2c8834a55c9" testListId="8c84fa94-04c1-424b-9868-57a2d4851a1d" />
    <TestEntry testId="1d9b1f21-24fa-9f2a-c51a-5520ace5a39d" executionId="ac7d442d-6bd3-4b3f-a8b0-9e888b511d91" testListId="8c84fa94-04c1-424b-9868-57a2d4851a1d" />
    <TestEntry testId="92c7736c-b849-ad5a-e0e5-546c349a9953" executionId="5c2718fa-e856-4470-be30-0e7c3d2b35dc" testListId="8c84fa94-04c1-424b-9868-57a2d4851a1d" />
    <TestEntry testId="1963359b-067e-6bba-3b2f-f58913625971" executionId="a2f7c7e9-1c65-4330-8d76-6946a0c3c880" testListId="8c84fa94-04c1-424b-9868-57a2d4851a1d" />
    <TestEntry testId="9961c945-019a-10d9-5446-9a318b519190" executionId="37ebcc59-601f-4641-a8e5-665f4d3d1616" testListId="8c84fa94-04c1-424b-9868-57a2d4851a1d" />
    <TestEntry testId="33344a7d-05c3-e2aa-13bc-3775cdbd0d52" executionId="d5073b0f-480b-4277-ba89-03273c2abc8b" testListId="8c84fa94-04c1-424b-9868-57a2d4851a1d" />
    <TestEntry testId="4a9cb7d2-f3fc-9a02-72fa-dac9bf7f7f38" executionId="d5afa279-09ed-479b-bc3f-0d8231162894" testListId="8c84fa94-04c1-424b-9868-57a2d4851a1d" />
    <TestEntry testId="74acb636-d6b9-53c2-fdf8-219ce65d719a" executionId="2a69f63c-0ce2-4484-83db-06aa1418f562" testListId="8c84fa94-04c1-424b-9868-57a2d4851a1d" />
    <TestEntry testId="9a538304-a886-8b21-c10a-8599896e8eb8" executionId="a18f5359-e795-4270-b681-3cd031d91047" testListId="8c84fa94-04c1-424b-9868-57a2d4851a1d" />
    <TestEntry testId="444a9d3a-993b-0512-ada6-8ce341964f82" executionId="5c9c7dfe-6093-41e0-b453-1eaccd9dde47" testListId="8c84fa94-04c1-424b-9868-57a2d4851a1d" />
    <TestEntry testId="f19a9797-f52c-21ac-4f50-1cd4c751c7e8" executionId="ac689768-7c76-4400-9457-c847c3b8b681" testListId="8c84fa94-04c1-424b-9868-57a2d4851a1d" />
    <TestEntry testId="01b32bc6-20d5-ec9e-789b-ca1db5ae5ff7" executionId="6ced863f-ec3d-490b-8eb9-98494389460e" testListId="8c84fa94-04c1-424b-9868-57a2d4851a1d" />
    <TestEntry testId="e7310228-ac5c-5b6e-ec1d-c5ebfba345a2" executionId="c833cbc9-5d4a-4c21-86fa-a0841059e021" testListId="8c84fa94-04c1-424b-9868-57a2d4851a1d" />
    <TestEntry testId="87bef831-02c7-cca3-5c00-50e27196b3b9" executionId="e779902f-6c2d-4dc4-b8d8-76638e6db8b6" testListId="8c84fa94-04c1-424b-9868-57a2d4851a1d" />
    <TestEntry testId="ab7f2a36-3f27-4e4b-2596-a680e9729114" executionId="7b30d40a-a24a-4a1b-b7b5-081622faae2e" testListId="8c84fa94-04c1-424b-9868-57a2d4851a1d" />
    <TestEntry testId="3020f903-a823-0849-a344-14a66941eb0f" executionId="188f3c19-96fd-4a06-83f3-f0434c536560" testListId="8c84fa94-04c1-424b-9868-57a2d4851a1d" />
    <TestEntry testId="a42f9704-8952-17bd-a7e0-fba5a18c69a3" executionId="748f3d18-dd32-4312-9887-30b43368140d" testListId="8c84fa94-04c1-424b-9868-57a2d4851a1d" />
    <TestEntry testId="c708d03c-51a0-c475-b203-a5faaf2ee24e" executionId="f3b5f23f-e954-4bef-a453-96b5b2b2ee4a" testListId="8c84fa94-04c1-424b-9868-57a2d4851a1d" />
    <TestEntry testId="c237deb7-2a7d-3066-953e-d687d9d9c0f3" executionId="4ddf32c8-567c-48bf-97e3-e6ed864800e8" testListId="8c84fa94-04c1-424b-9868-57a2d4851a1d" />
    <TestEntry testId="789d1f55-ff32-1b9f-d900-aceaf806c905" executionId="bdb5ab0d-0f66-4d25-b86e-932cc1955483" testListId="8c84fa94-04c1-424b-9868-57a2d4851a1d" />
    <TestEntry testId="7cbd40a9-3d31-fc42-4bde-c984d9618b7a" executionId="1e8685fc-87bf-47d8-865a-4aeb82100553" testListId="8c84fa94-04c1-424b-9868-57a2d4851a1d" />
    <TestEntry testId="2dc397e0-a6a5-e498-b145-eb6e9a0f0912" executionId="c24fedbd-9a72-4bdd-a708-f1b9e838fc14" testListId="8c84fa94-04c1-424b-9868-57a2d4851a1d" />
    <TestEntry testId="51590305-76f3-8f56-5e0d-b7aed5309778" executionId="5c1adc2b-eeaf-4ad9-8981-4c5ed7a3a045" testListId="8c84fa94-04c1-424b-9868-57a2d4851a1d" />
    <TestEntry testId="f7b5dca7-c283-794c-7c83-abbe6de90d63" executionId="523f7169-e330-4ec8-9233-eab00bfc895e" testListId="8c84fa94-04c1-424b-9868-57a2d4851a1d" />
    <TestEntry testId="9dc8c4a0-eb4a-9f7f-1631-9818ec6bbb4c" executionId="d350498e-8de4-4b8b-b2d0-608308c8ab47" testListId="8c84fa94-04c1-424b-9868-57a2d4851a1d" />
    <TestEntry testId="91ebb661-c780-5007-2e20-b2209bfd599f" executionId="a9980ba9-1d1f-4775-bcd8-e39b849717f2" testListId="8c84fa94-04c1-424b-9868-57a2d4851a1d" />
    <TestEntry testId="eef4ac9d-09b7-c681-fc83-9da9ac208331" executionId="cbc1d735-cd5b-41be-bb8e-0685bb5fffc0" testListId="8c84fa94-04c1-424b-9868-57a2d4851a1d" />
    <TestEntry testId="1487d140-c651-e251-79d6-604cfafe6e85" executionId="5b444135-1658-4eff-93b7-e296651c1f89" testListId="8c84fa94-04c1-424b-9868-57a2d4851a1d" />
    <TestEntry testId="25043d03-0611-ef60-fc18-9cc6ad1d88c7" executionId="782537a4-ecc3-482d-af78-d390a22cd739" testListId="8c84fa94-04c1-424b-9868-57a2d4851a1d" />
    <TestEntry testId="e72c2401-d4a4-e0a8-38c7-a8bfc2088352" executionId="0c1f5632-8e19-4c03-b265-f8cd98bda94b" testListId="8c84fa94-04c1-424b-9868-57a2d4851a1d" />
    <TestEntry testId="f8dceb6e-cc09-5bba-41d1-2abd43570bba" executionId="75f48790-4729-4f20-984c-8795fe0e0ca7" testListId="8c84fa94-04c1-424b-9868-57a2d4851a1d" />
    <TestEntry testId="291b240e-4eab-2268-e3d6-c6ba9f1fc114" executionId="e7a045ea-818e-4c8a-9540-d2a07f0a634a" testListId="8c84fa94-04c1-424b-9868-57a2d4851a1d" />
    <TestEntry testId="1aaf8d6b-e9b4-51b5-b8ad-054a86ebdef4" executionId="fc61ad23-4e87-479c-9fc6-de42ce9ecc12" testListId="8c84fa94-04c1-424b-9868-57a2d4851a1d" />
    <TestEntry testId="193aca25-506d-1b60-caf1-804d0f86390b" executionId="95dd9619-7c90-4844-8c4c-11c0a34533b3" testListId="8c84fa94-04c1-424b-9868-57a2d4851a1d" />
    <TestEntry testId="ba796486-1819-7496-49b9-5071dc45c647" executionId="70d30298-0cf9-418a-8278-b0e3f894bfa7" testListId="8c84fa94-04c1-424b-9868-57a2d4851a1d" />
    <TestEntry testId="2fb340e6-f2a6-5f72-4ab7-6d4d501197b7" executionId="581b98b9-07b5-4a5f-b4a6-e8f1d6e6f087" testListId="8c84fa94-04c1-424b-9868-57a2d4851a1d" />
    <TestEntry testId="2e2f978e-21b5-283a-cb86-975d8a99c74a" executionId="2c6cb4e9-ca8b-4c4a-9ded-c004edc6c77c" testListId="8c84fa94-04c1-424b-9868-57a2d4851a1d" />
    <TestEntry testId="616c435b-7da6-9719-a351-babe3de1c846" executionId="0ad3463a-4aff-4b9d-b470-1352843ddd4b" testListId="8c84fa94-04c1-424b-9868-57a2d4851a1d" />
    <TestEntry testId="8e834bda-a5e9-b2eb-c889-09d7ca0fcd3e" executionId="0c50f2d1-8173-448e-97e8-e377ca542fdd" testListId="8c84fa94-04c1-424b-9868-57a2d4851a1d" />
    <TestEntry testId="6b46c566-3505-b646-ca33-71c6749c28b4" executionId="3604c3aa-c6f7-4b22-9dfa-5a664678ba38" testListId="8c84fa94-04c1-424b-9868-57a2d4851a1d" />
    <TestEntry testId="2e1fcb23-9766-86e6-f6ae-cecdc155c9fe" executionId="1eec32f6-57f2-414e-98e6-406569ff442b" testListId="8c84fa94-04c1-424b-9868-57a2d4851a1d" />
    <TestEntry testId="69fd9d14-8d95-4ad3-9336-3bd665683d40" executionId="6ee776e9-abf3-4db7-b508-58f6b3fab72c" testListId="8c84fa94-04c1-424b-9868-57a2d4851a1d" />
    <TestEntry testId="23b75740-bab2-6c4a-b17a-b65b90a7ce9d" executionId="37f9e179-42c0-496c-877a-55c1e064fce2" testListId="8c84fa94-04c1-424b-9868-57a2d4851a1d" />
    <TestEntry testId="89490d34-0293-6f2e-27d3-1ec1f5139871" executionId="478a4189-2d26-4a29-8935-4f5e4f1aba83" testListId="8c84fa94-04c1-424b-9868-57a2d4851a1d" />
    <TestEntry testId="c9dd1d8d-6f0d-f60f-c7ea-859aedf62853" executionId="3fe11a11-3627-4755-a9a2-4f4554e44e7e" testListId="8c84fa94-04c1-424b-9868-57a2d4851a1d" />
    <TestEntry testId="7122dace-dc62-3b53-8857-8cfc04bebd31" executionId="ebc25b10-3d7c-4d50-aed1-f2648d2a8894" testListId="8c84fa94-04c1-424b-9868-57a2d4851a1d" />
    <TestEntry testId="6a0a02a4-134f-461a-89b5-c466164fdb34" executionId="5c7054af-1537-4324-807a-75f939245030" testListId="8c84fa94-04c1-424b-9868-57a2d4851a1d" />
    <TestEntry testId="9982f588-8813-1b54-a4d5-3518f8bdfb7c" executionId="3f2ba6d2-102e-4e95-8ef8-7b76d74c5927" testListId="8c84fa94-04c1-424b-9868-57a2d4851a1d" />
    <TestEntry testId="01613661-cc63-071d-eb27-1cb274285e4e" executionId="af7bcfe5-283a-446a-9416-95ddf3df9b68" testListId="8c84fa94-04c1-424b-9868-57a2d4851a1d" />
    <TestEntry testId="128504d0-a6f1-2498-714c-821d336158d6" executionId="b074129b-297b-4c48-8c1e-51d1089ae01c" testListId="8c84fa94-04c1-424b-9868-57a2d4851a1d" />
    <TestEntry testId="d2c4517e-7b95-25af-7188-d55390ce05cb" executionId="53d782db-65dd-43c5-ac0b-6f4a7431ea39" testListId="8c84fa94-04c1-424b-9868-57a2d4851a1d" />
    <TestEntry testId="0139d8d1-7b54-1990-d051-4be3d0502e4a" executionId="b5d77c60-3e83-4b1d-9a2f-6ed2355a0427" testListId="8c84fa94-04c1-424b-9868-57a2d4851a1d" />
    <TestEntry testId="50b17cfd-cd5d-3b8e-93cc-3fd4e6fd6775" executionId="32f56115-f0dd-4643-a7a7-b9d5e096c77b" testListId="8c84fa94-04c1-424b-9868-57a2d4851a1d" />
    <TestEntry testId="3d2a00b9-e231-2e7c-0a04-4ab56b6fd47f" executionId="2e47699d-7b46-4ac7-b2b1-76afdcd82867" testListId="8c84fa94-04c1-424b-9868-57a2d4851a1d" />
    <TestEntry testId="46c7633a-8e6f-2752-42d9-dd8423d68f40" executionId="4b743d50-28a1-4504-b670-3db043e96ff7" testListId="8c84fa94-04c1-424b-9868-57a2d4851a1d" />
    <TestEntry testId="5edf5ed3-b9e1-d07f-160e-c7ee07f23cbb" executionId="e69f1ebd-ffb5-4343-b2d7-331d0cb284b3" testListId="8c84fa94-04c1-424b-9868-57a2d4851a1d" />
    <TestEntry testId="7da6857d-95d2-3dfc-568b-f7a1f5a879f2" executionId="af93e1ba-d3bf-44fc-9a53-5d844bb99139" testListId="8c84fa94-04c1-424b-9868-57a2d4851a1d" />
    <TestEntry testId="3c9bd88a-3e89-ba10-f78b-eb6eddc5457c" executionId="54feccc1-175a-45b0-bc6a-691e4f230564" testListId="8c84fa94-04c1-424b-9868-57a2d4851a1d" />
    <TestEntry testId="abaeb38a-ce1f-0f98-bfa6-e3e5bd962124" executionId="a5947da9-0692-48dd-9bf5-fae915a32299" testListId="8c84fa94-04c1-424b-9868-57a2d4851a1d" />
    <TestEntry testId="b9f8d663-a4c0-115b-b056-f09d34ca52ee" executionId="4afe5d51-9320-46c3-8c9e-6b3c6e2f387e" testListId="8c84fa94-04c1-424b-9868-57a2d4851a1d" />
    <TestEntry testId="9b9fbe92-53b4-95b9-b07d-cfcfcb02b871" executionId="cdebf9fd-d220-41d2-ae9d-d16975d349a0" testListId="8c84fa94-04c1-424b-9868-57a2d4851a1d" />
    <TestEntry testId="02697e5e-ade5-9ed7-9b1b-bc62c4954256" executionId="823300c9-0f72-424d-95c5-3e606db9d9c1" testListId="8c84fa94-04c1-424b-9868-57a2d4851a1d" />
    <TestEntry testId="349d62f3-33f5-0258-4422-af0ef56e6948" executionId="93b7c5ec-7951-4232-b650-4957f9ca8048" testListId="8c84fa94-04c1-424b-9868-57a2d4851a1d" />
    <TestEntry testId="5aeb52c8-73fb-21b3-30b6-83bcf19052c8" executionId="e96b29be-bbc6-480c-8d03-b682b690fb4f" testListId="8c84fa94-04c1-424b-9868-57a2d4851a1d" />
    <TestEntry testId="eedbe338-ed92-e31e-d7fd-d399ffec5e82" executionId="adad49f0-b434-4a7a-93fc-469f61008cdc" testListId="8c84fa94-04c1-424b-9868-57a2d4851a1d" />
    <TestEntry testId="7e628901-4fb6-c068-edfa-a140d013bd40" executionId="0bc17bc8-a17c-4cb3-ae0f-eb36ecd01f7c" testListId="8c84fa94-04c1-424b-9868-57a2d4851a1d" />
    <TestEntry testId="e012352d-c772-8c3a-b9d9-a804fea0d412" executionId="0cb5e964-894e-4033-8336-c9561db4f78f" testListId="8c84fa94-04c1-424b-9868-57a2d4851a1d" />
    <TestEntry testId="6ea8737c-c922-dc90-336c-b96eab75c089" executionId="e94ae3a9-ce2a-403e-8bb3-49e1450db215" testListId="8c84fa94-04c1-424b-9868-57a2d4851a1d" />
    <TestEntry testId="a4fa402e-7f16-ba35-d1e5-54fa5b2d0278" executionId="5a1494ac-009f-49b2-ab3f-5a4e5dbfd0dd" testListId="8c84fa94-04c1-424b-9868-57a2d4851a1d" />
    <TestEntry testId="4526bc27-af13-b82a-1069-ec5f7030be6b" executionId="1dc9fa8b-b05d-4457-852f-b55473280813" testListId="8c84fa94-04c1-424b-9868-57a2d4851a1d" />
    <TestEntry testId="7cbabcca-0f52-02d1-dd8f-fe99ebe87f2a" executionId="56b64ffa-f8f8-482b-bbfe-ec26a362bfd7" testListId="8c84fa94-04c1-424b-9868-57a2d4851a1d" />
    <TestEntry testId="cb0d2301-76d6-f306-7596-917d18d7282d" executionId="f838c866-5508-4161-be38-c77bfa190333" testListId="8c84fa94-04c1-424b-9868-57a2d4851a1d" />
    <TestEntry testId="d42fae55-fb47-2934-567c-1695326dbd42" executionId="b1114483-0689-4383-938a-aaa42558761f" testListId="8c84fa94-04c1-424b-9868-57a2d4851a1d" />
    <TestEntry testId="7c8b0cd1-1108-4b0f-7eda-656b5d98bacc" executionId="fcb722fa-1690-4fc8-ad8a-1381b3cb4760" testListId="8c84fa94-04c1-424b-9868-57a2d4851a1d" />
    <TestEntry testId="29679eb3-373b-5fd7-219d-6ab85b4f6eef" executionId="6ce7e89e-c2c2-40e8-885c-b60ee2508d42" testListId="8c84fa94-04c1-424b-9868-57a2d4851a1d" />
    <TestEntry testId="dc627790-1876-cdb5-3073-8dbfefc24c5a" executionId="a119eef4-a49c-483d-9f2f-8eb36e6f72aa" testListId="8c84fa94-04c1-424b-9868-57a2d4851a1d" />
    <TestEntry testId="ae71a659-3fb1-01da-0c2b-02180dcf6e60" executionId="f34d13d3-c1a4-4982-ac18-f9c08a11b535" testListId="8c84fa94-04c1-424b-9868-57a2d4851a1d" />
    <TestEntry testId="a5b1cd0d-dee1-43c7-4b19-be0c86f5169a" executionId="928579ee-3d99-4b38-9d8e-f1294af1f792" testListId="8c84fa94-04c1-424b-9868-57a2d4851a1d" />
    <TestEntry testId="ad3761b7-ea1f-5fa0-30ff-59c1d66b0485" executionId="57fca439-6cb5-47de-989a-d83491243efd" testListId="8c84fa94-04c1-424b-9868-57a2d4851a1d" />
    <TestEntry testId="c79d0475-b64e-6368-16d0-4365e8d8d2b4" executionId="b362bf5b-2756-46c8-a1c9-c52e99b489d4" testListId="8c84fa94-04c1-424b-9868-57a2d4851a1d" />
    <TestEntry testId="051d91b4-c0d5-6c51-8b53-6a51fc3ef552" executionId="70daa3ae-f4c2-420f-9c74-ae040c0ca07c" testListId="8c84fa94-04c1-424b-9868-57a2d4851a1d" />
    <TestEntry testId="81523bf5-1390-4530-a0d7-a80fdc9840d7" executionId="10ed5347-2a63-452e-8845-93e7af8c00d0" testListId="8c84fa94-04c1-424b-9868-57a2d4851a1d" />
    <TestEntry testId="59c905c8-f711-fbf1-97e1-bd28cd38216c" executionId="00cc3d02-5b38-4868-a489-e8f5d020df73" testListId="8c84fa94-04c1-424b-9868-57a2d4851a1d" />
    <TestEntry testId="ee8e0413-0fd9-0c8b-18bb-afa4573e5ce6" executionId="04b50896-f0f4-48d8-a99d-24bd4176fd3f" testListId="8c84fa94-04c1-424b-9868-57a2d4851a1d" />
    <TestEntry testId="602c9ea0-9a19-b86f-b52d-f54a89c3220a" executionId="716f9978-2e76-4622-be30-9b0342f76528" testListId="8c84fa94-04c1-424b-9868-57a2d4851a1d" />
    <TestEntry testId="862f656e-3538-34f3-0ccf-9707de0d27cc" executionId="43f9ab4e-78c9-4589-a90e-c7b888df5293" testListId="8c84fa94-04c1-424b-9868-57a2d4851a1d" />
    <TestEntry testId="3899286c-7a2a-ece5-cfff-0058f7539a9b" executionId="4bb2330a-4ee8-4ca1-8ce5-0f0b86e077bc" testListId="8c84fa94-04c1-424b-9868-57a2d4851a1d" />
    <TestEntry testId="52fd7ba9-7797-762b-0898-7fff8e3d0924" executionId="4f784cfd-2c87-415e-95d4-11280582ea3d" testListId="8c84fa94-04c1-424b-9868-57a2d4851a1d" />
    <TestEntry testId="6fc5fc56-e39f-c669-11e9-f1ae2f103472" executionId="1814e82b-2172-4973-9dec-5d34242f0638" testListId="8c84fa94-04c1-424b-9868-57a2d4851a1d" />
    <TestEntry testId="802de57e-e2cc-8f74-00a7-576ed8bd9860" executionId="e68c218e-5151-4fb7-91fa-1cf54621d5ee" testListId="8c84fa94-04c1-424b-9868-57a2d4851a1d" />
    <TestEntry testId="34f91b64-ea84-bd43-3aa5-5832330afe2b" executionId="093d9b9c-6e63-4fea-911c-06583b2010f0" testListId="8c84fa94-04c1-424b-9868-57a2d4851a1d" />
    <TestEntry testId="dd53000d-e12e-f6f7-7098-d6220b5bb1e2" executionId="2393e3cc-0353-46c6-a51d-5071be4f9a56" testListId="8c84fa94-04c1-424b-9868-57a2d4851a1d" />
    <TestEntry testId="20af60ac-3a02-b4ee-03dd-6e30c77494b4" executionId="e99569f4-85ae-4142-b43a-35d382d63eec" testListId="8c84fa94-04c1-424b-9868-57a2d4851a1d" />
    <TestEntry testId="4e693eed-9366-2cbd-1ade-c1df854131c0" executionId="5710464d-7d8c-4c7d-a8d6-0453d9ad8ea2" testListId="8c84fa94-04c1-424b-9868-57a2d4851a1d" />
    <TestEntry testId="09cd5ac1-9052-9032-e823-de10f5b3e199" executionId="b20e8d48-f97b-4bac-87fd-cda59afa3750" testListId="8c84fa94-04c1-424b-9868-57a2d4851a1d" />
    <TestEntry testId="5af34135-6675-3728-3c27-ca8706f37d39" executionId="285f04d6-823b-4de4-a066-1d4b8ad07358" testListId="8c84fa94-04c1-424b-9868-57a2d4851a1d" />
    <TestEntry testId="9d962239-c952-6d9f-472d-dd83db839b18" executionId="9e8921b0-0842-4cb7-a3e3-cb760ebc9e6c" testListId="8c84fa94-04c1-424b-9868-57a2d4851a1d" />
    <TestEntry testId="4174988c-1b13-40ee-961b-2cafcf411fa7" executionId="1d62e432-4465-480f-bc71-45de9e3479f3" testListId="8c84fa94-04c1-424b-9868-57a2d4851a1d" />
    <TestEntry testId="dbb8c5c6-9dba-be0a-a79e-f49494e7c08d" executionId="62184722-fe34-4e75-a8ef-52c12997e1f4" testListId="8c84fa94-04c1-424b-9868-57a2d4851a1d" />
    <TestEntry testId="a2e8b974-a373-a56a-178e-26e4915d704e" executionId="6df31a88-36ca-43b9-b046-436f8d574172" testListId="8c84fa94-04c1-424b-9868-57a2d4851a1d" />
    <TestEntry testId="7b480ca4-0ed2-dcdd-7964-637a01c8ad25" executionId="64ae4236-187b-4382-a079-5d0dcad7fe70" testListId="8c84fa94-04c1-424b-9868-57a2d4851a1d" />
    <TestEntry testId="f5c5aaff-6b6d-b34d-dbfd-41bb51515da4" executionId="d1392901-37fe-4381-a2cb-21772bb57c6b" testListId="8c84fa94-04c1-424b-9868-57a2d4851a1d" />
    <TestEntry testId="9e553022-5400-5ef7-e875-93d97692cb3b" executionId="21ac97be-7948-4c05-b2ce-381af441e2fe" testListId="8c84fa94-04c1-424b-9868-57a2d4851a1d" />
    <TestEntry testId="043ea1d3-936d-22b4-5e3c-22fb8b73ac97" executionId="0a403b38-905e-4375-acd5-05a8276bffc3" testListId="8c84fa94-04c1-424b-9868-57a2d4851a1d" />
    <TestEntry testId="5173fcd4-536a-0190-1a7f-760d9223c363" executionId="184331bd-64b4-41a9-9bcc-42bd164328ae" testListId="8c84fa94-04c1-424b-9868-57a2d4851a1d" />
    <TestEntry testId="3b1061ac-bb47-a73e-a26e-12da45f269fa" executionId="9edf1425-d059-40cc-8427-0fcb1acd1a67" testListId="8c84fa94-04c1-424b-9868-57a2d4851a1d" />
    <TestEntry testId="088cc52c-fb27-cf8c-3b5d-b1f9ebf91341" executionId="7941a05b-e066-40e7-9827-2ddd761662b2" testListId="8c84fa94-04c1-424b-9868-57a2d4851a1d" />
    <TestEntry testId="05fa02c9-7fbe-79e3-170d-edbd9991d713" executionId="5dfa1603-17ab-451e-a75b-9c910c0ad862" testListId="8c84fa94-04c1-424b-9868-57a2d4851a1d" />
    <TestEntry testId="efae7983-1ca1-d783-ae6f-45221446f65c" executionId="cf5c0b9a-138a-4a12-bd45-a761f23558e3" testListId="8c84fa94-04c1-424b-9868-57a2d4851a1d" />
    <TestEntry testId="6d25d502-0636-8f88-214f-f6b1e324fbf1" executionId="14abe684-280a-4abc-a522-12c77aae8431" testListId="8c84fa94-04c1-424b-9868-57a2d4851a1d" />
    <TestEntry testId="9d43bd16-9e19-3b26-84cb-8cbb51519198" executionId="ff21a045-2eca-48ea-a361-8b921d2848a3" testListId="8c84fa94-04c1-424b-9868-57a2d4851a1d" />
    <TestEntry testId="a2402c41-0eb3-7777-3bbc-102e9c2ea2c6" executionId="732dc4bc-b2d4-47cf-824d-eb7a0352be7d" testListId="8c84fa94-04c1-424b-9868-57a2d4851a1d" />
    <TestEntry testId="2932d0f7-ff8c-32d4-d35f-8eefc4f62178" executionId="df1149da-3670-451e-8b61-139822b94a56" testListId="8c84fa94-04c1-424b-9868-57a2d4851a1d" />
  </TestEntries>
  <TestLists>
    <TestList name="Wyniki, których nie ma na liście" id="8c84fa94-04c1-424b-9868-57a2d4851a1d" />
    <TestList name="Wszystkie załadowane wyniki" id="19431567-8539-422a-85d7-44ee4e166bda" />
  </TestLists>
  <ResultSummary outcome="Completed">
    <Counters total="309" executed="309" passed="309" failed="0" error="0" timeout="0" aborted="0" inconclusive="0" passedButRunAborted="0" notRunnable="0" notExecuted="0" disconnected="0" warning="0" completed="0" inProgress="0" pending="0" />
    <Output>
      <StdOut>[xUnit.net 00:00:00.00] xUnit.net VSTest Adapter v3.0.2+dd36e86129 (64-bit .NET 9.0.14)
[xUnit.net 00:00:00.04]   Discovering: Domain.Tests
[xUnit.net 00:00:00.09]   Discovered:  Domain.Tests
[xUnit.net 00:00:00.14]   Starting:    Domain.Tests
[xUnit.net 00:00:00.28]   Finished:    Domain.Tests
</StdOut>
    </Output>
  </ResultSummary>
</TestRun>