<?xml version="1.0" encoding="utf-8"?>
<TestRun id="83332d87-0f74-4222-be86-69c1e7908729" name="@devmachine 2026-06-11 01:57:31" xmlns="http://microsoft.com/schemas/VisualStudio/TeamTest/2010">
  <Times creation="2026-06-11T01:57:31.2790470+02:00" queuing="2026-06-11T01:57:31.2790470+02:00" start="2026-06-11T01:57:30.7465480+02:00" finish="2026-06-11T01:57:31.3839540+02:00" />
  <TestSettings name="default" id="c4a85a6b-78c1-403b-a336-2cdb4e583941">
    <Deployment runDeploymentRoot="_devmachine_2026-06-11_01_57_31" />
  </TestSettings>
  <Results>
    <UnitTestResult executionId="90f34f15-beb6-4062-8bd8-d8d12c0ed2ea" testId="0184166c-5a09-acba-5456-c36627c01f14" testName="Application.Tests.Models.SetDefaultTextureSetCommandHandlerTests.Handle_WithModelVersionId_UpdatesSpecifiedVersionAndModelDefaultIfActiveVersion" computerName="devmachine" duration="00:00:00.0209531" startTime="2026-06-11T01:57:31.2603360+02:00" endTime="2026-06-11T01:57:31.2805200+02:00" testType="13cdc9d9-ddb5-4fa4-a97d-d965ccfc6d4b" outcome="Passed" testListId="8c84fa94-04c1-424b-9868-57a2d4851a1d" relativeResultsDirectory="90f34f15-beb6-4062-8bd8-d8d12c0ed2ea" />
    <UnitTestResult executionId="f55fb69e-9447-456e-8160-ee8eff28bb06" testId="63d4eb3d-7bd2-97e2-4049-e372c7081ab2" testName="Application.Tests.Models.CreateModelFromBlendCommandHandlerTests.Handle_WithDuplicateName_WhenPolicyIsReject_ReturnsFailure" computerName="devmachine" duration="00:00:00.0109250" startTime="2026-06-11T01:57:31.3174440+02:00" endTime="2026-06-11T01:57:31.3283400+02:00" testType="13cdc9d9-ddb5-4fa4-a97d-d965ccfc6d4b" outcome="Passed" testListId="8c84fa94-04c1-424b-9868-57a2d4851a1d" relativeResultsDirectory="f55fb69e-9447-456e-8160-ee8eff28bb06" />
    <UnitTestResult executionId="b1c47128-73b5-4382-84a3-8b1c4c2711ec" testId="8542dac3-567b-0b56-bda4-d4957d4cdb41" testName="Application.Tests.EventHandlers.ModelUploadedEventHandlerTests.Handle_ValidEvent_EnqueuesJob" computerName="devmachine" duration="00:00:00.0076364" startTime="2026-06-11T01:57:31.2851020+02:00" endTime="2026-06-11T01:57:31.2973860+02:00" testType="13cdc9d9-ddb5-4fa4-a97d-d965ccfc6d4b" outcome="Passed" testListId="8c84fa94-04c1-424b-9868-57a2d4851a1d" relativeResultsDirectory="b1c47128-73b5-4382-84a3-8b1c4c2711ec" />
    <UnitTestResult executionId="516c11e8-f3ac-4fa3-84cf-e867d52653bc" testId="a873a55e-5699-9d3e-54fe-229cd39f2bfe" testName="Application.Tests.Settings.SettingValidatorTests.ValidateSetting_ThumbnailSize_ValidatesCorrectly(value: &quot;4096&quot;, shouldSucceed: False)" computerName="devmachine" duration="00:00:00.0000024" startTime="2026-06-11T01:57:31.3033820+02:00" endTime="2026-06-11T01:57:31.3033970+02:00" testType="13cdc9d9-ddb5-4fa4-a97d-d965ccfc6d4b" outcome="Passed" testListId="8c84fa94-04c1-424b-9868-57a2d4851a1d" relativeResultsDirectory="516c11e8-f3ac-4fa3-84cf-e867d52653bc" />
    <UnitTestResult executionId="38894474-66ee-482a-9845-48cab71bc093" testId="8116c0f5-1ae8-aa34-e231-0981e31d11a2" testName="Application.Tests.Settings.SettingValidatorTests.ValidateSetting_UnknownKey_ReturnsSuccess" computerName="devmachine" duration="00:00:00.0000510" startTime="2026-06-11T01:57:31.3051300+02:00" endTime="2026-06-11T01:57:31.3051450+02:00" testType="13cdc9d9-ddb5-4fa4-a97d-d965ccfc6d4b" outcome="Passed" testListId="8c84fa94-04c1-424b-9868-57a2d4851a1d" relativeResultsDirectory="38894474-66ee-482a-9845-48cab71bc093" />
    <UnitTestResult executionId="3060d123-d7ae-43d5-9b79-3272704496a8" testId="3ab91a84-1ce0-1c7f-d0bc-8738084b7850" testName="Application.Tests.Thumbnails.RegenerateAllThumbnailsCommandHandlerTests.Handle_ResetsExistingThumbnailAndEnqueuesJob_ForceRegenerateTrue" computerName="devmachine" duration="00:00:00.0027221" startTime="2026-06-11T01:57:31.3101490+02:00" endTime="2026-06-11T01:57:31.3127580+02:00" testType="13cdc9d9-ddb5-4fa4-a97d-d965ccfc6d4b" outcome="Passed" testListId="8c84fa94-04c1-424b-9868-57a2d4851a1d" relativeResultsDirectory="3060d123-d7ae-43d5-9b79-3272704496a8" />
    <UnitTestResult executionId="3dfe400d-9fcb-4b43-b21d-8b058122fab5" testId="7c0df6ed-d746-0921-f917-3de3275424fd" testName="Application.Tests.Settings.SettingValidatorTests.ValidateSetting_GenerateThumbnailOnUpload_ValidatesCorrectly(value: &quot;invalid&quot;, shouldSucceed: False)" computerName="devmachine" duration="00:00:00.0000070" startTime="2026-06-11T01:57:31.3046060+02:00" endTime="2026-06-11T01:57:31.3046210+02:00" testType="13cdc9d9-ddb5-4fa4-a97d-d965ccfc6d4b" outcome="Passed" testListId="8c84fa94-04c1-424b-9868-57a2d4851a1d" relativeResultsDirectory="3dfe400d-9fcb-4b43-b21d-8b058122fab5" />
    <UnitTestResult executionId="c4f8c7ef-b34a-4563-9ea3-4b904256c56f" testId="db7f5ed3-7bfb-85e8-c577-62ce605993f7" testName="Application.Tests.EnvironmentMaps.EnvironmentMapQueryHandlerTests.GetById_WhenEnvironmentMapHasCubeVariant_MapsCubeFacesAndPreviewUrls" computerName="devmachine" duration="00:00:00.0065029" startTime="2026-06-11T01:57:31.3378430+02:00" endTime="2026-06-11T01:57:31.3415790+02:00" testType="13cdc9d9-ddb5-4fa4-a97d-d965ccfc6d4b" outcome="Passed" testListId="8c84fa94-04c1-424b-9868-57a2d4851a1d" relativeResultsDirectory="c4f8c7ef-b34a-4563-9ea3-4b904256c56f" />
    <UnitTestResult executionId="8fb8a399-f534-4f95-9b96-dc47ebddf8e6" testId="7b791082-1839-87c7-bc79-6d58d82054b4" testName="Application.Tests.ThumbnailJobs.FinishThumbnailJobCommandHandlerTests.Handle_WhenThumbnailExists_UpdatesExistingThumbnail" computerName="devmachine" duration="00:00:00.0089078" startTime="2026-06-11T01:57:31.2847330+02:00" endTime="2026-06-11T01:57:31.2979530+02:00" testType="13cdc9d9-ddb5-4fa4-a97d-d965ccfc6d4b" outcome="Passed" testListId="8c84fa94-04c1-424b-9868-57a2d4851a1d" relativeResultsDirectory="8fb8a399-f534-4f95-9b96-dc47ebddf8e6" />
    <UnitTestResult executionId="61b9097f-edd0-4fe8-b404-b7d463225589" testId="bbc3495e-f1bf-26da-8f5e-89b58cf739e7" testName="Application.Tests.Thumbnails.RegenerateThumbnailCommandHandlerTests.Handle_WhenModelHasExistingJob_EnqueuesNewJob" computerName="devmachine" duration="00:00:00.0726678" startTime="2026-06-11T01:57:31.2035410+02:00" endTime="2026-06-11T01:57:31.2775350+02:00" testType="13cdc9d9-ddb5-4fa4-a97d-d965ccfc6d4b" outcome="Passed" testListId="8c84fa94-04c1-424b-9868-57a2d4851a1d" relativeResultsDirectory="61b9097f-edd0-4fe8-b404-b7d463225589" />
    <UnitTestResult executionId="0e4622bb-ce97-4564-a161-2cdfb17d89f4" testId="c94b4fd1-9701-711d-68e6-b8f3b468f0ec" testName="Application.Tests.Settings.SettingValidatorTests.ValidateSetting_GenerateThumbnailOnUpload_ValidatesCorrectly(value: &quot;true&quot;, shouldSucceed: True)" computerName="devmachine" duration="00:00:00.0001353" startTime="2026-06-11T01:57:31.3043550+02:00" endTime="2026-06-11T01:57:31.3043720+02:00" testType="13cdc9d9-ddb5-4fa4-a97d-d965ccfc6d4b" outcome="Passed" testListId="8c84fa94-04c1-424b-9868-57a2d4851a1d" relativeResultsDirectory="0e4622bb-ce97-4564-a161-2cdfb17d89f4" />
    <UnitTestResult executionId="2eb78eb2-bcb4-4539-9374-eab976e282bf" testId="2da5f44a-8107-fc4a-e3c4-815df9900f61" testName="Application.Tests.Models.SoftDeleteModelVersionCommandHandlerTests.Handle_WhenVersionBelongsToDifferentModel_ReturnsFailure" computerName="devmachine" duration="00:00:00.0562444" startTime="2026-06-11T01:57:31.2035740+02:00" endTime="2026-06-11T01:57:31.2604580+02:00" testType="13cdc9d9-ddb5-4fa4-a97d-d965ccfc6d4b" outcome="Passed" testListId="8c84fa94-04c1-424b-9868-57a2d4851a1d" relativeResultsDirectory="2eb78eb2-bcb4-4539-9374-eab976e282bf" />
    <UnitTestResult executionId="224864eb-5c22-4c76-aed6-34ec6f66bb0a" testId="780f0bd9-dc15-3849-9166-527f1c6c84f9" testName="Application.Tests.Models.SetDefaultTextureSetCommandHandlerTests.Handle_WithoutModelVersionId_UpdatesActiveVersionAndModelDefaultTextureSet" computerName="devmachine" duration="00:00:00.0029462" startTime="2026-06-11T01:57:31.2868640+02:00" endTime="2026-06-11T01:57:31.2893280+02:00" testType="13cdc9d9-ddb5-4fa4-a97d-d965ccfc6d4b" outcome="Passed" testListId="8c84fa94-04c1-424b-9868-57a2d4851a1d" relativeResultsDirectory="224864eb-5c22-4c76-aed6-34ec6f66bb0a" />
    <UnitTestResult executionId="cd7e6b5f-dac1-4593-a483-c32560bd42c6" testId="c5327535-6094-0f29-a010-fbb43717391b" testName="Application.Tests.Models.AssetNameServiceTests.GenerateUniqueName_When2And3Exist_Returns4" computerName="devmachine" duration="00:00:00.0001577" startTime="2026-06-11T01:57:31.2187950+02:00" endTime="2026-06-11T01:57:31.2188290+02:00" testType="13cdc9d9-ddb5-4fa4-a97d-d965ccfc6d4b" outcome="Passed" testListId="8c84fa94-04c1-424b-9868-57a2d4851a1d" relativeResultsDirectory="cd7e6b5f-dac1-4593-a483-c32560bd42c6" />
    <UnitTestResult executionId="8329c130-3740-4373-a9d8-d1109d3cb8f5" testId="db42f76f-11b0-6caf-5740-f0992e66e248" testName="Application.Tests.ThumbnailJobs.FinishThumbnailJobCommandHandlerTests.Handle_WhenSuccessWithoutThumbnailPath_ReturnsInvalidCommand" computerName="devmachine" duration="00:00:00.0003244" startTime="2026-06-11T01:57:31.2808790+02:00" endTime="2026-06-11T01:57:31.2809530+02:00" testType="13cdc9d9-ddb5-4fa4-a97d-d965ccfc6d4b" outcome="Passed" testListId="8c84fa94-04c1-424b-9868-57a2d4851a1d" relativeResultsDirectory="8329c130-3740-4373-a9d8-d1109d3cb8f5" />
    <UnitTestResult executionId="aa5a6b54-fed2-43c0-a552-c2fa107394dc" testId="97305e87-8a00-17da-8275-65365397701c" testName="Application.Tests.Categories.CategoryCommandHandlerTests.Create_When_DuplicateNameInSameBranch_Returns_Failure_CategoryAlreadyExists" computerName="devmachine" duration="00:00:00.0055468" startTime="2026-06-11T01:57:31.2979330+02:00" endTime="2026-06-11T01:57:31.2985350+02:00" testType="13cdc9d9-ddb5-4fa4-a97d-d965ccfc6d4b" outcome="Passed" testListId="8c84fa94-04c1-424b-9868-57a2d4851a1d" relativeResultsDirectory="aa5a6b54-fed2-43c0-a552-c2fa107394dc" />
    <UnitTestResult executionId="ba7ee0a0-ba44-4c54-9495-d116d2f721bb" testId="6447e22d-b25e-3d11-2f62-d3ee03ef4c12" testName="Application.Tests.Packs.AddModelToPackCommandHandlerTests.Handle_WhenModelAlreadyAssociatedButBatchUploadNeedsRepair_UpdatesBatchUploadOnly" computerName="devmachine" duration="00:00:00.0196273" startTime="2026-06-11T01:57:31.2978400+02:00" endTime="2026-06-11T01:57:31.3124000+02:00" testType="13cdc9d9-ddb5-4fa4-a97d-d965ccfc6d4b" outcome="Passed" testListId="8c84fa94-04c1-424b-9868-57a2d4851a1d" relativeResultsDirectory="ba7ee0a0-ba44-4c54-9495-d116d2f721bb" />
    <UnitTestResult executionId="65ebd711-1d74-41cb-b366-74c7014e1d15" testId="0259126c-a578-cc9c-5d93-3c450e4470dc" testName="Application.Tests.Settings.SettingValidatorTests.ValidateSetting_MaxThumbnailSizeBytes_ValidatesCorrectly(value: &quot;104857600&quot;, shouldSucceed: True)" computerName="devmachine" duration="00:00:00.0000019" startTime="2026-06-11T01:57:31.3049560+02:00" endTime="2026-06-11T01:57:31.3049710+02:00" testType="13cdc9d9-ddb5-4fa4-a97d-d965ccfc6d4b" outcome="Passed" testListId="8c84fa94-04c1-424b-9868-57a2d4851a1d" relativeResultsDirectory="65ebd711-1d74-41cb-b366-74c7014e1d15" />
    <UnitTestResult executionId="5a3c70a6-ea58-4da9-ab7e-a9efe69a53ce" testId="c4983e57-0dc7-a5a1-608f-e675f1099f32" testName="Application.Tests.Settings.SettingValidatorTests.ValidateSetting_GenerateThumbnailOnUpload_ValidatesCorrectly(value: &quot;False&quot;, shouldSucceed: True)" computerName="devmachine" duration="00:00:00.0000018" startTime="2026-06-11T01:57:31.3045650+02:00" endTime="2026-06-11T01:57:31.3045800+02:00" testType="13cdc9d9-ddb5-4fa4-a97d-d965ccfc6d4b" outcome="Passed" testListId="8c84fa94-04c1-424b-9868-57a2d4851a1d" relativeResultsDirectory="5a3c70a6-ea58-4da9-ab7e-a9efe69a53ce" />
    <UnitTestResult executionId="62c30844-fb76-4371-ac33-77d8488ae766" testId="df61cda0-d3f4-798e-fbaf-efe8bcc5153a" testName="Application.Tests.Models.AssetNameServiceTests.GenerateUniqueName_WhenNoExistingNames_Returns2" computerName="devmachine" duration="00:00:00.0051026" startTime="2026-06-11T01:57:31.2035830+02:00" endTime="2026-06-11T01:57:31.2122290+02:00" testType="13cdc9d9-ddb5-4fa4-a97d-d965ccfc6d4b" outcome="Passed" testListId="8c84fa94-04c1-424b-9868-57a2d4851a1d" relativeResultsDirectory="62c30844-fb76-4371-ac33-77d8488ae766" />
    <UnitTestResult executionId="0f916915-1eb3-4034-b640-54e6b5b20b06" testId="de76b22e-6f9d-b9b6-ac2e-7e55ed0b2b45" testName="Application.Tests.EventHandlers.ModelUploadedEventHandlerTests.Handle_EnqueueThrowsException_ReturnsFailure" computerName="devmachine" duration="00:00:00.0727463" startTime="2026-06-11T01:57:31.2028130+02:00" endTime="2026-06-11T01:57:31.2794260+02:00" testType="13cdc9d9-ddb5-4fa4-a97d-d965ccfc6d4b" outcome="Passed" testListId="8c84fa94-04c1-424b-9868-57a2d4851a1d" relativeResultsDirectory="0f916915-1eb3-4034-b640-54e6b5b20b06" />
    <UnitTestResult executionId="8ca3d3b2-0979-4e88-859d-97013e502e9c" testId="c89eb1a1-0a9f-3934-fcfd-00c54bfea4dd" testName="Application.Tests.TextureSets.ChangeTextureTypeCommandHandlerTests.Handle_WhenTextureNotFoundInSet_ReturnsFailure" computerName="devmachine" duration="00:00:00.0042611" startTime="2026-06-11T01:57:31.2854410+02:00" endTime="2026-06-11T01:57:31.2895000+02:00" testType="13cdc9d9-ddb5-4fa4-a97d-d965ccfc6d4b" outcome="Passed" testListId="8c84fa94-04c1-424b-9868-57a2d4851a1d" relativeResultsDirectory="8ca3d3b2-0979-4e88-859d-97013e502e9c" />
    <UnitTestResult executionId="0ef488ad-6e2b-4dfd-ae9d-b42b5a75d199" testId="c0011926-a3e7-565d-dac5-371741e162df" testName="Application.Tests.EnvironmentMaps.EnvironmentMapQueryHandlerTests.GetAll_WhenEnvironmentMapHasPreviewVariantAndContainers_MapsPreviewSizeAndMembership" computerName="devmachine" duration="00:00:00.0209791" startTime="2026-06-11T01:57:31.3085590+02:00" endTime="2026-06-11T01:57:31.3289170+02:00" testType="13cdc9d9-ddb5-4fa4-a97d-d965ccfc6d4b" outcome="Passed" testListId="8c84fa94-04c1-424b-9868-57a2d4851a1d" relativeResultsDirectory="0ef488ad-6e2b-4dfd-ae9d-b42b5a75d199" />
    <UnitTestResult executionId="233529be-4063-4d2f-a9d8-25c12407454f" testId="d0369617-2b2f-76a5-128a-4def24132259" testName="Application.Tests.Models.AssetNameServiceTests.GenerateUniqueName_HandlesNameWithSpaces" computerName="devmachine" duration="00:00:00.0000551" startTime="2026-06-11T01:57:31.2481880+02:00" endTime="2026-06-11T01:57:31.2482060+02:00" testType="13cdc9d9-ddb5-4fa4-a97d-d965ccfc6d4b" outcome="Passed" testListId="8c84fa94-04c1-424b-9868-57a2d4851a1d" relativeResultsDirectory="233529be-4063-4d2f-a9d8-25c12407454f" />
    <UnitTestResult executionId="54edf1d6-e0dd-4079-b2f6-e6da03615056" testId="8214e076-6f4e-37cd-0282-873f4f4fda1b" testName="Application.Tests.EnvironmentMaps.EnvironmentMapCommandHandlerTests.CreateWithFile_WhenMatchingFileAlreadyExists_ReturnsExistingEnvironmentMapAndLogsBatch" computerName="devmachine" duration="00:00:00.0103704" startTime="2026-06-11T01:57:31.3157340+02:00" endTime="2026-06-11T01:57:31.3251400+02:00" testType="13cdc9d9-ddb5-4fa4-a97d-d965ccfc6d4b" outcome="Passed" testListId="8c84fa94-04c1-424b-9868-57a2d4851a1d" relativeResultsDirectory="54edf1d6-e0dd-4079-b2f6-e6da03615056" />
    <UnitTestResult executionId="ab4387f3-eaa2-45a7-8b66-a3b96e572254" testId="05c4334a-3508-ac55-6227-a0c0d13e952e" testName="Application.Tests.Models.UpdateTechnicalMetadataCommandHandlerTests.Handle_WhenVersionExists_UpdatesMetadataAndReturnsSuccess" computerName="devmachine" duration="00:00:00.0034703" startTime="2026-06-11T01:57:31.3039250+02:00" endTime="2026-06-11T01:57:31.3070860+02:00" testType="13cdc9d9-ddb5-4fa4-a97d-d965ccfc6d4b" outcome="Passed" testListId="8c84fa94-04c1-424b-9868-57a2d4851a1d" relativeResultsDirectory="ab4387f3-eaa2-45a7-8b66-a3b96e572254" />
    <UnitTestResult executionId="a56f5e77-691b-4304-936c-07268b8379ac" testId="c4c51379-c528-54fc-c62d-b3acfd7937cc" testName="Application.Tests.Models.AssetNameServiceTests.GetBaseName_WithNoNumericSuffix_ReturnsSameName" computerName="devmachine" duration="00:00:00.0000598" startTime="2026-06-11T01:57:31.2484250+02:00" endTime="2026-06-11T01:57:31.2484420+02:00" testType="13cdc9d9-ddb5-4fa4-a97d-d965ccfc6d4b" outcome="Passed" testListId="8c84fa94-04c1-424b-9868-57a2d4851a1d" relativeResultsDirectory="a56f5e77-691b-4304-936c-07268b8379ac" />
    <UnitTestResult executionId="45bfb520-ed30-4011-83d2-6930b26b6dc4" testId="03d75c67-d2af-307b-3b67-ce34f0f1d691" testName="Application.Tests.EnvironmentMaps.EnvironmentMapCommandHandlerTests.AddVariantWithFile_WhenSizeLabelMissing_InfersFromFileDimensions" computerName="devmachine" duration="00:00:00.0981191" startTime="2026-06-11T01:57:31.2564340+02:00" endTime="2026-06-11T01:57:31.3147270+02:00" testType="13cdc9d9-ddb5-4fa4-a97d-d965ccfc6d4b" outcome="Passed" testListId="8c84fa94-04c1-424b-9868-57a2d4851a1d" relativeResultsDirectory="45bfb520-ed30-4011-83d2-6930b26b6dc4" />
    <UnitTestResult executionId="0f373889-117c-43f3-b836-dc0e8399710d" testId="abec99ae-ad93-0ee8-5fd7-c47e3b25f5dd" testName="Application.Tests.Settings.SettingValidatorTests.ValidateSetting_GenerateThumbnailOnUpload_ValidatesCorrectly(value: &quot;0&quot;, shouldSucceed: False)" computerName="devmachine" duration="00:00:00.0000025" startTime="2026-06-11T01:57:31.3044830+02:00" endTime="2026-06-11T01:57:31.3044990+02:00" testType="13cdc9d9-ddb5-4fa4-a97d-d965ccfc6d4b" outcome="Passed" testListId="8c84fa94-04c1-424b-9868-57a2d4851a1d" relativeResultsDirectory="0f373889-117c-43f3-b836-dc0e8399710d" />
    <UnitTestResult executionId="ed6431b6-d0ad-466b-bcb5-e6d58a4d645d" testId="f37739c0-6c8a-93b7-ee9c-15774a363543" testName="Application.Tests.Models.CreateModelFromBlendCommandHandlerTests.Handle_DispatchesModelUploadedEvent" computerName="devmachine" duration="00:00:00.0102462" startTime="2026-06-11T01:57:31.3073120+02:00" endTime="2026-06-11T01:57:31.3173710+02:00" testType="13cdc9d9-ddb5-4fa4-a97d-d965ccfc6d4b" outcome="Passed" testListId="8c84fa94-04c1-424b-9868-57a2d4851a1d" relativeResultsDirectory="ed6431b6-d0ad-466b-bcb5-e6d58a4d645d" />
    <UnitTestResult executionId="5cbd60a6-ae74-4878-92ac-0782fd6a2e72" testId="37b8f51a-1a7a-5435-b98d-7d11070326af" testName="Application.Tests.Settings.SettingValidatorTests.ValidateSetting_ModelDuplicateNamePolicy_ValidatesCorrectly(value: &quot;false&quot;, shouldSucceed: False)" computerName="devmachine" duration="00:00:00.0018960" startTime="2026-06-11T01:57:31.3013370+02:00" endTime="2026-06-11T01:57:31.3020560+02:00" testType="13cdc9d9-ddb5-4fa4-a97d-d965ccfc6d4b" outcome="Passed" testListId="8c84fa94-04c1-424b-9868-57a2d4851a1d" relativeResultsDirectory="5cbd60a6-ae74-4878-92ac-0782fd6a2e72" />
    <UnitTestResult executionId="d3af1b86-bd75-4ce3-8cbc-33bc812053a6" testId="4dcc7264-ba64-18d9-9d31-c130fdda2690" testName="Application.Tests.Settings.SettingValidatorTests.ValidateSetting_ThumbnailSize_ValidatesCorrectly(value: &quot;invalid&quot;, shouldSucceed: False)" computerName="devmachine" duration="00:00:00.0000018" startTime="2026-06-11T01:57:31.3035430+02:00" endTime="2026-06-11T01:57:31.3035580+02:00" testType="13cdc9d9-ddb5-4fa4-a97d-d965ccfc6d4b" outcome="Passed" testListId="8c84fa94-04c1-424b-9868-57a2d4851a1d" relativeResultsDirectory="d3af1b86-bd75-4ce3-8cbc-33bc812053a6" />
    <UnitTestResult executionId="fa351a58-f145-410f-ac55-ee63237e913d" testId="e727dc9b-5a96-5a16-71bf-d5cc83e1174a" testName="Application.Tests.Settings.SettingValidatorTests.ValidateSetting_GenerateThumbnailOnUpload_ValidatesCorrectly(value: &quot;True&quot;, shouldSucceed: True)" computerName="devmachine" duration="00:00:00.0001479" startTime="2026-06-11T01:57:31.3043990+02:00" endTime="2026-06-11T01:57:31.3044150+02:00" testType="13cdc9d9-ddb5-4fa4-a97d-d965ccfc6d4b" outcome="Passed" testListId="8c84fa94-04c1-424b-9868-57a2d4851a1d" relativeResultsDirectory="fa351a58-f145-410f-ac55-ee63237e913d" />
    <UnitTestResult executionId="20ed11e6-e23a-4053-8f3e-4047994700c6" testId="5bffb6d0-dc1a-066b-85b1-d33969593c74" testName="Application.Tests.Settings.SettingValidatorTests.ValidateSetting_ThumbnailSize_ValidatesCorrectly(value: &quot;256&quot;, shouldSucceed: True)" computerName="devmachine" duration="00:00:00.0000017" startTime="2026-06-11T01:57:31.3038020+02:00" endTime="2026-06-11T01:57:31.3038180+02:00" testType="13cdc9d9-ddb5-4fa4-a97d-d965ccfc6d4b" outcome="Passed" testListId="8c84fa94-04c1-424b-9868-57a2d4851a1d" relativeResultsDirectory="20ed11e6-e23a-4053-8f3e-4047994700c6" />
    <UnitTestResult executionId="51cdaf47-5d67-46a7-b63a-ef516a205d24" testId="db576cc4-0188-0407-673b-650676e27fb6" testName="Application.Tests.Settings.SettingValidatorTests.ValidateSetting_ThumbnailSize_ValidatesCorrectly(value: &quot;128&quot;, shouldSucceed: True)" computerName="devmachine" duration="00:00:00.0000026" startTime="2026-06-11T01:57:31.3034220+02:00" endTime="2026-06-11T01:57:31.3034370+02:00" testType="13cdc9d9-ddb5-4fa4-a97d-d965ccfc6d4b" outcome="Passed" testListId="8c84fa94-04c1-424b-9868-57a2d4851a1d" relativeResultsDirectory="51cdaf47-5d67-46a7-b63a-ef516a205d24" />
    <UnitTestResult executionId="bd1502a8-161d-4b57-9e57-0adbd8daeb7a" testId="29075248-ac8e-1c60-9a18-009aefdab62a" testName="Application.Tests.Settings.SettingValidatorTests.ValidateSetting_ThumbnailFrameCount_ValidatesCorrectly(value: &quot;invalid&quot;, shouldSucceed: False)" computerName="devmachine" duration="00:00:00.0000022" startTime="2026-06-11T01:57:31.3028700+02:00" endTime="2026-06-11T01:57:31.3028850+02:00" testType="13cdc9d9-ddb5-4fa4-a97d-d965ccfc6d4b" outcome="Passed" testListId="8c84fa94-04c1-424b-9868-57a2d4851a1d" relativeResultsDirectory="bd1502a8-161d-4b57-9e57-0adbd8daeb7a" />
    <UnitTestResult executionId="dda769b6-60f3-4bd7-b9b1-545c1d63842f" testId="4feda108-8fec-e606-e452-a723465c9c4d" testName="Application.Tests.Settings.SettingValidatorTests.ValidateSetting_MaxFileSizeBytes_ValidatesCorrectly(value: &quot;1&quot;, shouldSucceed: True)" computerName="devmachine" duration="00:00:00.0000024" startTime="2026-06-11T01:57:31.3040010+02:00" endTime="2026-06-11T01:57:31.3040160+02:00" testType="13cdc9d9-ddb5-4fa4-a97d-d965ccfc6d4b" outcome="Passed" testListId="8c84fa94-04c1-424b-9868-57a2d4851a1d" relativeResultsDirectory="dda769b6-60f3-4bd7-b9b1-545c1d63842f" />
    <UnitTestResult executionId="f3daf4a3-1b92-45de-b7d0-c75c9f38db9d" testId="3dc76a58-3cce-5081-354b-4195f0d39fbb" testName="Application.Tests.ThumbnailJobs.FinishThumbnailJobCommandHandlerTests.Handle_WhenFailure_MarksThumbnailAsFailed" computerName="devmachine" duration="00:00:00.0034431" startTime="2026-06-11T01:57:31.2811500+02:00" endTime="2026-06-11T01:57:31.2839710+02:00" testType="13cdc9d9-ddb5-4fa4-a97d-d965ccfc6d4b" outcome="Passed" testListId="8c84fa94-04c1-424b-9868-57a2d4851a1d" relativeResultsDirectory="f3daf4a3-1b92-45de-b7d0-c75c9f38db9d" />
    <UnitTestResult executionId="7da80f1b-6eda-4343-9d7d-de0094323dfa" testId="363d27f2-f4d1-dd5f-6b43-f10c610f209f" testName="Application.Tests.TextureSets.ChangeTextureTypeCommandHandlerTests.Handle_WhenTargetTypeAlreadyExists_ReturnsFailure" computerName="devmachine" duration="00:00:00.0026917" startTime="2026-06-11T01:57:31.2788570+02:00" endTime="2026-06-11T01:57:31.2796210+02:00" testType="13cdc9d9-ddb5-4fa4-a97d-d965ccfc6d4b" outcome="Passed" testListId="8c84fa94-04c1-424b-9868-57a2d4851a1d" relativeResultsDirectory="7da80f1b-6eda-4343-9d7d-de0094323dfa" />
    <UnitTestResult executionId="3db87699-38a8-4813-bafb-870072e01e0d" testId="9789766f-660a-60ab-6e6b-e45c37263711" testName="Application.Tests.Settings.SettingValidatorTests.ValidateSetting_GenerateThumbnailOnUpload_ValidatesCorrectly(value: &quot;false&quot;, shouldSucceed: True)" computerName="devmachine" duration="00:00:00.0000029" startTime="2026-06-11T01:57:31.3045250+02:00" endTime="2026-06-11T01:57:31.3045400+02:00" testType="13cdc9d9-ddb5-4fa4-a97d-d965ccfc6d4b" outcome="Passed" testListId="8c84fa94-04c1-424b-9868-57a2d4851a1d" relativeResultsDirectory="3db87699-38a8-4813-bafb-870072e01e0d" />
    <UnitTestResult executionId="a3d33c73-c33a-4486-993a-1acc2cbbd8c1" testId="b757ff8a-16aa-fc97-469b-0382a0ca9aa8" testName="Application.Tests.Settings.SettingValidatorTests.ValidateSetting_ModelDuplicateNamePolicy_ValidatesCorrectly(value: &quot;REJECT&quot;, shouldSucceed: False)" computerName="devmachine" duration="00:00:00.0000029" startTime="2026-06-11T01:57:31.3023090+02:00" endTime="2026-06-11T01:57:31.3023300+02:00" testType="13cdc9d9-ddb5-4fa4-a97d-d965ccfc6d4b" outcome="Passed" testListId="8c84fa94-04c1-424b-9868-57a2d4851a1d" relativeResultsDirectory="a3d33c73-c33a-4486-993a-1acc2cbbd8c1" />
    <UnitTestResult executionId="cc35b64b-50db-4828-a272-a197f24a833d" testId="296214d6-ca7c-6bb3-9c3a-d436fd49cdbb" testName="Application.Tests.EnvironmentMaps.EnvironmentMapCommandHandlerTests.AddVariantWithFile_WhenEnvironmentMapHasNoPreview_SetsPreviewAndPersistsTwice" computerName="devmachine" duration="00:00:00.0023963" startTime="2026-06-11T01:57:31.3253450+02:00" endTime="2026-06-11T01:57:31.3275750+02:00" testType="13cdc9d9-ddb5-4fa4-a97d-d965ccfc6d4b" outcome="Passed" testListId="8c84fa94-04c1-424b-9868-57a2d4851a1d" relativeResultsDirectory="cc35b64b-50db-4828-a272-a197f24a833d" />
    <UnitTestResult executionId="ada832e7-6b60-41f3-a8ea-a4ccc2b18973" testId="19a20aa1-9f93-0789-4713-9c4ef123399f" testName="Application.Tests.Models.CreateModelFromBlendCommandHandlerTests.Handle_WithInvalidFileType_ReturnsFailure" computerName="devmachine" duration="00:00:00.0006571" startTime="2026-06-11T01:57:31.3407260+02:00" endTime="2026-06-11T01:57:31.3412500+02:00" testType="13cdc9d9-ddb5-4fa4-a97d-d965ccfc6d4b" outcome="Passed" testListId="8c84fa94-04c1-424b-9868-57a2d4851a1d" relativeResultsDirectory="ada832e7-6b60-41f3-a8ea-a4ccc2b18973" />
    <UnitTestResult executionId="8cb78b6a-311b-48b9-b07d-bd86d888421d" testId="4499c9ed-d2e5-921f-42a4-1bb13e2dfe36" testName="Application.Tests.Settings.SettingValidatorTests.ValidateSetting_ThumbnailFrameCount_ValidatesCorrectly(value: &quot;0&quot;, shouldSucceed: False)" computerName="devmachine" duration="00:00:00.0000019" startTime="2026-06-11T01:57:31.3029930+02:00" endTime="2026-06-11T01:57:31.3030090+02:00" testType="13cdc9d9-ddb5-4fa4-a97d-d965ccfc6d4b" outcome="Passed" testListId="8c84fa94-04c1-424b-9868-57a2d4851a1d" relativeResultsDirectory="8cb78b6a-311b-48b9-b07d-bd86d888421d" />
    <UnitTestResult executionId="bc8ecbe5-f8ce-4f79-b756-35fe7a722ff2" testId="4566d3c5-ec31-242a-9027-43009f1a5404" testName="Application.Tests.ThumbnailJobs.FinishEnvironmentMapThumbnailJobCommandHandlerTests.Handle_WhenSuccess_UpdatesVariantThumbnailPathAndCompletesJob" computerName="devmachine" duration="00:00:00.0102089" startTime="2026-06-11T01:57:31.3159320+02:00" endTime="2026-06-11T01:57:31.3253930+02:00" testType="13cdc9d9-ddb5-4fa4-a97d-d965ccfc6d4b" outcome="Passed" testListId="8c84fa94-04c1-424b-9868-57a2d4851a1d" relativeResultsDirectory="bc8ecbe5-f8ce-4f79-b756-35fe7a722ff2" />
    <UnitTestResult executionId="2e4378c1-4202-4e5f-b80a-4d4fd7ee6826" testId="5be39be9-d53b-1055-2c95-85198a62b34d" testName="Application.Tests.ThumbnailJobs.FinishThumbnailJobCommandHandlerTests.Handle_WhenFailureWithoutErrorMessage_ReturnsInvalidCommand" computerName="devmachine" duration="00:00:00.0048272" startTime="2026-06-11T01:57:31.2979990+02:00" endTime="2026-06-11T01:57:31.2984780+02:00" testType="13cdc9d9-ddb5-4fa4-a97d-d965ccfc6d4b" outcome="Passed" testListId="8c84fa94-04c1-424b-9868-57a2d4851a1d" relativeResultsDirectory="2e4378c1-4202-4e5f-b80a-4d4fd7ee6826" />
    <UnitTestResult executionId="6aef40bb-6192-41e9-95e6-a747d20968bd" testId="a48bee5a-34e1-2223-56c2-4c99d93f0894" testName="Application.Tests.Thumbnails.RegenerateAllThumbnailsCommandHandlerTests.Handle_WhenNoModelsExist_ReturnsZeroCounts" computerName="devmachine" duration="00:00:00.0003207" startTime="2026-06-11T01:57:31.3162740+02:00" endTime="2026-06-11T01:57:31.3164810+02:00" testType="13cdc9d9-ddb5-4fa4-a97d-d965ccfc6d4b" outcome="Passed" testListId="8c84fa94-04c1-424b-9868-57a2d4851a1d" relativeResultsDirectory="6aef40bb-6192-41e9-95e6-a747d20968bd" />
    <UnitTestResult executionId="260d364e-0e2e-46ab-aa16-85b79801f279" testId="0264e6f8-74cd-ee70-fbff-34894e36692e" testName="Application.Tests.Settings.SettingValidatorTests.ValidateSetting_MaxThumbnailSizeBytes_ValidatesCorrectly(value: &quot;invalid&quot;, shouldSucceed: False)" computerName="devmachine" duration="00:00:00.0000032" startTime="2026-06-11T01:57:31.3049140+02:00" endTime="2026-06-11T01:57:31.3049300+02:00" testType="13cdc9d9-ddb5-4fa4-a97d-d965ccfc6d4b" outcome="Passed" testListId="8c84fa94-04c1-424b-9868-57a2d4851a1d" relativeResultsDirectory="260d364e-0e2e-46ab-aa16-85b79801f279" />
    <UnitTestResult executionId="1d6fcb1c-eba0-4186-a42e-fe9ccb25e6c2" testId="d1dc0f58-f4a5-59e7-4bab-5ffe0a78929a" testName="Application.Tests.Models.CreateModelFromBlendCommandHandlerTests.Handle_WithDuplicateFile_ReturnsAlreadyExists" computerName="devmachine" duration="00:00:00.0013814" startTime="2026-06-11T01:57:31.3317590+02:00" endTime="2026-06-11T01:57:31.3330790+02:00" testType="13cdc9d9-ddb5-4fa4-a97d-d965ccfc6d4b" outcome="Passed" testListId="8c84fa94-04c1-424b-9868-57a2d4851a1d" relativeResultsDirectory="1d6fcb1c-eba0-4186-a42e-fe9ccb25e6c2" />
    <UnitTestResult executionId="01a92e2b-dc2c-4394-bd3d-b031d5e1e299" testId="fe8fdddc-6f7f-a486-618a-e29b2c64e6d8" testName="Application.Tests.Categories.CategoryCommandHandlerTests.Update_When_DuplicateName_Returns_Failure_CategoryAlreadyExists" computerName="devmachine" duration="00:00:00.0049652" startTime="2026-06-11T01:57:31.2791970+02:00" endTime="2026-06-11T01:57:31.2826450+02:00" testType="13cdc9d9-ddb5-4fa4-a97d-d965ccfc6d4b" outcome="Passed" testListId="8c84fa94-04c1-424b-9868-57a2d4851a1d" relativeResultsDirectory="01a92e2b-dc2c-4394-bd3d-b031d5e1e299" />
    <UnitTestResult executionId="50082af7-e05e-454d-95e5-6d71e38e808d" testId="f78fcc47-d6c8-a44b-0bf7-f250d8d0244d" testName="Application.Tests.Thumbnails.RegenerateAllThumbnailsCommandHandlerTests.Handle_DoesNotSetThumbnailIdAgain_WhenFkAlreadyLinked" computerName="devmachine" duration="00:00:00.0016264" startTime="2026-06-11T01:57:31.3086280+02:00" endTime="2026-06-11T01:57:31.3101010+02:00" testType="13cdc9d9-ddb5-4fa4-a97d-d965ccfc6d4b" outcome="Passed" testListId="8c84fa94-04c1-424b-9868-57a2d4851a1d" relativeResultsDirectory="50082af7-e05e-454d-95e5-6d71e38e808d" />
    <UnitTestResult executionId="bb4097c2-2b95-4849-8462-2783a07aa332" testId="e4059862-141e-5e0f-4fa8-8f19e54cb3ae" testName="Application.Tests.Settings.SettingValidatorTests.ValidateSetting_ThumbnailFrameCount_ValidatesCorrectly(value: &quot;-1&quot;, shouldSucceed: False)" computerName="devmachine" duration="00:00:00.0000038" startTime="2026-06-11T01:57:31.3028290+02:00" endTime="2026-06-11T01:57:31.3028450+02:00" testType="13cdc9d9-ddb5-4fa4-a97d-d965ccfc6d4b" outcome="Passed" testListId="8c84fa94-04c1-424b-9868-57a2d4851a1d" relativeResultsDirectory="bb4097c2-2b95-4849-8462-2783a07aa332" />
    <UnitTestResult executionId="8a19d27a-bf0f-4437-9711-9607fd4dbbcd" testId="afe53717-c147-77ac-ce49-589614f21f70" testName="Application.Tests.EnvironmentMaps.RegenerateEnvironmentMapThumbnailCommandHandlerTests.Handle_WhenEnvironmentMapDoesNotExist_ReturnsFailure" computerName="devmachine" duration="00:00:00.0009550" startTime="2026-06-11T01:57:31.3086890+02:00" endTime="2026-06-11T01:57:31.3100470+02:00" testType="13cdc9d9-ddb5-4fa4-a97d-d965ccfc6d4b" outcome="Passed" testListId="8c84fa94-04c1-424b-9868-57a2d4851a1d" relativeResultsDirectory="8a19d27a-bf0f-4437-9711-9607fd4dbbcd" />
    <UnitTestResult executionId="1cb03139-8532-4482-8f62-480413f369c5" testId="7722e277-2cbc-8698-fd22-84a47e30e343" testName="Application.Tests.Settings.SettingValidatorTests.ValidateSetting_ThumbnailSize_ValidatesCorrectly(value: &quot;100&quot;, shouldSucceed: False)" computerName="devmachine" duration="00:00:00.0001684" startTime="2026-06-11T01:57:31.3030460+02:00" endTime="2026-06-11T01:57:31.3030610+02:00" testType="13cdc9d9-ddb5-4fa4-a97d-d965ccfc6d4b" outcome="Passed" testListId="8c84fa94-04c1-424b-9868-57a2d4851a1d" relativeResultsDirectory="1cb03139-8532-4482-8f62-480413f369c5" />
    <UnitTestResult executionId="71640862-7c59-4ec9-87d3-c63fae743383" testId="bcfa9fc6-d1aa-3e17-f7c0-570fe6eda6ff" testName="Application.Tests.Settings.SettingValidatorTests.ValidateSetting_ModelDuplicateNamePolicy_ValidatesCorrectly(value: &quot;reject&quot;, shouldSucceed: False)" computerName="devmachine" duration="00:00:00.0000019" startTime="2026-06-11T01:57:31.3024400+02:00" endTime="2026-06-11T01:57:31.3024550+02:00" testType="13cdc9d9-ddb5-4fa4-a97d-d965ccfc6d4b" outcome="Passed" testListId="8c84fa94-04c1-424b-9868-57a2d4851a1d" relativeResultsDirectory="71640862-7c59-4ec9-87d3-c63fae743383" />
    <UnitTestResult executionId="d476f010-1623-4924-888e-690759a79a6e" testId="574c4c33-8918-8082-dbee-26e50324c027" testName="Application.Tests.Settings.SettingValidatorTests.ValidateSetting_ThumbnailFrameCount_ValidatesCorrectly(value: &quot;30&quot;, shouldSucceed: True)" computerName="devmachine" duration="00:00:00.0001155" startTime="2026-06-11T01:57:31.3027890+02:00" endTime="2026-06-11T01:57:31.3028040+02:00" testType="13cdc9d9-ddb5-4fa4-a97d-d965ccfc6d4b" outcome="Passed" testListId="8c84fa94-04c1-424b-9868-57a2d4851a1d" relativeResultsDirectory="d476f010-1623-4924-888e-690759a79a6e" />
    <UnitTestResult executionId="cb53760d-9ed6-43cf-8fc8-4f71d3ea43eb" testId="336e7235-b298-182a-7c05-399ec3408bb7" testName="Application.Tests.Categories.CategoryCommandHandlerTests.Create_When_ValidName_Returns_Success_With_Dto" computerName="devmachine" duration="00:00:00.0050877" startTime="2026-06-11T01:57:31.2892790+02:00" endTime="2026-06-11T01:57:31.2978640+02:00" testType="13cdc9d9-ddb5-4fa4-a97d-d965ccfc6d4b" outcome="Passed" testListId="8c84fa94-04c1-424b-9868-57a2d4851a1d" relativeResultsDirectory="cb53760d-9ed6-43cf-8fc8-4f71d3ea43eb" />
    <UnitTestResult executionId="514391dd-a512-4241-8790-3b70a193ea85" testId="e243ca23-1af8-d77f-2798-a20c29e030b1" testName="Application.Tests.Settings.SettingValidatorTests.ValidateSetting_MaxThumbnailSizeBytes_ValidatesCorrectly(value: &quot;0&quot;, shouldSucceed: False)" computerName="devmachine" duration="00:00:00.0000019" startTime="2026-06-11T01:57:31.3050760+02:00" endTime="2026-06-11T01:57:31.3050930+02:00" testType="13cdc9d9-ddb5-4fa4-a97d-d965ccfc6d4b" outcome="Passed" testListId="8c84fa94-04c1-424b-9868-57a2d4851a1d" relativeResultsDirectory="514391dd-a512-4241-8790-3b70a193ea85" />
    <UnitTestResult executionId="1dcdc0af-f916-4e78-90be-a496b700a2b2" testId="548c47a5-78f7-fd64-1e25-e47334b5e922" testName="Application.Tests.Settings.SettingValidatorTests.ValidateSetting_GenerateThumbnailOnUpload_ValidatesCorrectly(value: &quot;1&quot;, shouldSucceed: False)" computerName="devmachine" duration="00:00:00.0000065" startTime="2026-06-11T01:57:31.3044410+02:00" endTime="2026-06-11T01:57:31.3044570+02:00" testType="13cdc9d9-ddb5-4fa4-a97d-d965ccfc6d4b" outcome="Passed" testListId="8c84fa94-04c1-424b-9868-57a2d4851a1d" relativeResultsDirectory="1dcdc0af-f916-4e78-90be-a496b700a2b2" />
    <UnitTestResult executionId="96974ae6-a584-4c1b-99f6-d74a47c2cfcf" testId="a9874d5f-ed7c-ce50-cf84-38bb849bff09" testName="Application.Tests.Models.SetDefaultTextureSetCommandHandlerTests.Handle_WithTextureSetNotAssociatedWithVersion_ReturnsFailure" computerName="devmachine" duration="00:00:00.0560273" startTime="2026-06-11T01:57:31.2035630+02:00" endTime="2026-06-11T01:57:31.2594490+02:00" testType="13cdc9d9-ddb5-4fa4-a97d-d965ccfc6d4b" outcome="Passed" testListId="8c84fa94-04c1-424b-9868-57a2d4851a1d" relativeResultsDirectory="96974ae6-a584-4c1b-99f6-d74a47c2cfcf" />
    <UnitTestResult executionId="d15789c4-dddd-4700-98e0-24a9d4c9d441" testId="4cea4673-fc8c-42d1-bdc5-cf437241a069" testName="Application.Tests.Settings.SettingValidatorTests.ValidateSetting_MaxFileSizeBytes_ValidatesCorrectly(value: &quot;10737418240&quot;, shouldSucceed: True)" computerName="devmachine" duration="00:00:00.0000017" startTime="2026-06-11T01:57:31.3040880+02:00" endTime="2026-06-11T01:57:31.3041080+02:00" testType="13cdc9d9-ddb5-4fa4-a97d-d965ccfc6d4b" outcome="Passed" testListId="8c84fa94-04c1-424b-9868-57a2d4851a1d" relativeResultsDirectory="d15789c4-dddd-4700-98e0-24a9d4c9d441" />
    <UnitTestResult executionId="131a6c3f-492c-4dc7-a482-46bfe5f2e206" testId="36a21e20-8bc3-594f-4d28-4b1998f7c1f5" testName="Application.Tests.ThumbnailJobs.FinishEnvironmentMapThumbnailJobCommandHandlerTests.Handle_WhenFailure_ClearsVariantThumbnailPathAndMarksJobFailed" computerName="devmachine" duration="00:00:00.0139587" startTime="2026-06-11T01:57:31.3015410+02:00" endTime="2026-06-11T01:57:31.3157900+02:00" testType="13cdc9d9-ddb5-4fa4-a97d-d965ccfc6d4b" outcome="Passed" testListId="8c84fa94-04c1-424b-9868-57a2d4851a1d" relativeResultsDirectory="131a6c3f-492c-4dc7-a482-46bfe5f2e206" />
    <UnitTestResult executionId="77223c62-7a20-4ec4-bf0b-2e8a27bc8a6f" testId="22ade4df-9370-9435-8b2d-f9de7644082d" testName="Application.Tests.TextureSets.ChangeTextureTypeCommandHandlerTests.Handle_WhenValidRequest_UpdatesTextureTypeAndSaves" computerName="devmachine" duration="00:00:00.0056191" startTime="2026-06-11T01:57:31.2804500+02:00" endTime="2026-06-11T01:57:31.2852870+02:00" testType="13cdc9d9-ddb5-4fa4-a97d-d965ccfc6d4b" outcome="Passed" testListId="8c84fa94-04c1-424b-9868-57a2d4851a1d" relativeResultsDirectory="77223c62-7a20-4ec4-bf0b-2e8a27bc8a6f" />
    <UnitTestResult executionId="5de11540-e133-47a9-bb6c-1b017f4fa6b5" testId="a30c1aa3-57f8-aeb5-7c72-7e225fcac017" testName="Application.Tests.EnvironmentMaps.RegenerateEnvironmentMapThumbnailCommandHandlerTests.Handle_WhenEnvironmentMapExists_QueuesAllVariantThumbnailsAndTouchesEnvironmentMap" computerName="devmachine" duration="00:00:00.0194516" startTime="2026-06-11T01:57:31.2905930+02:00" endTime="2026-06-11T01:57:31.3086460+02:00" testType="13cdc9d9-ddb5-4fa4-a97d-d965ccfc6d4b" outcome="Passed" testListId="8c84fa94-04c1-424b-9868-57a2d4851a1d" relativeResultsDirectory="5de11540-e133-47a9-bb6c-1b017f4fa6b5" />
    <UnitTestResult executionId="25df4a2d-5137-4ac3-a79f-faf85bad2ecf" testId="b13e726a-5860-9e9e-845c-0cec82714067" testName="Application.Tests.Settings.SettingValidatorTests.ValidateSetting_ModelDuplicateNamePolicy_ValidatesCorrectly(value: &quot;true&quot;, shouldSucceed: False)" computerName="devmachine" duration="00:00:00.0000017" startTime="2026-06-11T01:57:31.3026850+02:00" endTime="2026-06-11T01:57:31.3027020+02:00" testType="13cdc9d9-ddb5-4fa4-a97d-d965ccfc6d4b" outcome="Passed" testListId="8c84fa94-04c1-424b-9868-57a2d4851a1d" relativeResultsDirectory="25df4a2d-5137-4ac3-a79f-faf85bad2ecf" />
    <UnitTestResult executionId="60411bb2-1c86-454e-96f0-a497c4b5a654" testId="87b54998-e3c2-2fa5-0533-6b0694bc2f84" testName="Application.Tests.Models.SoftDeleteModelVersionCommandHandlerTests.Handle_WhenModelNotFound_ReturnsFailure" computerName="devmachine" duration="00:00:00.0054041" startTime="2026-06-11T01:57:31.2977080+02:00" endTime="2026-06-11T01:57:31.2984000+02:00" testType="13cdc9d9-ddb5-4fa4-a97d-d965ccfc6d4b" outcome="Passed" testListId="8c84fa94-04c1-424b-9868-57a2d4851a1d" relativeResultsDirectory="60411bb2-1c86-454e-96f0-a497c4b5a654" />
    <UnitTestResult executionId="33be58a6-b2b8-4f06-a6b3-681da41a539b" testId="358b10a0-e7ca-381f-beb9-3f6130167440" testName="Application.Tests.TextureSets.ChangeTextureTypeCommandHandlerTests.Handle_WhenTextureSetNotFound_ReturnsFailure" computerName="devmachine" duration="00:00:00.0010536" startTime="2026-06-11T01:57:31.2753490+02:00" endTime="2026-06-11T01:57:31.2785860+02:00" testType="13cdc9d9-ddb5-4fa4-a97d-d965ccfc6d4b" outcome="Passed" testListId="8c84fa94-04c1-424b-9868-57a2d4851a1d" relativeResultsDirectory="33be58a6-b2b8-4f06-a6b3-681da41a539b" />
    <UnitTestResult executionId="d8e2fb98-70bd-4b21-bbbb-ff4430044f7a" testId="442e74ba-a2f5-8033-eebb-972a58d08c32" testName="Application.Tests.Settings.SettingValidatorTests.ValidateSetting_MaxFileSizeBytes_ValidatesCorrectly(value: &quot;10737418241&quot;, shouldSucceed: False)" computerName="devmachine" duration="00:00:00.0002329" startTime="2026-06-11T01:57:31.3038550+02:00" endTime="2026-06-11T01:57:31.3038700+02:00" testType="13cdc9d9-ddb5-4fa4-a97d-d965ccfc6d4b" outcome="Passed" testListId="8c84fa94-04c1-424b-9868-57a2d4851a1d" relativeResultsDirectory="d8e2fb98-70bd-4b21-bbbb-ff4430044f7a" />
    <UnitTestResult executionId="b9308002-c568-43d5-801a-ec3a7ac7b2a6" testId="079d868b-f5fc-0811-1e33-0240ecbbf014" testName="Application.Tests.EnvironmentMaps.EnvironmentMapQueryHandlerTests.GetById_WhenEnvironmentMapHasCustomPixelAndStandardVariants_OrdersByResolvedSize" computerName="devmachine" duration="00:00:00.0060774" startTime="2026-06-11T01:57:31.3301560+02:00" endTime="2026-06-11T01:57:31.3376190+02:00" testType="13cdc9d9-ddb5-4fa4-a97d-d965ccfc6d4b" outcome="Passed" testListId="8c84fa94-04c1-424b-9868-57a2d4851a1d" relativeResultsDirectory="b9308002-c568-43d5-801a-ec3a7ac7b2a6" />
    <UnitTestResult executionId="762b6e43-2ad3-4897-ad11-01776880840f" testId="09b40d46-14d2-04d1-f4c2-2d5d881d58b4" testName="Application.Tests.Settings.SettingValidatorTests.ValidateSetting_ThumbnailSize_ValidatesCorrectly(value: &quot;2048&quot;, shouldSucceed: True)" computerName="devmachine" duration="00:00:00.0000017" startTime="2026-06-11T01:57:31.3035830+02:00" endTime="2026-06-11T01:57:31.3035990+02:00" testType="13cdc9d9-ddb5-4fa4-a97d-d965ccfc6d4b" outcome="Passed" testListId="8c84fa94-04c1-424b-9868-57a2d4851a1d" relativeResultsDirectory="762b6e43-2ad3-4897-ad11-01776880840f" />
    <UnitTestResult executionId="d2fae2d5-bc4e-48d1-b718-5dc8248a5940" testId="45cc4efb-d234-f1df-7aa4-fa520998e380" testName="Application.Tests.Models.AssetNameServiceTests.GetBaseName_WithSuffix2_ReturnsBaseName" computerName="devmachine" duration="00:00:00.0007718" startTime="2026-06-11T01:57:31.2479230+02:00" endTime="2026-06-11T01:57:31.2479620+02:00" testType="13cdc9d9-ddb5-4fa4-a97d-d965ccfc6d4b" outcome="Passed" testListId="8c84fa94-04c1-424b-9868-57a2d4851a1d" relativeResultsDirectory="d2fae2d5-bc4e-48d1-b718-5dc8248a5940" />
    <UnitTestResult executionId="42a07f79-b4de-46de-b42b-b2fe89c84c37" testId="80937b5a-8f4e-db75-65c5-aba6cbb50344" testName="Application.Tests.Models.UpdateTechnicalMetadataCommandHandlerTests.Handle_WhenVersionNotFound_ReturnsFailure" computerName="devmachine" duration="00:00:00.0012505" startTime="2026-06-11T01:57:31.3020400+02:00" endTime="2026-06-11T01:57:31.3032850+02:00" testType="13cdc9d9-ddb5-4fa4-a97d-d965ccfc6d4b" outcome="Passed" testListId="8c84fa94-04c1-424b-9868-57a2d4851a1d" relativeResultsDirectory="42a07f79-b4de-46de-b42b-b2fe89c84c37" />
    <UnitTestResult executionId="4553ecfb-fd42-427f-856c-dcb72a00a4e6" testId="07f74ad6-d0f3-ffaf-8b78-61dc7657324f" testName="Application.Tests.Settings.SettingValidatorTests.ValidateSetting_ModelDuplicateNamePolicy_ValidatesCorrectly(value: &quot;Reject&quot;, shouldSucceed: True)" computerName="devmachine" duration="00:00:00.0002288" startTime="2026-06-11T01:57:31.3020920+02:00" endTime="2026-06-11T01:57:31.3021750+02:00" testType="13cdc9d9-ddb5-4fa4-a97d-d965ccfc6d4b" outcome="Passed" testListId="8c84fa94-04c1-424b-9868-57a2d4851a1d" relativeResultsDirectory="4553ecfb-fd42-427f-856c-dcb72a00a4e6" />
    <UnitTestResult executionId="cd969b22-0119-43f3-a8eb-3d83f54143e1" testId="6bcc8774-5d55-f9a4-4868-f8f54b3de954" testName="Application.Tests.Categories.CategoryCommandHandlerTests.Update_When_MoveUnderDescendant_Returns_Failure_InvalidCategoryParent" computerName="devmachine" duration="00:00:00.0034593" startTime="2026-06-11T01:57:31.3022970+02:00" endTime="2026-06-11T01:57:31.3057930+02:00" testType="13cdc9d9-ddb5-4fa4-a97d-d965ccfc6d4b" outcome="Passed" testListId="8c84fa94-04c1-424b-9868-57a2d4851a1d" relativeResultsDirectory="cd969b22-0119-43f3-a8eb-3d83f54143e1" />
    <UnitTestResult executionId="424fb6ef-4894-4edc-9af0-c2613dd496fd" testId="519b0849-58c7-b3fa-3412-b00f8b8c3384" testName="Application.Tests.Settings.SettingValidatorTests.ValidateSetting_ThumbnailSize_ValidatesCorrectly(value: &quot;1024&quot;, shouldSucceed: True)" computerName="devmachine" duration="00:00:00.0000028" startTime="2026-06-11T01:57:31.3033410+02:00" endTime="2026-06-11T01:57:31.3033570+02:00" testType="13cdc9d9-ddb5-4fa4-a97d-d965ccfc6d4b" outcome="Passed" testListId="8c84fa94-04c1-424b-9868-57a2d4851a1d" relativeResultsDirectory="424fb6ef-4894-4edc-9af0-c2613dd496fd" />
    <UnitTestResult executionId="e564b09e-ab24-4ffc-ac67-15c6085f9f30" testId="1112e50f-469a-7a07-4cc6-f60faee8f367" testName="Application.Tests.Thumbnails.RegenerateAllThumbnailsCommandHandlerTests.Handle_RelinksOrphanedThumbnail_WhenFkIsNullButRowExists" computerName="devmachine" duration="00:00:00.0050153" startTime="2026-06-11T01:57:31.3011300+02:00" endTime="2026-06-11T01:57:31.3052170+02:00" testType="13cdc9d9-ddb5-4fa4-a97d-d965ccfc6d4b" outcome="Passed" testListId="8c84fa94-04c1-424b-9868-57a2d4851a1d" relativeResultsDirectory="e564b09e-ab24-4ffc-ac67-15c6085f9f30" />
    <UnitTestResult executionId="b485126e-4861-42a8-a35a-f8524cf08fe1" testId="9b50401d-9d9a-ed5b-72c6-ae4bb97289df" testName="Application.Tests.Thumbnails.RegenerateAllThumbnailsCommandHandlerTests.Handle_NeverCallsModelRepositoryUpdateAsync_ToAvoidGraphTrackingConflicts" computerName="devmachine" duration="00:00:00.0015269" startTime="2026-06-11T01:57:31.3067190+02:00" endTime="2026-06-11T01:57:31.3085800+02:00" testType="13cdc9d9-ddb5-4fa4-a97d-d965ccfc6d4b" outcome="Passed" testListId="8c84fa94-04c1-424b-9868-57a2d4851a1d" relativeResultsDirectory="b485126e-4861-42a8-a35a-f8524cf08fe1" />
    <UnitTestResult executionId="30768c87-7595-4bd6-a889-de382693767c" testId="5e7e28c0-df68-99ce-7017-afb987262326" testName="Application.Tests.Categories.CategoryCommandHandlerTests.Update_When_ExistingCategory_Returns_Success" computerName="devmachine" duration="00:00:00.0020350" startTime="2026-06-11T01:57:31.3065220+02:00" endTime="2026-06-11T01:57:31.3084580+02:00" testType="13cdc9d9-ddb5-4fa4-a97d-d965ccfc6d4b" outcome="Passed" testListId="8c84fa94-04c1-424b-9868-57a2d4851a1d" relativeResultsDirectory="30768c87-7595-4bd6-a889-de382693767c" />
    <UnitTestResult executionId="aee847f9-f7bf-4ac8-a733-e73401732e4e" testId="e5d32cc5-4533-fe71-c56c-04224c6c0056" testName="Application.Tests.Models.SetDefaultTextureSetCommandHandlerTests.Handle_WithNonActiveVersion_UpdatesVersionButNotModel" computerName="devmachine" duration="00:00:00.0034331" startTime="2026-06-11T01:57:31.2984340+02:00" endTime="2026-06-11T01:57:31.3013910+02:00" testType="13cdc9d9-ddb5-4fa4-a97d-d965ccfc6d4b" outcome="Passed" testListId="8c84fa94-04c1-424b-9868-57a2d4851a1d" relativeResultsDirectory="aee847f9-f7bf-4ac8-a733-e73401732e4e" />
    <UnitTestResult executionId="68fa01e3-ec3a-4c30-8059-0b0cdf269d0d" testId="1fa808e9-cc7e-f991-976f-fd5cd4e840d2" testName="Application.Tests.Settings.SettingValidatorTests.ValidateSetting_ModelDuplicateNamePolicy_ValidatesCorrectly(value: &quot;autorename&quot;, shouldSucceed: False)" computerName="devmachine" duration="00:00:00.0000018" startTime="2026-06-11T01:57:31.3023980+02:00" endTime="2026-06-11T01:57:31.3024140+02:00" testType="13cdc9d9-ddb5-4fa4-a97d-d965ccfc6d4b" outcome="Passed" testListId="8c84fa94-04c1-424b-9868-57a2d4851a1d" relativeResultsDirectory="68fa01e3-ec3a-4c30-8059-0b0cdf269d0d" />
    <UnitTestResult executionId="deaf1836-3976-424c-867b-aa420ca00695" testId="2563c5b7-68ac-5098-518b-fede8f078647" testName="Application.Tests.Models.SoftDeleteModelVersionCommandHandlerTests.Handle_WhenVersionNotFound_ReturnsFailure" computerName="devmachine" duration="00:00:00.0004463" startTime="2026-06-11T01:57:31.3006990+02:00" endTime="2026-06-11T01:57:31.3011620+02:00" testType="13cdc9d9-ddb5-4fa4-a97d-d965ccfc6d4b" outcome="Passed" testListId="8c84fa94-04c1-424b-9868-57a2d4851a1d" relativeResultsDirectory="deaf1836-3976-424c-867b-aa420ca00695" />
    <UnitTestResult executionId="876f03eb-27a0-4f16-8663-6dd9184694c1" testId="9f6ca71b-7b81-5375-a29b-69a06b6ab957" testName="Application.Tests.Models.CreateModelFromBlendCommandHandlerTests.Handle_BlendFilePassesValidateForUpload" computerName="devmachine" duration="00:00:00.0001011" startTime="2026-06-11T01:57:31.3332480+02:00" endTime="2026-06-11T01:57:31.3332920+02:00" testType="13cdc9d9-ddb5-4fa4-a97d-d965ccfc6d4b" outcome="Passed" testListId="8c84fa94-04c1-424b-9868-57a2d4851a1d" relativeResultsDirectory="876f03eb-27a0-4f16-8663-6dd9184694c1" />
    <UnitTestResult executionId="9601e947-d972-4859-91e1-905c81bf0645" testId="cfc93fa5-e814-7d6d-4f2f-706c7e484b16" testName="Application.Tests.EventHandlers.ModelUploadedEventHandlerTests.Handle_GenerateThumbnailOnUploadDisabled_SkipsEnqueue" computerName="devmachine" duration="00:00:00.0057331" startTime="2026-06-11T01:57:31.2795710+02:00" endTime="2026-06-11T01:57:31.2849160+02:00" testType="13cdc9d9-ddb5-4fa4-a97d-d965ccfc6d4b" outcome="Passed" testListId="8c84fa94-04c1-424b-9868-57a2d4851a1d" relativeResultsDirectory="9601e947-d972-4859-91e1-905c81bf0645" />
    <UnitTestResult executionId="86df7039-d920-454a-be5c-94d296ca459b" testId="d038f43f-1abf-d041-17d4-4cc79be1afce" testName="Application.Tests.Categories.CategoryCommandHandlerTests.Delete_When_CategoryHasChildren_Returns_Failure_CategoryHasChildren" computerName="devmachine" duration="00:00:00.0059708" startTime="2026-06-11T01:57:31.2827330+02:00" endTime="2026-06-11T01:57:31.2890910+02:00" testType="13cdc9d9-ddb5-4fa4-a97d-d965ccfc6d4b" outcome="Passed" testListId="8c84fa94-04c1-424b-9868-57a2d4851a1d" relativeResultsDirectory="86df7039-d920-454a-be5c-94d296ca459b" />
    <UnitTestResult executionId="a26cdfe6-6274-42c0-9256-6866f0a2ef41" testId="863f737a-84d9-59a2-2326-505646599316" testName="Application.Tests.Settings.SettingValidatorTests.ValidateSetting_MaxThumbnailSizeBytes_ValidatesCorrectly(value: &quot;1&quot;, shouldSucceed: True)" computerName="devmachine" duration="00:00:00.0001020" startTime="2026-06-11T01:57:31.3046980+02:00" endTime="2026-06-11T01:57:31.3047130+02:00" testType="13cdc9d9-ddb5-4fa4-a97d-d965ccfc6d4b" outcome="Passed" testListId="8c84fa94-04c1-424b-9868-57a2d4851a1d" relativeResultsDirectory="a26cdfe6-6274-42c0-9256-6866f0a2ef41" />
    <UnitTestResult executionId="bb545a9a-01b0-486f-a361-dd19d1859712" testId="a1ab2788-123d-0f10-a423-377091fcb87b" testName="Application.Tests.Models.AssetNameServiceTests.GetBaseName_WithPlainName_ReturnsSameName" computerName="devmachine" duration="00:00:00.0000443" startTime="2026-06-11T01:57:31.2484800+02:00" endTime="2026-06-11T01:57:31.2484970+02:00" testType="13cdc9d9-ddb5-4fa4-a97d-d965ccfc6d4b" outcome="Passed" testListId="8c84fa94-04c1-424b-9868-57a2d4851a1d" relativeResultsDirectory="bb545a9a-01b0-486f-a361-dd19d1859712" />
    <UnitTestResult executionId="588e2b48-99cb-4a72-818d-627bfe2a35c3" testId="19f159ee-76e6-ff89-5109-36913092546f" testName="Application.Tests.Settings.SettingValidatorTests.ValidateSetting_ThumbnailFrameCount_ValidatesCorrectly(value: &quot;361&quot;, shouldSucceed: False)" computerName="devmachine" duration="00:00:00.0000020" startTime="2026-06-11T01:57:31.3029100+02:00" endTime="2026-06-11T01:57:31.3029250+02:00" testType="13cdc9d9-ddb5-4fa4-a97d-d965ccfc6d4b" outcome="Passed" testListId="8c84fa94-04c1-424b-9868-57a2d4851a1d" relativeResultsDirectory="588e2b48-99cb-4a72-818d-627bfe2a35c3" />
    <UnitTestResult executionId="59065191-5d7c-4b19-b9ca-c60e770286c3" testId="22a5b847-ce74-e26f-8a24-487e71006699" testName="Application.Tests.Settings.SettingValidatorTests.ValidateSetting_ThumbnailSize_ValidatesCorrectly(value: &quot;0&quot;, shouldSucceed: False)" computerName="devmachine" duration="00:00:00.0000018" startTime="2026-06-11T01:57:31.3035020+02:00" endTime="2026-06-11T01:57:31.3035180+02:00" testType="13cdc9d9-ddb5-4fa4-a97d-d965ccfc6d4b" outcome="Passed" testListId="8c84fa94-04c1-424b-9868-57a2d4851a1d" relativeResultsDirectory="59065191-5d7c-4b19-b9ca-c60e770286c3" />
    <UnitTestResult executionId="155d903b-eb77-409a-8d05-69812f6a674c" testId="43d80643-ca83-37e4-c5ea-944dd37c4cb5" testName="Application.Tests.Models.SetDefaultTextureSetCommandHandlerTests.Handle_WhenModelNotFound_ReturnsFailure" computerName="devmachine" duration="00:00:00.0050974" startTime="2026-06-11T01:57:31.2806680+02:00" endTime="2026-06-11T01:57:31.2865530+02:00" testType="13cdc9d9-ddb5-4fa4-a97d-d965ccfc6d4b" outcome="Passed" testListId="8c84fa94-04c1-424b-9868-57a2d4851a1d" relativeResultsDirectory="155d903b-eb77-409a-8d05-69812f6a674c" />
    <UnitTestResult executionId="947bb575-f510-41eb-af61-f6d90fd36208" testId="66fa214e-6be7-4a5f-b051-21482e0d7210" testName="Application.Tests.Thumbnails.GetThumbnailStatusQueryHandlerTests.Handle_WhenModelHasNoActiveVersion_ReturnsPendingStatus" computerName="devmachine" duration="00:00:00.0041950" startTime="2026-06-11T01:57:31.3052050+02:00" endTime="2026-06-11T01:57:31.3092450+02:00" testType="13cdc9d9-ddb5-4fa4-a97d-d965ccfc6d4b" outcome="Passed" testListId="8c84fa94-04c1-424b-9868-57a2d4851a1d" relativeResultsDirectory="947bb575-f510-41eb-af61-f6d90fd36208" />
    <UnitTestResult executionId="0cec55a8-fc32-4ca9-adb5-a6b5c7231510" testId="955e4c08-2098-4d60-145e-ff2c84419d73" testName="Application.Tests.Models.AssetNameServiceTests.GetBaseName_WithSuffix3_ReturnsBaseName" computerName="devmachine" duration="00:00:00.0000542" startTime="2026-06-11T01:57:31.2482480+02:00" endTime="2026-06-11T01:57:31.2482650+02:00" testType="13cdc9d9-ddb5-4fa4-a97d-d965ccfc6d4b" outcome="Passed" testListId="8c84fa94-04c1-424b-9868-57a2d4851a1d" relativeResultsDirectory="0cec55a8-fc32-4ca9-adb5-a6b5c7231510" />
    <UnitTestResult executionId="df2459f4-d35f-4286-a6ed-614c30be9030" testId="9017ceeb-b94b-8fcf-9cfd-3b78d3e5b5e7" testName="Application.Tests.Models.SoftDeleteModelVersionCommandHandlerTests.Handle_WhenVersionIsNotActive_SoftDeletesVersion" computerName="devmachine" duration="00:00:00.0216961" startTime="2026-06-11T01:57:31.2605370+02:00" endTime="2026-06-11T01:57:31.2811930+02:00" testType="13cdc9d9-ddb5-4fa4-a97d-d965ccfc6d4b" outcome="Passed" testListId="8c84fa94-04c1-424b-9868-57a2d4851a1d" relativeResultsDirectory="df2459f4-d35f-4286-a6ed-614c30be9030" />
    <UnitTestResult executionId="2ed6fc3f-8dd4-45a9-924b-f4a74903d9bc" testId="6c121d06-a5ad-6817-caa6-4e8c80ed069c" testName="Application.Tests.Settings.SettingValidatorTests.ValidateSetting_ThumbnailSize_ValidatesCorrectly(value: &quot;64&quot;, shouldSucceed: True)" computerName="devmachine" duration="00:00:00.0000017" startTime="2026-06-11T01:57:31.3034630+02:00" endTime="2026-06-11T01:57:31.3034780+02:00" testType="13cdc9d9-ddb5-4fa4-a97d-d965ccfc6d4b" outcome="Passed" testListId="8c84fa94-04c1-424b-9868-57a2d4851a1d" relativeResultsDirectory="2ed6fc3f-8dd4-45a9-924b-f4a74903d9bc" />
    <UnitTestResult executionId="cf1d1d9c-e566-4b0c-9178-2591e8cd3c54" testId="26197b9e-e6c8-664b-d637-5cff38ae11dd" testName="Application.Tests.Categories.CategoryCommandHandlerTests.Create_When_ParentIdProvided_Returns_Success" computerName="devmachine" duration="00:00:00.0675322" startTime="2026-06-11T01:57:31.2035200+02:00" endTime="2026-06-11T01:57:31.2715600+02:00" testType="13cdc9d9-ddb5-4fa4-a97d-d965ccfc6d4b" outcome="Passed" testListId="8c84fa94-04c1-424b-9868-57a2d4851a1d" relativeResultsDirectory="cf1d1d9c-e566-4b0c-9178-2591e8cd3c54" />
    <UnitTestResult executionId="a188f9f8-b480-4ea5-b3eb-cba78fc4b490" testId="7116b905-2780-eb20-ad8b-5e38658f8c29" testName="Application.Tests.Packs.AddModelToPackCommandHandlerTests.Handle_WhenModelAlreadyAssociatedAndBatchUploadAlreadyMatches_ReturnsSuccessWithoutPersisting" computerName="devmachine" duration="00:00:00.0022744" startTime="2026-06-11T01:57:31.3126550+02:00" endTime="2026-06-11T01:57:31.3139800+02:00" testType="13cdc9d9-ddb5-4fa4-a97d-d965ccfc6d4b" outcome="Passed" testListId="8c84fa94-04c1-424b-9868-57a2d4851a1d" relativeResultsDirectory="a188f9f8-b480-4ea5-b3eb-cba78fc4b490" />
    <UnitTestResult executionId="3f1a6bd1-cd56-4fd9-9c4f-293020038399" testId="f14ae1d3-38d7-43a7-ae72-f784dfa8952b" testName="Application.Tests.ThumbnailJobs.FinishThumbnailJobCommandHandlerTests.Handle_WhenThumbnailDoesNotExist_CreatesNewThumbnail" computerName="devmachine" duration="00:00:00.0040190" startTime="2026-06-11T01:57:31.2985180+02:00" endTime="2026-06-11T01:57:31.3016940+02:00" testType="13cdc9d9-ddb5-4fa4-a97d-d965ccfc6d4b" outcome="Passed" testListId="8c84fa94-04c1-424b-9868-57a2d4851a1d" relativeResultsDirectory="3f1a6bd1-cd56-4fd9-9c4f-293020038399" />
    <UnitTestResult executionId="1b353972-d9bd-4550-be75-87a1cec3944d" testId="a8c0d45f-dba2-afe3-30e5-598c52086f3d" testName="Application.Tests.Categories.CategoryCommandHandlerTests.Delete_When_CategoryNotFound_Returns_Failure_CategoryNotFound" computerName="devmachine" duration="00:00:00.0058964" startTime="2026-06-11T01:57:31.2716750+02:00" endTime="2026-06-11T01:57:31.2790880+02:00" testType="13cdc9d9-ddb5-4fa4-a97d-d965ccfc6d4b" outcome="Passed" testListId="8c84fa94-04c1-424b-9868-57a2d4851a1d" relativeResultsDirectory="1b353972-d9bd-4550-be75-87a1cec3944d" />
    <UnitTestResult executionId="90d51a6d-a243-4f80-b4d9-ff49a001ebf1" testId="8b08b43a-be42-d540-7324-0e276a963b63" testName="Application.Tests.Models.CreateModelFromBlendCommandHandlerTests.Handle_WhenFileCreationFails_ReturnsFailure" computerName="devmachine" duration="00:00:00.0007017" startTime="2026-06-11T01:57:31.3414180+02:00" endTime="2026-06-11T01:57:31.3418800+02:00" testType="13cdc9d9-ddb5-4fa4-a97d-d965ccfc6d4b" outcome="Passed" testListId="8c84fa94-04c1-424b-9868-57a2d4851a1d" relativeResultsDirectory="90d51a6d-a243-4f80-b4d9-ff49a001ebf1" />
    <UnitTestResult executionId="dc6b9e84-d3f1-40bc-92a2-3ce0c1da6713" testId="c87845e1-ac98-e6fe-7177-c56b5db47139" testName="Application.Tests.Settings.SettingValidatorTests.ValidateSetting_ThumbnailFrameCount_ValidatesCorrectly(value: &quot;360&quot;, shouldSucceed: True)" computerName="devmachine" duration="00:00:00.0001945" startTime="2026-06-11T01:57:31.3027420+02:00" endTime="2026-06-11T01:57:31.3027630+02:00" testType="13cdc9d9-ddb5-4fa4-a97d-d965ccfc6d4b" outcome="Passed" testListId="8c84fa94-04c1-424b-9868-57a2d4851a1d" relativeResultsDirectory="dc6b9e84-d3f1-40bc-92a2-3ce0c1da6713" />
    <UnitTestResult executionId="2d1002fb-cb7b-4cce-846a-316484e0de7f" testId="3cae608e-de86-0d62-f58f-54d924333f93" testName="Application.Tests.Thumbnails.RegenerateAllThumbnailsCommandHandlerTests.Handle_SkipsModelsWithoutFiles" computerName="devmachine" duration="00:00:00.0013138" startTime="2026-06-11T01:57:31.3128030+02:00" endTime="2026-06-11T01:57:31.3140950+02:00" testType="13cdc9d9-ddb5-4fa4-a97d-d965ccfc6d4b" outcome="Passed" testListId="8c84fa94-04c1-424b-9868-57a2d4851a1d" relativeResultsDirectory="2d1002fb-cb7b-4cce-846a-316484e0de7f" />
    <UnitTestResult executionId="d62aa701-745f-4519-a70a-d3d763e1b807" testId="d51f94e6-b326-0042-3408-8d74300ee93e" testName="Application.Tests.Settings.SettingValidatorTests.ValidateSetting_MaxThumbnailSizeBytes_ValidatesCorrectly(value: &quot;104857601&quot;, shouldSucceed: False)" computerName="devmachine" duration="00:00:00.0001552" startTime="2026-06-11T01:57:31.3046560+02:00" endTime="2026-06-11T01:57:31.3046730+02:00" testType="13cdc9d9-ddb5-4fa4-a97d-d965ccfc6d4b" outcome="Passed" testListId="8c84fa94-04c1-424b-9868-57a2d4851a1d" relativeResultsDirectory="d62aa701-745f-4519-a70a-d3d763e1b807" />
    <UnitTestResult executionId="fab91801-56bc-490a-ab66-aeb4ae7f15ee" testId="0f94646f-7779-1b7b-e08d-5aad6771e709" testName="Application.Tests.Categories.CategoryCommandHandlerTests.Update_When_SelfParent_Returns_Failure_InvalidCategoryParent" computerName="devmachine" duration="00:00:00.0011516" startTime="2026-06-11T01:57:31.2985740+02:00" endTime="2026-06-11T01:57:31.2998830+02:00" testType="13cdc9d9-ddb5-4fa4-a97d-d965ccfc6d4b" outcome="Passed" testListId="8c84fa94-04c1-424b-9868-57a2d4851a1d" relativeResultsDirectory="fab91801-56bc-490a-ab66-aeb4ae7f15ee" />
    <UnitTestResult executionId="0852fb19-3202-41fb-8af4-aa9e405535e8" testId="d119d554-c3eb-91dd-5f2f-2664041dd958" testName="Application.Tests.TextureSets.ChangeTextureTypeCommandHandlerTests.Handle_WhenChangingToSameType_ReturnsSuccess" computerName="devmachine" duration="00:00:00.0716775" startTime="2026-06-11T01:57:31.2036160+02:00" endTime="2026-06-11T01:57:31.2752320+02:00" testType="13cdc9d9-ddb5-4fa4-a97d-d965ccfc6d4b" outcome="Passed" testListId="8c84fa94-04c1-424b-9868-57a2d4851a1d" relativeResultsDirectory="0852fb19-3202-41fb-8af4-aa9e405535e8" />
    <UnitTestResult executionId="3e89a996-45c3-4815-8134-c7a383df9f3a" testId="f6a1642d-82b7-153e-2077-9f1028fb9249" testName="Application.Tests.Models.CreateModelFromBlendCommandHandlerTests.Handle_WithValidBlendFile_CreatesModelAndVersion" computerName="devmachine" duration="00:00:00.0031016" startTime="2026-06-11T01:57:31.3284990+02:00" endTime="2026-06-11T01:57:31.3315810+02:00" testType="13cdc9d9-ddb5-4fa4-a97d-d965ccfc6d4b" outcome="Passed" testListId="8c84fa94-04c1-424b-9868-57a2d4851a1d" relativeResultsDirectory="3e89a996-45c3-4815-8134-c7a383df9f3a" />
    <UnitTestResult executionId="fa8ae08b-3011-44c2-809d-5ea46c400aa0" testId="71bef884-3cbf-4450-dfd9-1b27dc3d2794" testName="Application.Tests.Settings.SettingValidatorTests.ValidateSetting_MaxThumbnailSizeBytes_ValidatesCorrectly(value: &quot;1048576&quot;, shouldSucceed: True)" computerName="devmachine" duration="00:00:00.0000018" startTime="2026-06-11T01:57:31.3050360+02:00" endTime="2026-06-11T01:57:31.3050520+02:00" testType="13cdc9d9-ddb5-4fa4-a97d-d965ccfc6d4b" outcome="Passed" testListId="8c84fa94-04c1-424b-9868-57a2d4851a1d" relativeResultsDirectory="fa8ae08b-3011-44c2-809d-5ea46c400aa0" />
    <UnitTestResult executionId="a9cc5041-2903-4576-9190-0e108438913d" testId="01f2ca36-1b49-0a4d-ec9a-ff997f526280" testName="Application.Tests.Settings.SettingValidatorTests.ValidateSetting_ModelDuplicateNamePolicy_ValidatesCorrectly(value: &quot;invalid&quot;, shouldSucceed: False)" computerName="devmachine" duration="00:00:00.0000083" startTime="2026-06-11T01:57:31.3022320+02:00" endTime="2026-06-11T01:57:31.3022550+02:00" testType="13cdc9d9-ddb5-4fa4-a97d-d965ccfc6d4b" outcome="Passed" testListId="8c84fa94-04c1-424b-9868-57a2d4851a1d" relativeResultsDirectory="a9cc5041-2903-4576-9190-0e108438913d" />
    <UnitTestResult executionId="4ab7b59d-cad8-49ae-a2f4-5ddea1255c6c" testId="3a2c41d5-9d65-7a2e-eaf6-4a1ec1b3938a" testName="Application.Tests.Models.AssetNameServiceTests.GenerateUniqueName_WithGap_ReturnsFirstAvailable" computerName="devmachine" duration="00:00:00.0009995" startTime="2026-06-11T01:57:31.2483630+02:00" endTime="2026-06-11T01:57:31.2483860+02:00" testType="13cdc9d9-ddb5-4fa4-a97d-d965ccfc6d4b" outcome="Passed" testListId="8c84fa94-04c1-424b-9868-57a2d4851a1d" relativeResultsDirectory="4ab7b59d-cad8-49ae-a2f4-5ddea1255c6c" />
    <UnitTestResult executionId="c8492f20-009d-4eec-bd6d-96b6a49b8225" testId="76b61530-8451-973d-40a3-50c93772ed0f" testName="Application.Tests.Thumbnails.RegenerateAllThumbnailsCommandHandlerTests.Handle_CreatesAndLinksThumbnail_WhenNoneExists" computerName="devmachine" duration="00:00:00.0021142" startTime="2026-06-11T01:57:31.3141490+02:00" endTime="2026-06-11T01:57:31.3161470+02:00" testType="13cdc9d9-ddb5-4fa4-a97d-d965ccfc6d4b" outcome="Passed" testListId="8c84fa94-04c1-424b-9868-57a2d4851a1d" relativeResultsDirectory="c8492f20-009d-4eec-bd6d-96b6a49b8225" />
    <UnitTestResult executionId="52856ba5-a251-4107-8d05-d70d868472ed" testId="b4987830-a32d-b7bf-d242-72fdfffba0ae" testName="Application.Tests.Settings.SettingValidatorTests.ValidateSetting_ThumbnailSize_ValidatesCorrectly(value: &quot;512&quot;, shouldSucceed: True)" computerName="devmachine" duration="00:00:00.0000983" startTime="2026-06-11T01:57:31.3032730+02:00" endTime="2026-06-11T01:57:31.3033150+02:00" testType="13cdc9d9-ddb5-4fa4-a97d-d965ccfc6d4b" outcome="Passed" testListId="8c84fa94-04c1-424b-9868-57a2d4851a1d" relativeResultsDirectory="52856ba5-a251-4107-8d05-d70d868472ed" />
    <UnitTestResult executionId="82b70fa3-1553-474c-bca4-d8552c4e2663" testId="5829e925-1486-c3fb-205f-bff73e3a7094" testName="Application.Tests.ThumbnailJobs.FinishThumbnailJobCommandHandlerTests.Handle_WhenModelNotFound_ReturnsFailure" computerName="devmachine" duration="00:00:00.0072779" startTime="2026-06-11T01:57:31.2751840+02:00" endTime="2026-06-11T01:57:31.2807060+02:00" testType="13cdc9d9-ddb5-4fa4-a97d-d965ccfc6d4b" outcome="Passed" testListId="8c84fa94-04c1-424b-9868-57a2d4851a1d" relativeResultsDirectory="82b70fa3-1553-474c-bca4-d8552c4e2663" />
    <UnitTestResult executionId="f6146b99-1468-4cd4-971a-29ca5f0b1d3e" testId="fd8d6f78-3ee5-1c20-775b-c70da5954668" testName="Application.Tests.Settings.SettingValidatorTests.ValidateSetting_MaxFileSizeBytes_ValidatesCorrectly(value: &quot;invalid&quot;, shouldSucceed: False)" computerName="devmachine" duration="00:00:00.0001214" startTime="2026-06-11T01:57:31.3038950+02:00" endTime="2026-06-11T01:57:31.3039350+02:00" testType="13cdc9d9-ddb5-4fa4-a97d-d965ccfc6d4b" outcome="Passed" testListId="8c84fa94-04c1-424b-9868-57a2d4851a1d" relativeResultsDirectory="f6146b99-1468-4cd4-971a-29ca5f0b1d3e" />
    <UnitTestResult executionId="069da5ed-44a5-4841-9d4b-3e1e8eebf5e7" testId="1f630997-9147-00f2-ecbf-a055bde98ea2" testName="Application.Tests.Settings.SettingValidatorTests.ValidateSetting_MaxFileSizeBytes_ValidatesCorrectly(value: &quot;0&quot;, shouldSucceed: False)" computerName="devmachine" duration="00:00:00.0000034" startTime="2026-06-11T01:57:31.3039610+02:00" endTime="2026-06-11T01:57:31.3039760+02:00" testType="13cdc9d9-ddb5-4fa4-a97d-d965ccfc6d4b" outcome="Passed" testListId="8c84fa94-04c1-424b-9868-57a2d4851a1d" relativeResultsDirectory="069da5ed-44a5-4841-9d4b-3e1e8eebf5e7" />
    <UnitTestResult executionId="e102ec09-e529-4ca1-b709-785d094caddd" testId="cdad44ec-da50-d7cd-7af5-5e01b44a2d51" testName="Application.Tests.Settings.SettingValidatorTests.ValidateSetting_MaxFileSizeBytes_ValidatesCorrectly(value: &quot;1048576&quot;, shouldSucceed: True)" computerName="devmachine" duration="00:00:00.0000019" startTime="2026-06-11T01:57:31.3040470+02:00" endTime="2026-06-11T01:57:31.3040630+02:00" testType="13cdc9d9-ddb5-4fa4-a97d-d965ccfc6d4b" outcome="Passed" testListId="8c84fa94-04c1-424b-9868-57a2d4851a1d" relativeResultsDirectory="e102ec09-e529-4ca1-b709-785d094caddd" />
    <UnitTestResult executionId="26b304c0-fdc2-48ed-851f-946be426c7e7" testId="46390d91-3046-697e-94af-d4898993d2f0" testName="Application.Tests.Thumbnails.GetThumbnailStatusQueryHandlerTests.Handle_WhenActiveVersionHasReadyThumbnail_ReturnsCompleteStatus" computerName="devmachine" duration="00:00:00.0033046" startTime="2026-06-11T01:57:31.3100230+02:00" endTime="2026-06-11T01:57:31.3126790+02:00" testType="13cdc9d9-ddb5-4fa4-a97d-d965ccfc6d4b" outcome="Passed" testListId="8c84fa94-04c1-424b-9868-57a2d4851a1d" relativeResultsDirectory="26b304c0-fdc2-48ed-851f-946be426c7e7" />
    <UnitTestResult executionId="97ec90d9-a4da-4606-8174-d779d70e7935" testId="9529a385-04d1-5b2a-49e8-dcca5ab8fc02" testName="Application.Tests.Thumbnails.RegenerateThumbnailCommandHandlerTests.Handle_WhenActiveVersionHasExistingThumbnail_ResetsAndEnqueuesJob" computerName="devmachine" duration="00:00:00.0157171" startTime="2026-06-11T01:57:31.2793520+02:00" endTime="2026-06-11T01:57:31.2980120+02:00" testType="13cdc9d9-ddb5-4fa4-a97d-d965ccfc6d4b" outcome="Passed" testListId="8c84fa94-04c1-424b-9868-57a2d4851a1d" relativeResultsDirectory="97ec90d9-a4da-4606-8174-d779d70e7935" />
    <UnitTestResult executionId="3344129b-9a94-4860-8baa-a33ba7617c37" testId="7830234e-7750-df10-3b4f-535260435337" testName="Application.Tests.Models.AssetNameServiceTests.GetBaseName_WithNestedSuffix_StripsOuterSuffix" computerName="devmachine" duration="00:00:00.0000258" startTime="2026-06-11T01:57:31.2481170+02:00" endTime="2026-06-11T01:57:31.2481380+02:00" testType="13cdc9d9-ddb5-4fa4-a97d-d965ccfc6d4b" outcome="Passed" testListId="8c84fa94-04c1-424b-9868-57a2d4851a1d" relativeResultsDirectory="3344129b-9a94-4860-8baa-a33ba7617c37" />
    <UnitTestResult executionId="b915f402-90fb-4409-a84b-03f55f888a22" testId="ac171ece-3e4e-cc48-c505-24974e2c6645" testName="Application.Tests.Models.SetDefaultTextureSetCommandHandlerTests.Handle_ClearingDefault_ClearsVersionDefault" computerName="devmachine" duration="00:00:00.0093481" startTime="2026-06-11T01:57:31.2894560+02:00" endTime="2026-06-11T01:57:31.2983570+02:00" testType="13cdc9d9-ddb5-4fa4-a97d-d965ccfc6d4b" outcome="Passed" testListId="8c84fa94-04c1-424b-9868-57a2d4851a1d" relativeResultsDirectory="b915f402-90fb-4409-a84b-03f55f888a22" />
    <UnitTestResult executionId="58dbfa4a-20eb-429e-822b-20f76d75f22f" testId="ebd359e4-0a11-080e-d51d-332382f01f55" testName="Application.Tests.Settings.SettingValidatorTests.ValidateSetting_MaxThumbnailSizeBytes_ValidatesCorrectly(value: &quot;-1&quot;, shouldSucceed: False)" computerName="devmachine" duration="00:00:00.0000020" startTime="2026-06-11T01:57:31.3049970+02:00" endTime="2026-06-11T01:57:31.3050120+02:00" testType="13cdc9d9-ddb5-4fa4-a97d-d965ccfc6d4b" outcome="Passed" testListId="8c84fa94-04c1-424b-9868-57a2d4851a1d" relativeResultsDirectory="58dbfa4a-20eb-429e-822b-20f76d75f22f" />
    <UnitTestResult executionId="dcce1589-c0c4-4e9d-af0d-241b77a8a608" testId="432d05da-7bf2-4b96-20cc-428d6c01b327" testName="Application.Tests.Models.AssetNameServiceTests.GenerateUniqueName_When2Exists_Returns3" computerName="devmachine" duration="00:00:00.0000890" startTime="2026-06-11T01:57:31.2483040+02:00" endTime="2026-06-11T01:57:31.2483220+02:00" testType="13cdc9d9-ddb5-4fa4-a97d-d965ccfc6d4b" outcome="Passed" testListId="8c84fa94-04c1-424b-9868-57a2d4851a1d" relativeResultsDirectory="dcce1589-c0c4-4e9d-af0d-241b77a8a608" />
    <UnitTestResult executionId="b5875e27-16be-41ec-a041-9675368a4c16" testId="b1e6eacf-92e6-0993-f563-cade8caccc25" testName="Application.Tests.Settings.SettingValidatorTests.ValidateSetting_MaxFileSizeBytes_ValidatesCorrectly(value: &quot;-1&quot;, shouldSucceed: False)" computerName="devmachine" duration="00:00:00.0000019" startTime="2026-06-11T01:57:31.3041340+02:00" endTime="2026-06-11T01:57:31.3041490+02:00" testType="13cdc9d9-ddb5-4fa4-a97d-d965ccfc6d4b" outcome="Passed" testListId="8c84fa94-04c1-424b-9868-57a2d4851a1d" relativeResultsDirectory="b5875e27-16be-41ec-a041-9675368a4c16" />
    <UnitTestResult executionId="06188011-d04c-4a5b-b88b-694bc3530afe" testId="cca83e78-bbea-206c-e8dd-47640f4504df" testName="Application.Tests.Thumbnails.RegenerateThumbnailCommandHandlerTests.Handle_WhenModelNotFound_ReturnsFailure" computerName="devmachine" duration="00:00:00.0006121" startTime="2026-06-11T01:57:31.2790560+02:00" endTime="2026-06-11T01:57:31.2792510+02:00" testType="13cdc9d9-ddb5-4fa4-a97d-d965ccfc6d4b" outcome="Passed" testListId="8c84fa94-04c1-424b-9868-57a2d4851a1d" relativeResultsDirectory="06188011-d04c-4a5b-b88b-694bc3530afe" />
    <UnitTestResult executionId="656370d0-c1bc-4777-95d3-b7279bdbc777" testId="49364c63-549c-7a76-a12a-5c6c2ebf2582" testName="Application.Tests.Models.SoftDeleteModelVersionCommandHandlerTests.Handle_WhenVersionIsActive_ChangesActiveVersionToLatest" computerName="devmachine" duration="00:00:00.0109414" startTime="2026-06-11T01:57:31.2813110+02:00" endTime="2026-06-11T01:57:31.2975790+02:00" testType="13cdc9d9-ddb5-4fa4-a97d-d965ccfc6d4b" outcome="Passed" testListId="8c84fa94-04c1-424b-9868-57a2d4851a1d" relativeResultsDirectory="656370d0-c1bc-4777-95d3-b7279bdbc777" />
    <UnitTestResult executionId="a3099de3-a149-432e-9ba0-27a08f416494" testId="e8628dd0-a834-cff8-e2ff-70fa7ff8eaba" testName="Application.Tests.Categories.CategoryCommandHandlerTests.Delete_When_ExistingCategory_Returns_Success" computerName="devmachine" duration="00:00:00.0016695" startTime="2026-06-11T01:57:31.2999350+02:00" endTime="2026-06-11T01:57:31.3016000+02:00" testType="13cdc9d9-ddb5-4fa4-a97d-d965ccfc6d4b" outcome="Passed" testListId="8c84fa94-04c1-424b-9868-57a2d4851a1d" relativeResultsDirectory="a3099de3-a149-432e-9ba0-27a08f416494" />
    <UnitTestResult executionId="7c6b0b51-547f-41bb-ad92-f74f7209e4ce" testId="1bb173f3-e8ad-7de9-0c3c-aac318fb11b5" testName="Application.Tests.Thumbnails.RegenerateThumbnailCommandHandlerTests.Handle_WhenModelHasNoActiveVersion_ReturnsFailure" computerName="devmachine" duration="00:00:00.0007927" startTime="2026-06-11T01:57:31.2785370+02:00" endTime="2026-06-11T01:57:31.2789160+02:00" testType="13cdc9d9-ddb5-4fa4-a97d-d965ccfc6d4b" outcome="Passed" testListId="8c84fa94-04c1-424b-9868-57a2d4851a1d" relativeResultsDirectory="7c6b0b51-547f-41bb-ad92-f74f7209e4ce" />
    <UnitTestResult executionId="2b7d5584-f626-485e-97b4-04013f4787ee" testId="24369917-bde8-1029-4f1d-236a15e42c90" testName="Application.Tests.Settings.SettingValidatorTests.ValidateSetting_ModelDuplicateNamePolicy_ValidatesCorrectly(value: &quot;AutoRename&quot;, shouldSucceed: True)" computerName="devmachine" duration="00:00:00.0000020" startTime="2026-06-11T01:57:31.3023570+02:00" endTime="2026-06-11T01:57:31.3023720+02:00" testType="13cdc9d9-ddb5-4fa4-a97d-d965ccfc6d4b" outcome="Passed" testListId="8c84fa94-04c1-424b-9868-57a2d4851a1d" relativeResultsDirectory="2b7d5584-f626-485e-97b4-04013f4787ee" />
    <UnitTestResult executionId="6a0f04bb-b1dd-4404-a129-69e65e2c1f23" testId="ff0a6624-963d-07a3-c6cb-2286b6222a69" testName="Application.Tests.Thumbnails.RegenerateThumbnailCommandHandlerTests.Handle_WhenActiveVersionHasNoThumbnail_CreatesNewThumbnailAndEnqueuesJob" computerName="devmachine" duration="00:00:00.0024354" startTime="2026-06-11T01:57:31.2983310+02:00" endTime="2026-06-11T01:57:31.3008390+02:00" testType="13cdc9d9-ddb5-4fa4-a97d-d965ccfc6d4b" outcome="Passed" testListId="8c84fa94-04c1-424b-9868-57a2d4851a1d" relativeResultsDirectory="6a0f04bb-b1dd-4404-a129-69e65e2c1f23" />
    <UnitTestResult executionId="43e413b6-3341-4025-b054-1611aefa408b" testId="672e9a37-0851-6714-c88f-b44491fd9d31" testName="Application.Tests.Thumbnails.GetThumbnailStatusQueryHandlerTests.Handle_WhenModelNotFound_ReturnsFailure" computerName="devmachine" duration="00:00:00.0009724" startTime="2026-06-11T01:57:31.3127370+02:00" endTime="2026-06-11T01:57:31.3135650+02:00" testType="13cdc9d9-ddb5-4fa4-a97d-d965ccfc6d4b" outcome="Passed" testListId="8c84fa94-04c1-424b-9868-57a2d4851a1d" relativeResultsDirectory="43e413b6-3341-4025-b054-1611aefa408b" />
    <UnitTestResult executionId="a31162c6-83fe-4df9-aca6-dfb4f809ad05" testId="953a2633-38ff-718f-4c70-70d145a013bf" testName="Application.Tests.Models.CreateModelFromBlendCommandHandlerTests.Handle_WithDuplicateName_WhenPolicyIsAutoRename_CreatesModelWithRenamedName" computerName="devmachine" duration="00:00:00.0073439" startTime="2026-06-11T01:57:31.3334240+02:00" endTime="2026-06-11T01:57:31.3405660+02:00" testType="13cdc9d9-ddb5-4fa4-a97d-d965ccfc6d4b" outcome="Passed" testListId="8c84fa94-04c1-424b-9868-57a2d4851a1d" relativeResultsDirectory="a31162c6-83fe-4df9-aca6-dfb4f809ad05" />
    <UnitTestResult executionId="64a1aa7e-f372-4023-8a61-518861e1ea3c" testId="bd2495f6-429a-58b2-8f14-086d22ef9329" testName="Application.Tests.ThumbnailJobs.FinishThumbnailJobCommandHandlerTests.Handle_WhenJobNotFound_ReturnsFailure" computerName="devmachine" duration="00:00:00.0697909" startTime="2026-06-11T01:57:31.2035540+02:00" endTime="2026-06-11T01:57:31.2748460+02:00" testType="13cdc9d9-ddb5-4fa4-a97d-d965ccfc6d4b" outcome="Passed" testListId="8c84fa94-04c1-424b-9868-57a2d4851a1d" relativeResultsDirectory="64a1aa7e-f372-4023-8a61-518861e1ea3c" />
    <UnitTestResult executionId="4ee0d8dd-0225-4adb-b090-33e379177fce" testId="0998731e-d9fd-785a-fbad-8c1cdc30d337" testName="Application.Tests.Thumbnails.RegenerateAllThumbnailsCommandHandlerTests.Handle_ProcessesMultipleModelsAndCountsEnqueuedAccurately" computerName="devmachine" duration="00:00:00.0016241" startTime="2026-06-11T01:57:31.3052550+02:00" endTime="2026-06-11T01:57:31.3066280+02:00" testType="13cdc9d9-ddb5-4fa4-a97d-d965ccfc6d4b" outcome="Passed" testListId="8c84fa94-04c1-424b-9868-57a2d4851a1d" relativeResultsDirectory="4ee0d8dd-0225-4adb-b090-33e379177fce" />
    <UnitTestResult executionId="d211f05a-9a31-4bad-a2e7-67b70dfc1121" testId="94cd8968-9fe2-454b-376b-e2a5c66f0f15" testName="Application.Tests.Settings.SettingValidatorTests.ValidateSetting_ThumbnailFrameCount_ValidatesCorrectly(value: &quot;1&quot;, shouldSucceed: True)" computerName="devmachine" duration="00:00:00.0000019" startTime="2026-06-11T01:57:31.3029500+02:00" endTime="2026-06-11T01:57:31.3029660+02:00" testType="13cdc9d9-ddb5-4fa4-a97d-d965ccfc6d4b" outcome="Passed" testListId="8c84fa94-04c1-424b-9868-57a2d4851a1d" relativeResultsDirectory="d211f05a-9a31-4bad-a2e7-67b70dfc1121" />
    <UnitTestResult executionId="600d24ec-b855-4241-8a4a-14cc4714aa0f" testId="09e9f851-9c1a-ffd3-c002-ea5865c4de3a" testName="Application.Tests.Categories.CategoryCommandHandlerTests.Update_When_CategoryNotFound_Returns_Failure_CategoryNotFound" computerName="devmachine" duration="00:00:00.0010841" startTime="2026-06-11T01:57:31.3016720+02:00" endTime="2026-06-11T01:57:31.3022070+02:00" testType="13cdc9d9-ddb5-4fa4-a97d-d965ccfc6d4b" outcome="Passed" testListId="8c84fa94-04c1-424b-9868-57a2d4851a1d" relativeResultsDirectory="600d24ec-b855-4241-8a4a-14cc4714aa0f" />
    <UnitTestResult executionId="8587d7ed-19d5-4fc1-a59a-658d63474011" testId="4ebaa888-26de-1a33-c93a-973dcf132e79" testName="Application.Tests.Models.SoftDeleteModelVersionCommandHandlerTests.Handle_WhenLastVersion_ReturnsFailure" computerName="devmachine" duration="00:00:00.0020710" startTime="2026-06-11T01:57:31.2984550+02:00" endTime="2026-06-11T01:57:31.2999480+02:00" testType="13cdc9d9-ddb5-4fa4-a97d-d965ccfc6d4b" outcome="Passed" testListId="8c84fa94-04c1-424b-9868-57a2d4851a1d" relativeResultsDirectory="8587d7ed-19d5-4fc1-a59a-658d63474011" />
  </Results>
  <TestDefinitions>
    <UnitTest name="Application.Tests.Settings.SettingValidatorTests.ValidateSetting_ThumbnailSize_ValidatesCorrectly(value: &quot;invalid&quot;, shouldSucceed: False)" storage="/users/devmachine/kod/modelibr/tests/application.tests/bin/debug/net9.0/application.tests.dll" id="4dcc7264-ba64-18d9-9d31-c130fdda2690">
      <Execution id="d3af1b86-bd75-4ce3-8cbc-33bc812053a6" />
      <TestMethod codeBase="/Users/devmachine/kod/Modelibr/tests/Application.Tests/bin/Debug/net9.0/Application.Tests.dll" adapterTypeName="executor://xunit/VsTestRunner3/netcore/" className="Application.Tests.Settings.SettingValidatorTests" name="ValidateSetting_ThumbnailSize_ValidatesCorrectly" />
    </UnitTest>
    <UnitTest name="Application.Tests.Settings.SettingValidatorTests.ValidateSetting_MaxThumbnailSizeBytes_ValidatesCorrectly(value: &quot;104857600&quot;, shouldSucceed: True)" storage="/users/devmachine/kod/modelibr/tests/application.tests/bin/debug/net9.0/application.tests.dll" id="0259126c-a578-cc9c-5d93-3c450e4470dc">
      <Execution id="65ebd711-1d74-41cb-b366-74c7014e1d15" />
      <TestMethod codeBase="/Users/devmachine/kod/Modelibr/tests/Application.Tests/bin/Debug/net9.0/Application.Tests.dll" adapterTypeName="executor://xunit/VsTestRunner3/netcore/" className="Application.Tests.Settings.SettingValidatorTests" name="ValidateSetting_MaxThumbnailSizeBytes_ValidatesCorrectly" />
    </UnitTest>
    <UnitTest name="Application.Tests.Models.AssetNameServiceTests.GenerateUniqueName_When2Exists_Returns3" storage="/users/devmachine/kod/modelibr/tests/application.tests/bin/debug/net9.0/application.tests.dll" id="432d05da-7bf2-4b96-20cc-428d6c01b327">
      <Execution id="dcce1589-c0c4-4e9d-af0d-241b77a8a608" />
[...]
    <TestEntry testId="c4983e57-0dc7-a5a1-608f-e675f1099f32" executionId="5a3c70a6-ea58-4da9-ab7e-a9efe69a53ce" testListId="8c84fa94-04c1-424b-9868-57a2d4851a1d" />
    <TestEntry testId="df61cda0-d3f4-798e-fbaf-efe8bcc5153a" executionId="62c30844-fb76-4371-ac33-77d8488ae766" testListId="8c84fa94-04c1-424b-9868-57a2d4851a1d" />
    <TestEntry testId="de76b22e-6f9d-b9b6-ac2e-7e55ed0b2b45" executionId="0f916915-1eb3-4034-b640-54e6b5b20b06" testListId="8c84fa94-04c1-424b-9868-57a2d4851a1d" />
    <TestEntry testId="c89eb1a1-0a9f-3934-fcfd-00c54bfea4dd" executionId="8ca3d3b2-0979-4e88-859d-97013e502e9c" testListId="8c84fa94-04c1-424b-9868-57a2d4851a1d" />
    <TestEntry testId="c0011926-a3e7-565d-dac5-371741e162df" executionId="0ef488ad-6e2b-4dfd-ae9d-b42b5a75d199" testListId="8c84fa94-04c1-424b-9868-57a2d4851a1d" />
    <TestEntry testId="d0369617-2b2f-76a5-128a-4def24132259" executionId="233529be-4063-4d2f-a9d8-25c12407454f" testListId="8c84fa94-04c1-424b-9868-57a2d4851a1d" />
    <TestEntry testId="8214e076-6f4e-37cd-0282-873f4f4fda1b" executionId="54edf1d6-e0dd-4079-b2f6-e6da03615056" testListId="8c84fa94-04c1-424b-9868-57a2d4851a1d" />
    <TestEntry testId="05c4334a-3508-ac55-6227-a0c0d13e952e" executionId="ab4387f3-eaa2-45a7-8b66-a3b96e572254" testListId="8c84fa94-04c1-424b-9868-57a2d4851a1d" />
    <TestEntry testId="c4c51379-c528-54fc-c62d-b3acfd7937cc" executionId="a56f5e77-691b-4304-936c-07268b8379ac" testListId="8c84fa94-04c1-424b-9868-57a2d4851a1d" />
    <TestEntry testId="03d75c67-d2af-307b-3b67-ce34f0f1d691" executionId="45bfb520-ed30-4011-83d2-6930b26b6dc4" testListId="8c84fa94-04c1-424b-9868-57a2d4851a1d" />
    <TestEntry testId="abec99ae-ad93-0ee8-5fd7-c47e3b25f5dd" executionId="0f373889-117c-43f3-b836-dc0e8399710d" testListId="8c84fa94-04c1-424b-9868-57a2d4851a1d" />
    <TestEntry testId="f37739c0-6c8a-93b7-ee9c-15774a363543" executionId="ed6431b6-d0ad-466b-bcb5-e6d58a4d645d" testListId="8c84fa94-04c1-424b-9868-57a2d4851a1d" />
    <TestEntry testId="37b8f51a-1a7a-5435-b98d-7d11070326af" executionId="5cbd60a6-ae74-4878-92ac-0782fd6a2e72" testListId="8c84fa94-04c1-424b-9868-57a2d4851a1d" />
    <TestEntry testId="4dcc7264-ba64-18d9-9d31-c130fdda2690" executionId="d3af1b86-bd75-4ce3-8cbc-33bc812053a6" testListId="8c84fa94-04c1-424b-9868-57a2d4851a1d" />
    <TestEntry testId="e727dc9b-5a96-5a16-71bf-d5cc83e1174a" executionId="fa351a58-f145-410f-ac55-ee63237e913d" testListId="8c84fa94-04c1-424b-9868-57a2d4851a1d" />
    <TestEntry testId="5bffb6d0-dc1a-066b-85b1-d33969593c74" executionId="20ed11e6-e23a-4053-8f3e-4047994700c6" testListId="8c84fa94-04c1-424b-9868-57a2d4851a1d" />
    <TestEntry testId="db576cc4-0188-0407-673b-650676e27fb6" executionId="51cdaf47-5d67-46a7-b63a-ef516a205d24" testListId="8c84fa94-04c1-424b-9868-57a2d4851a1d" />
    <TestEntry testId="29075248-ac8e-1c60-9a18-009aefdab62a" executionId="bd1502a8-161d-4b57-9e57-0adbd8daeb7a" testListId="8c84fa94-04c1-424b-9868-57a2d4851a1d" />
    <TestEntry testId="4feda108-8fec-e606-e452-a723465c9c4d" executionId="dda769b6-60f3-4bd7-b9b1-545c1d63842f" testListId="8c84fa94-04c1-424b-9868-57a2d4851a1d" />
    <TestEntry testId="3dc76a58-3cce-5081-354b-4195f0d39fbb" executionId="f3daf4a3-1b92-45de-b7d0-c75c9f38db9d" testListId="8c84fa94-04c1-424b-9868-57a2d4851a1d" />
    <TestEntry testId="363d27f2-f4d1-dd5f-6b43-f10c610f209f" executionId="7da80f1b-6eda-4343-9d7d-de0094323dfa" testListId="8c84fa94-04c1-424b-9868-57a2d4851a1d" />
    <TestEntry testId="9789766f-660a-60ab-6e6b-e45c37263711" executionId="3db87699-38a8-4813-bafb-870072e01e0d" testListId="8c84fa94-04c1-424b-9868-57a2d4851a1d" />
    <TestEntry testId="b757ff8a-16aa-fc97-469b-0382a0ca9aa8" executionId="a3d33c73-c33a-4486-993a-1acc2cbbd8c1" testListId="8c84fa94-04c1-424b-9868-57a2d4851a1d" />
    <TestEntry testId="296214d6-ca7c-6bb3-9c3a-d436fd49cdbb" executionId="cc35b64b-50db-4828-a272-a197f24a833d" testListId="8c84fa94-04c1-424b-9868-57a2d4851a1d" />
    <TestEntry testId="19a20aa1-9f93-0789-4713-9c4ef123399f" executionId="ada832e7-6b60-41f3-a8ea-a4ccc2b18973" testListId="8c84fa94-04c1-424b-9868-57a2d4851a1d" />
    <TestEntry testId="4499c9ed-d2e5-921f-42a4-1bb13e2dfe36" executionId="8cb78b6a-311b-48b9-b07d-bd86d888421d" testListId="8c84fa94-04c1-424b-9868-57a2d4851a1d" />
    <TestEntry testId="4566d3c5-ec31-242a-9027-43009f1a5404" executionId="bc8ecbe5-f8ce-4f79-b756-35fe7a722ff2" testListId="8c84fa94-04c1-424b-9868-57a2d4851a1d" />
    <TestEntry testId="5be39be9-d53b-1055-2c95-85198a62b34d" executionId="2e4378c1-4202-4e5f-b80a-4d4fd7ee6826" testListId="8c84fa94-04c1-424b-9868-57a2d4851a1d" />
    <TestEntry testId="a48bee5a-34e1-2223-56c2-4c99d93f0894" executionId="6aef40bb-6192-41e9-95e6-a747d20968bd" testListId="8c84fa94-04c1-424b-9868-57a2d4851a1d" />
    <TestEntry testId="0264e6f8-74cd-ee70-fbff-34894e36692e" executionId="260d364e-0e2e-46ab-aa16-85b79801f279" testListId="8c84fa94-04c1-424b-9868-57a2d4851a1d" />
    <TestEntry testId="d1dc0f58-f4a5-59e7-4bab-5ffe0a78929a" executionId="1d6fcb1c-eba0-4186-a42e-fe9ccb25e6c2" testListId="8c84fa94-04c1-424b-9868-57a2d4851a1d" />
    <TestEntry testId="fe8fdddc-6f7f-a486-618a-e29b2c64e6d8" executionId="01a92e2b-dc2c-4394-bd3d-b031d5e1e299" testListId="8c84fa94-04c1-424b-9868-57a2d4851a1d" />
    <TestEntry testId="f78fcc47-d6c8-a44b-0bf7-f250d8d0244d" executionId="50082af7-e05e-454d-95e5-6d71e38e808d" testListId="8c84fa94-04c1-424b-9868-57a2d4851a1d" />
    <TestEntry testId="e4059862-141e-5e0f-4fa8-8f19e54cb3ae" executionId="bb4097c2-2b95-4849-8462-2783a07aa332" testListId="8c84fa94-04c1-424b-9868-57a2d4851a1d" />
    <TestEntry testId="afe53717-c147-77ac-ce49-589614f21f70" executionId="8a19d27a-bf0f-4437-9711-9607fd4dbbcd" testListId="8c84fa94-04c1-424b-9868-57a2d4851a1d" />
    <TestEntry testId="7722e277-2cbc-8698-fd22-84a47e30e343" executionId="1cb03139-8532-4482-8f62-480413f369c5" testListId="8c84fa94-04c1-424b-9868-57a2d4851a1d" />
    <TestEntry testId="bcfa9fc6-d1aa-3e17-f7c0-570fe6eda6ff" executionId="71640862-7c59-4ec9-87d3-c63fae743383" testListId="8c84fa94-04c1-424b-9868-57a2d4851a1d" />
    <TestEntry testId="574c4c33-8918-8082-dbee-26e50324c027" executionId="d476f010-1623-4924-888e-690759a79a6e" testListId="8c84fa94-04c1-424b-9868-57a2d4851a1d" />
    <TestEntry testId="336e7235-b298-182a-7c05-399ec3408bb7" executionId="cb53760d-9ed6-43cf-8fc8-4f71d3ea43eb" testListId="8c84fa94-04c1-424b-9868-57a2d4851a1d" />
    <TestEntry testId="e243ca23-1af8-d77f-2798-a20c29e030b1" executionId="514391dd-a512-4241-8790-3b70a193ea85" testListId="8c84fa94-04c1-424b-9868-57a2d4851a1d" />
    <TestEntry testId="548c47a5-78f7-fd64-1e25-e47334b5e922" executionId="1dcdc0af-f916-4e78-90be-a496b700a2b2" testListId="8c84fa94-04c1-424b-9868-57a2d4851a1d" />
    <TestEntry testId="a9874d5f-ed7c-ce50-cf84-38bb849bff09" executionId="96974ae6-a584-4c1b-99f6-d74a47c2cfcf" testListId="8c84fa94-04c1-424b-9868-57a2d4851a1d" />
    <TestEntry testId="4cea4673-fc8c-42d1-bdc5-cf437241a069" executionId="d15789c4-dddd-4700-98e0-24a9d4c9d441" testListId="8c84fa94-04c1-424b-9868-57a2d4851a1d" />
    <TestEntry testId="36a21e20-8bc3-594f-4d28-4b1998f7c1f5" executionId="131a6c3f-492c-4dc7-a482-46bfe5f2e206" testListId="8c84fa94-04c1-424b-9868-57a2d4851a1d" />
    <TestEntry testId="22ade4df-9370-9435-8b2d-f9de7644082d" executionId="77223c62-7a20-4ec4-bf0b-2e8a27bc8a6f" testListId="8c84fa94-04c1-424b-9868-57a2d4851a1d" />
    <TestEntry testId="a30c1aa3-57f8-aeb5-7c72-7e225fcac017" executionId="5de11540-e133-47a9-bb6c-1b017f4fa6b5" testListId="8c84fa94-04c1-424b-9868-57a2d4851a1d" />
    <TestEntry testId="b13e726a-5860-9e9e-845c-0cec82714067" executionId="25df4a2d-5137-4ac3-a79f-faf85bad2ecf" testListId="8c84fa94-04c1-424b-9868-57a2d4851a1d" />
    <TestEntry testId="87b54998-e3c2-2fa5-0533-6b0694bc2f84" executionId="60411bb2-1c86-454e-96f0-a497c4b5a654" testListId="8c84fa94-04c1-424b-9868-57a2d4851a1d" />
    <TestEntry testId="358b10a0-e7ca-381f-beb9-3f6130167440" executionId="33be58a6-b2b8-4f06-a6b3-681da41a539b" testListId="8c84fa94-04c1-424b-9868-57a2d4851a1d" />
    <TestEntry testId="442e74ba-a2f5-8033-eebb-972a58d08c32" executionId="d8e2fb98-70bd-4b21-bbbb-ff4430044f7a" testListId="8c84fa94-04c1-424b-9868-57a2d4851a1d" />
    <TestEntry testId="079d868b-f5fc-0811-1e33-0240ecbbf014" executionId="b9308002-c568-43d5-801a-ec3a7ac7b2a6" testListId="8c84fa94-04c1-424b-9868-57a2d4851a1d" />
    <TestEntry testId="09b40d46-14d2-04d1-f4c2-2d5d881d58b4" executionId="762b6e43-2ad3-4897-ad11-01776880840f" testListId="8c84fa94-04c1-424b-9868-57a2d4851a1d" />
    <TestEntry testId="45cc4efb-d234-f1df-7aa4-fa520998e380" executionId="d2fae2d5-bc4e-48d1-b718-5dc8248a5940" testListId="8c84fa94-04c1-424b-9868-57a2d4851a1d" />
    <TestEntry testId="80937b5a-8f4e-db75-65c5-aba6cbb50344" executionId="42a07f79-b4de-46de-b42b-b2fe89c84c37" testListId="8c84fa94-04c1-424b-9868-57a2d4851a1d" />
    <TestEntry testId="07f74ad6-d0f3-ffaf-8b78-61dc7657324f" executionId="4553ecfb-fd42-427f-856c-dcb72a00a4e6" testListId="8c84fa94-04c1-424b-9868-57a2d4851a1d" />
    <TestEntry testId="6bcc8774-5d55-f9a4-4868-f8f54b3de954" executionId="cd969b22-0119-43f3-a8eb-3d83f54143e1" testListId="8c84fa94-04c1-424b-9868-57a2d4851a1d" />
    <TestEntry testId="519b0849-58c7-b3fa-3412-b00f8b8c3384" executionId="424fb6ef-4894-4edc-9af0-c2613dd496fd" testListId="8c84fa94-04c1-424b-9868-57a2d4851a1d" />
    <TestEntry testId="1112e50f-469a-7a07-4cc6-f60faee8f367" executionId="e564b09e-ab24-4ffc-ac67-15c6085f9f30" testListId="8c84fa94-04c1-424b-9868-57a2d4851a1d" />
    <TestEntry testId="9b50401d-9d9a-ed5b-72c6-ae4bb97289df" executionId="b485126e-4861-42a8-a35a-f8524cf08fe1" testListId="8c84fa94-04c1-424b-9868-57a2d4851a1d" />
    <TestEntry testId="5e7e28c0-df68-99ce-7017-afb987262326" executionId="30768c87-7595-4bd6-a889-de382693767c" testListId="8c84fa94-04c1-424b-9868-57a2d4851a1d" />
    <TestEntry testId="e5d32cc5-4533-fe71-c56c-04224c6c0056" executionId="aee847f9-f7bf-4ac8-a733-e73401732e4e" testListId="8c84fa94-04c1-424b-9868-57a2d4851a1d" />
    <TestEntry testId="1fa808e9-cc7e-f991-976f-fd5cd4e840d2" executionId="68fa01e3-ec3a-4c30-8059-0b0cdf269d0d" testListId="8c84fa94-04c1-424b-9868-57a2d4851a1d" />
    <TestEntry testId="2563c5b7-68ac-5098-518b-fede8f078647" executionId="deaf1836-3976-424c-867b-aa420ca00695" testListId="8c84fa94-04c1-424b-9868-57a2d4851a1d" />
    <TestEntry testId="9f6ca71b-7b81-5375-a29b-69a06b6ab957" executionId="876f03eb-27a0-4f16-8663-6dd9184694c1" testListId="8c84fa94-04c1-424b-9868-57a2d4851a1d" />
    <TestEntry testId="cfc93fa5-e814-7d6d-4f2f-706c7e484b16" executionId="9601e947-d972-4859-91e1-905c81bf0645" testListId="8c84fa94-04c1-424b-9868-57a2d4851a1d" />
    <TestEntry testId="d038f43f-1abf-d041-17d4-4cc79be1afce" executionId="86df7039-d920-454a-be5c-94d296ca459b" testListId="8c84fa94-04c1-424b-9868-57a2d4851a1d" />
    <TestEntry testId="863f737a-84d9-59a2-2326-505646599316" executionId="a26cdfe6-6274-42c0-9256-6866f0a2ef41" testListId="8c84fa94-04c1-424b-9868-57a2d4851a1d" />
    <TestEntry testId="a1ab2788-123d-0f10-a423-377091fcb87b" executionId="bb545a9a-01b0-486f-a361-dd19d1859712" testListId="8c84fa94-04c1-424b-9868-57a2d4851a1d" />
    <TestEntry testId="19f159ee-76e6-ff89-5109-36913092546f" executionId="588e2b48-99cb-4a72-818d-627bfe2a35c3" testListId="8c84fa94-04c1-424b-9868-57a2d4851a1d" />
    <TestEntry testId="22a5b847-ce74-e26f-8a24-487e71006699" executionId="59065191-5d7c-4b19-b9ca-c60e770286c3" testListId="8c84fa94-04c1-424b-9868-57a2d4851a1d" />
    <TestEntry testId="43d80643-ca83-37e4-c5ea-944dd37c4cb5" executionId="155d903b-eb77-409a-8d05-69812f6a674c" testListId="8c84fa94-04c1-424b-9868-57a2d4851a1d" />
    <TestEntry testId="66fa214e-6be7-4a5f-b051-21482e0d7210" executionId="947bb575-f510-41eb-af61-f6d90fd36208" testListId="8c84fa94-04c1-424b-9868-57a2d4851a1d" />
    <TestEntry testId="955e4c08-2098-4d60-145e-ff2c84419d73" executionId="0cec55a8-fc32-4ca9-adb5-a6b5c7231510" testListId="8c84fa94-04c1-424b-9868-57a2d4851a1d" />
    <TestEntry testId="9017ceeb-b94b-8fcf-9cfd-3b78d3e5b5e7" executionId="df2459f4-d35f-4286-a6ed-614c30be9030" testListId="8c84fa94-04c1-424b-9868-57a2d4851a1d" />
    <TestEntry testId="6c121d06-a5ad-6817-caa6-4e8c80ed069c" executionId="2ed6fc3f-8dd4-45a9-924b-f4a74903d9bc" testListId="8c84fa94-04c1-424b-9868-57a2d4851a1d" />
    <TestEntry testId="26197b9e-e6c8-664b-d637-5cff38ae11dd" executionId="cf1d1d9c-e566-4b0c-9178-2591e8cd3c54" testListId="8c84fa94-04c1-424b-9868-57a2d4851a1d" />
    <TestEntry testId="7116b905-2780-eb20-ad8b-5e38658f8c29" executionId="a188f9f8-b480-4ea5-b3eb-cba78fc4b490" testListId="8c84fa94-04c1-424b-9868-57a2d4851a1d" />
    <TestEntry testId="f14ae1d3-38d7-43a7-ae72-f784dfa8952b" executionId="3f1a6bd1-cd56-4fd9-9c4f-293020038399" testListId="8c84fa94-04c1-424b-9868-57a2d4851a1d" />
    <TestEntry testId="a8c0d45f-dba2-afe3-30e5-598c52086f3d" executionId="1b353972-d9bd-4550-be75-87a1cec3944d" testListId="8c84fa94-04c1-424b-9868-57a2d4851a1d" />
    <TestEntry testId="8b08b43a-be42-d540-7324-0e276a963b63" executionId="90d51a6d-a243-4f80-b4d9-ff49a001ebf1" testListId="8c84fa94-04c1-424b-9868-57a2d4851a1d" />
    <TestEntry testId="c87845e1-ac98-e6fe-7177-c56b5db47139" executionId="dc6b9e84-d3f1-40bc-92a2-3ce0c1da6713" testListId="8c84fa94-04c1-424b-9868-57a2d4851a1d" />
    <TestEntry testId="3cae608e-de86-0d62-f58f-54d924333f93" executionId="2d1002fb-cb7b-4cce-846a-316484e0de7f" testListId="8c84fa94-04c1-424b-9868-57a2d4851a1d" />
    <TestEntry testId="d51f94e6-b326-0042-3408-8d74300ee93e" executionId="d62aa701-745f-4519-a70a-d3d763e1b807" testListId="8c84fa94-04c1-424b-9868-57a2d4851a1d" />
    <TestEntry testId="0f94646f-7779-1b7b-e08d-5aad6771e709" executionId="fab91801-56bc-490a-ab66-aeb4ae7f15ee" testListId="8c84fa94-04c1-424b-9868-57a2d4851a1d" />
    <TestEntry testId="d119d554-c3eb-91dd-5f2f-2664041dd958" executionId="0852fb19-3202-41fb-8af4-aa9e405535e8" testListId="8c84fa94-04c1-424b-9868-57a2d4851a1d" />
    <TestEntry testId="f6a1642d-82b7-153e-2077-9f1028fb9249" executionId="3e89a996-45c3-4815-8134-c7a383df9f3a" testListId="8c84fa94-04c1-424b-9868-57a2d4851a1d" />
    <TestEntry testId="71bef884-3cbf-4450-dfd9-1b27dc3d2794" executionId="fa8ae08b-3011-44c2-809d-5ea46c400aa0" testListId="8c84fa94-04c1-424b-9868-57a2d4851a1d" />
    <TestEntry testId="01f2ca36-1b49-0a4d-ec9a-ff997f526280" executionId="a9cc5041-2903-4576-9190-0e108438913d" testListId="8c84fa94-04c1-424b-9868-57a2d4851a1d" />
    <TestEntry testId="3a2c41d5-9d65-7a2e-eaf6-4a1ec1b3938a" executionId="4ab7b59d-cad8-49ae-a2f4-5ddea1255c6c" testListId="8c84fa94-04c1-424b-9868-57a2d4851a1d" />
    <TestEntry testId="76b61530-8451-973d-40a3-50c93772ed0f" executionId="c8492f20-009d-4eec-bd6d-96b6a49b8225" testListId="8c84fa94-04c1-424b-9868-57a2d4851a1d" />
    <TestEntry testId="b4987830-a32d-b7bf-d242-72fdfffba0ae" executionId="52856ba5-a251-4107-8d05-d70d868472ed" testListId="8c84fa94-04c1-424b-9868-57a2d4851a1d" />
    <TestEntry testId="5829e925-1486-c3fb-205f-bff73e3a7094" executionId="82b70fa3-1553-474c-bca4-d8552c4e2663" testListId="8c84fa94-04c1-424b-9868-57a2d4851a1d" />
    <TestEntry testId="fd8d6f78-3ee5-1c20-775b-c70da5954668" executionId="f6146b99-1468-4cd4-971a-29ca5f0b1d3e" testListId="8c84fa94-04c1-424b-9868-57a2d4851a1d" />
    <TestEntry testId="1f630997-9147-00f2-ecbf-a055bde98ea2" executionId="069da5ed-44a5-4841-9d4b-3e1e8eebf5e7" testListId="8c84fa94-04c1-424b-9868-57a2d4851a1d" />
    <TestEntry testId="cdad44ec-da50-d7cd-7af5-5e01b44a2d51" executionId="e102ec09-e529-4ca1-b709-785d094caddd" testListId="8c84fa94-04c1-424b-9868-57a2d4851a1d" />
    <TestEntry testId="46390d91-3046-697e-94af-d4898993d2f0" executionId="26b304c0-fdc2-48ed-851f-946be426c7e7" testListId="8c84fa94-04c1-424b-9868-57a2d4851a1d" />
    <TestEntry testId="9529a385-04d1-5b2a-49e8-dcca5ab8fc02" executionId="97ec90d9-a4da-4606-8174-d779d70e7935" testListId="8c84fa94-04c1-424b-9868-57a2d4851a1d" />
    <TestEntry testId="7830234e-7750-df10-3b4f-535260435337" executionId="3344129b-9a94-4860-8baa-a33ba7617c37" testListId="8c84fa94-04c1-424b-9868-57a2d4851a1d" />
    <TestEntry testId="ac171ece-3e4e-cc48-c505-24974e2c6645" executionId="b915f402-90fb-4409-a84b-03f55f888a22" testListId="8c84fa94-04c1-424b-9868-57a2d4851a1d" />
    <TestEntry testId="ebd359e4-0a11-080e-d51d-332382f01f55" executionId="58dbfa4a-20eb-429e-822b-20f76d75f22f" testListId="8c84fa94-04c1-424b-9868-57a2d4851a1d" />
    <TestEntry testId="432d05da-7bf2-4b96-20cc-428d6c01b327" executionId="dcce1589-c0c4-4e9d-af0d-241b77a8a608" testListId="8c84fa94-04c1-424b-9868-57a2d4851a1d" />
    <TestEntry testId="b1e6eacf-92e6-0993-f563-cade8caccc25" executionId="b5875e27-16be-41ec-a041-9675368a4c16" testListId="8c84fa94-04c1-424b-9868-57a2d4851a1d" />
    <TestEntry testId="cca83e78-bbea-206c-e8dd-47640f4504df" executionId="06188011-d04c-4a5b-b88b-694bc3530afe" testListId="8c84fa94-04c1-424b-9868-57a2d4851a1d" />
    <TestEntry testId="49364c63-549c-7a76-a12a-5c6c2ebf2582" executionId="656370d0-c1bc-4777-95d3-b7279bdbc777" testListId="8c84fa94-04c1-424b-9868-57a2d4851a1d" />
    <TestEntry testId="e8628dd0-a834-cff8-e2ff-70fa7ff8eaba" executionId="a3099de3-a149-432e-9ba0-27a08f416494" testListId="8c84fa94-04c1-424b-9868-57a2d4851a1d" />
    <TestEntry testId="1bb173f3-e8ad-7de9-0c3c-aac318fb11b5" executionId="7c6b0b51-547f-41bb-ad92-f74f7209e4ce" testListId="8c84fa94-04c1-424b-9868-57a2d4851a1d" />
    <TestEntry testId="24369917-bde8-1029-4f1d-236a15e42c90" executionId="2b7d5584-f626-485e-97b4-04013f4787ee" testListId="8c84fa94-04c1-424b-9868-57a2d4851a1d" />
    <TestEntry testId="ff0a6624-963d-07a3-c6cb-2286b6222a69" executionId="6a0f04bb-b1dd-4404-a129-69e65e2c1f23" testListId="8c84fa94-04c1-424b-9868-57a2d4851a1d" />
    <TestEntry testId="672e9a37-0851-6714-c88f-b44491fd9d31" executionId="43e413b6-3341-4025-b054-1611aefa408b" testListId="8c84fa94-04c1-424b-9868-57a2d4851a1d" />
    <TestEntry testId="953a2633-38ff-718f-4c70-70d145a013bf" executionId="a31162c6-83fe-4df9-aca6-dfb4f809ad05" testListId="8c84fa94-04c1-424b-9868-57a2d4851a1d" />
    <TestEntry testId="bd2495f6-429a-58b2-8f14-086d22ef9329" executionId="64a1aa7e-f372-4023-8a61-518861e1ea3c" testListId="8c84fa94-04c1-424b-9868-57a2d4851a1d" />
    <TestEntry testId="0998731e-d9fd-785a-fbad-8c1cdc30d337" executionId="4ee0d8dd-0225-4adb-b090-33e379177fce" testListId="8c84fa94-04c1-424b-9868-57a2d4851a1d" />
    <TestEntry testId="94cd8968-9fe2-454b-376b-e2a5c66f0f15" executionId="d211f05a-9a31-4bad-a2e7-67b70dfc1121" testListId="8c84fa94-04c1-424b-9868-57a2d4851a1d" />
    <TestEntry testId="09e9f851-9c1a-ffd3-c002-ea5865c4de3a" executionId="600d24ec-b855-4241-8a4a-14cc4714aa0f" testListId="8c84fa94-04c1-424b-9868-57a2d4851a1d" />
    <TestEntry testId="4ebaa888-26de-1a33-c93a-973dcf132e79" executionId="8587d7ed-19d5-4fc1-a59a-658d63474011" testListId="8c84fa94-04c1-424b-9868-57a2d4851a1d" />
  </TestEntries>
  <TestLists>
    <TestList name="Wyniki, których nie ma na liście" id="8c84fa94-04c1-424b-9868-57a2d4851a1d" />
    <TestList name="Wszystkie załadowane wyniki" id="19431567-8539-422a-85d7-44ee4e166bda" />
  </TestLists>
  <ResultSummary outcome="Completed">
    <Counters total="133" executed="133" passed="133" failed="0" error="0" timeout="0" aborted="0" inconclusive="0" passedButRunAborted="0" notRunnable="0" notExecuted="0" disconnected="0" warning="0" completed="0" inProgress="0" pending="0" />
    <Output>
      <StdOut>[xUnit.net 00:00:00.00] xUnit.net VSTest Adapter v3.0.2+dd36e86129 (64-bit .NET 9.0.14)
[xUnit.net 00:00:00.05]   Discovering: Application.Tests
[xUnit.net 00:00:00.11]   Discovered:  Application.Tests
[xUnit.net 00:00:00.14]   Starting:    Application.Tests
[xUnit.net 00:00:00.30]   Finished:    Application.Tests
</StdOut>
    </Output>
  </ResultSummary>
</TestRun>